{"/home/vicky/closer.js/lib/src/repl.js":{"path":"/home/vicky/closer.js/lib/src/repl.js","s":{"1":1,"2":1,"3":1,"4":1,"5":1,"6":1,"7":1,"8":855,"9":16019,"10":1025,"11":1025,"12":16019,"13":855,"14":1,"15":858,"16":858,"17":1,"18":1,"19":0,"20":1,"21":0},"b":{"1":[0,1],"2":[0,1],"3":[0,1],"4":[0,1],"5":[1,0],"6":[0,1],"7":[1,0],"8":[1,0],"9":[1,1],"10":[0,1],"11":[0,1],"12":[0,1],"13":[0,1],"14":[1,0],"15":[0,1],"16":[1,0],"17":[1,0],"18":[1,1],"19":[1025,14994],"20":[0,1],"21":[1,0],"22":[0,1],"23":[1,0]},"f":{"1":1,"2":855,"3":16019,"4":858,"5":858},"fnMap":{"1":{"name":"(anonymous_1)","line":1,"loc":{"start":{"line":1,"column":1},"end":{"line":1,"column":12}}},"2":{"name":"(anonymous_2)","line":12,"loc":{"start":{"line":12,"column":19},"end":{"line":12,"column":33}}},"3":{"name":"(anonymous_3)","line":14,"loc":{"start":{"line":14,"column":13},"end":{"line":14,"column":28}}},"4":{"name":"(anonymous_4)","line":26,"loc":{"start":{"line":26,"column":11},"end":{"line":26,"column":34}}},"5":{"name":"(anonymous_5)","line":29,"loc":{"start":{"line":29,"column":16},"end":{"line":29,"column":39}}}},"statementMap":{"1":{"start":{"line":1,"column":0},"end":{"line":44,"column":14}},"2":{"start":{"line":2,"column":2},"end":{"line":2,"column":111}},"3":{"start":{"line":4,"column":2},"end":{"line":4,"column":329}},"4":{"start":{"line":6,"column":2},"end":{"line":6,"column":352}},"5":{"start":{"line":8,"column":2},"end":{"line":8,"column":35}},"6":{"start":{"line":10,"column":2},"end":{"line":10,"column":37}},"7":{"start":{"line":12,"column":2},"end":{"line":23,"column":4}},"8":{"start":{"line":13,"column":4},"end":{"line":21,"column":7}},"9":{"start":{"line":15,"column":8},"end":{"line":18,"column":9}},"10":{"start":{"line":16,"column":10},"end":{"line":16,"column":35}},"11":{"start":{"line":17,"column":10},"end":{"line":17,"column":32}},"12":{"start":{"line":19,"column":8},"end":{"line":19,"column":20}},"13":{"start":{"line":22,"column":4},"end":{"line":22,"column":15}},"14":{"start":{"line":25,"column":2},"end":{"line":32,"column":4}},"15":{"start":{"line":27,"column":6},"end":{"line":27,"column":128}},"16":{"start":{"line":30,"column":6},"end":{"line":30,"column":58}},"17":{"start":{"line":34,"column":2},"end":{"line":34,"column":24}},"18":{"start":{"line":36,"column":2},"end":{"line":38,"column":3}},"19":{"start":{"line":37,"column":4},"end":{"line":37,"column":21}},"20":{"start":{"line":40,"column":2},"end":{"line":42,"column":3}},"21":{"start":{"line":41,"column":4},"end":{"line":41,"column":23}}},"branchMap":{"1":{"line":4,"type":"cond-expr","locations":[{"start":{"line":4,"column":302},"end":{"line":4,"column":306}},{"start":{"line":4,"column":309},"end":{"line":4,"column":328}}]},"2":{"line":4,"type":"cond-expr","locations":[{"start":{"line":4,"column":209},"end":{"line":4,"column":214}},{"start":{"line":4,"column":217},"end":{"line":4,"column":290}}]},"3":{"line":4,"type":"cond-expr","locations":[{"start":{"line":4,"column":122},"end":{"line":4,"column":127}},{"start":{"line":4,"column":130},"end":{"line":4,"column":197}}]},"4":{"line":4,"type":"cond-expr","locations":[{"start":{"line":4,"column":88},"end":{"line":4,"column":101}},{"start":{"line":4,"column":104},"end":{"line":4,"column":110}}]},"5":{"line":4,"type":"binary-expr","locations":[{"start":{"line":4,"column":37},"end":{"line":4,"column":66}},{"start":{"line":4,"column":70},"end":{"line":4,"column":85}}]},"6":{"line":4,"type":"cond-expr","locations":[{"start":{"line":4,"column":177},"end":{"line":4,"column":188}},{"start":{"line":4,"column":191},"end":{"line":4,"column":197}}]},"7":{"line":4,"type":"binary-expr","locations":[{"start":{"line":4,"column":130},"end":{"line":4,"column":157}},{"start":{"line":4,"column":161},"end":{"line":4,"column":174}}]},"8":{"line":4,"type":"cond-expr","locations":[{"start":{"line":4,"column":268},"end":{"line":4,"column":281}},{"start":{"line":4,"column":284},"end":{"line":4,"column":290}}]},"9":{"line":4,"type":"binary-expr","locations":[{"start":{"line":4,"column":217},"end":{"line":4,"column":246}},{"start":{"line":4,"column":250},"end":{"line":4,"column":265}}]},"10":{"line":6,"type":"cond-expr","locations":[{"start":{"line":6,"column":319},"end":{"line":6,"column":324}},{"start":{"line":6,"column":327},"end":{"line":6,"column":351}}]},"11":{"line":6,"type":"cond-expr","locations":[{"start":{"line":6,"column":222},"end":{"line":6,"column":227}},{"start":{"line":6,"column":230},"end":{"line":6,"column":307}}]},"12":{"line":6,"type":"cond-expr","locations":[{"start":{"line":6,"column":131},"end":{"line":6,"column":136}},{"start":{"line":6,"column":139},"end":{"line":6,"column":210}}]},"13":{"line":6,"type":"cond-expr","locations":[{"start":{"line":6,"column":93},"end":{"line":6,"column":110}},{"start":{"line":6,"column":113},"end":{"line":6,"column":119}}]},"14":{"line":6,"type":"binary-expr","locations":[{"start":{"line":6,"column":42},"end":{"line":6,"column":71}},{"start":{"line":6,"column":75},"end":{"line":6,"column":90}}]},"15":{"line":6,"type":"cond-expr","locations":[{"start":{"line":6,"column":186},"end":{"line":6,"column":201}},{"start":{"line":6,"column":204},"end":{"line":6,"column":210}}]},"16":{"line":6,"type":"binary-expr","locations":[{"start":{"line":6,"column":139},"end":{"line":6,"column":166}},{"start":{"line":6,"column":170},"end":{"line":6,"column":183}}]},"17":{"line":6,"type":"cond-expr","locations":[{"start":{"line":6,"column":281},"end":{"line":6,"column":298}},{"start":{"line":6,"column":301},"end":{"line":6,"column":307}}]},"18":{"line":6,"type":"binary-expr","locations":[{"start":{"line":6,"column":230},"end":{"line":6,"column":259}},{"start":{"line":6,"column":263},"end":{"line":6,"column":278}}]},"19":{"line":15,"type":"if","locations":[{"start":{"line":15,"column":8},"end":{"line":15,"column":8}},{"start":{"line":15,"column":8},"end":{"line":15,"column":8}}]},"20":{"line":36,"type":"if","locations":[{"start":{"line":36,"column":2},"end":{"line":36,"column":2}},{"start":{"line":36,"column":2},"end":{"line":36,"column":2}}]},"21":{"line":36,"type":"binary-expr","locations":[{"start":{"line":36,"column":6},"end":{"line":36,"column":33}},{"start":{"line":36,"column":37},"end":{"line":36,"column":50}}]},"22":{"line":40,"type":"if","locations":[{"start":{"line":40,"column":2},"end":{"line":40,"column":2}},{"start":{"line":40,"column":2},"end":{"line":40,"column":2}}]},"23":{"line":40,"type":"binary-expr","locations":[{"start":{"line":40,"column":6},"end":{"line":40,"column":35}},{"start":{"line":40,"column":39},"end":{"line":40,"column":54}}]}}},"/home/vicky/closer.js/lib/src/closer.js":{"path":"/home/vicky/closer.js/lib/src/closer.js","s":{"1":1,"2":1,"3":1,"4":1,"5":1,"6":1,"7":1,"8":34,"9":0,"10":1,"11":13299,"12":13299,"13":13299,"14":13299,"15":0,"16":1,"17":2518,"18":2518,"19":2518,"20":2518,"21":1,"22":10166,"23":9353,"24":813,"25":1,"26":1,"27":1,"28":936,"29":936,"30":936,"31":1,"32":1,"33":935,"34":935,"35":935,"36":935,"37":935,"38":935,"39":1,"40":1,"41":1,"42":6,"43":6,"44":6,"45":6,"46":6,"47":6,"48":5,"49":5,"50":5,"51":1,"52":6,"53":6,"54":64,"55":64,"56":11,"57":53,"58":2,"59":2,"60":2,"61":0,"62":2,"63":0,"64":4,"65":4,"66":7,"67":7,"68":4,"69":1,"70":1,"71":935,"72":1,"73":935,"74":935,"75":6,"76":6,"77":4,"78":3,"79":3,"80":3,"81":3,"82":6,"83":1,"84":1,"85":1,"86":929,"87":915,"88":1,"89":1,"90":935,"91":25,"92":935,"93":1,"94":1,"95":0,"96":1,"97":0},"b":{"1":[13299,0],"2":[13299,13299],"3":[9353,813],"4":[935,910],"5":[935,935],"6":[935,935],"7":[5,1],"8":[11,53],"9":[2,51],"10":[2,0],"11":[0,2],"12":[6,929],"13":[1,5],"14":[6,3],"15":[25,910],"16":[0,1],"17":[1,0],"18":[0,1],"19":[1,0]},"f":{"1":1,"2":0,"3":13299,"4":2518,"5":10166,"6":936,"7":1,"8":935,"9":6,"10":1,"11":935,"12":935,"13":935},"fnMap":{"1":{"name":"(anonymous_1)","line":1,"loc":{"start":{"line":1,"column":1},"end":{"line":1,"column":12}}},"2":{"name":"(anonymous_2)","line":13,"loc":{"start":{"line":13,"column":21},"end":{"line":13,"column":54}}},"3":{"name":"(anonymous_3)","line":18,"loc":{"start":{"line":18,"column":19},"end":{"line":18,"column":58}}},"4":{"name":"(anonymous_4)","line":28,"loc":{"start":{"line":28,"column":22},"end":{"line":28,"column":43}}},"5":{"name":"(anonymous_5)","line":35,"loc":{"start":{"line":35,"column":18},"end":{"line":35,"column":32}}},"6":{"name":"(anonymous_6)","line":56,"loc":{"start":{"line":56,"column":17},"end":{"line":56,"column":43}}},"7":{"name":"(anonymous_7)","line":62,"loc":{"start":{"line":62,"column":12},"end":{"line":62,"column":23}}},"8":{"name":"Parser","line":63,"loc":{"start":{"line":63,"column":4},"end":{"line":63,"column":29}}},"9":{"name":"(anonymous_9)","line":78,"loc":{"start":{"line":78,"column":22},"end":{"line":78,"column":39}}},"10":{"name":"(anonymous_10)","line":121,"loc":{"start":{"line":121,"column":12},"end":{"line":121,"column":23}}},"11":{"name":"Closer","line":122,"loc":{"start":{"line":122,"column":4},"end":{"line":122,"column":29}}},"12":{"name":"(anonymous_12)","line":126,"loc":{"start":{"line":126,"column":29},"end":{"line":126,"column":55}}},"13":{"name":"(anonymous_13)","line":154,"loc":{"start":{"line":154,"column":11},"end":{"line":154,"column":34}}}},"statementMap":{"1":{"start":{"line":1,"column":0},"end":{"line":173,"column":14}},"2":{"start":{"line":2,"column":2},"end":{"line":2,"column":87}},"3":{"start":{"line":4,"column":2},"end":{"line":4,"column":38}},"4":{"start":{"line":6,"column":2},"end":{"line":6,"column":29}},"5":{"start":{"line":8,"column":2},"end":{"line":8,"column":15}},"6":{"start":{"line":10,"column":2},"end":{"line":10,"column":29}},"7":{"start":{"line":12,"column":2},"end":{"line":16,"column":3}},"8":{"start":{"line":13,"column":4},"end":{"line":15,"column":6}},"9":{"start":{"line":14,"column":6},"end":{"line":14,"column":50}},"10":{"start":{"line":18,"column":2},"end":{"line":26,"column":4}},"11":{"start":{"line":19,"column":4},"end":{"line":19,"column":18}},"12":{"start":{"line":20,"column":4},"end":{"line":20,"column":54}},"13":{"start":{"line":21,"column":4},"end":{"line":25,"column":5}},"14":{"start":{"line":22,"column":6},"end":{"line":22,"column":56}},"15":{"start":{"line":24,"column":6},"end":{"line":24,"column":61}},"16":{"start":{"line":28,"column":2},"end":{"line":33,"column":4}},"17":{"start":{"line":29,"column":4},"end":{"line":29,"column":36}},"18":{"start":{"line":30,"column":4},"end":{"line":30,"column":40}},"19":{"start":{"line":31,"column":4},"end":{"line":31,"column":49}},"20":{"start":{"line":32,"column":4},"end":{"line":32,"column":17}},"21":{"start":{"line":35,"column":2},"end":{"line":50,"column":4}},"22":{"start":{"line":36,"column":4},"end":{"line":38,"column":5}},"23":{"start":{"line":37,"column":6},"end":{"line":37,"column":18}},"24":{"start":{"line":39,"column":4},"end":{"line":49,"column":6}},"25":{"start":{"line":52,"column":2},"end":{"line":52,"column":37}},"26":{"start":{"line":54,"column":2},"end":{"line":54,"column":26}},"27":{"start":{"line":56,"column":2},"end":{"line":60,"column":4}},"28":{"start":{"line":57,"column":4},"end":{"line":57,"column":21}},"29":{"start":{"line":58,"column":4},"end":{"line":58,"column":30}},"30":{"start":{"line":59,"column":4},"end":{"line":59,"column":39}},"31":{"start":{"line":62,"column":2},"end":{"line":74,"column":7}},"32":{"start":{"line":63,"column":4},"end":{"line":70,"column":5}},"33":{"start":{"line":64,"column":6},"end":{"line":64,"column":43}},"34":{"start":{"line":65,"column":6},"end":{"line":65,"column":46}},"35":{"start":{"line":66,"column":6},"end":{"line":66,"column":57}},"36":{"start":{"line":67,"column":6},"end":{"line":67,"column":46}},"37":{"start":{"line":68,"column":6},"end":{"line":68,"column":44}},"38":{"start":{"line":69,"column":6},"end":{"line":69,"column":44}},"39":{"start":{"line":72,"column":4},"end":{"line":72,"column":18}},"40":{"start":{"line":76,"column":2},"end":{"line":76,"column":28}},"41":{"start":{"line":78,"column":2},"end":{"line":119,"column":4}},"42":{"start":{"line":79,"column":4},"end":{"line":79,"column":80}},"43":{"start":{"line":80,"column":4},"end":{"line":84,"column":6}},"44":{"start":{"line":85,"column":4},"end":{"line":85,"column":21}},"45":{"start":{"line":86,"column":4},"end":{"line":86,"column":22}},"46":{"start":{"line":87,"column":4},"end":{"line":87,"column":50}},"47":{"start":{"line":88,"column":4},"end":{"line":94,"column":5}},"48":{"start":{"line":89,"column":6},"end":{"line":89,"column":39}},"49":{"start":{"line":90,"column":6},"end":{"line":90,"column":49}},"50":{"start":{"line":91,"column":6},"end":{"line":91,"column":61}},"51":{"start":{"line":93,"column":6},"end":{"line":93,"column":25}},"52":{"start":{"line":95,"column":4},"end":{"line":95,"column":16}},"53":{"start":{"line":96,"column":4},"end":{"line":112,"column":5}},"54":{"start":{"line":97,"column":6},"end":{"line":97,"column":21}},"55":{"start":{"line":98,"column":6},"end":{"line":111,"column":7}},"56":{"start":{"line":99,"column":8},"end":{"line":99,"column":23}},"57":{"start":{"line":100,"column":13},"end":{"line":111,"column":7}},"58":{"start":{"line":101,"column":8},"end":{"line":101,"column":41}},"59":{"start":{"line":102,"column":8},"end":{"line":110,"column":9}},"60":{"start":{"line":103,"column":10},"end":{"line":107,"column":11}},"61":{"start":{"line":104,"column":12},"end":{"line":104,"column":25}},"62":{"start":{"line":106,"column":12},"end":{"line":106,"column":76}},"63":{"start":{"line":109,"column":10},"end":{"line":109,"column":72}},"64":{"start":{"line":113,"column":4},"end":{"line":113,"column":21}},"65":{"start":{"line":114,"column":4},"end":{"line":117,"column":5}},"66":{"start":{"line":115,"column":6},"end":{"line":115,"column":21}},"67":{"start":{"line":116,"column":6},"end":{"line":116,"column":25}},"68":{"start":{"line":118,"column":4},"end":{"line":118,"column":58}},"69":{"start":{"line":121,"column":2},"end":{"line":151,"column":7}},"70":{"start":{"line":122,"column":4},"end":{"line":124,"column":5}},"71":{"start":{"line":123,"column":6},"end":{"line":123,"column":40}},"72":{"start":{"line":126,"column":4},"end":{"line":147,"column":6}},"73":{"start":{"line":127,"column":6},"end":{"line":127,"column":40}},"74":{"start":{"line":128,"column":6},"end":{"line":145,"column":7}},"75":{"start":{"line":129,"column":8},"end":{"line":137,"column":9}},"76":{"start":{"line":130,"column":10},"end":{"line":130,"column":88}},"77":{"start":{"line":131,"column":10},"end":{"line":131,"column":51}},"78":{"start":{"line":133,"column":10},"end":{"line":133,"column":21}},"79":{"start":{"line":134,"column":10},"end":{"line":134,"column":22}},"80":{"start":{"line":135,"column":10},"end":{"line":135,"column":30}},"81":{"start":{"line":136,"column":10},"end":{"line":136,"column":51}},"82":{"start":{"line":138,"column":8},"end":{"line":142,"column":9}},"83":{"start":{"line":139,"column":10},"end":{"line":139,"column":78}},"84":{"start":{"line":140,"column":10},"end":{"line":140,"column":58}},"85":{"start":{"line":141,"column":10},"end":{"line":141,"column":27}},"86":{"start":{"line":144,"column":8},"end":{"line":144,"column":49}},"87":{"start":{"line":146,"column":6},"end":{"line":146,"column":17}},"88":{"start":{"line":149,"column":4},"end":{"line":149,"column":18}},"89":{"start":{"line":153,"column":2},"end":{"line":161,"column":4}},"90":{"start":{"line":155,"column":6},"end":{"line":157,"column":7}},"91":{"start":{"line":156,"column":8},"end":{"line":156,"column":21}},"92":{"start":{"line":158,"column":6},"end":{"line":158,"column":53}},"93":{"start":{"line":163,"column":2},"end":{"line":163,"column":26}},"94":{"start":{"line":165,"column":2},"end":{"line":167,"column":3}},"95":{"start":{"line":166,"column":4},"end":{"line":166,"column":25}},"96":{"start":{"line":169,"column":2},"end":{"line":171,"column":3}},"97":{"start":{"line":170,"column":4},"end":{"line":170,"column":27}}},"branchMap":{"1":{"line":21,"type":"if","locations":[{"start":{"line":21,"column":4},"end":{"line":21,"column":4}},{"start":{"line":21,"column":4},"end":{"line":21,"column":4}}]},"2":{"line":21,"type":"binary-expr","locations":[{"start":{"line":21,"column":8},"end":{"line":21,"column":15}},{"start":{"line":21,"column":19},"end":{"line":21,"column":39}}]},"3":{"line":36,"type":"if","locations":[{"start":{"line":36,"column":4},"end":{"line":36,"column":4}},{"start":{"line":36,"column":4},"end":{"line":36,"column":4}}]},"4":{"line":66,"type":"binary-expr","locations":[{"start":{"line":66,"column":26},"end":{"line":66,"column":38}},{"start":{"line":66,"column":42},"end":{"line":66,"column":56}}]},"5":{"line":67,"type":"binary-expr","locations":[{"start":{"line":67,"column":23},"end":{"line":67,"column":37}},{"start":{"line":67,"column":41},"end":{"line":67,"column":45}}]},"6":{"line":68,"type":"binary-expr","locations":[{"start":{"line":68,"column":26},"end":{"line":68,"column":38}},{"start":{"line":68,"column":42},"end":{"line":68,"column":43}}]},"7":{"line":88,"type":"if","locations":[{"start":{"line":88,"column":4},"end":{"line":88,"column":4}},{"start":{"line":88,"column":4},"end":{"line":88,"column":4}}]},"8":{"line":98,"type":"if","locations":[{"start":{"line":98,"column":6},"end":{"line":98,"column":6}},{"start":{"line":98,"column":6},"end":{"line":98,"column":6}}]},"9":{"line":100,"type":"if","locations":[{"start":{"line":100,"column":13},"end":{"line":100,"column":13}},{"start":{"line":100,"column":13},"end":{"line":100,"column":13}}]},"10":{"line":102,"type":"if","locations":[{"start":{"line":102,"column":8},"end":{"line":102,"column":8}},{"start":{"line":102,"column":8},"end":{"line":102,"column":8}}]},"11":{"line":103,"type":"if","locations":[{"start":{"line":103,"column":10},"end":{"line":103,"column":10}},{"start":{"line":103,"column":10},"end":{"line":103,"column":10}}]},"12":{"line":128,"type":"if","locations":[{"start":{"line":128,"column":6},"end":{"line":128,"column":6}},{"start":{"line":128,"column":6},"end":{"line":128,"column":6}}]},"13":{"line":138,"type":"if","locations":[{"start":{"line":138,"column":8},"end":{"line":138,"column":8}},{"start":{"line":138,"column":8},"end":{"line":138,"column":8}}]},"14":{"line":138,"type":"binary-expr","locations":[{"start":{"line":138,"column":12},"end":{"line":138,"column":14}},{"start":{"line":138,"column":18},"end":{"line":138,"column":37}}]},"15":{"line":155,"type":"if","locations":[{"start":{"line":155,"column":6},"end":{"line":155,"column":6}},{"start":{"line":155,"column":6},"end":{"line":155,"column":6}}]},"16":{"line":165,"type":"if","locations":[{"start":{"line":165,"column":2},"end":{"line":165,"column":2}},{"start":{"line":165,"column":2},"end":{"line":165,"column":2}}]},"17":{"line":165,"type":"binary-expr","locations":[{"start":{"line":165,"column":6},"end":{"line":165,"column":33}},{"start":{"line":165,"column":37},"end":{"line":165,"column":50}}]},"18":{"line":169,"type":"if","locations":[{"start":{"line":169,"column":2},"end":{"line":169,"column":2}},{"start":{"line":169,"column":2},"end":{"line":169,"column":2}}]},"19":{"line":169,"type":"binary-expr","locations":[{"start":{"line":169,"column":6},"end":{"line":169,"column":35}},{"start":{"line":169,"column":39},"end":{"line":169,"column":54}}]}}},"/home/vicky/closer.js/lib/src/parser.js":{"path":"/home/vicky/closer.js/lib/src/parser.js","s":{"1":1,"2":1,"3":56,"4":56,"5":1,"6":19498,"7":19498,"8":1413,"9":1413,"10":203,"11":203,"12":1464,"13":1464,"14":1464,"15":1464,"16":100,"17":100,"18":29,"19":29,"20":23,"21":29,"22":3,"23":29,"24":29,"25":29,"26":29,"27":29,"28":29,"29":1756,"30":1756,"31":92,"32":92,"33":155,"34":155,"35":50,"36":50,"37":13,"38":13,"39":81,"40":81,"41":278,"42":278,"43":90,"44":90,"45":131,"46":131,"47":118,"48":118,"49":1141,"50":1141,"51":32,"52":32,"53":10,"54":1,"55":9,"56":9,"57":3157,"58":3157,"59":8,"60":8,"61":2,"62":2,"63":2,"64":3,"65":3,"66":3,"67":3,"68":3,"69":3,"70":3,"71":2,"72":2,"73":2,"74":2,"75":2,"76":2,"77":2,"78":10,"79":10,"80":10,"81":10,"82":13,"83":13,"84":13,"85":8,"86":8,"87":8,"88":26,"89":26,"90":26,"91":26,"92":26,"93":2,"94":2,"95":26,"96":26,"97":26,"98":26,"99":15,"100":15,"101":33,"102":33,"103":33,"104":33,"105":242,"106":29,"107":3,"108":26,"109":17,"110":29,"111":29,"112":33,"113":33,"114":17,"115":33,"116":33,"117":33,"118":33,"119":2,"120":2,"121":2,"122":33,"123":33,"124":33,"125":33,"126":11,"127":11,"128":7,"129":7,"130":7,"131":3,"132":4,"133":11,"134":4,"135":4,"136":4,"137":4,"138":4,"139":4,"140":4,"141":1,"142":3,"143":4,"144":2,"145":2,"146":1,"147":1,"148":1,"149":1,"150":5,"151":5,"152":5,"153":2,"154":2,"155":2,"156":14,"157":14,"158":23,"159":23,"160":23,"161":23,"162":23,"163":23,"164":23,"165":17,"166":17,"167":17,"168":17,"169":17,"170":17,"171":17,"172":2,"173":2,"174":1,"175":1,"176":1,"177":4,"178":4,"179":5,"180":5,"181":5,"182":4,"183":4,"184":4,"185":4,"186":9,"187":9,"188":4,"189":4,"190":4,"191":4,"192":5,"193":4,"194":4,"195":4,"196":4,"197":4,"198":4,"199":6,"200":6,"201":6,"202":9,"203":9,"204":9,"205":9,"206":9,"207":9,"208":6,"209":6,"210":6,"211":1,"212":1,"213":1,"214":1,"215":1,"216":1,"217":1,"218":1,"219":1,"220":1,"221":1,"222":1,"223":1,"224":1,"225":1,"226":1,"227":1,"228":1,"229":1,"230":1,"231":1,"232":1,"233":12,"234":12,"235":12,"236":12,"237":3,"238":9,"239":12,"240":3,"241":3,"242":1,"243":1,"244":8,"245":8,"246":1054,"247":1054,"248":1054,"249":1054,"250":1054,"251":1054,"252":2,"253":2,"254":26,"255":26,"256":200,"257":200,"258":200,"259":2377,"260":2377,"261":958,"262":996,"263":958,"264":7,"265":7,"266":7,"267":36,"268":36,"269":26,"270":26,"271":910,"272":910,"273":910,"274":910,"275":0,"276":5,"277":5,"278":5,"279":5,"280":0,"281":20,"282":0,"283":20,"284":936,"285":936,"286":936,"287":936,"288":936,"289":41184,"290":41184,"291":936,"292":936,"293":936,"294":936,"295":0,"296":936,"297":936,"298":936,"299":936,"300":0,"301":936,"302":1,"303":0,"304":0,"305":0,"306":936,"307":1,"308":8900,"309":8900,"310":8900,"311":3,"312":8900,"313":936,"314":936,"315":28397,"316":28397,"317":2366,"318":26031,"319":8900,"320":26031,"321":28397,"322":20,"323":20,"324":20,"325":210,"326":148,"327":20,"328":20,"329":0,"330":20,"331":28377,"332":0,"333":28377,"334":8879,"335":8879,"336":8879,"337":8879,"338":8879,"339":8879,"340":8879,"341":8879,"342":8879,"343":8879,"344":8879,"345":0,"346":0,"347":0,"348":8879,"349":19498,"350":19498,"351":19498,"352":19498,"353":19498,"354":19498,"355":19497,"356":915,"357":18582,"358":18193,"359":18193,"360":18193,"361":18582,"362":18582,"363":18582,"364":18582,"365":18582,"366":18582,"367":0,"368":0,"369":1,"370":1,"371":1,"372":1,"373":1,"374":916,"375":1,"376":61,"377":61,"378":61,"379":61,"380":70,"381":70,"382":56,"383":14,"384":14,"385":14,"386":14,"387":61,"388":9,"389":7,"390":7,"391":2,"392":2,"393":2,"394":2,"395":2,"396":61,"397":1,"398":7,"399":7,"400":7,"401":7,"402":14,"403":14,"404":11,"405":11,"406":11,"407":11,"408":3,"409":3,"410":3,"411":3,"412":7,"413":1,"414":42,"415":35,"416":7,"417":7,"418":1,"419":19,"420":19,"421":19,"422":19,"423":19,"424":19,"425":19,"426":19,"427":19,"428":19,"429":19,"430":19,"431":19,"432":3,"433":3,"434":3,"435":3,"436":3,"437":19,"438":1,"439":30,"440":30,"441":1047,"442":5,"443":1042,"444":6,"445":6,"446":6,"447":6,"448":5,"449":5,"450":5,"451":6,"452":92,"453":9,"454":9,"455":9,"456":9,"457":6,"458":6,"459":6,"460":30,"461":1,"462":23,"463":23,"464":1,"465":1152,"466":1101,"467":51,"468":1,"469":59,"470":59,"471":7,"472":59,"473":59,"474":59,"475":1,"476":106,"477":0,"478":106,"479":106,"480":93,"481":13,"482":5,"483":5,"484":1,"485":5,"486":8,"487":98,"488":103,"489":103,"490":1,"491":102,"492":78,"493":78,"494":78,"495":24,"496":98,"497":1,"498":11,"499":11,"500":7,"501":4,"502":11,"503":1,"504":7,"505":7,"506":6,"507":7,"508":1,"509":94,"510":94,"511":1,"512":96,"513":96,"514":96,"515":1,"516":1849,"517":1849,"518":34,"519":34,"520":1815,"521":1849,"522":1,"523":2155,"524":1,"525":617,"526":1,"527":1,"528":2024,"529":2024,"530":794,"531":1,"532":155,"533":0,"534":0,"535":1,"536":915,"537":13530,"538":0,"539":13530,"540":915,"541":13530,"542":804,"543":13530,"544":10523,"545":13530,"546":1,"547":1855,"548":1,"549":1,"550":0,"551":0,"552":0,"553":936,"554":936,"555":936,"556":936,"557":936,"558":936,"559":936,"560":936,"561":936,"562":936,"563":936,"564":0,"565":0,"566":0,"567":0,"568":0,"569":0,"570":0,"571":0,"572":0,"573":0,"574":0,"575":0,"576":0,"577":0,"578":0,"579":0,"580":0,"581":0,"582":0,"583":0,"584":0,"585":0,"586":0,"587":0,"588":0,"589":0,"590":0,"591":0,"592":0,"593":0,"594":0,"595":0,"596":0,"597":0,"598":0,"599":0,"600":0,"601":0,"602":20,"603":20,"604":20,"605":20,"606":20,"607":20,"608":20,"609":20,"610":20,"611":11972,"612":11972,"613":0,"614":0,"615":0,"616":11972,"617":11972,"618":28,"619":11972,"620":11972,"621":11972,"622":11972,"623":11972,"624":11972,"625":11972,"626":11972,"627":11972,"628":11972,"629":11972,"630":11972,"631":11972,"632":0,"633":11972,"634":8900,"635":3072,"636":0,"637":0,"638":0,"639":3072,"640":11972,"641":0,"642":11972,"643":915,"644":11972,"645":11972,"646":11972,"647":11972,"648":11972,"649":11972,"650":538740,"651":538740,"652":12132,"653":12132,"654":12132,"655":0,"656":0,"657":0,"658":0,"659":0,"660":0,"661":0,"662":12132,"663":0,"664":11972,"665":11972,"666":11972,"667":8900,"668":3072,"669":0,"670":0,"671":0,"672":11972,"673":11972,"674":8900,"675":3072,"676":0,"677":0,"678":0,"679":0,"680":0,"681":11972,"682":11972,"683":0,"684":0,"685":0,"686":0,"687":0,"688":0,"689":0,"690":11972,"691":11972,"692":3068,"693":1759,"694":0,"695":92,"696":0,"697":155,"698":155,"699":0,"700":29,"701":0,"702":4,"703":10,"704":0,"705":1285,"706":0,"707":1268,"708":0,"709":355,"710":0,"711":351,"712":0,"713":258,"714":0,"715":258,"716":0,"717":151,"718":0,"719":90,"720":0,"721":100,"722":0,"723":15,"724":0,"725":15,"726":0,"727":14,"728":0,"729":15,"730":0,"731":12,"732":0,"733":5,"734":0,"735":2,"736":0,"737":1,"738":0,"739":2,"740":0,"741":18,"742":0,"743":5,"744":0,"745":6,"746":0,"747":5,"748":0,"749":2,"750":0,"751":3,"752":0,"753":3,"754":0,"755":3,"756":0,"757":1,"758":0,"759":3,"760":0,"761":10,"762":0,"763":3,"764":0,"765":2,"766":0,"767":50,"768":0,"769":13,"770":0,"771":81,"772":0,"773":1532,"774":0,"775":3,"776":0,"777":915,"778":0,"779":0,"780":0,"781":1,"782":1,"783":1,"784":1,"785":1,"786":1,"787":1,"788":1,"789":1,"790":1,"791":1,"792":0,"793":1,"794":0,"795":0,"796":0,"797":0,"798":0,"799":1,"800":0},"b":{"1":[1413,5,48,71,203,5,54,1464,100,29,1756,92,155,50,13,81,278,90,131,118,10,1141,32,10,9,20,2545,3157,8,2,3,2,10,13,8,26,15,33,11,4,2,1,5,2,14,23,23,17,2,1,4,6,1,1,1,12,3,1,8,1054,2,26,200,2377,958,7,36,26,910,5],"2":[6,1407],"3":[23,6],"4":[3,26],"5":[3,26],"6":[1,9],"7":[10,1],"8":[2,24],"9":[29,213],"10":[242,109],"11":[3,26],"12":[17,9],"13":[2,31],"14":[7,4],"15":[11,10,7],"16":[3,4],"17":[4,0],"18":[4,4,3],"19":[1,3],"20":[4,5],"21":[4,0],"22":[3,9],"23":[0,20],"24":[41184,0],"25":[0,936],"26":[936,936],"27":[0,936],"28":[8900,0],"29":[3,8897],"30":[3,3],"31":[2366,26031],"32":[8900,17131],"33":[26031,18067],"34":[26031,26031],"35":[20,28377],"36":[28397,28377,28377],"37":[148,62],"38":[210,148],"39":[20,0],"40":[20,3],"41":[0,0],"42":[0,0],"43":[20,3],"44":[0,28377],"45":[28377,0],"46":[8879,19498,0],"47":[8879,0],"48":[0,8879],"49":[19498,389],"50":[19498,389],"51":[19498,0],"52":[19498,389],"53":[915,18582],"54":[18193,389],"55":[56,14],"56":[70,56],"57":[14,0],"58":[14,9],"59":[9,52],"60":[7,2],"61":[9,7],"62":[2,0],"63":[2,0],"64":[11,3],"65":[14,11],"66":[3,0],"67":[3,3],"68":[35,7],"69":[42,35],"70":[7,0],"71":[7,7],"72":[5,1042],"73":[1047,1042],"74":[6,1036],"75":[1042,71],"76":[5,1],"77":[5,1],"78":[6,5],"79":[9,83],"80":[92,40],"81":[5,1],"82":[1101,51],"83":[7,52],"84":[0,106],"85":[106,106,106],"86":[93,13],"87":[5,8],"88":[1,4],"89":[1,102],"90":[78,24],"91":[7,4],"92":[34,1815],"93":[0,13530],"94":[0,0],"95":[804,12726],"96":[13530,1850],"97":[10523,3007],"98":[13530,11675],"99":[169,1686],"100":[0,0],"101":[936,0,0],"102":[936,0],"103":[0,0],"104":[0,0],"105":[0,0],"106":[0,0],"107":[0,0],"108":[0,0],"109":[0,0],"110":[0,20],"111":[20,0],"112":[0,20],"113":[0,11972],"114":[0,0],"115":[28,11944],"116":[28,11944],"117":[11972,0],"118":[0,11972],"119":[11972,915],"120":[8900,3072],"121":[0,3072],"122":[0,11972],"123":[915,11057],"124":[11972,0],"125":[12132,526608],"126":[538740,34482,22510],"127":[0,12132],"128":[0,0],"129":[0,0],"130":[0,12132],"131":[11972,0],"132":[8900,3072],"133":[0,0],"134":[8900,3072],"135":[0,0],"136":[11972,0],"137":[11972,11972],"138":[0,0],"139":[0,0],"140":[3068,1759,92,155,29,4,10,1285,1268,355,351,258,258,151,90,100,15,15,14,15,12,5,2,1,2,18,5,6,5,2,3,3,3,1,3,10,3,2,50,13,81,1532,3,915,0],"141":[1,0],"142":[1,1],"143":[0,0],"144":[0,1],"145":[1,1]},"f":{"1":1,"2":56,"3":0,"4":19498,"5":242,"6":20,"7":936,"8":0,"9":8900,"10":916,"11":61,"12":7,"13":42,"14":19,"15":30,"16":1047,"17":92,"18":23,"19":1152,"20":59,"21":106,"22":11,"23":7,"24":94,"25":96,"26":1849,"27":2155,"28":617,"29":2024,"30":794,"31":155,"32":0,"33":0,"34":915,"35":13530,"36":13530,"37":1855,"38":1,"39":0,"40":936,"41":0,"42":0,"43":0,"44":0,"45":0,"46":20,"47":20,"48":20,"49":11972,"50":11972,"51":11972,"52":0,"53":0,"54":11972,"55":0,"56":0,"57":0,"58":11972,"59":1,"60":0,"61":0},"fnMap":{"1":{"name":"(anonymous_1)","line":74,"loc":{"start":{"line":74,"column":14},"end":{"line":74,"column":24}}},"2":{"name":"(anonymous_2)","line":75,"loc":{"start":{"line":75,"column":6},"end":{"line":75,"column":23}}},"3":{"name":"trace","line":76,"loc":{"start":{"line":76,"column":21},"end":{"line":76,"column":38}}},"4":{"name":"anonymous","line":81,"loc":{"start":{"line":81,"column":15},"end":{"line":81,"column":123}}},"5":{"name":"(anonymous_5)","line":247,"loc":{"start":{"line":247,"column":19},"end":{"line":247,"column":35}}},"6":{"name":"parseError","line":590,"loc":{"start":{"line":590,"column":12},"end":{"line":590,"column":43}}},"7":{"name":"parse","line":597,"loc":{"start":{"line":597,"column":7},"end":{"line":597,"column":29}}},"8":{"name":"popStack","line":621,"loc":{"start":{"line":621,"column":4},"end":{"line":621,"column":25}}},"9":{"name":"lex","line":627,"loc":{"start":{"line":627,"column":8},"end":{"line":627,"column":23}}},"10":{"name":"resetGeneratedIds","line":747,"loc":{"start":{"line":747,"column":0},"end":{"line":747,"column":29}}},"11":{"name":"processSeqDestrucForm","line":751,"loc":{"start":{"line":751,"column":0},"end":{"line":751,"column":41}}},"12":{"name":"processMapDestrucForm","line":781,"loc":{"start":{"line":781,"column":0},"end":{"line":781,"column":41}}},"13":{"name":"processDestrucForm","line":803,"loc":{"start":{"line":803,"column":0},"end":{"line":803,"column":38}}},"14":{"name":"processChildDestrucForm","line":811,"loc":{"start":{"line":811,"column":0},"end":{"line":811,"column":49}}},"15":{"name":"processRecurFormIfAny","line":861,"loc":{"start":{"line":861,"column":0},"end":{"line":861,"column":57}}},"16":{"name":"(anonymous_16)","line":864,"loc":{"start":{"line":864,"column":15},"end":{"line":864,"column":31}}},"17":{"name":"(anonymous_17)","line":880,"loc":{"start":{"line":880,"column":27},"end":{"line":880,"column":48}}},"18":{"name":"wrapInIIFE","line":900,"loc":{"start":{"line":900,"column":0},"end":{"line":900,"column":37}}},"19":{"name":"wrapInExpressionStatement","line":918,"loc":{"start":{"line":918,"column":0},"end":{"line":918,"column":45}}},"20":{"name":"createArityCheckStmt","line":925,"loc":{"start":{"line":925,"column":0},"end":{"line":925,"column":64}}},"21":{"name":"createReturnStatementIfPossible","line":942,"loc":{"start":{"line":942,"column":0},"end":{"line":942,"column":51}}},"22":{"name":"createRestArgsDecl","line":971,"loc":{"start":{"line":971,"column":0},"end":{"line":971,"column":59}}},"23":{"name":"parseLogicalExpr","line":993,"loc":{"start":{"line":993,"column":0},"end":{"line":993,"column":48}}},"24":{"name":"parseVarDecl","line":1001,"loc":{"start":{"line":1001,"column":0},"end":{"line":1001,"column":43}}},"25":{"name":"addVarDecl","line":1006,"loc":{"start":{"line":1006,"column":0},"end":{"line":1006,"column":47}}},"26":{"name":"parseNumLiteral","line":1012,"loc":{"start":{"line":1012,"column":0},"end":{"line":1012,"column":57}}},"27":{"name":"parseLiteral","line":1023,"loc":{"start":{"line":1023,"column":0},"end":{"line":1023,"column":51}}},"28":{"name":"parseCollectionLiteral","line":1027,"loc":{"start":{"line":1027,"column":0},"end":{"line":1027,"column":56}}},"29":{"name":"parseIdentifierName","line":1042,"loc":{"start":{"line":1042,"column":0},"end":{"line":1042,"column":35}}},"30":{"name":"(anonymous_30)","line":1044,"loc":{"start":{"line":1044,"column":40},"end":{"line":1044,"column":53}}},"31":{"name":"parseString","line":1047,"loc":{"start":{"line":1047,"column":0},"end":{"line":1047,"column":26}}},"32":{"name":"(anonymous_32)","line":1049,"loc":{"start":{"line":1049,"column":57},"end":{"line":1049,"column":79}}},"33":{"name":"(anonymous_33)","line":1052,"loc":{"start":{"line":1052,"column":42},"end":{"line":1052,"column":64}}},"34":{"name":"processLocsAndRanges","line":1066,"loc":{"start":{"line":1066,"column":0},"end":{"line":1066,"column":50}}},"35":{"name":"(anonymous_35)","line":1071,"loc":{"start":{"line":1071,"column":15},"end":{"line":1071,"column":31}}},"36":{"name":"(anonymous_36)","line":1078,"loc":{"start":{"line":1078,"column":15},"end":{"line":1078,"column":31}}},"37":{"name":"getValueIfUndefined","line":1088,"loc":{"start":{"line":1088,"column":0},"end":{"line":1088,"column":57}}},"38":{"name":"(anonymous_38)","line":1092,"loc":{"start":{"line":1092,"column":13},"end":{"line":1092,"column":23}}},"39":{"name":"parseError","line":1097,"loc":{"start":{"line":1097,"column":11},"end":{"line":1097,"column":42}}},"40":{"name":"(anonymous_40)","line":1106,"loc":{"start":{"line":1106,"column":9},"end":{"line":1106,"column":30}}},"41":{"name":"(anonymous_41)","line":1127,"loc":{"start":{"line":1127,"column":6},"end":{"line":1127,"column":18}}},"42":{"name":"(anonymous_42)","line":1150,"loc":{"start":{"line":1150,"column":6},"end":{"line":1150,"column":20}}},"43":{"name":"(anonymous_43)","line":1185,"loc":{"start":{"line":1185,"column":5},"end":{"line":1185,"column":17}}},"44":{"name":"(anonymous_44)","line":1191,"loc":{"start":{"line":1191,"column":7},"end":{"line":1191,"column":19}}},"45":{"name":"(anonymous_45)","line":1206,"loc":{"start":{"line":1206,"column":5},"end":{"line":1206,"column":18}}},"46":{"name":"(anonymous_46)","line":1211,"loc":{"start":{"line":1211,"column":10},"end":{"line":1211,"column":22}}},"47":{"name":"(anonymous_47)","line":1217,"loc":{"start":{"line":1217,"column":14},"end":{"line":1217,"column":26}}},"48":{"name":"(anonymous_48)","line":1226,"loc":{"start":{"line":1226,"column":13},"end":{"line":1226,"column":25}}},"49":{"name":"(anonymous_49)","line":1233,"loc":{"start":{"line":1233,"column":11},"end":{"line":1233,"column":42}}},"50":{"name":"(anonymous_50)","line":1305,"loc":{"start":{"line":1305,"column":5},"end":{"line":1305,"column":17}}},"51":{"name":"lex","line":1363,"loc":{"start":{"line":1363,"column":4},"end":{"line":1363,"column":19}}},"52":{"name":"begin","line":1373,"loc":{"start":{"line":1373,"column":6},"end":{"line":1373,"column":32}}},"53":{"name":"popState","line":1378,"loc":{"start":{"line":1378,"column":9},"end":{"line":1378,"column":29}}},"54":{"name":"_currentRules","line":1388,"loc":{"start":{"line":1388,"column":14},"end":{"line":1388,"column":39}}},"55":{"name":"topState","line":1397,"loc":{"start":{"line":1397,"column":9},"end":{"line":1397,"column":30}}},"56":{"name":"pushState","line":1407,"loc":{"start":{"line":1407,"column":10},"end":{"line":1407,"column":40}}},"57":{"name":"stateStackSize","line":1412,"loc":{"start":{"line":1412,"column":15},"end":{"line":1412,"column":41}}},"58":{"name":"anonymous","line":1416,"loc":{"start":{"line":1416,"column":15},"end":{"line":1416,"column":77}}},"59":{"name":"Parser","line":1528,"loc":{"start":{"line":1528,"column":0},"end":{"line":1528,"column":19}}},"60":{"name":"(anonymous_60)","line":1539,"loc":{"start":{"line":1539,"column":16},"end":{"line":1539,"column":28}}},"61":{"name":"commonjsMain","line":1540,"loc":{"start":{"line":1540,"column":15},"end":{"line":1540,"column":43}}}},"statementMap":{"1":{"start":{"line":74,"column":0},"end":{"line":1533,"column":5}},"2":{"start":{"line":75,"column":0},"end":{"line":75,"column":955}},"3":{"start":{"line":75,"column":24},"end":{"line":75,"column":62}},"4":{"start":{"line":75,"column":62},"end":{"line":75,"column":70}},"5":{"start":{"line":76,"column":0},"end":{"line":733,"column":3}},"6":{"start":{"line":84,"column":0},"end":{"line":84,"column":23}},"7":{"start":{"line":85,"column":0},"end":{"line":586,"column":1}},"8":{"start":{"line":88,"column":8},"end":{"line":90,"column":81}},"9":{"start":{"line":92,"column":0},"end":{"line":92,"column":6}},"10":{"start":{"line":94,"column":1},"end":{"line":94,"column":13}},"11":{"start":{"line":95,"column":0},"end":{"line":95,"column":6}},"12":{"start":{"line":98,"column":8},"end":{"line":98,"column":36}},"13":{"start":{"line":99,"column":8},"end":{"line":99,"column":26}},"14":{"start":{"line":100,"column":8},"end":{"line":100,"column":30}},"15":{"start":{"line":102,"column":0},"end":{"line":102,"column":6}},"16":{"start":{"line":104,"column":1},"end":{"line":104,"column":151}},"17":{"start":{"line":105,"column":0},"end":{"line":105,"column":6}},"18":{"start":{"line":108,"column":8},"end":{"line":108,"column":35}},"19":{"start":{"line":109,"column":8},"end":{"line":109,"column":36}},"20":{"start":{"line":109,"column":25},"end":{"line":109,"column":36}},"21":{"start":{"line":110,"column":8},"end":{"line":110,"column":40}},"22":{"start":{"line":110,"column":26},"end":{"line":110,"column":40}},"23":{"start":{"line":111,"column":8},"end":{"line":111,"column":62}},"24":{"start":{"line":112,"column":8},"end":{"line":112,"column":28}},"25":{"start":{"line":113,"column":8},"end":{"line":113,"column":61}},"26":{"start":{"line":114,"column":8},"end":{"line":114,"column":30}},"27":{"start":{"line":115,"column":8},"end":{"line":115,"column":39}},"28":{"start":{"line":117,"column":0},"end":{"line":117,"column":6}},"29":{"start":{"line":119,"column":1},"end":{"line":119,"column":73}},"30":{"start":{"line":120,"column":0},"end":{"line":120,"column":6}},"31":{"start":{"line":122,"column":1},"end":{"line":122,"column":71}},"32":{"start":{"line":123,"column":0},"end":{"line":123,"column":6}},"33":{"start":{"line":125,"column":1},"end":{"line":125,"column":99}},"34":{"start":{"line":126,"column":0},"end":{"line":126,"column":6}},"35":{"start":{"line":128,"column":1},"end":{"line":128,"column":68}},"36":{"start":{"line":129,"column":0},"end":{"line":129,"column":6}},"37":{"start":{"line":131,"column":1},"end":{"line":131,"column":69}},"38":{"start":{"line":132,"column":0},"end":{"line":132,"column":6}},"39":{"start":{"line":134,"column":1},"end":{"line":134,"column":64}},"40":{"start":{"line":135,"column":0},"end":{"line":135,"column":6}},"41":{"start":{"line":137,"column":1},"end":{"line":137,"column":99}},"42":{"start":{"line":138,"column":0},"end":{"line":138,"column":6}},"43":{"start":{"line":140,"column":1},"end":{"line":140,"column":97}},"44":{"start":{"line":141,"column":0},"end":{"line":141,"column":6}},"45":{"start":{"line":143,"column":1},"end":{"line":143,"column":101}},"46":{"start":{"line":144,"column":0},"end":{"line":144,"column":6}},"47":{"start":{"line":146,"column":1},"end":{"line":146,"column":101}},"48":{"start":{"line":147,"column":0},"end":{"line":147,"column":6}},"49":{"start":{"line":149,"column":1},"end":{"line":149,"column":19}},"50":{"start":{"line":150,"column":0},"end":{"line":150,"column":6}},"51":{"start":{"line":152,"column":1},"end":{"line":152,"column":40}},"52":{"start":{"line":153,"column":0},"end":{"line":153,"column":6}},"53":{"start":{"line":156,"column":8},"end":{"line":158,"column":9}},"54":{"start":{"line":157,"column":12},"end":{"line":157,"column":78}},"55":{"start":{"line":159,"column":8},"end":{"line":159,"column":51}},"56":{"start":{"line":161,"column":0},"end":{"line":161,"column":6}},"57":{"start":{"line":163,"column":1},"end":{"line":163,"column":17}},"58":{"start":{"line":164,"column":0},"end":{"line":164,"column":6}},"59":{"start":{"line":166,"column":1},"end":{"line":166,"column":32}},"60":{"start":{"line":167,"column":0},"end":{"line":167,"column":6}},"61":{"start":{"line":170,"column":8},"end":{"line":170,"column":36}},"62":{"start":{"line":171,"column":8},"end":{"line":171,"column":26}},"63":{"start":{"line":173,"column":0},"end":{"line":173,"column":6}},"64":{"start":{"line":176,"column":8},"end":{"line":176,"column":15}},"65":{"start":{"line":177,"column":8},"end":{"line":183,"column":9}},"66":{"start":{"line":178,"column":12},"end":{"line":178,"column":29}},"67":{"start":{"line":179,"column":12},"end":{"line":179,"column":34}},"68":{"start":{"line":180,"column":12},"end":{"line":182,"column":64}},"69":{"start":{"line":184,"column":8},"end":{"line":184,"column":26}},"70":{"start":{"line":186,"column":0},"end":{"line":186,"column":6}},"71":{"start":{"line":189,"column":8},"end":{"line":189,"column":15}},"72":{"start":{"line":190,"column":8},"end":{"line":194,"column":9}},"73":{"start":{"line":191,"column":12},"end":{"line":191,"column":29}},"74":{"start":{"line":192,"column":12},"end":{"line":192,"column":34}},"75":{"start":{"line":193,"column":12},"end":{"line":193,"column":68}},"76":{"start":{"line":195,"column":8},"end":{"line":195,"column":26}},"77":{"start":{"line":197,"column":0},"end":{"line":197,"column":6}},"78":{"start":{"line":200,"column":8},"end":{"line":200,"column":36}},"79":{"start":{"line":201,"column":8},"end":{"line":201,"column":35}},"80":{"start":{"line":202,"column":8},"end":{"line":202,"column":26}},"81":{"start":{"line":204,"column":0},"end":{"line":204,"column":6}},"82":{"start":{"line":207,"column":8},"end":{"line":207,"column":26}},"83":{"start":{"line":208,"column":8},"end":{"line":208,"column":104}},"84":{"start":{"line":210,"column":0},"end":{"line":210,"column":6}},"85":{"start":{"line":213,"column":8},"end":{"line":213,"column":26}},"86":{"start":{"line":214,"column":8},"end":{"line":214,"column":112}},"87":{"start":{"line":216,"column":0},"end":{"line":216,"column":6}},"88":{"start":{"line":219,"column":8},"end":{"line":219,"column":60}},"89":{"start":{"line":220,"column":8},"end":{"line":220,"column":32}},"90":{"start":{"line":221,"column":8},"end":{"line":221,"column":58}},"91":{"start":{"line":223,"column":8},"end":{"line":223,"column":66}},"92":{"start":{"line":224,"column":8},"end":{"line":229,"column":9}},"93":{"start":{"line":225,"column":12},"end":{"line":225,"column":38}},"94":{"start":{"line":226,"column":12},"end":{"line":228,"column":50}},"95":{"start":{"line":231,"column":8},"end":{"line":231,"column":95}},"96":{"start":{"line":232,"column":8},"end":{"line":232,"column":40}},"97":{"start":{"line":234,"column":8},"end":{"line":235,"column":50}},"98":{"start":{"line":237,"column":0},"end":{"line":237,"column":6}},"99":{"start":{"line":239,"column":1},"end":{"line":239,"column":63}},"100":{"start":{"line":240,"column":0},"end":{"line":240,"column":6}},"101":{"start":{"line":243,"column":8},"end":{"line":243,"column":48}},"102":{"start":{"line":244,"column":8},"end":{"line":244,"column":26}},"103":{"start":{"line":245,"column":8},"end":{"line":245,"column":31}},"104":{"start":{"line":246,"column":8},"end":{"line":257,"column":11}},"105":{"start":{"line":248,"column":16},"end":{"line":255,"column":17}},"106":{"start":{"line":249,"column":20},"end":{"line":252,"column":52}},"107":{"start":{"line":250,"column":24},"end":{"line":250,"column":42}},"108":{"start":{"line":251,"column":25},"end":{"line":252,"column":52}},"109":{"start":{"line":252,"column":24},"end":{"line":252,"column":52}},"110":{"start":{"line":253,"column":20},"end":{"line":253,"column":40}},"111":{"start":{"line":254,"column":20},"end":{"line":254,"column":43}},"112":{"start":{"line":258,"column":8},"end":{"line":258,"column":22}},"113":{"start":{"line":259,"column":8},"end":{"line":261,"column":9}},"114":{"start":{"line":260,"column":12},"end":{"line":260,"column":74}},"115":{"start":{"line":262,"column":8},"end":{"line":262,"column":51}},"116":{"start":{"line":263,"column":8},"end":{"line":263,"column":66}},"117":{"start":{"line":264,"column":8},"end":{"line":264,"column":50}},"118":{"start":{"line":265,"column":8},"end":{"line":269,"column":9}},"119":{"start":{"line":266,"column":12},"end":{"line":266,"column":75}},"120":{"start":{"line":267,"column":12},"end":{"line":267,"column":92}},"121":{"start":{"line":268,"column":12},"end":{"line":268,"column":40}},"122":{"start":{"line":271,"column":8},"end":{"line":271,"column":91}},"123":{"start":{"line":272,"column":8},"end":{"line":272,"column":38}},"124":{"start":{"line":274,"column":8},"end":{"line":275,"column":44}},"125":{"start":{"line":277,"column":0},"end":{"line":277,"column":6}},"126":{"start":{"line":280,"column":8},"end":{"line":280,"column":113}},"127":{"start":{"line":282,"column":8},"end":{"line":290,"column":9}},"128":{"start":{"line":284,"column":12},"end":{"line":284,"column":50}},"129":{"start":{"line":285,"column":12},"end":{"line":285,"column":61}},"130":{"start":{"line":286,"column":12},"end":{"line":289,"column":63}},"131":{"start":{"line":287,"column":16},"end":{"line":287,"column":78}},"132":{"start":{"line":289,"column":16},"end":{"line":289,"column":63}},"133":{"start":{"line":292,"column":0},"end":{"line":292,"column":6}},"134":{"start":{"line":295,"column":8},"end":{"line":295,"column":113}},"135":{"start":{"line":297,"column":8},"end":{"line":308,"column":9}},"136":{"start":{"line":299,"column":12},"end":{"line":299,"column":50}},"137":{"start":{"line":300,"column":12},"end":{"line":300,"column":43}},"138":{"start":{"line":301,"column":12},"end":{"line":302,"column":40}},"139":{"start":{"line":303,"column":12},"end":{"line":303,"column":61}},"140":{"start":{"line":304,"column":12},"end":{"line":307,"column":63}},"141":{"start":{"line":305,"column":16},"end":{"line":305,"column":78}},"142":{"start":{"line":307,"column":16},"end":{"line":307,"column":63}},"143":{"start":{"line":310,"column":0},"end":{"line":310,"column":6}},"144":{"start":{"line":313,"column":8},"end":{"line":313,"column":82}},"145":{"start":{"line":315,"column":0},"end":{"line":315,"column":6}},"146":{"start":{"line":318,"column":8},"end":{"line":318,"column":82}},"147":{"start":{"line":319,"column":8},"end":{"line":319,"column":39}},"148":{"start":{"line":320,"column":8},"end":{"line":321,"column":36}},"149":{"start":{"line":323,"column":0},"end":{"line":323,"column":6}},"150":{"start":{"line":326,"column":8},"end":{"line":326,"column":91}},"151":{"start":{"line":327,"column":8},"end":{"line":327,"column":70}},"152":{"start":{"line":329,"column":0},"end":{"line":329,"column":6}},"153":{"start":{"line":332,"column":8},"end":{"line":332,"column":91}},"154":{"start":{"line":333,"column":8},"end":{"line":333,"column":70}},"155":{"start":{"line":335,"column":0},"end":{"line":335,"column":6}},"156":{"start":{"line":337,"column":1},"end":{"line":337,"column":62}},"157":{"start":{"line":338,"column":0},"end":{"line":338,"column":6}},"158":{"start":{"line":341,"column":8},"end":{"line":341,"column":82}},"159":{"start":{"line":342,"column":8},"end":{"line":345,"column":10}},"160":{"start":{"line":347,"column":0},"end":{"line":347,"column":6}},"161":{"start":{"line":350,"column":8},"end":{"line":350,"column":88}},"162":{"start":{"line":351,"column":8},"end":{"line":351,"column":59}},"163":{"start":{"line":352,"column":8},"end":{"line":352,"column":26}},"164":{"start":{"line":354,"column":0},"end":{"line":354,"column":6}},"165":{"start":{"line":357,"column":8},"end":{"line":357,"column":42}},"166":{"start":{"line":358,"column":8},"end":{"line":361,"column":9}},"167":{"start":{"line":359,"column":12},"end":{"line":359,"column":37}},"168":{"start":{"line":360,"column":12},"end":{"line":360,"column":75}},"169":{"start":{"line":362,"column":8},"end":{"line":362,"column":35}},"170":{"start":{"line":363,"column":8},"end":{"line":363,"column":56}},"171":{"start":{"line":365,"column":0},"end":{"line":365,"column":6}},"172":{"start":{"line":367,"column":1},"end":{"line":367,"column":83}},"173":{"start":{"line":368,"column":0},"end":{"line":368,"column":6}},"174":{"start":{"line":371,"column":8},"end":{"line":373,"column":37}},"175":{"start":{"line":374,"column":8},"end":{"line":374,"column":85}},"176":{"start":{"line":376,"column":0},"end":{"line":376,"column":6}},"177":{"start":{"line":379,"column":8},"end":{"line":379,"column":42}},"178":{"start":{"line":380,"column":8},"end":{"line":384,"column":9}},"179":{"start":{"line":381,"column":12},"end":{"line":381,"column":37}},"180":{"start":{"line":382,"column":12},"end":{"line":382,"column":39}},"181":{"start":{"line":383,"column":12},"end":{"line":383,"column":63}},"182":{"start":{"line":386,"column":8},"end":{"line":386,"column":26}},"183":{"start":{"line":387,"column":8},"end":{"line":387,"column":56}},"184":{"start":{"line":389,"column":8},"end":{"line":389,"column":88}},"185":{"start":{"line":390,"column":8},"end":{"line":396,"column":9}},"186":{"start":{"line":391,"column":12},"end":{"line":391,"column":32}},"187":{"start":{"line":392,"column":12},"end":{"line":395,"column":13}},"188":{"start":{"line":393,"column":16},"end":{"line":393,"column":34}},"189":{"start":{"line":394,"column":16},"end":{"line":394,"column":34}},"190":{"start":{"line":398,"column":8},"end":{"line":398,"column":28}},"191":{"start":{"line":399,"column":8},"end":{"line":401,"column":9}},"192":{"start":{"line":400,"column":12},"end":{"line":400,"column":65}},"193":{"start":{"line":403,"column":8},"end":{"line":403,"column":58}},"194":{"start":{"line":405,"column":8},"end":{"line":405,"column":40}},"195":{"start":{"line":406,"column":8},"end":{"line":406,"column":100}},"196":{"start":{"line":407,"column":8},"end":{"line":407,"column":65}},"197":{"start":{"line":408,"column":8},"end":{"line":409,"column":40}},"198":{"start":{"line":411,"column":0},"end":{"line":411,"column":6}},"199":{"start":{"line":414,"column":8},"end":{"line":414,"column":49}},"200":{"start":{"line":415,"column":8},"end":{"line":415,"column":43}},"201":{"start":{"line":416,"column":8},"end":{"line":423,"column":9}},"202":{"start":{"line":417,"column":12},"end":{"line":417,"column":28}},"203":{"start":{"line":418,"column":12},"end":{"line":418,"column":64}},"204":{"start":{"line":419,"column":12},"end":{"line":419,"column":31}},"205":{"start":{"line":420,"column":12},"end":{"line":420,"column":31}},"206":{"start":{"line":421,"column":12},"end":{"line":421,"column":80}},"207":{"start":{"line":422,"column":12},"end":{"line":422,"column":65}},"208":{"start":{"line":424,"column":8},"end":{"line":424,"column":67}},"209":{"start":{"line":425,"column":8},"end":{"line":425,"column":33}},"210":{"start":{"line":427,"column":0},"end":{"line":427,"column":6}},"211":{"start":{"line":430,"column":8},"end":{"line":432,"column":34}},"212":{"start":{"line":433,"column":8},"end":{"line":433,"column":85}},"213":{"start":{"line":434,"column":8},"end":{"line":434,"column":64}},"214":{"start":{"line":435,"column":8},"end":{"line":435,"column":87}},"215":{"start":{"line":436,"column":8},"end":{"line":436,"column":89}},"216":{"start":{"line":437,"column":8},"end":{"line":437,"column":92}},"217":{"start":{"line":441,"column":8},"end":{"line":441,"column":25}},"218":{"start":{"line":443,"column":0},"end":{"line":443,"column":6}},"219":{"start":{"line":446,"column":8},"end":{"line":446,"column":66}},"220":{"start":{"line":447,"column":8},"end":{"line":447,"column":80}},"221":{"start":{"line":448,"column":8},"end":{"line":448,"column":63}},"222":{"start":{"line":449,"column":8},"end":{"line":451,"column":44}},"223":{"start":{"line":452,"column":8},"end":{"line":453,"column":52}},"224":{"start":{"line":454,"column":8},"end":{"line":456,"column":46}},"225":{"start":{"line":457,"column":8},"end":{"line":459,"column":40}},"226":{"start":{"line":460,"column":8},"end":{"line":460,"column":81}},"227":{"start":{"line":461,"column":8},"end":{"line":461,"column":92}},"228":{"start":{"line":465,"column":8},"end":{"line":465,"column":25}},"229":{"start":{"line":467,"column":0},"end":{"line":467,"column":6}},"230":{"start":{"line":470,"column":8},"end":{"line":470,"column":86}},"231":{"start":{"line":474,"column":8},"end":{"line":474,"column":27}},"232":{"start":{"line":476,"column":0},"end":{"line":476,"column":6}},"233":{"start":{"line":479,"column":8},"end":{"line":479,"column":49}},"234":{"start":{"line":480,"column":8},"end":{"line":482,"column":35}},"235":{"start":{"line":483,"column":8},"end":{"line":483,"column":80}},"236":{"start":{"line":484,"column":8},"end":{"line":503,"column":9}},"237":{"start":{"line":485,"column":12},"end":{"line":485,"column":28}},"238":{"start":{"line":491,"column":12},"end":{"line":502,"column":49}},"239":{"start":{"line":505,"column":0},"end":{"line":505,"column":6}},"240":{"start":{"line":508,"column":8},"end":{"line":508,"column":103}},"241":{"start":{"line":510,"column":0},"end":{"line":510,"column":6}},"242":{"start":{"line":513,"column":8},"end":{"line":513,"column":103}},"243":{"start":{"line":515,"column":0},"end":{"line":515,"column":6}},"244":{"start":{"line":517,"column":1},"end":{"line":517,"column":52}},"245":{"start":{"line":518,"column":0},"end":{"line":518,"column":6}},"246":{"start":{"line":521,"column":8},"end":{"line":521,"column":36}},"247":{"start":{"line":522,"column":8},"end":{"line":524,"column":37}},"248":{"start":{"line":525,"column":8},"end":{"line":525,"column":49}},"249":{"start":{"line":526,"column":8},"end":{"line":526,"column":68}},"250":{"start":{"line":527,"column":8},"end":{"line":527,"column":76}},"251":{"start":{"line":529,"column":0},"end":{"line":529,"column":6}},"252":{"start":{"line":531,"column":1},"end":{"line":531,"column":51}},"253":{"start":{"line":532,"column":0},"end":{"line":532,"column":6}},"254":{"start":{"line":534,"column":1},"end":{"line":534,"column":48}},"255":{"start":{"line":535,"column":0},"end":{"line":535,"column":6}},"256":{"start":{"line":537,"column":1},"end":{"line":537,"column":19}},"257":{"start":{"line":537,"column":20},"end":{"line":537,"column":52}},"258":{"start":{"line":538,"column":0},"end":{"line":538,"column":6}},"259":{"start":{"line":540,"column":1},"end":{"line":540,"column":19}},"260":{"start":{"line":541,"column":0},"end":{"line":541,"column":6}},"261":{"start":{"line":544,"column":8},"end":{"line":546,"column":9}},"262":{"start":{"line":545,"column":12},"end":{"line":545,"column":65}},"263":{"start":{"line":548,"column":0},"end":{"line":548,"column":6}},"264":{"start":{"line":552,"column":8},"end":{"line":552,"column":72}},"265":{"start":{"line":553,"column":8},"end":{"line":553,"column":72}},"266":{"start":{"line":555,"column":0},"end":{"line":555,"column":6}},"267":{"start":{"line":558,"column":8},"end":{"line":558,"column":67}},"268":{"start":{"line":560,"column":0},"end":{"line":560,"column":6}},"269":{"start":{"line":563,"column":8},"end":{"line":563,"column":61}},"270":{"start":{"line":565,"column":0},"end":{"line":565,"column":6}},"271":{"start":{"line":568,"column":8},"end":{"line":568,"column":66}},"272":{"start":{"line":569,"column":8},"end":{"line":569,"column":28}},"273":{"start":{"line":570,"column":8},"end":{"line":570,"column":55}},"274":{"start":{"line":571,"column":8},"end":{"line":571,"column":20}},"275":{"start":{"line":573,"column":0},"end":{"line":573,"column":6}},"276":{"start":{"line":576,"column":8},"end":{"line":580,"column":11}},"277":{"start":{"line":581,"column":8},"end":{"line":581,"column":28}},"278":{"start":{"line":582,"column":8},"end":{"line":582,"column":55}},"279":{"start":{"line":583,"column":8},"end":{"line":583,"column":20}},"280":{"start":{"line":585,"column":0},"end":{"line":585,"column":6}},"281":{"start":{"line":591,"column":4},"end":{"line":595,"column":5}},"282":{"start":{"line":592,"column":8},"end":{"line":592,"column":24}},"283":{"start":{"line":594,"column":8},"end":{"line":594,"column":29}},"284":{"start":{"line":598,"column":4},"end":{"line":598,"column":172}},"285":{"start":{"line":599,"column":4},"end":{"line":599,"column":47}},"286":{"start":{"line":600,"column":4},"end":{"line":600,"column":42}},"287":{"start":{"line":601,"column":4},"end":{"line":601,"column":33}},"288":{"start":{"line":602,"column":4},"end":{"line":606,"column":5}},"289":{"start":{"line":603,"column":8},"end":{"line":605,"column":9}},"290":{"start":{"line":604,"column":12},"end":{"line":604,"column":43}},"291":{"start":{"line":607,"column":4},"end":{"line":607,"column":42}},"292":{"start":{"line":608,"column":4},"end":{"line":608,"column":33}},"293":{"start":{"line":609,"column":4},"end":{"line":609,"column":33}},"294":{"start":{"line":610,"column":4},"end":{"line":612,"column":5}},"295":{"start":{"line":611,"column":8},"end":{"line":611,"column":26}},"296":{"start":{"line":613,"column":4},"end":{"line":613,"column":29}},"297":{"start":{"line":614,"column":4},"end":{"line":614,"column":23}},"298":{"start":{"line":615,"column":4},"end":{"line":615,"column":55}},"299":{"start":{"line":616,"column":4},"end":{"line":620,"column":5}},"300":{"start":{"line":617,"column":8},"end":{"line":617,"column":52}},"301":{"start":{"line":619,"column":8},"end":{"line":619,"column":65}},"302":{"start":{"line":621,"column":4},"end":{"line":625,"column":5}},"303":{"start":{"line":622,"column":8},"end":{"line":622,"column":44}},"304":{"start":{"line":623,"column":8},"end":{"line":623,"column":42}},"305":{"start":{"line":624,"column":8},"end":{"line":624,"column":42}},"306":{"start":{"line":626,"column":4},"end":{"line":634,"column":9}},"307":{"start":{"line":627,"column":8},"end":{"line":634,"column":9}},"308":{"start":{"line":628,"column":12},"end":{"line":628,"column":22}},"309":{"start":{"line":629,"column":12},"end":{"line":629,"column":39}},"310":{"start":{"line":630,"column":12},"end":{"line":632,"column":13}},"311":{"start":{"line":631,"column":16},"end":{"line":631,"column":54}},"312":{"start":{"line":633,"column":12},"end":{"line":633,"column":25}},"313":{"start":{"line":635,"column":4},"end":{"line":635,"column":92}},"314":{"start":{"line":636,"column":4},"end":{"line":731,"column":5}},"315":{"start":{"line":637,"column":8},"end":{"line":637,"column":40}},"316":{"start":{"line":638,"column":8},"end":{"line":645,"column":9}},"317":{"start":{"line":639,"column":12},"end":{"line":639,"column":48}},"318":{"start":{"line":641,"column":12},"end":{"line":643,"column":13}},"319":{"start":{"line":642,"column":16},"end":{"line":642,"column":31}},"320":{"start":{"line":644,"column":12},"end":{"line":644,"column":58}},"321":{"start":{"line":646,"column":20},"end":{"line":666,"column":13}},"322":{"start":{"line":647,"column":16},"end":{"line":647,"column":32}},"323":{"start":{"line":648,"column":16},"end":{"line":648,"column":30}},"324":{"start":{"line":649,"column":16},"end":{"line":653,"column":17}},"325":{"start":{"line":650,"column":20},"end":{"line":652,"column":21}},"326":{"start":{"line":651,"column":24},"end":{"line":651,"column":72}},"327":{"start":{"line":654,"column":16},"end":{"line":658,"column":17}},"328":{"start":{"line":655,"column":20},"end":{"line":655,"column":197}},"329":{"start":{"line":657,"column":20},"end":{"line":657,"column":174}},"330":{"start":{"line":659,"column":16},"end":{"line":665,"column":19}},"331":{"start":{"line":667,"column":8},"end":{"line":669,"column":9}},"332":{"start":{"line":668,"column":12},"end":{"line":668,"column":112}},"333":{"start":{"line":670,"column":8},"end":{"line":730,"column":9}},"334":{"start":{"line":672,"column":12},"end":{"line":672,"column":31}},"335":{"start":{"line":673,"column":12},"end":{"line":673,"column":38}},"336":{"start":{"line":674,"column":12},"end":{"line":674,"column":38}},"337":{"start":{"line":675,"column":12},"end":{"line":675,"column":34}},"338":{"start":{"line":676,"column":12},"end":{"line":676,"column":26}},"339":{"start":{"line":677,"column":12},"end":{"line":688,"column":13}},"340":{"start":{"line":678,"column":16},"end":{"line":678,"column":38}},"341":{"start":{"line":679,"column":16},"end":{"line":679,"column":38}},"342":{"start":{"line":680,"column":16},"end":{"line":680,"column":42}},"343":{"start":{"line":681,"column":16},"end":{"line":681,"column":37}},"344":{"start":{"line":682,"column":16},"end":{"line":684,"column":17}},"345":{"start":{"line":683,"column":20},"end":{"line":683,"column":33}},"346":{"start":{"line":686,"column":16},"end":{"line":686,"column":40}},"347":{"start":{"line":687,"column":16},"end":{"line":687,"column":38}},"348":{"start":{"line":689,"column":12},"end":{"line":689,"column":18}},"349":{"start":{"line":691,"column":12},"end":{"line":691,"column":50}},"350":{"start":{"line":692,"column":12},"end":{"line":692,"column":50}},"351":{"start":{"line":693,"column":12},"end":{"line":698,"column":14}},"352":{"start":{"line":699,"column":12},"end":{"line":704,"column":13}},"353":{"start":{"line":700,"column":16},"end":{"line":703,"column":18}},"354":{"start":{"line":705,"column":12},"end":{"line":713,"column":28}},"355":{"start":{"line":714,"column":12},"end":{"line":716,"column":13}},"356":{"start":{"line":715,"column":16},"end":{"line":715,"column":25}},"357":{"start":{"line":717,"column":12},"end":{"line":721,"column":13}},"358":{"start":{"line":718,"column":16},"end":{"line":718,"column":53}},"359":{"start":{"line":719,"column":16},"end":{"line":719,"column":51}},"360":{"start":{"line":720,"column":16},"end":{"line":720,"column":51}},"361":{"start":{"line":722,"column":12},"end":{"line":722,"column":56}},"362":{"start":{"line":723,"column":12},"end":{"line":723,"column":33}},"363":{"start":{"line":724,"column":12},"end":{"line":724,"column":34}},"364":{"start":{"line":725,"column":12},"end":{"line":725,"column":79}},"365":{"start":{"line":726,"column":12},"end":{"line":726,"column":33}},"366":{"start":{"line":727,"column":12},"end":{"line":727,"column":18}},"367":{"start":{"line":729,"column":12},"end":{"line":729,"column":24}},"368":{"start":{"line":732,"column":4},"end":{"line":732,"column":16}},"369":{"start":{"line":736,"column":0},"end":{"line":736,"column":39}},"370":{"start":{"line":738,"column":0},"end":{"line":742,"column":59}},"371":{"start":{"line":745,"column":0},"end":{"line":745,"column":40}},"372":{"start":{"line":746,"column":0},"end":{"line":746,"column":20}},"373":{"start":{"line":747,"column":0},"end":{"line":749,"column":1}},"374":{"start":{"line":748,"column":4},"end":{"line":748,"column":46}},"375":{"start":{"line":751,"column":0},"end":{"line":779,"column":1}},"376":{"start":{"line":752,"column":4},"end":{"line":752,"column":20}},"377":{"start":{"line":753,"column":4},"end":{"line":753,"column":45}},"378":{"start":{"line":754,"column":4},"end":{"line":754,"column":29}},"379":{"start":{"line":755,"column":4},"end":{"line":764,"column":5}},"380":{"start":{"line":756,"column":8},"end":{"line":756,"column":23}},"381":{"start":{"line":757,"column":8},"end":{"line":763,"column":9}},"382":{"start":{"line":758,"column":12},"end":{"line":758,"column":26}},"383":{"start":{"line":759,"column":15},"end":{"line":763,"column":9}},"384":{"start":{"line":760,"column":12},"end":{"line":760,"column":86}},"385":{"start":{"line":761,"column":12},"end":{"line":761,"column":36}},"386":{"start":{"line":762,"column":12},"end":{"line":762,"column":60}},"387":{"start":{"line":766,"column":4},"end":{"line":776,"column":5}},"388":{"start":{"line":767,"column":8},"end":{"line":775,"column":9}},"389":{"start":{"line":768,"column":12},"end":{"line":768,"column":88}},"390":{"start":{"line":769,"column":12},"end":{"line":769,"column":29}},"391":{"start":{"line":770,"column":15},"end":{"line":775,"column":9}},"392":{"start":{"line":771,"column":12},"end":{"line":771,"column":88}},"393":{"start":{"line":772,"column":12},"end":{"line":772,"column":108}},"394":{"start":{"line":773,"column":12},"end":{"line":773,"column":29}},"395":{"start":{"line":774,"column":12},"end":{"line":774,"column":61}},"396":{"start":{"line":778,"column":4},"end":{"line":778,"column":49}},"397":{"start":{"line":781,"column":0},"end":{"line":801,"column":1}},"398":{"start":{"line":782,"column":4},"end":{"line":782,"column":53}},"399":{"start":{"line":783,"column":4},"end":{"line":783,"column":31}},"400":{"start":{"line":784,"column":4},"end":{"line":784,"column":26}},"401":{"start":{"line":785,"column":4},"end":{"line":799,"column":5}},"402":{"start":{"line":786,"column":8},"end":{"line":786,"column":38}},"403":{"start":{"line":787,"column":8},"end":{"line":798,"column":9}},"404":{"start":{"line":788,"column":12},"end":{"line":788,"column":27}},"405":{"start":{"line":789,"column":12},"end":{"line":791,"column":46}},"406":{"start":{"line":792,"column":12},"end":{"line":792,"column":53}},"407":{"start":{"line":793,"column":12},"end":{"line":793,"column":29}},"408":{"start":{"line":794,"column":15},"end":{"line":798,"column":9}},"409":{"start":{"line":795,"column":12},"end":{"line":795,"column":84}},"410":{"start":{"line":796,"column":12},"end":{"line":796,"column":55}},"411":{"start":{"line":797,"column":12},"end":{"line":797,"column":59}},"412":{"start":{"line":800,"column":4},"end":{"line":800,"column":51}},"413":{"start":{"line":803,"column":0},"end":{"line":809,"column":1}},"414":{"start":{"line":804,"column":4},"end":{"line":808,"column":5}},"415":{"start":{"line":805,"column":8},"end":{"line":805,"column":47}},"416":{"start":{"line":806,"column":11},"end":{"line":808,"column":5}},"417":{"start":{"line":807,"column":8},"end":{"line":807,"column":47}},"418":{"start":{"line":811,"column":0},"end":{"line":859,"column":1}},"419":{"start":{"line":812,"column":4},"end":{"line":812,"column":56}},"420":{"start":{"line":813,"column":4},"end":{"line":813,"column":93}},"421":{"start":{"line":814,"column":4},"end":{"line":848,"column":5}},"422":{"start":{"line":815,"column":8},"end":{"line":815,"column":39}},"423":{"start":{"line":816,"column":8},"end":{"line":816,"column":32}},"424":{"start":{"line":817,"column":8},"end":{"line":820,"column":19}},"425":{"start":{"line":822,"column":8},"end":{"line":822,"column":68}},"426":{"start":{"line":823,"column":8},"end":{"line":823,"column":98}},"427":{"start":{"line":825,"column":8},"end":{"line":825,"column":59}},"428":{"start":{"line":826,"column":8},"end":{"line":841,"column":19}},"429":{"start":{"line":843,"column":8},"end":{"line":845,"column":40}},"430":{"start":{"line":847,"column":8},"end":{"line":847,"column":28}},"431":{"start":{"line":849,"column":4},"end":{"line":857,"column":5}},"432":{"start":{"line":850,"column":8},"end":{"line":850,"column":83}},"433":{"start":{"line":851,"column":8},"end":{"line":851,"column":32}},"434":{"start":{"line":852,"column":8},"end":{"line":854,"column":50}},"435":{"start":{"line":855,"column":8},"end":{"line":855,"column":58}},"436":{"start":{"line":856,"column":8},"end":{"line":856,"column":25}},"437":{"start":{"line":858,"column":4},"end":{"line":858,"column":41}},"438":{"start":{"line":861,"column":0},"end":{"line":897,"column":1}},"439":{"start":{"line":862,"column":4},"end":{"line":862,"column":29}},"440":{"start":{"line":863,"column":4},"end":{"line":895,"column":7}},"441":{"start":{"line":865,"column":12},"end":{"line":893,"column":13}},"442":{"start":{"line":866,"column":16},"end":{"line":866,"column":53}},"443":{"start":{"line":867,"column":19},"end":{"line":893,"column":13}},"444":{"start":{"line":868,"column":16},"end":{"line":868,"column":36}},"445":{"start":{"line":869,"column":16},"end":{"line":869,"column":37}},"446":{"start":{"line":872,"column":16},"end":{"line":872,"column":76}},"447":{"start":{"line":873,"column":16},"end":{"line":877,"column":17}},"448":{"start":{"line":874,"column":20},"end":{"line":874,"column":58}},"449":{"start":{"line":875,"column":20},"end":{"line":875,"column":60}},"450":{"start":{"line":876,"column":20},"end":{"line":876,"column":45}},"451":{"start":{"line":879,"column":16},"end":{"line":888,"column":19}},"452":{"start":{"line":881,"column":24},"end":{"line":886,"column":25}},"453":{"start":{"line":882,"column":28},"end":{"line":882,"column":78}},"454":{"start":{"line":883,"column":28},"end":{"line":883,"column":144}},"455":{"start":{"line":884,"column":28},"end":{"line":884,"column":54}},"456":{"start":{"line":885,"column":28},"end":{"line":885,"column":57}},"457":{"start":{"line":890,"column":16},"end":{"line":890,"column":87}},"458":{"start":{"line":891,"column":16},"end":{"line":891,"column":71}},"459":{"start":{"line":892,"column":16},"end":{"line":892,"column":39}},"460":{"start":{"line":896,"column":4},"end":{"line":896,"column":24}},"461":{"start":{"line":900,"column":0},"end":{"line":916,"column":1}},"462":{"start":{"line":901,"column":4},"end":{"line":901,"column":51}},"463":{"start":{"line":902,"column":4},"end":{"line":915,"column":15}},"464":{"start":{"line":918,"column":0},"end":{"line":923,"column":1}},"465":{"start":{"line":919,"column":4},"end":{"line":921,"column":5}},"466":{"start":{"line":920,"column":8},"end":{"line":920,"column":62}},"467":{"start":{"line":922,"column":4},"end":{"line":922,"column":16}},"468":{"start":{"line":925,"column":0},"end":{"line":940,"column":1}},"469":{"start":{"line":926,"column":4},"end":{"line":926,"column":63}},"470":{"start":{"line":927,"column":4},"end":{"line":929,"column":5}},"471":{"start":{"line":928,"column":8},"end":{"line":928,"column":70}},"472":{"start":{"line":930,"column":4},"end":{"line":932,"column":63}},"473":{"start":{"line":933,"column":4},"end":{"line":938,"column":31}},"474":{"start":{"line":939,"column":4},"end":{"line":939,"column":53}},"475":{"start":{"line":942,"column":0},"end":{"line":969,"column":1}},"476":{"start":{"line":943,"column":4},"end":{"line":944,"column":20}},"477":{"start":{"line":944,"column":8},"end":{"line":944,"column":20}},"478":{"start":{"line":945,"column":4},"end":{"line":945,"column":33}},"479":{"start":{"line":946,"column":4},"end":{"line":956,"column":5}},"480":{"start":{"line":947,"column":8},"end":{"line":947,"column":56}},"481":{"start":{"line":948,"column":11},"end":{"line":956,"column":5}},"482":{"start":{"line":949,"column":8},"end":{"line":949,"column":40}},"483":{"start":{"line":950,"column":8},"end":{"line":952,"column":9}},"484":{"start":{"line":951,"column":12},"end":{"line":951,"column":106}},"485":{"start":{"line":953,"column":8},"end":{"line":953,"column":39}},"486":{"start":{"line":955,"column":8},"end":{"line":955,"column":20}},"487":{"start":{"line":957,"column":4},"end":{"line":967,"column":5}},"488":{"start":{"line":958,"column":8},"end":{"line":958,"column":32}},"489":{"start":{"line":959,"column":8},"end":{"line":959,"column":33}},"490":{"start":{"line":959,"column":24},"end":{"line":959,"column":33}},"491":{"start":{"line":960,"column":8},"end":{"line":966,"column":9}},"492":{"start":{"line":961,"column":12},"end":{"line":961,"column":46}},"493":{"start":{"line":962,"column":12},"end":{"line":962,"column":52}},"494":{"start":{"line":963,"column":12},"end":{"line":963,"column":39}},"495":{"start":{"line":965,"column":12},"end":{"line":965,"column":58}},"496":{"start":{"line":968,"column":4},"end":{"line":968,"column":16}},"497":{"start":{"line":971,"column":0},"end":{"line":991,"column":1}},"498":{"start":{"line":972,"column":4},"end":{"line":972,"column":17}},"499":{"start":{"line":973,"column":4},"end":{"line":989,"column":5}},"500":{"start":{"line":974,"column":8},"end":{"line":985,"column":19}},"501":{"start":{"line":987,"column":8},"end":{"line":988,"column":57}},"502":{"start":{"line":990,"column":4},"end":{"line":990,"column":49}},"503":{"start":{"line":993,"column":0},"end":{"line":999,"column":1}},"504":{"start":{"line":994,"column":4},"end":{"line":994,"column":31}},"505":{"start":{"line":995,"column":4},"end":{"line":997,"column":5}},"506":{"start":{"line":996,"column":8},"end":{"line":996,"column":85}},"507":{"start":{"line":998,"column":4},"end":{"line":998,"column":23}},"508":{"start":{"line":1001,"column":0},"end":{"line":1004,"column":1}},"509":{"start":{"line":1002,"column":4},"end":{"line":1002,"column":64}},"510":{"start":{"line":1003,"column":4},"end":{"line":1003,"column":49}},"511":{"start":{"line":1006,"column":0},"end":{"line":1010,"column":1}},"512":{"start":{"line":1007,"column":4},"end":{"line":1007,"column":89}},"513":{"start":{"line":1008,"column":4},"end":{"line":1008,"column":33}},"514":{"start":{"line":1009,"column":4},"end":{"line":1009,"column":16}},"515":{"start":{"line":1012,"column":0},"end":{"line":1021,"column":1}},"516":{"start":{"line":1013,"column":4},"end":{"line":1013,"column":13}},"517":{"start":{"line":1014,"column":4},"end":{"line":1019,"column":5}},"518":{"start":{"line":1015,"column":8},"end":{"line":1015,"column":69}},"519":{"start":{"line":1016,"column":8},"end":{"line":1016,"column":66}},"520":{"start":{"line":1018,"column":8},"end":{"line":1018,"column":68}},"521":{"start":{"line":1020,"column":4},"end":{"line":1020,"column":16}},"522":{"start":{"line":1023,"column":0},"end":{"line":1025,"column":1}},"523":{"start":{"line":1024,"column":4},"end":{"line":1024,"column":49}},"524":{"start":{"line":1027,"column":0},"end":{"line":1029,"column":1}},"525":{"start":{"line":1028,"column":4},"end":{"line":1028,"column":108}},"526":{"start":{"line":1031,"column":0},"end":{"line":1041,"column":2}},"527":{"start":{"line":1042,"column":0},"end":{"line":1045,"column":1}},"528":{"start":{"line":1043,"column":4},"end":{"line":1043,"column":84}},"529":{"start":{"line":1044,"column":4},"end":{"line":1044,"column":77}},"530":{"start":{"line":1044,"column":55},"end":{"line":1044,"column":73}},"531":{"start":{"line":1047,"column":0},"end":{"line":1064,"column":1}},"532":{"start":{"line":1048,"column":4},"end":{"line":1063,"column":33}},"533":{"start":{"line":1050,"column":12},"end":{"line":1050,"column":67}},"534":{"start":{"line":1053,"column":12},"end":{"line":1053,"column":57}},"535":{"start":{"line":1066,"column":0},"end":{"line":1086,"column":1}},"536":{"start":{"line":1070,"column":4},"end":{"line":1075,"column":7}},"537":{"start":{"line":1072,"column":12},"end":{"line":1072,"column":62}},"538":{"start":{"line":1072,"column":24},"end":{"line":1072,"column":62}},"539":{"start":{"line":1073,"column":12},"end":{"line":1073,"column":24}},"540":{"start":{"line":1077,"column":4},"end":{"line":1085,"column":7}},"541":{"start":{"line":1079,"column":12},"end":{"line":1080,"column":38}},"542":{"start":{"line":1080,"column":16},"end":{"line":1080,"column":38}},"543":{"start":{"line":1081,"column":12},"end":{"line":1082,"column":32}},"544":{"start":{"line":1082,"column":16},"end":{"line":1082,"column":32}},"545":{"start":{"line":1083,"column":12},"end":{"line":1083,"column":24}},"546":{"start":{"line":1088,"column":0},"end":{"line":1090,"column":1}},"547":{"start":{"line":1089,"column":4},"end":{"line":1089,"column":75}},"548":{"start":{"line":1092,"column":0},"end":{"line":1526,"column":5}},"549":{"start":{"line":1093,"column":0},"end":{"line":1524,"column":3}},"550":{"start":{"line":1098,"column":8},"end":{"line":1102,"column":9}},"551":{"start":{"line":1099,"column":12},"end":{"line":1099,"column":49}},"552":{"start":{"line":1101,"column":12},"end":{"line":1101,"column":33}},"553":{"start":{"line":1107,"column":8},"end":{"line":1107,"column":38}},"554":{"start":{"line":1108,"column":8},"end":{"line":1108,"column":28}},"555":{"start":{"line":1109,"column":8},"end":{"line":1109,"column":57}},"556":{"start":{"line":1110,"column":8},"end":{"line":1110,"column":40}},"557":{"start":{"line":1111,"column":8},"end":{"line":1111,"column":53}},"558":{"start":{"line":1112,"column":8},"end":{"line":1112,"column":42}},"559":{"start":{"line":1113,"column":8},"end":{"line":1118,"column":10}},"560":{"start":{"line":1119,"column":8},"end":{"line":1121,"column":9}},"561":{"start":{"line":1120,"column":12},"end":{"line":1120,"column":38}},"562":{"start":{"line":1122,"column":8},"end":{"line":1122,"column":24}},"563":{"start":{"line":1123,"column":8},"end":{"line":1123,"column":20}},"564":{"start":{"line":1128,"column":8},"end":{"line":1128,"column":32}},"565":{"start":{"line":1129,"column":8},"end":{"line":1129,"column":26}},"566":{"start":{"line":1130,"column":8},"end":{"line":1130,"column":22}},"567":{"start":{"line":1131,"column":8},"end":{"line":1131,"column":22}},"568":{"start":{"line":1132,"column":8},"end":{"line":1132,"column":25}},"569":{"start":{"line":1133,"column":8},"end":{"line":1133,"column":27}},"570":{"start":{"line":1134,"column":8},"end":{"line":1134,"column":48}},"571":{"start":{"line":1135,"column":8},"end":{"line":1140,"column":9}},"572":{"start":{"line":1136,"column":12},"end":{"line":1136,"column":28}},"573":{"start":{"line":1137,"column":12},"end":{"line":1137,"column":36}},"574":{"start":{"line":1139,"column":12},"end":{"line":1139,"column":38}},"575":{"start":{"line":1141,"column":8},"end":{"line":1143,"column":9}},"576":{"start":{"line":1142,"column":12},"end":{"line":1142,"column":35}},"577":{"start":{"line":1145,"column":8},"end":{"line":1145,"column":43}},"578":{"start":{"line":1146,"column":8},"end":{"line":1146,"column":18}},"579":{"start":{"line":1151,"column":8},"end":{"line":1151,"column":28}},"580":{"start":{"line":1152,"column":8},"end":{"line":1152,"column":46}},"581":{"start":{"line":1154,"column":8},"end":{"line":1154,"column":39}},"582":{"start":{"line":1155,"column":8},"end":{"line":1155,"column":70}},"583":{"start":{"line":1157,"column":8},"end":{"line":1157,"column":27}},"584":{"start":{"line":1158,"column":8},"end":{"line":1158,"column":57}},"585":{"start":{"line":1159,"column":8},"end":{"line":1159,"column":65}},"586":{"start":{"line":1160,"column":8},"end":{"line":1160,"column":71}},"587":{"start":{"line":1162,"column":8},"end":{"line":1164,"column":9}},"588":{"start":{"line":1163,"column":12},"end":{"line":1163,"column":46}},"589":{"start":{"line":1165,"column":8},"end":{"line":1165,"column":34}},"590":{"start":{"line":1167,"column":8},"end":{"line":1175,"column":10}},"591":{"start":{"line":1177,"column":8},"end":{"line":1179,"column":9}},"592":{"start":{"line":1178,"column":12},"end":{"line":1178,"column":65}},"593":{"start":{"line":1180,"column":8},"end":{"line":1180,"column":41}},"594":{"start":{"line":1181,"column":8},"end":{"line":1181,"column":20}},"595":{"start":{"line":1186,"column":8},"end":{"line":1186,"column":26}},"596":{"start":{"line":1187,"column":8},"end":{"line":1187,"column":20}},"597":{"start":{"line":1192,"column":8},"end":{"line":1201,"column":9}},"598":{"start":{"line":1193,"column":12},"end":{"line":1193,"column":35}},"599":{"start":{"line":1195,"column":12},"end":{"line":1199,"column":15}},"600":{"start":{"line":1202,"column":8},"end":{"line":1202,"column":20}},"601":{"start":{"line":1207,"column":8},"end":{"line":1207,"column":40}},"602":{"start":{"line":1212,"column":8},"end":{"line":1212,"column":83}},"603":{"start":{"line":1213,"column":8},"end":{"line":1213,"column":83}},"604":{"start":{"line":1218,"column":8},"end":{"line":1218,"column":30}},"605":{"start":{"line":1219,"column":8},"end":{"line":1221,"column":9}},"606":{"start":{"line":1220,"column":12},"end":{"line":1220,"column":58}},"607":{"start":{"line":1222,"column":8},"end":{"line":1222,"column":88}},"608":{"start":{"line":1227,"column":8},"end":{"line":1227,"column":35}},"609":{"start":{"line":1228,"column":8},"end":{"line":1228,"column":52}},"610":{"start":{"line":1229,"column":8},"end":{"line":1229,"column":59}},"611":{"start":{"line":1234,"column":8},"end":{"line":1236,"column":19}},"612":{"start":{"line":1238,"column":8},"end":{"line":1263,"column":9}},"613":{"start":{"line":1240,"column":12},"end":{"line":1259,"column":14}},"614":{"start":{"line":1260,"column":12
[...]
loc":{"start":{"line":1,"column":1},"end":{"line":1,"column":12}}},"2":{"name":"(anonymous_2)","line":4,"loc":{"start":{"line":4,"column":16},"end":{"line":4,"column":40}}},"3":{"name":"ctor","line":4,"loc":{"start":{"line":4,"column":129},"end":{"line":4,"column":145}}},"4":{"name":"(anonymous_4)","line":11,"loc":{"start":{"line":11,"column":16},"end":{"line":11,"column":33}}},"5":{"name":"ArityError","line":14,"loc":{"start":{"line":14,"column":4},"end":{"line":14,"column":26}}},"6":{"name":"(anonymous_6)","line":26,"loc":{"start":{"line":26,"column":18},"end":{"line":26,"column":35}}},"7":{"name":"ArgTypeError","line":29,"loc":{"start":{"line":29,"column":4},"end":{"line":29,"column":35}}},"8":{"name":"(anonymous_8)","line":39,"loc":{"start":{"line":39,"column":17},"end":{"line":39,"column":40}}},"9":{"name":"(anonymous_9)","line":40,"loc":{"start":{"line":40,"column":24},"end":{"line":40,"column":38}}},"10":{"name":"(anonymous_10)","line":46,"loc":{"start":{"line":46,"column":13},"end":{"line":46,"column":24}}},"11":{"name":"(anonymous_11)","line":49,"loc":{"start":{"line":49,"column":52},"end":{"line":49,"column":66}}},"12":{"name":"(anonymous_12)","line":56,"loc":{"start":{"line":56,"column":14},"end":{"line":56,"column":25}}},"13":{"name":"(anonymous_13)","line":59,"loc":{"start":{"line":59,"column":52},"end":{"line":59,"column":66}}},"14":{"name":"(anonymous_14)","line":66,"loc":{"start":{"line":66,"column":22},"end":{"line":66,"column":33}}},"15":{"name":"(anonymous_15)","line":69,"loc":{"start":{"line":69,"column":45},"end":{"line":69,"column":59}}},"16":{"name":"(anonymous_16)","line":75,"loc":{"start":{"line":75,"column":17},"end":{"line":75,"column":28}}},"17":{"name":"(anonymous_17)","line":78,"loc":{"start":{"line":78,"column":45},"end":{"line":78,"column":59}}},"18":{"name":"(anonymous_18)","line":84,"loc":{"start":{"line":84,"column":9},"end":{"line":84,"column":20}}},"19":{"name":"(anonymous_19)","line":87,"loc":{"start":{"line":87,"column":45},"end":{"line":87,"column":59}}},"20":{"name":"(anonymous_20)","line":93,"loc":{"start":{"line":93,"column":13},"end":{"line":93,"column":24}}},"21":{"name":"(anonymous_21)","line":96,"loc":{"start":{"line":96,"column":41},"end":{"line":96,"column":55}}},"22":{"name":"(anonymous_22)","line":103,"loc":{"start":{"line":103,"column":16},"end":{"line":103,"column":27}}},"23":{"name":"(anonymous_23)","line":106,"loc":{"start":{"line":106,"column":41},"end":{"line":106,"column":55}}},"24":{"name":"(anonymous_24)","line":113,"loc":{"start":{"line":113,"column":11},"end":{"line":113,"column":22}}},"25":{"name":"(anonymous_25)","line":116,"loc":{"start":{"line":116,"column":41},"end":{"line":116,"column":55}}},"26":{"name":"(anonymous_26)","line":123,"loc":{"start":{"line":123,"column":17},"end":{"line":123,"column":35}}},"27":{"name":"(anonymous_27)","line":129,"loc":{"start":{"line":129,"column":16},"end":{"line":129,"column":27}}},"28":{"name":"(anonymous_28)","line":132,"loc":{"start":{"line":132,"column":41},"end":{"line":132,"column":55}}},"29":{"name":"(anonymous_29)","line":139,"loc":{"start":{"line":139,"column":11},"end":{"line":139,"column":56}}},"30":{"name":"(anonymous_30)","line":148,"loc":{"start":{"line":148,"column":18},"end":{"line":148,"column":42}}}},"statementMap":{"1":{"start":{"line":1,"column":0},"end":{"line":166,"column":14}},"2":{"start":{"line":2,"column":2},"end":{"line":5,"column":23}},"3":{"start":{"line":4,"column":42},"end":{"line":4,"column":128}},"4":{"start":{"line":4,"column":68},"end":{"line":4,"column":126}},"5":{"start":{"line":4,"column":101},"end":{"line":4,"column":126}},"6":{"start":{"line":4,"column":129},"end":{"line":4,"column":174}},"7":{"start":{"line":4,"column":147},"end":{"line":4,"column":172}},"8":{"start":{"line":4,"column":175},"end":{"line":4,"column":209}},"9":{"start":{"line":4,"column":210},"end":{"line":4,"column":239}},"10":{"start":{"line":4,"column":240},"end":{"line":4,"column":275}},"11":{"start":{"line":4,"column":276},"end":{"line":4,"column":289}},"12":{"start":{"line":7,"column":2},"end":{"line":7,"column":312}},"13":{"start":{"line":9,"column":2},"end":{"line":9,"column":319}},"14":{"start":{"line":11,"column":2},"end":{"line":24,"column":12}},"15":{"start":{"line":12,"column":4},"end":{"line":12,"column":34}},"16":{"start":{"line":14,"column":4},"end":{"line":20,"column":5}},"17":{"start":{"line":15,"column":6},"end":{"line":15,"column":15}},"18":{"start":{"line":16,"column":6},"end":{"line":16,"column":69}},"19":{"start":{"line":17,"column":6},"end":{"line":17,"column":31}},"20":{"start":{"line":18,"column":6},"end":{"line":18,"column":116}},"21":{"start":{"line":19,"column":6},"end":{"line":19,"column":39}},"22":{"start":{"line":22,"column":4},"end":{"line":22,"column":22}},"23":{"start":{"line":26,"column":2},"end":{"line":37,"column":12}},"24":{"start":{"line":27,"column":4},"end":{"line":27,"column":36}},"25":{"start":{"line":29,"column":4},"end":{"line":33,"column":5}},"26":{"start":{"line":30,"column":6},"end":{"line":30,"column":33}},"27":{"start":{"line":31,"column":6},"end":{"line":31,"column":29}},"28":{"start":{"line":32,"column":6},"end":{"line":32,"column":39}},"29":{"start":{"line":35,"column":4},"end":{"line":35,"column":24}},"30":{"start":{"line":39,"column":2},"end":{"line":43,"column":4}},"31":{"start":{"line":40,"column":4},"end":{"line":42,"column":7}},"32":{"start":{"line":41,"column":6},"end":{"line":41,"column":26}},"33":{"start":{"line":45,"column":2},"end":{"line":154,"column":4}},"34":{"start":{"line":47,"column":6},"end":{"line":47,"column":30}},"35":{"start":{"line":48,"column":6},"end":{"line":48,"column":69}},"36":{"start":{"line":49,"column":6},"end":{"line":51,"column":9}},"37":{"start":{"line":50,"column":8},"end":{"line":50,"column":39}},"38":{"start":{"line":52,"column":6},"end":{"line":54,"column":7}},"39":{"start":{"line":53,"column":8},"end":{"line":53,"column":72}},"40":{"start":{"line":57,"column":6},"end":{"line":57,"column":30}},"41":{"start":{"line":58,"column":6},"end":{"line":58,"column":69}},"42":{"start":{"line":59,"column":6},"end":{"line":61,"column":9}},"43":{"start":{"line":60,"column":8},"end":{"line":60,"column":56}},"44":{"start":{"line":62,"column":6},"end":{"line":64,"column":7}},"45":{"start":{"line":63,"column":8},"end":{"line":63,"column":73}},"46":{"start":{"line":67,"column":6},"end":{"line":67,"column":30}},"47":{"start":{"line":68,"column":6},"end":{"line":68,"column":69}},"48":{"start":{"line":69,"column":6},"end":{"line":73,"column":7}},"49":{"start":{"line":70,"column":8},"end":{"line":70,"column":60}},"50":{"start":{"line":72,"column":8},"end":{"line":72,"column":98}},"51":{"start":{"line":76,"column":6},"end":{"line":76,"column":30}},"52":{"start":{"line":77,"column":6},"end":{"line":77,"column":69}},"53":{"start":{"line":78,"column":6},"end":{"line":82,"column":7}},"54":{"start":{"line":79,"column":8},"end":{"line":79,"column":40}},"55":{"start":{"line":81,"column":8},"end":{"line":81,"column":89}},"56":{"start":{"line":85,"column":6},"end":{"line":85,"column":30}},"57":{"start":{"line":86,"column":6},"end":{"line":86,"column":69}},"58":{"start":{"line":87,"column":6},"end":{"line":91,"column":7}},"59":{"start":{"line":88,"column":8},"end":{"line":88,"column":32}},"60":{"start":{"line":90,"column":8},"end":{"line":90,"column":69}},"61":{"start":{"line":94,"column":6},"end":{"line":94,"column":30}},"62":{"start":{"line":95,"column":6},"end":{"line":95,"column":69}},"63":{"start":{"line":96,"column":6},"end":{"line":98,"column":9}},"64":{"start":{"line":97,"column":8},"end":{"line":97,"column":73}},"65":{"start":{"line":99,"column":6},"end":{"line":101,"column":7}},"66":{"start":{"line":100,"column":8},"end":{"line":100,"column":71}},"67":{"start":{"line":104,"column":6},"end":{"line":104,"column":30}},"68":{"start":{"line":105,"column":6},"end":{"line":105,"column":69}},"69":{"start":{"line":106,"column":6},"end":{"line":108,"column":9}},"70":{"start":{"line":107,"column":8},"end":{"line":107,"column":76}},"71":{"start":{"line":109,"column":6},"end":{"line":111,"column":7}},"72":{"start":{"line":110,"column":8},"end":{"line":110,"column":74}},"73":{"start":{"line":114,"column":6},"end":{"line":114,"column":30}},"74":{"start":{"line":115,"column":6},"end":{"line":115,"column":69}},"75":{"start":{"line":116,"column":6},"end":{"line":118,"column":9}},"76":{"start":{"line":117,"column":8},"end":{"line":117,"column":56}},"77":{"start":{"line":119,"column":6},"end":{"line":121,"column":7}},"78":{"start":{"line":120,"column":8},"end":{"line":120,"column":90}},"79":{"start":{"line":124,"column":6},"end":{"line":124,"column":14}},"80":{"start":{"line":125,"column":6},"end":{"line":127,"column":7}},"81":{"start":{"line":126,"column":8},"end":{"line":126,"column":36}},"82":{"start":{"line":130,"column":6},"end":{"line":130,"column":30}},"83":{"start":{"line":131,"column":6},"end":{"line":131,"column":69}},"84":{"start":{"line":132,"column":6},"end":{"line":134,"column":9}},"85":{"start":{"line":133,"column":8},"end":{"line":133,"column":128}},"86":{"start":{"line":135,"column":6},"end":{"line":137,"column":7}},"87":{"start":{"line":136,"column":8},"end":{"line":136,"column":74}},"88":{"start":{"line":140,"column":6},"end":{"line":143,"column":7}},"89":{"start":{"line":141,"column":8},"end":{"line":141,"column":30}},"90":{"start":{"line":142,"column":8},"end":{"line":142,"column":36}},"91":{"start":{"line":144,"column":6},"end":{"line":146,"column":7}},"92":{"start":{"line":145,"column":8},"end":{"line":145,"column":65}},"93":{"start":{"line":149,"column":6},"end":{"line":149,"column":14}},"94":{"start":{"line":150,"column":6},"end":{"line":152,"column":7}},"95":{"start":{"line":151,"column":8},"end":{"line":151,"column":34}},"96":{"start":{"line":156,"column":2},"end":{"line":156,"column":30}},"97":{"start":{"line":158,"column":2},"end":{"line":160,"column":3}},"98":{"start":{"line":159,"column":4},"end":{"line":159,"column":39}},"99":{"start":{"line":162,"column":2},"end":{"line":164,"column":3}},"100":{"start":{"line":163,"column":4},"end":{"line":163,"column":41}}},"branchMap":{"1":{"line":4,"type":"if","locations":[{"start":{"line":4,"column":68},"end":{"line":4,"column":68}},{"start":{"line":4,"column":68},"end":{"line":4,"column":68}}]},"2":{"line":7,"type":"cond-expr","locations":[{"start":{"line":7,"column":282},"end":{"line":7,"column":286}},{"start":{"line":7,"column":289},"end":{"line":7,"column":311}}]},"3":{"line":7,"type":"cond-expr","locations":[{"start":{"line":7,"column":194},"end":{"line":7,"column":199}},{"start":{"line":7,"column":202},"end":{"line":7,"column":270}}]},"4":{"line":7,"type":"cond-expr","locations":[{"start":{"line":7,"column":112},"end":{"line":7,"column":117}},{"start":{"line":7,"column":120},"end":{"line":7,"column":182}}]},"5":{"line":7,"type":"cond-expr","locations":[{"start":{"line":7,"column":83},"end":{"line":7,"column":91}},{"start":{"line":7,"column":94},"end":{"line":7,"column":100}}]},"6":{"line":7,"type":"binary-expr","locations":[{"start":{"line":7,"column":32},"end":{"line":7,"column":61}},{"start":{"line":7,"column":65},"end":{"line":7,"column":80}}]},"7":{"line":7,"type":"cond-expr","locations":[{"start":{"line":7,"column":167},"end":{"line":7,"column":173}},{"start":{"line":7,"column":176},"end":{"line":7,"column":182}}]},"8":{"line":7,"type":"binary-expr","locations":[{"start":{"line":7,"column":120},"end":{"line":7,"column":147}},{"start":{"line":7,"column":151},"end":{"line":7,"column":164}}]},"9":{"line":7,"type":"cond-expr","locations":[{"start":{"line":7,"column":253},"end":{"line":7,"column":261}},{"start":{"line":7,"column":264},"end":{"line":7,"column":270}}]},"10":{"line":7,"type":"binary-expr","locations":[{"start":{"line":7,"column":202},"end":{"line":7,"column":231}},{"start":{"line":7,"column":235},"end":{"line":7,"column":250}}]},"11":{"line":9,"type":"cond-expr","locations":[{"start":{"line":9,"column":295},"end":{"line":9,"column":300}},{"start":{"line":9,"column":303},"end":{"line":9,"column":318}}]},"12":{"line":9,"type":"cond-expr","locations":[{"start":{"line":9,"column":204},"end":{"line":9,"column":209}},{"start":{"line":9,"column":212},"end":{"line":9,"column":283}}]},"13":{"line":9,"type":"cond-expr","locations":[{"start":{"line":9,"column":119},"end":{"line":9,"column":124}},{"start":{"line":9,"column":127},"end":{"line":9,"column":192}}]},"14":{"line":9,"type":"cond-expr","locations":[{"start":{"line":9,"column":87},"end":{"line":9,"column":98}},{"start":{"line":9,"column":101},"end":{"line":9,"column":107}}]},"15":{"line":9,"type":"binary-expr","locations":[{"start":{"line":9,"column":36},"end":{"line":9,"column":65}},{"start":{"line":9,"column":69},"end":{"line":9,"column":84}}]},"16":{"line":9,"type":"cond-expr","locations":[{"start":{"line":9,"column":174},"end":{"line":9,"column":183}},{"start":{"line":9,"column":186},"end":{"line":9,"column":192}}]},"17":{"line":9,"type":"binary-expr","locations":[{"start":{"line":9,"column":127},"end":{"line":9,"column":154}},{"start":{"line":9,"column":158},"end":{"line":9,"column":171}}]},"18":{"line":9,"type":"cond-expr","locations":[{"start":{"line":9,"column":263},"end":{"line":9,"column":274}},{"start":{"line":9,"column":277},"end":{"line":9,"column":283}}]},"19":{"line":9,"type":"binary-expr","locations":[{"start":{"line":9,"column":212},"end":{"line":9,"column":241}},{"start":{"line":9,"column":245},"end":{"line":9,"column":260}}]},"20":{"line":16,"type":"cond-expr","locations":[{"start":{"line":16,"column":37},"end":{"line":16,"column":63}},{"start":{"line":16,"column":66},"end":{"line":16,"column":68}}]},"21":{"line":18,"type":"cond-expr","locations":[{"start":{"line":18,"column":41},"end":{"line":18,"column":105}},{"start":{"line":18,"column":108},"end":{"line":18,"column":115}}]},"22":{"line":48,"type":"cond-expr","locations":[{"start":{"line":48,"column":37},"end":{"line":48,"column":63}},{"start":{"line":48,"column":66},"end":{"line":48,"column":68}}]},"23":{"line":52,"type":"if","locations":[{"start":{"line":52,"column":6},"end":{"line":52,"column":6}},{"start":{"line":52,"column":6},"end":{"line":52,"column":6}}]},"24":{"line":58,"type":"cond-expr","locations":[{"start":{"line":58,"column":37},"end":{"line":58,"column":63}},{"start":{"line":58,"column":66},"end":{"line":58,"column":68}}]},"25":{"line":60,"type":"binary-expr","locations":[{"start":{"line":60,"column":15},"end":{"line":60,"column":38}},{"start":{"line":60,"column":42},"end":{"line":60,"column":55}}]},"26":{"line":62,"type":"if","locations":[{"start":{"line":62,"column":6},"end":{"line":62,"column":6}},{"start":{"line":62,"column":6},"end":{"line":62,"column":6}}]},"27":{"line":68,"type":"cond-expr","locations":[{"start":{"line":68,"column":37},"end":{"line":68,"column":63}},{"start":{"line":68,"column":66},"end":{"line":68,"column":68}}]},"28":{"line":69,"type":"if","locations":[{"start":{"line":69,"column":6},"end":{"line":69,"column":6}},{"start":{"line":69,"column":6},"end":{"line":69,"column":6}}]},"29":{"line":70,"type":"binary-expr","locations":[{"start":{"line":70,"column":15},"end":{"line":70,"column":39}},{"start":{"line":70,"column":43},"end":{"line":70,"column":59}}]},"30":{"line":77,"type":"cond-expr","locations":[{"start":{"line":77,"column":37},"end":{"line":77,"column":63}},{"start":{"line":77,"column":66},"end":{"line":77,"column":68}}]},"31":{"line":78,"type":"if","locations":[{"start":{"line":78,"column":6},"end":{"line":78,"column":6}},{"start":{"line":78,"column":6},"end":{"line":78,"column":6}}]},"32":{"line":86,"type":"cond-expr","locations":[{"start":{"line":86,"column":37},"end":{"line":86,"column":63}},{"start":{"line":86,"column":66},"end":{"line":86,"column":68}}]},"33":{"line":87,"type":"if","locations":[{"start":{"line":87,"column":6},"end":{"line":87,"column":6}},{"start":{"line":87,"column":6},"end":{"line":87,"column":6}}]},"34":{"line":95,"type":"cond-expr","locations":[{"start":{"line":95,"column":37},"end":{"line":95,"column":63}},{"start":{"line":95,"column":66},"end":{"line":95,"column":68}}]},"35":{"line":97,"type":"binary-expr","locations":[{"start":{"line":97,"column":15},"end":{"line":97,"column":35}},{"start":{"line":97,"column":39},"end":{"line":97,"column":54}},{"start":{"line":97,"column":58},"end":{"line":97,"column":72}}]},"36":{"line":99,"type":"if","locations":[{"start":{"line":99,"column":6},"end":{"line":99,"column":6}},{"start":{"line":99,"column":6},"end":{"line":99,"column":6}}]},"37":{"line":105,"type":"cond-expr","locations":[{"start":{"line":105,"column":37},"end":{"line":105,"column":63}},{"start":{"line":105,"column":66},"end":{"line":105,"column":68}}]},"38":{"line":107,"type":"binary-expr","locations":[{"start":{"line":107,"column":15},"end":{"line":107,"column":38}},{"start":{"line":107,"column":42},"end":{"line":107,"column":57}},{"start":{"line":107,"column":61},"end":{"line":107,"column":75}}]},"39":{"line":109,"type":"if","locations":[{"start":{"line":109,"column":6},"end":{"line":109,"column":6}},{"start":{"line":109,"column":6},"end":{"line":109,"column":6}}]},"40":{"line":115,"type":"cond-expr","locations":[{"start":{"line":115,"column":37},"end":{"line":115,"column":63}},{"start":{"line":115,"column":66},"end":{"line":115,"column":68}}]},"41":{"line":117,"type":"binary-expr","locations":[{"start":{"line":117,"column":15},"end":{"line":117,"column":34}},{"start":{"line":117,"column":38},"end":{"line":117,"column":55}}]},"42":{"line":119,"type":"if","locations":[{"start":{"line":119,"column":6},"end":{"line":119,"column":6}},{"start":{"line":119,"column":6},"end":{"line":119,"column":6}}]},"43":{"line":125,"type":"if","locations":[{"start":{"line":125,"column":6},"end":{"line":125,"column":6}},{"start":{"line":125,"column":6},"end":{"line":125,"column":6}}]},"44":{"line":131,"type":"cond-expr","locations":[{"start":{"line":131,"column":37},"end":{"line":131,"column":63}},{"start":{"line":131,"column":66},"end":{"line":131,"column":68}}]},"45":{"line":133,"type":"binary-expr","locations":[{"start":{"line":133,"column":15},"end":{"line":133,"column":40}},{"start":{"line":133,"column":44},"end":{"line":133,"column":63}},{"start":{"line":133,"column":67},"end":{"line":133,"column":83}},{"start":{"line":133,"column":87},"end":{"line":133,"column":103}},{"start":{"line":133,"column":107},"end":{"line":133,"column":127}}]},"46":{"line":135,"type":"if","locations":[{"start":{"line":135,"column":6},"end":{"line":135,"column":6}},{"start":{"line":135,"column":6},"end":{"line":135,"column":6}}]},"47":{"line":140,"type":"if","locations":[{"start":{"line":140,"column":6},"end":{"line":140,"column":6}},{"start":{"line":140,"column":6},"end":{"line":140,"column":6}}]},"48":{"line":144,"type":"if","locations":[{"start":{"line":144,"column":6},"end":{"line":144,"column":6}},{"start":{"line":144,"column":6},"end":{"line":144,"column":6}}]},"49":{"line":144,"type":"binary-expr","locations":[{"start":{"line":144,"column":13},"end":{"line":144,"column":35}},{"start":{"line":144,"column":39},"end":{"line":144,"column":61}}]},"50":{"line":150,"type":"if","locations":[{"start":{"line":150,"column":6},"end":{"line":150,"column":6}},{"start":{"line":150,"column":6},"end":{"line":150,"column":6}}]},"51":{"line":158,"type":"if","locations":[{"start":{"line":158,"column":2},"end":{"line":158,"column":2}},{"start":{"line":158,"column":2},"end":{"line":158,"column":2}}]},"52":{"line":158,"type":"binary-expr","locations":[{"start":{"line":158,"column":6},"end":{"line":158,"column":33}},{"start":{"line":158,"column":37},"end":{"line":158,"column":50}}]},"53":{"line":162,"type":"if","locations":[{"start":{"line":162,"column":2},"end":{"line":162,"column":2}},{"start":{"line":162,"column":2},"end":{"line":162,"column":2}}]},"54":{"line":162,"type":"binary-expr","locations":[{"start":{"line":162,"column":6},"end":{"line":162,"column":35}},{"start":{"line":162,"column":39},"end":{"line":162,"column":54}}]}}}}