TN:
SF:/Users/labuser/Dropbox/Private/Documents/codecombat-clojure/closer.js/lib/spec/closer-core-spec.js
FN:1,(anonymous_1)
FN:13,(anonymous_2)
FN:15,(anonymous_3)
FN:16,(anonymous_4)
FN:28,(anonymous_5)
FN:32,(anonymous_6)
FN:36,(anonymous_7)
FN:37,(anonymous_8)
FN:42,(anonymous_9)
FN:46,(anonymous_10)
FN:50,(anonymous_11)
FN:54,(anonymous_12)
FN:58,(anonymous_13)
FN:62,(anonymous_14)
FN:66,(anonymous_15)
FN:72,(anonymous_16)
FN:78,(anonymous_17)
FN:84,(anonymous_18)
FN:90,(anonymous_19)
FN:91,(anonymous_20)
FN:92,(anonymous_21)
FN:98,(anonymous_22)
FN:99,(anonymous_23)
FN:106,(anonymous_24)
FN:107,(anonymous_25)
FN:113,(anonymous_26)
FN:114,(anonymous_27)
FN:123,(anonymous_28)
FN:124,(anonymous_29)
FN:130,(anonymous_30)
FN:131,(anonymous_31)
FN:137,(anonymous_32)
FN:138,(anonymous_33)
FN:144,(anonymous_34)
FN:145,(anonymous_35)
FN:151,(anonymous_36)
FN:152,(anonymous_37)
FN:161,(anonymous_38)
FN:162,(anonymous_39)
FN:171,(anonymous_40)
FN:172,(anonymous_41)
FN:181,(anonymous_42)
FN:182,(anonymous_43)
FN:188,(anonymous_44)
FN:189,(anonymous_45)
FN:196,(anonymous_46)
FN:197,(anonymous_47)
FN:222,(anonymous_48)
FN:223,(anonymous_49)
FN:248,(anonymous_50)
FN:249,(anonymous_51)
FN:256,(anonymous_52)
FN:257,(anonymous_53)
FN:267,(anonymous_54)
FN:268,(anonymous_55)
FN:278,(anonymous_56)
FN:279,(anonymous_57)
FN:289,(anonymous_58)
FN:290,(anonymous_59)
FN:300,(anonymous_60)
FN:301,(anonymous_61)
FN:313,(anonymous_62)
FN:314,(anonymous_63)
FN:321,(anonymous_64)
FN:322,(anonymous_65)
FN:329,(anonymous_66)
FN:330,(anonymous_67)
FN:337,(anonymous_68)
FN:338,(anonymous_69)
FN:345,(anonymous_70)
FN:346,(anonymous_71)
FN:354,(anonymous_72)
FN:355,(anonymous_73)
FN:364,(anonymous_74)
FN:365,(anonymous_75)
FN:374,(anonymous_76)
FN:375,(anonymous_77)
FN:383,(anonymous_78)
FN:384,(anonymous_79)
FN:394,(anonymous_80)
FN:395,(anonymous_81)
FN:405,(anonymous_82)
FN:406,(anonymous_83)
FN:414,(anonymous_84)
FN:415,(anonymous_85)
FN:423,(anonymous_86)
FN:424,(anonymous_87)
FN:441,(anonymous_88)
FN:442,(anonymous_89)
FN:454,(anonymous_90)
FN:455,(anonymous_91)
FN:461,(anonymous_92)
FN:462,(anonymous_93)
FN:470,(anonymous_94)
FN:471,(anonymous_95)
FN:479,(anonymous_96)
FN:480,(anonymous_97)
FN:488,(anonymous_98)
FN:489,(anonymous_99)
FN:496,(anonymous_100)
FN:497,(anonymous_101)
FN:505,(anonymous_102)
FN:506,(anonymous_103)
FN:517,(anonymous_104)
FN:518,(anonymous_105)
FN:528,(anonymous_106)
FN:529,(anonymous_107)
FN:539,(anonymous_108)
FN:540,(anonymous_109)
FN:550,(anonymous_110)
FN:551,(anonymous_111)
FN:563,(anonymous_112)
FN:564,(anonymous_113)
FN:574,(anonymous_114)
FN:575,(anonymous_115)
FN:587,(anonymous_116)
FN:588,(anonymous_117)
FN:600,(anonymous_118)
FN:601,(anonymous_119)
FN:618,(anonymous_120)
FN:619,(anonymous_121)
FN:629,(anonymous_122)
FN:630,(anonymous_123)
FN:635,(anonymous_124)
FN:636,(anonymous_125)
FN:641,(anonymous_126)
FN:642,(anonymous_127)
FN:649,(anonymous_128)
FN:650,(anonymous_129)
FN:656,(anonymous_130)
FN:657,(anonymous_131)
FN:668,(anonymous_132)
FN:669,(anonymous_133)
FN:680,(anonymous_134)
FN:681,(anonymous_135)
FN:691,(anonymous_136)
FN:692,(anonymous_137)
FN:710,(anonymous_138)
FN:711,(anonymous_139)
FN:724,(anonymous_140)
FN:725,(anonymous_141)
FN:737,(anonymous_142)
FN:738,(anonymous_143)
FN:750,(anonymous_144)
FN:751,(anonymous_145)
FN:763,(anonymous_146)
FN:764,(anonymous_147)
FN:776,(anonymous_148)
FN:777,(anonymous_149)
FN:795,(anonymous_150)
FN:796,(anonymous_151)
FN:809,(anonymous_152)
FN:810,(anonymous_153)
FN:823,(anonymous_154)
FN:824,(anonymous_155)
FN:833,(anonymous_156)
FN:834,(anonymous_157)
FN:853,(anonymous_158)
FN:854,(anonymous_159)
FN:863,(anonymous_160)
FN:864,(anonymous_161)
FN:885,(anonymous_162)
FN:886,(anonymous_163)
FN:894,(anonymous_164)
FN:895,(anonymous_165)
FN:906,(anonymous_166)
FN:907,(anonymous_167)
FN:918,(anonymous_168)
FN:919,(anonymous_169)
FN:932,(anonymous_170)
FN:933,(anonymous_171)
FN:945,(anonymous_172)
FN:946,(anonymous_173)
FN:955,(anonymous_174)
FN:956,(anonymous_175)
FN:965,(anonymous_176)
FN:966,(anonymous_177)
FN:976,(anonymous_178)
FN:977,(anonymous_179)
FN:987,(anonymous_180)
FN:988,(anonymous_181)
FN:999,(anonymous_182)
FN:1000,(anonymous_183)
FN:1012,(anonymous_184)
FN:1013,(anonymous_185)
FN:1019,(anonymous_186)
FN:1020,(anonymous_187)
FN:1029,(anonymous_188)
FN:1030,(anonymous_189)
FN:1041,(anonymous_190)
FN:1042,(anonymous_191)
FN:1047,(anonymous_192)
FN:1048,(anonymous_193)
FN:1059,(anonymous_194)
FN:1060,(anonymous_195)
FN:1072,(anonymous_196)
FN:1073,(anonymous_197)
FN:1085,(anonymous_198)
FN:1086,(anonymous_199)
FN:1096,(anonymous_200)
FN:1097,(anonymous_201)
FN:1109,(anonymous_202)
FN:1110,(anonymous_203)
FN:1122,(anonymous_204)
FN:1123,(anonymous_205)
FN:1134,(anonymous_206)
FN:1135,(anonymous_207)
FN:1147,(anonymous_208)
FN:1148,(anonymous_209)
FN:1163,(anonymous_210)
FN:1164,(anonymous_211)
FN:1180,(anonymous_212)
FN:1181,(anonymous_213)
FN:1199,(anonymous_214)
FN:1200,(anonymous_215)
FN:1211,(anonymous_216)
FN:1212,(anonymous_217)
FN:1223,(anonymous_218)
FN:1224,(anonymous_219)
FN:1237,(anonymous_220)
FN:1238,(anonymous_221)
FN:1245,(anonymous_222)
FN:1246,(anonymous_223)
FN:1251,(anonymous_224)
FN:1252,(anonymous_225)
FN:1259,(anonymous_226)
FN:1260,(anonymous_227)
FN:1269,(anonymous_228)
FN:1270,(anonymous_229)
FN:1278,(anonymous_230)
FN:1279,(anonymous_231)
FNF:231
FNH:229
FNDA:1,(anonymous_1)
FNDA:149,(anonymous_2)
FNDA:0,(anonymous_3)
FNDA:0,(anonymous_4)
FNDA:773,(anonymous_5)
FNDA:268,(anonymous_6)
FNDA:238,(anonymous_7)
FNDA:238,(anonymous_8)
FNDA:123,(anonymous_9)
FNDA:104,(anonymous_10)
FNDA:40,(anonymous_11)
FNDA:19,(anonymous_12)
FNDA:137,(anonymous_13)
FNDA:16,(anonymous_14)
FNDA:58,(anonymous_15)
FNDA:10,(anonymous_16)
FNDA:10,(anonymous_17)
FNDA:31,(anonymous_18)
FNDA:1,(anonymous_19)
FNDA:1,(anonymous_20)
FNDA:1,(anonymous_21)
FNDA:1,(anonymous_22)
FNDA:1,(anonymous_23)
FNDA:1,(anonymous_24)
FNDA:1,(anonymous_25)
FNDA:1,(anonymous_26)
FNDA:1,(anonymous_27)
FNDA:1,(anonymous_28)
FNDA:1,(anonymous_29)
FNDA:1,(anonymous_30)
FNDA:1,(anonymous_31)
FNDA:1,(anonymous_32)
FNDA:1,(anonymous_33)
FNDA:1,(anonymous_34)
FNDA:1,(anonymous_35)
FNDA:1,(anonymous_36)
FNDA:1,(anonymous_37)
FNDA:1,(anonymous_38)
FNDA:1,(anonymous_39)
FNDA:1,(anonymous_40)
FNDA:1,(anonymous_41)
FNDA:1,(anonymous_42)
FNDA:1,(anonymous_43)
FNDA:1,(anonymous_44)
FNDA:1,(anonymous_45)
FNDA:1,(anonymous_46)
FNDA:1,(anonymous_47)
FNDA:1,(anonymous_48)
FNDA:1,(anonymous_49)
FNDA:1,(anonymous_50)
FNDA:1,(anonymous_51)
FNDA:1,(anonymous_52)
FNDA:1,(anonymous_53)
FNDA:1,(anonymous_54)
FNDA:1,(anonymous_55)
FNDA:1,(anonymous_56)
FNDA:1,(anonymous_57)
FNDA:1,(anonymous_58)
FNDA:1,(anonymous_59)
FNDA:1,(anonymous_60)
FNDA:1,(anonymous_61)
FNDA:1,(anonymous_62)
FNDA:1,(anonymous_63)
FNDA:1,(anonymous_64)
FNDA:1,(anonymous_65)
FNDA:1,(anonymous_66)
FNDA:1,(anonymous_67)
FNDA:1,(anonymous_68)
FNDA:1,(anonymous_69)
FNDA:1,(anonymous_70)
FNDA:1,(anonymous_71)
FNDA:1,(anonymous_72)
FNDA:1,(anonymous_73)
FNDA:1,(anonymous_74)
FNDA:1,(anonymous_75)
FNDA:1,(anonymous_76)
FNDA:1,(anonymous_77)
FNDA:1,(anonymous_78)
FNDA:1,(anonymous_79)
FNDA:1,(anonymous_80)
FNDA:1,(anonymous_81)
FNDA:1,(anonymous_82)
FNDA:1,(anonymous_83)
FNDA:1,(anonymous_84)
FNDA:1,(anonymous_85)
FNDA:1,(anonymous_86)
FNDA:1,(anonymous_87)
FNDA:1,(anonymous_88)
FNDA:1,(anonymous_89)
FNDA:1,(anonymous_90)
FNDA:1,(anonymous_91)
FNDA:1,(anonymous_92)
FNDA:1,(anonymous_93)
FNDA:1,(anonymous_94)
FNDA:1,(anonymous_95)
FNDA:1,(anonymous_96)
FNDA:1,(anonymous_97)
FNDA:1,(anonymous_98)
FNDA:1,(anonymous_99)
FNDA:1,(anonymous_100)
FNDA:1,(anonymous_101)
FNDA:1,(anonymous_102)
FNDA:1,(anonymous_103)
FNDA:1,(anonymous_104)
FNDA:1,(anonymous_105)
FNDA:1,(anonymous_106)
FNDA:1,(anonymous_107)
FNDA:1,(anonymous_108)
FNDA:1,(anonymous_109)
FNDA:1,(anonymous_110)
FNDA:1,(anonymous_111)
FNDA:1,(anonymous_112)
FNDA:1,(anonymous_113)
FNDA:1,(anonymous_114)
FNDA:1,(anonymous_115)
FNDA:1,(anonymous_116)
FNDA:1,(anonymous_117)
FNDA:1,(anonymous_118)
FNDA:1,(anonymous_119)
FNDA:1,(anonymous_120)
FNDA:1,(anonymous_121)
FNDA:1,(anonymous_122)
FNDA:1,(anonymous_123)
FNDA:1,(anonymous_124)
FNDA:1,(anonymous_125)
FNDA:1,(anonymous_126)
FNDA:1,(anonymous_127)
FNDA:1,(anonymous_128)
FNDA:1,(anonymous_129)
FNDA:1,(anonymous_130)
FNDA:1,(anonymous_131)
FNDA:1,(anonymous_132)
FNDA:1,(anonymous_133)
FNDA:1,(anonymous_134)
FNDA:1,(anonymous_135)
FNDA:1,(anonymous_136)
FNDA:1,(anonymous_137)
FNDA:1,(anonymous_138)
FNDA:1,(anonymous_139)
FNDA:1,(anonymous_140)
FNDA:1,(anonymous_141)
FNDA:1,(anonymous_142)
FNDA:1,(anonymous_143)
FNDA:1,(anonymous_144)
FNDA:1,(anonymous_145)
FNDA:1,(anonymous_146)
FNDA:1,(anonymous_147)
FNDA:1,(anonymous_148)
FNDA:1,(anonymous_149)
FNDA:1,(anonymous_150)
FNDA:1,(anonymous_151)
FNDA:1,(anonymous_152)
FNDA:1,(anonymous_153)
FNDA:1,(anonymous_154)
FNDA:1,(anonymous_155)
FNDA:1,(anonymous_156)
FNDA:1,(anonymous_157)
FNDA:1,(anonymous_158)
FNDA:1,(anonymous_159)
FNDA:1,(anonymous_160)
FNDA:1,(anonymous_161)
FNDA:1,(anonymous_162)
FNDA:1,(anonymous_163)
FNDA:1,(anonymous_164)
FNDA:1,(anonymous_165)
FNDA:1,(anonymous_166)
FNDA:1,(anonymous_167)
FNDA:1,(anonymous_168)
FNDA:1,(anonymous_169)
FNDA:1,(anonymous_170)
FNDA:1,(anonymous_171)
FNDA:1,(anonymous_172)
FNDA:1,(anonymous_173)
FNDA:1,(anonymous_174)
FNDA:1,(anonymous_175)
FNDA:1,(anonymous_176)
FNDA:1,(anonymous_177)
FNDA:1,(anonymous_178)
FNDA:1,(anonymous_179)
FNDA:1,(anonymous_180)
FNDA:1,(anonymous_181)
FNDA:1,(anonymous_182)
FNDA:1,(anonymous_183)
FNDA:1,(anonymous_184)
FNDA:1,(anonymous_185)
FNDA:1,(anonymous_186)
FNDA:1,(anonymous_187)
FNDA:1,(anonymous_188)
FNDA:1,(anonymous_189)
FNDA:1,(anonymous_190)
FNDA:1,(anonymous_191)
FNDA:1,(anonymous_192)
FNDA:1,(anonymous_193)
FNDA:1,(anonymous_194)
FNDA:1,(anonymous_195)
FNDA:1,(anonymous_196)
FNDA:1,(anonymous_197)
FNDA:1,(anonymous_198)
FNDA:1,(anonymous_199)
FNDA:1,(anonymous_200)
FNDA:1,(anonymous_201)
FNDA:1,(anonymous_202)
FNDA:1,(anonymous_203)
FNDA:1,(anonymous_204)
FNDA:1,(anonymous_205)
FNDA:1,(anonymous_206)
FNDA:1,(anonymous_207)
FNDA:1,(anonymous_208)
FNDA:1,(anonymous_209)
FNDA:1,(anonymous_210)
FNDA:1,(anonymous_211)
FNDA:1,(anonymous_212)
FNDA:1,(anonymous_213)
FNDA:1,(anonymous_214)
FNDA:1,(anonymous_215)
FNDA:1,(anonymous_216)
FNDA:1,(anonymous_217)
FNDA:1,(anonymous_218)
FNDA:1,(anonymous_219)
FNDA:1,(anonymous_220)
FNDA:1,(anonymous_221)
FNDA:1,(anonymous_222)
FNDA:1,(anonymous_223)
FNDA:1,(anonymous_224)
FNDA:1,(anonymous_225)
FNDA:1,(anonymous_226)
FNDA:1,(anonymous_227)
FNDA:1,(anonymous_228)
FNDA:1,(anonymous_229)
FNDA:1,(anonymous_230)
FNDA:1,(anonymous_231)
DA:1,1
DA:2,1
DA:5,1
DA:7,1
DA:9,1
DA:11,1
DA:13,1
DA:14,149
DA:16,0
DA:17,0
DA:19,0
DA:24,1
DA:28,1
DA:29,773
DA:32,1
DA:33,268
DA:36,1
DA:37,238
DA:38,238
DA:42,1
DA:43,123
DA:46,1
DA:47,104
DA:50,1
DA:51,40
DA:54,1
DA:55,19
DA:58,1
DA:59,137
DA:62,1
DA:63,16
DA:66,1
DA:67,58
DA:68,58
DA:69,58
DA:72,1
DA:73,10
DA:74,10
DA:75,10
DA:78,1
DA:79,10
DA:80,10
DA:81,10
DA:84,1
DA:85,31
DA:86,31
DA:87,31
DA:90,1
DA:91,1
DA:92,1
DA:93,1
DA:94,1
DA:95,1
DA:98,1
DA:99,1
DA:100,1
DA:101,1
DA:102,1
DA:103,1
DA:106,1
DA:107,1
DA:108,1
DA:109,1
DA:110,1
DA:113,1
DA:114,1
DA:115,1
DA:116,1
DA:117,1
DA:118,1
DA:119,1
DA:120,1
DA:123,1
DA:124,1
DA:125,1
DA:126,1
DA:127,1
DA:130,1
DA:131,1
DA:132,1
DA:133,1
DA:134,1
DA:137,1
DA:138,1
DA:139,1
DA:140,1
DA:141,1
DA:144,1
DA:145,1
DA:146,1
DA:147,1
DA:148,1
DA:151,1
DA:152,1
DA:153,1
DA:154,1
DA:155,1
DA:156,1
DA:157,1
DA:158,1
DA:161,1
DA:162,1
DA:163,1
DA:164,1
DA:165,1
DA:166,1
DA:167,1
DA:168,1
DA:171,1
DA:172,1
DA:173,1
DA:174,1
DA:175,1
DA:176,1
DA:177,1
DA:178,1
DA:181,1
DA:182,1
DA:183,1
DA:184,1
DA:185,1
DA:188,1
DA:189,1
DA:190,1
DA:191,1
DA:192,1
DA:193,1
DA:196,1
DA:197,1
DA:198,1
DA:199,1
DA:200,1
DA:201,1
DA:202,1
DA:203,1
DA:204,1
DA:205,1
DA:206,1
DA:207,1
DA:208,1
DA:209,1
DA:210,1
DA:211,1
DA:212,1
DA:213,1
DA:214,1
DA:215,1
DA:216,1
DA:217,1
DA:218,1
DA:219,1
DA:222,1
DA:223,1
DA:224,1
DA:225,1
DA:226,1
DA:227,1
DA:228,1
DA:229,1
DA:230,1
DA:231,1
DA:232,1
DA:233,1
DA:234,1
DA:235,1
DA:236,1
DA:237,1
DA:238,1
DA:239,1
DA:240,1
DA:241,1
DA:242,1
DA:243,1
DA:244,1
DA:245,1
DA:248,1
DA:249,1
DA:250,1
DA:251,1
DA:252,1
DA:253,1
DA:256,1
DA:257,1
DA:258,1
DA:259,1
DA:260,1
DA:261,1
DA:262,1
DA:263,1
DA:264,1
DA:267,1
DA:268,1
DA:269,1
DA:270,1
DA:271,1
DA:272,1
DA:273,1
DA:274,1
DA:275,1
DA:278,1
DA:279,1
DA:280,1
DA:281,1
DA:282,1
DA:283,1
DA:284,1
DA:285,1
DA:286,1
DA:289,1
DA:290,1
DA:291,1
DA:292,1
DA:293,1
DA:294,1
DA:295,1
DA:296,1
DA:297,1
DA:300,1
DA:301,1
DA:302,1
DA:303,1
DA:304,1
DA:305,1
DA:306,1
DA:307,1
DA:308,1
DA:309,1
DA:310,1
DA:313,1
DA:314,1
DA:315,1
DA:316,1
DA:317,1
DA:318,1
DA:321,1
DA:322,1
DA:323,1
DA:324,1
DA:325,1
DA:326,1
DA:329,1
DA:330,1
DA:331,1
DA:332,1
DA:333,1
DA:334,1
DA:337,1
DA:338,1
DA:339,1
DA:340,1
DA:341,1
DA:342,1
DA:345,1
DA:346,1
DA:347,1
DA:348,1
DA:349,1
DA:350,1
DA:351,1
DA:354,1
DA:355,1
DA:356,1
DA:357,1
DA:358,1
DA:359,1
DA:360,1
DA:361,1
DA:364,1
DA:365,1
DA:366,1
DA:367,1
DA:368,1
DA:369,1
DA:370,1
DA:371,1
DA:374,1
DA:375,1
DA:376,1
DA:377,1
DA:378,1
DA:379,1
DA:380,1
DA:383,1
DA:384,1
DA:385,1
DA:386,1
DA:387,1
DA:388,1
DA:389,1
DA:390,1
DA:391,1
DA:394,1
DA:395,1
DA:396,1
DA:397,1
DA:398,1
DA:399,1
DA:400,1
DA:401,1
DA:402,1
DA:405,1
DA:406,1
DA:407,1
DA:408,1
DA:409,1
DA:410,1
DA:411,1
DA:414,1
DA:415,1
DA:416,1
DA:417,1
DA:418,1
DA:419,1
DA:420,1
DA:423,1
DA:424,1
DA:425,1
DA:426,1
DA:427,1
DA:428,1
DA:429,1
DA:430,1
DA:431,1
DA:432,1
DA:433,1
DA:434,1
DA:435,1
DA:436,1
DA:437,1
DA:438,1
DA:441,1
DA:442,1
DA:443,1
DA:444,1
DA:445,1
DA:446,1
DA:447,1
DA:448,1
DA:449,1
DA:450,1
DA:451,1
DA:454,1
DA:455,1
DA:456,1
DA:457,1
DA:458,1
DA:461,1
DA:462,1
DA:463,1
DA:464,1
DA:465,1
DA:466,1
DA:467,1
DA:470,1
DA:471,1
DA:472,1
DA:473,1
DA:474,1
DA:475,1
DA:476,1
DA:479,1
DA:480,1
DA:481,1
DA:482,1
DA:483,1
DA:484,1
DA:485,1
DA:488,1
DA:489,1
DA:490,1
DA:491,1
DA:492,1
DA:493,1
DA:496,1
DA:497,1
DA:498,1
DA:499,1
DA:500,1
DA:501,1
DA:502,1
DA:505,1
DA:506,1
DA:507,1
DA:508,1
DA:509,1
DA:510,1
DA:511,1
DA:512,1
DA:513,1
DA:514,1
DA:517,1
DA:518,1
DA:519,1
DA:520,1
DA:521,1
DA:522,1
DA:523,1
DA:524,1
DA:525,1
DA:528,1
DA:529,1
DA:530,1
DA:531,1
DA:532,1
DA:533,1
DA:534,1
DA:535,1
DA:536,1
DA:539,1
DA:540,1
DA:541,1
DA:542,1
DA:543,1
DA:544,1
DA:545,1
DA:546,1
DA:547,1
DA:550,1
DA:551,1
DA:552,1
DA:553,1
DA:554,1
DA:555,1
DA:556,1
DA:557,1
DA:558,1
DA:559,1
DA:560,1
DA:563,1
DA:564,1
DA:565,1
DA:566,1
DA:567,1
DA:568,1
DA:569,1
DA:570,1
DA:571,1
DA:574,1
DA:575,1
DA:576,1
DA:577,1
DA:578,1
DA:579,1
DA:580,1
DA:581,1
DA:582,1
DA:583,1
DA:584,1
DA:587,1
DA:588,1
DA:589,1
DA:590,1
DA:591,1
DA:592,1
DA:593,1
DA:594,1
DA:595,1
DA:596,1
DA:597,1
DA:600,1
DA:601,1
DA:602,1
DA:603,1
DA:604,1
DA:605,1
DA:606,1
DA:607,1
DA:608,1
DA:609,1
DA:610,1
DA:611,1
DA:612,1
DA:613,1
DA:614,1
DA:615,1
DA:618,1
DA:619,1
DA:620,1
DA:621,1
DA:622,1
DA:623,1
DA:624,1
DA:625,1
DA:626,1
DA:629,1
DA:630,1
DA:631,1
DA:632,1
DA:635,1
DA:636,1
DA:637,1
DA:638,1
DA:641,1
DA:642,1
DA:643,1
DA:644,1
DA:645,1
DA:646,1
DA:649,1
DA:650,1
DA:651,1
DA:652,1
DA:653,1
DA:656,1
DA:657,1
DA:658,1
DA:659,1
DA:660,1
DA:661,1
DA:662,1
DA:663,1
DA:664,1
DA:665,1
DA:668,1
DA:669,1
DA:670,1
DA:671,1
DA:672,1
DA:673,1
DA:674,1
DA:675,1
DA:676,1
DA:677,1
DA:680,1
DA:681,1
DA:682,1
DA:683,1
DA:684,1
DA:685,1
DA:686,1
DA:687,1
DA:688,1
DA:691,1
DA:692,1
DA:693,1
DA:694,1
DA:695,1
DA:696,1
DA:697,1
DA:698,1
DA:699,1
DA:700,1
DA:701,1
DA:702,1
DA:703,1
DA:704,1
DA:705,1
DA:706,1
DA:707,1
DA:710,1
DA:711,1
DA:712,1
DA:713,1
DA:714,1
DA:715,1
DA:716,1
DA:717,1
DA:718,1
DA:719,1
DA:720,1
DA:721,1
DA:724,1
DA:725,1
DA:726,1
DA:727,1
DA:728,1
DA:729,1
DA:730,1
DA:731,1
DA:732,1
DA:733,1
DA:734,1
DA:737,1
DA:738,1
DA:739,1
DA:740,1
DA:741,1
DA:742,1
DA:743,1
DA:744,1
DA:745,1
DA:746,1
DA:747,1
DA:750,1
DA:751,1
DA:752,1
DA:753,1
DA:754,1
DA:755,1
DA:756,1
DA:757,1
DA:758,1
DA:759,1
DA:760,1
DA:763,1
DA:764,1
DA:765,1
DA:766,1
DA:767,1
DA:768,1
DA:769,1
DA:770,1
DA:771,1
DA:772,1
DA:773,1
DA:776,1
DA:777,1
DA:778,1
DA:779,1
DA:780,1
DA:781,1
DA:782,1
DA:783,1
DA:784,1
DA:785,1
DA:786,1
DA:787,1
DA:788,1
DA:789,1
DA:790,1
DA:791,1
DA:792,1
DA:795,1
DA:796,1
DA:797,1
DA:798,1
DA:799,1
DA:800,1
DA:801,1
DA:802,1
DA:803,1
DA:804,1
DA:805,1
DA:806,1
DA:809,1
DA:810,1
DA:811,1
DA:812,1
DA:813,1
DA:814,1
DA:815,1
DA:816,1
DA:817,1
DA:818,1
DA:819,1
DA:820,1
DA:823,1
DA:824,1
DA:825,1
DA:826,1
DA:827,1
DA:828,1
DA:829,1
DA:830,1
DA:833,1
DA:834,1
DA:835,1
DA:836,1
DA:837,1
DA:838,1
DA:839,1
DA:840,1
DA:841,1
DA:842,1
DA:843,1
DA:844,1
DA:845,1
DA:846,1
DA:847,1
DA:848,1
DA:849,1
DA:850,1
DA:853,1
DA:854,1
DA:855,1
DA:856,1
DA:857,1
DA:858,1
DA:859,1
DA:860,1
DA:863,1
DA:864,1
DA:865,1
DA:866,1
DA:867,1
DA:868,1
DA:869,1
DA:870,1
DA:871,1
DA:872,1
DA:873,1
DA:874,1
DA:875,1
DA:876,1
DA:877,1
DA:878,1
DA:879,1
DA:880,1
DA:881,1
DA:882,1
DA:885,1
DA:886,1
DA:887,1
DA:888,1
DA:889,1
DA:890,1
DA:891,1
DA:894,1
DA:895,1
DA:896,1
DA:897,1
DA:898,1
DA:899,1
DA:900,1
DA:901,1
DA:902,1
DA:903,1
DA:906,1
DA:907,1
DA:908,1
DA:909,1
DA:910,1
DA:911,1
DA:912,1
DA:913,1
DA:914,1
DA:915,1
DA:918,1
DA:919,1
DA:920,1
DA:921,1
DA:922,1
DA:923,1
DA:924,1
DA:925,1
DA:926,1
DA:927,1
DA:928,1
DA:929,1
DA:932,1
DA:933,1
DA:934,1
DA:935,1
DA:936,1
DA:937,1
DA:938,1
DA:939,1
DA:940,1
DA:941,1
DA:942,1
DA:945,1
DA:946,1
DA:947,1
DA:948,1
DA:949,1
DA:950,1
DA:951,1
DA:952,1
DA:955,1
DA:956,1
DA:957,1
DA:958,1
DA:959,1
DA:960,1
DA:961,1
DA:962,1
DA:965,1
DA:966,1
DA:967,1
DA:968,1
DA:969,1
DA:970,1
DA:971,1
DA:972,1
DA:973,1
DA:976,1
DA:977,1
DA:978,1
DA:979,1
DA:980,1
DA:981,1
DA:982,1
DA:983,1
DA:984,1
DA:987,1
DA:988,1
DA:989,1
DA:990,1
DA:991,1
DA:992,1
DA:993,1
DA:994,1
DA:995,1
DA:996,1
DA:999,1
DA:1000,1
DA:1001,1
DA:1002,1
DA:1003,1
DA:1004,1
DA:1005,1
DA:1006,1
DA:1007,1
DA:1008,1
DA:1009,1
DA:1012,1
DA:1013,1
DA:1014,1
DA:1015,1
DA:1016,1
DA:1019,1
DA:1020,1
DA:1021,1
DA:1022,1
DA:1023,1
DA:1024,1
DA:1025,1
DA:1026,1
DA:1029,1
DA:1030,1
DA:1031,1
DA:1032,1
DA:1033,1
DA:1034,1
DA:1035,1
DA:1036,1
DA:1037,1
DA:1038,1
DA:1041,1
DA:1042,1
DA:1043,1
DA:1044,1
DA:1047,1
DA:1048,1
DA:1049,1
DA:1050,1
DA:1051,1
DA:1052,1
DA:1053,1
DA:1054,1
DA:1055,1
DA:1056,1
DA:1059,1
DA:1060,1
DA:1061,1
DA:1062,1
DA:1063,1
DA:1064,1
DA:1065,1
DA:1066,1
DA:1067,1
DA:1068,1
DA:1069,1
DA:1072,1
DA:1073,1
DA:1074,1
DA:1075,1
DA:1076,1
DA:1077,1
DA:1078,1
DA:1079,1
DA:1080,1
DA:1081,1
DA:1082,1
DA:1085,1
DA:1086,1
DA:1087,1
DA:1088,1
DA:1089,1
DA:1090,1
DA:1091,1
DA:1092,1
DA:1093,1
DA:1096,1
DA:1097,1
DA:1098,1
DA:1099,1
DA:1100,1
DA:1101,1
DA:1102,1
DA:1103,1
DA:1104,1
DA:1105,1
DA:1106,1
DA:1109,1
DA:1110,1
DA:1111,1
DA:1112,1
DA:1113,1
DA:1114,1
DA:1115,1
DA:1116,1
DA:1117,1
DA:1118,1
DA:1119,1
DA:1122,1
DA:1123,1
DA:1124,1
DA:1125,1
DA:1126,1
DA:1127,1
DA:1128,1
DA:1129,1
DA:1130,1
DA:1131,1
DA:1134,1
DA:1135,1
DA:1136,1
DA:1137,1
DA:1138,1
DA:1139,1
DA:1140,1
DA:1141,1
DA:1142,1
DA:1143,1
DA:1144,1
DA:1147,1
DA:1148,1
DA:1149,1
DA:1150,1
DA:1151,1
DA:1152,1
DA:1153,1
DA:1154,1
DA:1155,1
DA:1156,1
DA:1157,1
DA:1158,1
DA:1159,1
DA:1160,1
DA:1163,1
DA:1164,1
DA:1165,1
DA:1166,1
DA:1167,1
DA:1168,1
DA:1169,1
DA:1170,1
DA:1171,1
DA:1172,1
DA:1173,1
DA:1174,1
DA:1175,1
DA:1176,1
DA:1177,1
DA:1180,1
DA:1181,1
DA:1182,1
DA:1183,1
DA:1184,1
DA:1185,1
DA:1186,1
DA:1187,1
DA:1188,1
DA:1189,1
DA:1190,1
DA:1191,1
DA:1192,1
DA:1193,1
DA:1194,1
DA:1195,1
DA:1196,1
DA:1199,1
DA:1200,1
DA:1201,1
DA:1202,1
DA:1203,1
DA:1204,1
DA:1205,1
DA:1206,1
DA:1207,1
DA:1208,1
DA:1211,1
DA:1212,1
DA:1213,1
DA:1214,1
DA:1215,1
DA:1216,1
DA:1217,1
DA:1218,1
DA:1219,1
DA:1220,1
DA:1223,1
DA:1224,1
DA:1225,1
DA:1226,1
DA:1227,1
DA:1228,1
DA:1229,1
DA:1230,1
DA:1231,1
DA:1232,1
DA:1233,1
DA:1234,1
DA:1237,1
DA:1238,1
DA:1239,1
DA:1240,1
DA:1241,1
DA:1242,1
DA:1245,1
DA:1246,1
DA:1247,1
DA:1248,1
DA:1251,1
DA:1252,1
DA:1253,1
DA:1254,1
DA:1255,1
DA:1256,1
DA:1259,1
DA:1260,1
DA:1261,1
DA:1262,1
DA:1263,1
DA:1264,1
DA:1265,1
DA:1266,1
DA:1269,1
DA:1270,1
DA:1271,1
DA:1272,1
DA:1273,1
DA:1274,1
DA:1275,1
DA:1278,1
DA:1279,1
DA:1280,1
DA:1281,1
DA:1282,1
DA:1283,1
DA:1284,1
DA:1285,1
LF:1033
LH:1030
BRDA:5,1,0,0
BRDA:5,1,1,1
BRDA:5,2,0,0
BRDA:5,2,1,1
BRDA:5,3,0,0
BRDA:5,3,1,1
BRDA:5,4,0,0
BRDA:5,4,1,1
BRDA:5,5,0,1
BRDA:5,5,1,0
BRDA:5,6,0,0
BRDA:5,6,1,1
BRDA:5,7,0,1
BRDA:5,7,1,0
BRDA:5,8,0,1
BRDA:5,8,1,0
BRDA:5,9,0,1
BRDA:5,9,1,1
BRDA:9,10,0,0
BRDA:9,10,1,1
BRDA:9,11,0,0
BRDA:9,11,1,1
BRDA:9,12,0,0
BRDA:9,12,1,1
BRDA:9,13,0,0
BRDA:9,13,1,1
BRDA:9,14,0,1
BRDA:9,14,1,0
BRDA:9,15,0,0
BRDA:9,15,1,1
BRDA:9,16,0,1
BRDA:9,16,1,0
BRDA:9,17,0,1
BRDA:9,17,1,0
BRDA:9,18,0,1
BRDA:9,18,1,1
BRDA:11,19,0,0
BRDA:11,19,1,1
BRDA:11,20,0,0
BRDA:11,20,1,1
BRDA:11,21,0,0
BRDA:11,21,1,1
BRDA:11,22,0,0
BRDA:11,22,1,1
BRDA:11,23,0,1
BRDA:11,23,1,0
BRDA:11,24,0,0
BRDA:11,24,1,1
BRDA:11,25,0,1
BRDA:11,25,1,0
BRDA:11,26,0,1
BRDA:11,26,1,0
BRDA:11,27,0,1
BRDA:11,27,1,1
BRDA:68,28,0,55
BRDA:68,28,1,3
BRDA:74,29,0,8
BRDA:74,29,1,2
BRDA:80,30,0,8
BRDA:80,30,1,2
BRDA:86,31,0,26
BRDA:86,31,1,5
BRF:62
BRH:38
end_of_record
TN:
SF:/Users/labuser/Dropbox/Private/Documents/codecombat-clojure/closer.js/lib/src/repl.js
FN:1,(anonymous_1)
FN:12,(anonymous_2)
FN:14,(anonymous_3)
FN:27,(anonymous_4)
FN:29,(anonymous_5)
FN:40,(anonymous_6)
FN:44,(anonymous_7)
FNF:7
FNH:7
FNDA:1,(anonymous_1)
FNDA:784,(anonymous_2)
FNDA:11555,(anonymous_3)
FNDA:784,(anonymous_4)
FNDA:14951,(anonymous_5)
FNDA:787,(anonymous_6)
FNDA:787,(anonymous_7)
DA:1,1
DA:2,1
DA:4,1
DA:6,1
DA:8,1
DA:10,1
DA:12,1
DA:13,784
DA:15,11555
DA:16,11555
DA:17,1698
DA:18,1698
DA:19,1698
DA:21,11555
DA:24,784
DA:27,1
DA:28,784
DA:30,14951
DA:31,16
DA:32,16
DA:34,14951
DA:37,784
DA:40,1
DA:41,787
DA:44,1
DA:45,787
LF:26
LH:26
BRDA:4,1,0,0
BRDA:4,1,1,1
BRDA:4,2,0,0
BRDA:4,2,1,1
BRDA:4,3,0,0
BRDA:4,3,1,1
BRDA:4,4,0,0
BRDA:4,4,1,1
BRDA:4,5,0,1
BRDA:4,5,1,0
BRDA:4,6,0,0
BRDA:4,6,1,1
BRDA:4,7,0,1
BRDA:4,7,1,0
BRDA:4,8,0,1
BRDA:4,8,1,0
BRDA:4,9,0,1
BRDA:4,9,1,1
BRDA:6,10,0,0
BRDA:6,10,1,1
BRDA:6,11,0,0
BRDA:6,11,1,1
BRDA:6,12,0,0
BRDA:6,12,1,1
BRDA:6,13,0,0
BRDA:6,13,1,1
BRDA:6,14,0,1
BRDA:6,14,1,0
BRDA:6,15,0,0
BRDA:6,15,1,1
BRDA:6,16,0,1
BRDA:6,16,1,0
BRDA:6,17,0,1
BRDA:6,17,1,0
BRDA:6,18,0,1
BRDA:6,18,1,1
BRDA:16,19,0,1698
BRDA:16,19,1,9857
BRDA:16,20,0,11555
BRDA:16,20,1,3191
BRDA:30,21,0,16
BRDA:30,21,1,14935
BRF:42
BRH:26
end_of_record
TN:
SF:/Users/labuser/Dropbox/Private/Documents/codecombat-clojure/closer.js/lib/src/closer.js
FN:1,(anonymous_1)
FN:13,(anonymous_2)
FN:18,(anonymous_3)
FN:28,(anonymous_4)
FN:35,(anonymous_5)
FN:59,(anonymous_6)
FN:65,(anonymous_7)
FN:66,Parser
FN:81,(anonymous_9)
FN:82,Closer
FN:86,(anonymous_11)
FN:95,(anonymous_12)
FNF:12
FNH:11
FNDA:1,(anonymous_1)
FNDA:0,(anonymous_2)
FNDA:17278,(anonymous_3)
FNDA:2370,(anonymous_4)
FNDA:9380,(anonymous_5)
FNDA:834,(anonymous_6)
FNDA:1,(anonymous_7)
FNDA:834,Parser
FNDA:1,(anonymous_9)
FNDA:834,Closer
FNDA:834,(anonymous_11)
FNDA:834,(anonymous_12)
DA:1,1
DA:2,1
DA:4,1
DA:6,1
DA:8,1
DA:10,1
DA:12,1
DA:13,43
DA:14,0
DA:18,1
DA:19,17278
DA:20,17278
DA:21,17278
DA:22,17278
DA:24,0
DA:28,1
DA:29,2370
DA:30,2370
DA:31,2370
DA:32,2370
DA:35,1
DA:36,9380
DA:37,8774
DA:39,606
DA:40,0
DA:42,606
DA:55,1
DA:57,1
DA:59,1
DA:60,834
DA:61,834
DA:62,834
DA:65,1
DA:66,1
DA:67,834
DA:68,834
DA:69,834
DA:70,834
DA:71,834
DA:72,834
DA:75,1
DA:79,1
DA:81,1
DA:82,1
DA:83,834
DA:86,1
DA:87,834
DA:90,1
DA:94,1
DA:96,834
DA:101,1
DA:103,1
DA:104,0
DA:107,1
DA:108,0
LF:55
LH:50
BRDA:21,1,0,17278
BRDA:21,1,1,0
BRDA:21,2,0,17278
BRDA:21,2,1,17278
BRDA:36,3,0,8774
BRDA:36,3,1,606
BRDA:39,4,0,0
BRDA:39,4,1,606
BRDA:61,5,0,834
BRDA:61,5,1,15
BRDA:69,6,0,834
BRDA:69,6,1,819
BRDA:70,7,0,834
BRDA:70,7,1,834
BRDA:71,8,0,834
BRDA:71,8,1,834
BRDA:83,9,0,834
BRDA:83,9,1,15
BRDA:103,10,0,0
BRDA:103,10,1,1
BRDA:103,11,0,1
BRDA:103,11,1,0
BRDA:107,12,0,0
BRDA:107,12,1,1
BRDA:107,13,0,1
BRDA:107,13,1,0
BRF:26
BRH:20
end_of_record
TN:
SF:/Users/labuser/Dropbox/Private/Documents/codecombat-clojure/closer.js/lib/src/parser.js
FN:74,(anonymous_1)
FN:75,trace
FN:80,anonymous
FN:227,(anonymous_4)
FN:480,parseError
FN:487,parse
FN:505,popStack
FN:510,lex
FN:628,processSeqDestrucForm
FN:658,processMapDestrucForm
FN:680,processDestrucForm
FN:688,processChildDestrucForm
FN:738,processRecurFormIfAny
FN:741,(anonymous_14)
FN:757,(anonymous_15)
FN:777,wrapInIIFE
FN:795,wrapInExpressionStatement
FN:802,createArityCheckStmt
FN:819,createReturnStatementIfPossible
FN:848,createRestArgsDecl
FN:870,parseLogicalExpr
FN:878,parseVarDecl
FN:883,addVarDecl
FN:889,parseNumLiteral
FN:900,parseLiteral
FN:904,parseCollectionLiteral
FN:919,parseIdentifierName
FN:921,(anonymous_28)
FN:924,parseString
FN:926,(anonymous_30)
FN:929,(anonymous_31)
FN:943,processLocsAndRanges
FN:948,(anonymous_33)
FN:955,(anonymous_34)
FN:965,getValueIfUndefined
FN:969,(anonymous_36)
FN:974,parseError
FN:983,(anonymous_38)
FN:1003,(anonymous_39)
FN:1026,(anonymous_40)
FN:1061,(anonymous_41)
FN:1067,(anonymous_42)
FN:1082,(anonymous_43)
FN:1087,(anonymous_44)
FN:1093,(anonymous_45)
FN:1102,(anonymous_46)
FN:1109,(anonymous_47)
FN:1181,(anonymous_48)
FN:1239,lex
FN:1249,begin
FN:1254,popState
FN:1264,_currentRules
FN:1273,topState
FN:1283,pushState
FN:1288,stateStackSize
FN:1292,anonymous
FN:1395,Parser
FN:1406,(anonymous_58)
FN:1407,commonjsMain
FNF:59
FNH:42
FNDA:1,(anonymous_1)
FNDA:0,trace
FNDA:17857,anonymous
FNDA:230,(anonymous_4)
FNDA:4,parseError
FNDA:834,parse
FNDA:0,popStack
FNDA:8095,lex
FNDA:48,processSeqDestrucForm
FNDA:7,processMapDestrucForm
FNDA:36,processDestrucForm
FNDA:18,processChildDestrucForm
FNDA:23,processRecurFormIfAny
FNDA:977,(anonymous_14)
FNDA:92,(anonymous_15)
FNDA:18,wrapInIIFE
FNDA:1032,wrapInExpressionStatement
FNDA:51,createArityCheckStmt
FNDA:95,createReturnStatementIfPossible
FNDA:11,createRestArgsDecl
FNDA:8,parseLogicalExpr
FNDA:79,parseVarDecl
FNDA:80,addVarDecl
FNDA:1724,parseNumLiteral
FNDA:1994,parseLiteral
FNDA:566,parseCollectionLiteral
FNDA:1844,parseIdentifierName
FNDA:762,(anonymous_28)
FNDA:134,parseString
FNDA:0,(anonymous_30)
FNDA:0,(anonymous_31)
FNDA:830,processLocsAndRanges
FNDA:12460,(anonymous_33)
FNDA:12460,(anonymous_34)
FNDA:1711,getValueIfUndefined
FNDA:1,(anonymous_36)
FNDA:0,parseError
FNDA:834,(anonymous_38)
FNDA:0,(anonymous_39)
FNDA:0,(anonymous_40)
FNDA:0,(anonymous_41)
FNDA:0,(anonymous_42)
FNDA:0,(anonymous_43)
FNDA:4,(anonymous_44)
FNDA:4,(anonymous_45)
FNDA:4,(anonymous_46)
FNDA:10898,(anonymous_47)
FNDA:10898,(anonymous_48)
FNDA:10898,lex
FNDA:0,begin
FNDA:0,popState
FNDA:10898,_currentRules
FNDA:0,topState
FNDA:0,pushState
FNDA:0,stateStackSize
FNDA:10898,anonymous
FNDA:1,Parser
FNDA:0,(anonymous_58)
FNDA:0,commonjsMain
DA:74,1
DA:75,1
DA:83,17857
DA:84,17857
DA:86,1284
DA:90,1284
DA:91,5
DA:92,5
DA:94,5
DA:95,5
DA:96,5
DA:98,5
DA:99,89
DA:100,89
DA:102,26
DA:103,26
DA:104,26
DA:105,26
DA:106,26
DA:107,26
DA:108,26
DA:109,26
DA:111,26
DA:112,1627
DA:113,1627
DA:114,96
DA:115,96
DA:116,134
DA:117,134
DA:118,43
DA:119,43
DA:120,11
DA:121,11
DA:122,78
DA:123,78
DA:124,248
DA:125,248
DA:126,88
DA:127,88
DA:128,117
DA:129,117
DA:130,113
DA:131,113
DA:132,8
DA:133,8
DA:134,34
DA:135,34
DA:137,40
DA:138,40
DA:139,40
DA:141,40
DA:142,24
DA:143,24
DA:145,9
DA:146,0
DA:148,9
DA:150,9
DA:151,9
DA:152,9
DA:153,7
DA:154,7
DA:156,2
DA:157,2
DA:159,2
DA:161,3
DA:162,3
DA:163,3
DA:164,3
DA:165,3
DA:169,3
DA:171,3
DA:173,2
DA:174,2
DA:175,2
DA:176,2
DA:177,2
DA:179,2
DA:181,2
DA:183,9
DA:184,9
DA:185,9
DA:187,9
DA:189,12
DA:190,12
DA:192,12
DA:194,7
DA:195,7
DA:197,7
DA:199,19
DA:200,19
DA:201,19
DA:203,19
DA:204,19
DA:205,2
DA:206,2
DA:211,19
DA:212,19
DA:214,19
DA:217,19
DA:218,8
DA:219,8
DA:220,11
DA:221,11
DA:223,32
DA:224,32
DA:225,32
DA:226,32
DA:228,230
DA:229,26
DA:230,3
DA:231,23
DA:232,16
DA:233,26
DA:234,26
DA:238,32
DA:239,32
DA:240,16
DA:242,32
DA:243,32
DA:244,32
DA:245,32
DA:246,2
DA:247,2
DA:248,2
DA:251,32
DA:252,32
DA:254,32
DA:257,32
DA:259,10
DA:261,10
DA:263,2
DA:265,2
DA:267,6
DA:268,6
DA:270,6
DA:272,2
DA:273,2
DA:275,2
DA:276,6
DA:277,6
DA:279,18
DA:280,18
DA:285,18
DA:287,18
DA:288,18
DA:289,18
DA:291,18
DA:292,16
DA:293,16
DA:295,12
DA:296,12
DA:297,13
DA:298,13
DA:300,12
DA:301,12
DA:303,12
DA:305,4
DA:306,4
DA:307,5
DA:308,5
DA:309,5
DA:312,4
DA:313,4
DA:315,4
DA:316,4
DA:317,9
DA:318,9
DA:319,4
DA:320,4
DA:324,4
DA:325,4
DA:326,5
DA:329,4
DA:331,4
DA:332,4
DA:333,4
DA:334,4
DA:337,4
DA:339,6
DA:340,6
DA:341,6
DA:342,9
DA:343,9
DA:344,9
DA:345,9
DA:346,9
DA:347,9
DA:349,6
DA:350,6
DA:352,6
DA:354,1
DA:357,1
DA:358,1
DA:359,1
DA:360,1
DA:361,1
DA:365,1
DA:367,1
DA:369,1
DA:373,1
DA:375,1
DA:377,12
DA:378,12
DA:381,12
DA:382,12
DA:383,3
DA:388,9
DA:402,12
DA:403,8
DA:404,8
DA:405,2
DA:406,2
DA:408,992
DA:409,992
DA:412,992
DA:413,992
DA:414,992
DA:416,992
DA:417,2
DA:418,2
DA:419,2319
DA:420,2319
DA:421,561
DA:422,561
DA:423,1045
DA:424,1045
DA:425,17
DA:426,17
DA:427,118
DA:428,118
DA:429,178
DA:430,178
DA:431,2188
DA:432,2188
DA:434,1333
DA:435,1333
DA:436,1333
DA:438,1333
DA:440,865
DA:441,893
DA:444,865
DA:447,4
DA:448,4
DA:450,4
DA:452,27
DA:454,27
DA:456,19
DA:458,19
DA:460,828
DA:461,828
DA:462,828
DA:463,828
DA:465,0
DA:467,2
DA:472,2
DA:473,2
DA:475,0
DA:481,4
DA:482,0
DA:484,4
DA:488,834
DA:489,834
DA:490,834
DA:491,834
DA:492,834
DA:493,834
DA:494,834
DA:495,0
DA:497,834
DA:498,834
DA:499,834
DA:500,834
DA:501,0
DA:503,834
DA:505,1
DA:506,0
DA:507,0
DA:508,0
DA:510,1
DA:511,8095
DA:512,8095
DA:513,8095
DA:514,0
DA:516,8095
DA:518,834
DA:519,834
DA:520,25952
DA:521,25952
DA:522,2109
DA:524,23843
DA:525,8095
DA:527,23843
DA:529,25952
DA:530,4
DA:531,4
DA:532,4
DA:533,45
DA:534,31
DA:537,4
DA:538,4
DA:540,0
DA:542,4
DA:550,25948
DA:551,0
DA:553,25948
DA:555,8091
DA:556,8091
DA:557,8091
DA:558,8091
DA:559,8091
DA:560,8091
DA:561,8091
DA:562,8091
DA:563,8091
DA:564,8091
DA:565,8091
DA:566,0
DA:569,0
DA:570,0
DA:572,8091
DA:574,17857
DA:575,17857
DA:576,17857
DA:582,17857
DA:583,17857
DA:588,17857
DA:597,17857
DA:598,830
DA:600,17027
DA:601,16680
DA:602,16680
DA:603,16680
DA:605,17027
DA:606,17027
DA:607,17027
DA:608,17027
DA:609,17027
DA:610,17027
DA:612,0
DA:615,0
DA:619,1
DA:621,1
DA:627,1
DA:628,1
DA:629,48
DA:630,48
DA:631,48
DA:632,48
DA:633,56
DA:634,56
DA:635,43
DA:636,13
DA:637,13
DA:638,13
DA:639,13
DA:643,48
DA:644,9
DA:645,7
DA:646,7
DA:647,2
DA:648,2
DA:649,2
DA:650,2
DA:651,2
DA:655,48
DA:658,1
DA:659,7
DA:660,7
DA:661,7
DA:662,7
DA:663,14
DA:664,14
DA:665,11
DA:666,11
DA:669,11
DA:670,11
DA:671,3
DA:672,3
DA:673,3
DA:674,3
DA:677,7
DA:680,1
DA:681,36
DA:682,29
DA:683,7
DA:684,7
DA:688,1
DA:689,18
DA:690,18
DA:691,18
DA:692,18
DA:693,18
DA:694,18
DA:699,18
DA:700,18
DA:702,18
DA:703,18
DA:720,18
DA:724,18
DA:726,18
DA:727,3
DA:728,3
DA:729,3
DA:732,3
DA:733,3
DA:735,18
DA:738,1
DA:739,23
DA:740,23
DA:742,977
DA:743,4
DA:744,973
DA:745,6
DA:746,6
DA:749,6
DA:750,6
DA:751,5
DA:752,5
DA:753,5
DA:756,6
DA:758,92
DA:759,9
DA:760,9
DA:761,9
DA:762,9
DA:767,6
DA:768,6
DA:769,6
DA:773,23
DA:777,1
DA:778,18
DA:779,18
DA:795,1
DA:796,1032
DA:797,987
DA:799,45
DA:802,1
DA:803,51
DA:804,51
DA:805,7
DA:807,51
DA:810,51
DA:816,51
DA:819,1
DA:820,95
DA:821,0
DA:822,95
DA:823,95
DA:824,80
DA:825,15
DA:826,9
DA:827,9
DA:828,3
DA:830,9
DA:832,6
DA:834,89
DA:835,98
DA:836,98
DA:837,97
DA:838,71
DA:839,71
DA:840,71
DA:842,26
DA:845,89
DA:848,1
DA:849,11
DA:850,11
DA:851,7
DA:864,4
DA:867,11
DA:870,1
DA:871,8
DA:872,8
DA:873,6
DA:875,8
DA:878,1
DA:879,79
DA:880,79
DA:883,1
DA:884,80
DA:885,80
DA:886,80
DA:889,1
DA:890,1724
DA:891,1724
DA:892,34
DA:893,34
DA:895,1690
DA:897,1724
DA:900,1
DA:901,1994
DA:904,1
DA:905,566
DA:908,1
DA:919,1
DA:920,1844
DA:921,1844
DA:924,1
DA:925,134
DA:927,0
DA:930,0
DA:943,1
DA:947,830
DA:949,12460
DA:950,12460
DA:954,830
DA:956,12460
DA:957,594
DA:958,12460
DA:959,10029
DA:960,12460
DA:965,1
DA:966,1711
DA:969,1
DA:970,1
DA:975,0
DA:976,0
DA:978,0
DA:984,834
DA:985,834
DA:986,834
DA:987,834
DA:988,834
DA:989,834
DA:995,834
DA:996,834
DA:998,834
DA:999,834
DA:1004,0
DA:1005,0
DA:1006,0
DA:1007,0
DA:1008,0
DA:1009,0
DA:1010,0
DA:1011,0
DA:1012,0
DA:1013,0
DA:1015,0
DA:1017,0
DA:1018,0
DA:1021,0
DA:1022,0
DA:1027,0
DA:1028,0
DA:1030,0
DA:1031,0
DA:1033,0
DA:1034,0
DA:1035,0
DA:1036,0
DA:1038,0
DA:1039,0
DA:1041,0
DA:1043,0
DA:1053,0
DA:1054,0
DA:1056,0
DA:1057,0
DA:1062,0
DA:1063,0
DA:1068,0
DA:1069,0
DA:1071,0
DA:1078,0
DA:1083,0
DA:1088,4
DA:1089,4
DA:1094,4
DA:1095,4
DA:1096,4
DA:1098,4
DA:1103,4
DA:1104,4
DA:1105,4
DA:1110,10898
DA:1114,10898
DA:1116,0
DA:1136,0
DA:1137,0
DA:1141,10898
DA:1142,10898
DA:1143,25
DA:1145,10898
DA:1153,10898
DA:1154,10898
DA:1155,10898
DA:1156,10898
DA:1157,10898
DA:1158,10898
DA:1160,10898
DA:1161,10898
DA:1162,10898
DA:1163,10898
DA:1164,10898
DA:1165,10898
DA:1166,0
DA:1168,10898
DA:1169,8095
DA:1170,2803
DA:1172,0
DA:1173,0
DA:1175,0
DA:1177,2803
DA:1182,10898
DA:1183,0
DA:1185,10898
DA:1186,830
DA:1189,10898
DA:1193,10898
DA:1194,10898
DA:1195,10898
DA:1197,10898
DA:1198,10898
DA:1199,435920
DA:1200,435920
DA:1201,11042
DA:1202,11042
DA:1203,11042
DA:1204,0
DA:1205,0
DA:1206,0
DA:1207,0
DA:1208,0
DA:1209,0
DA:1212,0
DA:1214,11042
DA:1215,0
DA:1219,10898
DA:1220,10898
DA:1221,10898
DA:1222,8095
DA:1225,2803
DA:1227,0
DA:1228,0
DA:1230,0
DA:1240,10898
DA:1241,10898
DA:1242,8095
DA:1244,2803
DA:1250,0
DA:1255,0
DA:1256,0
DA:1257,0
DA:1259,0
DA:1265,10898
DA:1266,10898
DA:1268,0
DA:1274,0
DA:1275,0
DA:1276,0
DA:1278,0
DA:1284,0
DA:1289,0
DA:1294,10898
DA:1295,10898
DA:1297,2799
DA:1299,1627
DA:1301,0
DA:1303,96
DA:1305,0
DA:1307,134
DA:1308,134
DA:1310,0
DA:1312,26
DA:1314,0
DA:1316,4
DA:1317,9
DA:1318,0
DA:1319,1176
DA:1320,0
DA:1321,1173
DA:1322,0
DA:1323,304
DA:1324,0
DA:1325,302
DA:1326,0
DA:1327,238
DA:1328,0
DA:1329,238
DA:1330,0
DA:1331,145
DA:1332,0
DA:1333,88
DA:1334,0
DA:1335,89
DA:1336,0
DA:1337,12
DA:1338,0
DA:1339,6
DA:1340,0
DA:1341,10
DA:1342,0
DA:1343,11
DA:1344,0
DA:1345,10
DA:1346,0
DA:1347,2
DA:1348,0
DA:1349,2
DA:1350,0
DA:1351,12
DA:1352,0
DA:1353,4
DA:1354,0
DA:1355,6
DA:1356,0
DA:1357,6
DA:1358,0
DA:1359,2
DA:1360,0
DA:1361,2
DA:1362,0
DA:1363,1
DA:1364,0
DA:1365,1
DA:1366,0
DA:1367,10
DA:1368,0
DA:1369,3
DA:1370,0
DA:1371,2
DA:1372,0
DA:1373,43
DA:1374,0
DA:1375,11
DA:1376,0
DA:1377,78
DA:1378,0
DA:1380,1386
DA:1382,0
DA:1383,830
DA:1384,0
DA:1385,0
DA:1386,0
DA:1392,1
DA:1394,1
DA:1395,1
DA:1396,1
DA:1398,1
DA:1399,1
DA:1403,1
DA:1404,1
DA:1405,1
DA:1406,1
DA:1407,1
DA:1408,0
DA:1409,0
DA:1410,0
DA:1412,0
DA:1413,0
DA:1415,1
DA:1416,0
LF:753
LH:616
BRDA:84,1,0,1284
BRDA:84,1,1,5
BRDA:84,1,2,5
BRDA:84,1,3,89
BRDA:84,1,4,26
BRDA:84,1,5,1627
BRDA:84,1,6,96
BRDA:84,1,7,134
BRDA:84,1,8,43
BRDA:84,1,9,11
BRDA:84,1,10,78
BRDA:84,1,11,248
BRDA:84,1,12,88
BRDA:84,1,13,117
BRDA:84,1,14,113
BRDA:84,1,15,8
BRDA:84,1,16,34
BRDA:84,1,17,40
BRDA:84,1,18,24
BRDA:84,1,19,9
BRDA:84,1,20,9
BRDA:84,1,21,7
BRDA:84,1,22,2
BRDA:84,1,23,3
BRDA:84,1,24,2
BRDA:84,1,25,9
BRDA:84,1,26,12
BRDA:84,1,27,7
BRDA:84,1,28,19
BRDA:84,1,29,8
BRDA:84,1,30,11
BRDA:84,1,31,32
BRDA:84,1,32,10
BRDA:84,1,33,2
BRDA:84,1,34,6
BRDA:84,1,35,2
BRDA:84,1,36,6
BRDA:84,1,37,18
BRDA:84,1,38,18
BRDA:84,1,39,16
BRDA:84,1,40,12
BRDA:84,1,41,4
BRDA:84,1,42,6
BRDA:84,1,43,1
BRDA:84,1,44,1
BRDA:84,1,45,12
BRDA:84,1,46,8
BRDA:84,1,47,2
BRDA:84,1,48,992
BRDA:84,1,49,2
BRDA:84,1,50,2319
BRDA:84,1,51,561
BRDA:84,1,52,1045
BRDA:84,1,53,17
BRDA:84,1,54,118
BRDA:84,1,55,178
BRDA:84,1,56,2188
BRDA:84,1,57,1333
BRDA:84,1,58,865
BRDA:84,1,59,4
BRDA:84,1,60,27
BRDA:84,1,61,19
BRDA:84,1,62,828
BRDA:84,1,63,2
BRDA:86,2,0,6
BRDA:86,2,1,1278
BRDA:103,3,0,21
BRDA:103,3,1,5
BRDA:104,4,0,3
BRDA:104,4,1,23
BRDA:105,5,0,3
BRDA:105,5,1,23
BRDA:145,6,0,0
BRDA:145,6,1,9
BRDA:145,7,0,9
BRDA:145,7,1,0
BRDA:204,8,0,2
BRDA:204,8,1,17
BRDA:228,9,0,26
BRDA:228,9,1,204
BRDA:228,10,0,230
BRDA:228,10,1,101
BRDA:229,11,0,3
BRDA:229,11,1,23
BRDA:231,12,0,16
BRDA:231,12,1,7
BRDA:245,13,0,2
BRDA:245,13,1,30
BRDA:318,14,0,4
BRDA:318,14,1,5
BRDA:332,15,0,4
BRDA:332,15,1,0
BRDA:382,16,0,3
BRDA:382,16,1,9
BRDA:481,17,0,0
BRDA:481,17,1,4
BRDA:494,18,0,0
BRDA:494,18,1,834
BRDA:499,19,0,834
BRDA:499,19,1,834
BRDA:500,20,0,0
BRDA:500,20,1,834
BRDA:512,21,0,8095
BRDA:512,21,1,0
BRDA:513,22,0,0
BRDA:513,22,1,8095
BRDA:514,23,0,0
BRDA:514,23,1,0
BRDA:521,24,0,2109
BRDA:521,24,1,23843
BRDA:524,25,0,8095
BRDA:524,25,1,15748
BRDA:524,26,0,23843
BRDA:524,26,1,16582
BRDA:527,27,0,23843
BRDA:527,27,1,23843
BRDA:529,28,0,4
BRDA:529,28,1,25948
BRDA:529,29,0,25952
BRDA:529,29,1,25948
BRDA:529,29,2,25948
BRDA:533,30,0,31
BRDA:533,30,1,14
BRDA:533,31,0,45
BRDA:533,31,1,31
BRDA:537,32,0,4
BRDA:537,32,1,0
BRDA:538,33,0,4
BRDA:538,33,1,0
BRDA:540,34,0,0
BRDA:540,34,1,0
BRDA:540,35,0,0
BRDA:540,35,1,0
BRDA:544,36,0,4
BRDA:544,36,1,0
BRDA:550,37,0,0
BRDA:550,37,1,25948
BRDA:550,38,0,25948
BRDA:550,38,1,0
BRDA:553,39,0,8091
BRDA:553,39,1,17857
BRDA:553,39,2,0
BRDA:560,40,0,8091
BRDA:560,40,1,0
BRDA:565,41,0,0
BRDA:565,41,1,8091
BRDA:577,42,0,17857
BRDA:577,42,1,347
BRDA:579,43,0,17857
BRDA:579,43,1,347
BRDA:582,44,0,17857
BRDA:582,44,1,0
BRDA:584,45,0,17857
BRDA:584,45,1,347
BRDA:597,46,0,830
BRDA:597,46,1,17027
BRDA:600,47,0,16680
BRDA:600,47,1,347
BRDA:634,48,0,43
BRDA:634,48,1,13
BRDA:634,49,0,56
BRDA:634,49,1,43
BRDA:636,50,0,13
BRDA:636,50,1,0
BRDA:637,51,0,13
BRDA:637,51,1,8
BRDA:643,52,0,9
BRDA:643,52,1,39
BRDA:644,53,0,7
BRDA:644,53,1,2
BRDA:644,54,0,9
BRDA:644,54,1,7
BRDA:647,55,0,2
BRDA:647,55,1,0
BRDA:648,56,0,2
BRDA:648,56,1,0
BRDA:664,57,0,11
BRDA:664,57,1,3
BRDA:664,58,0,14
BRDA:664,58,1,11
BRDA:671,59,0,3
BRDA:671,59,1,0
BRDA:672,60,0,3
BRDA:672,60,1,3
BRDA:681,61,0,29
BRDA:681,61,1,7
BRDA:681,62,0,36
BRDA:681,62,1,29
BRDA:683,63,0,7
BRDA:683,63,1,0
BRDA:683,64,0,7
BRDA:683,64,1,7
BRDA:742,65,0,4
BRDA:742,65,1,973
BRDA:742,66,0,977
BRDA:742,66,1,973
BRDA:744,67,0,6
BRDA:744,67,1,967
BRDA:744,68,0,973
BRDA:744,68,1,62
BRDA:749,69,0,5
BRDA:749,69,1,1
BRDA:750,70,0,5
BRDA:750,70,1,1
BRDA:750,71,0,6
BRDA:750,71,1,5
BRDA:758,72,0,9
BRDA:758,72,1,83
BRDA:758,73,0,92
BRDA:758,73,1,40
BRDA:767,74,0,5
BRDA:767,74,1,1
BRDA:796,75,0,987
BRDA:796,75,1,45
BRDA:804,76,0,7
BRDA:804,76,1,44
BRDA:820,77,0,0
BRDA:820,77,1,95
BRDA:820,78,0,95
BRDA:820,78,1,95
BRDA:820,78,2,95
BRDA:823,79,0,80
BRDA:823,79,1,15
BRDA:825,80,0,9
BRDA:825,80,1,6
BRDA:827,81,0,3
BRDA:827,81,1,6
BRDA:836,82,0,1
BRDA:836,82,1,97
BRDA:837,83,0,71
BRDA:837,83,1,26
BRDA:850,84,0,7
BRDA:850,84,1,4
BRDA:891,85,0,34
BRDA:891,85,1,1690
BRDA:949,86,0,0
BRDA:949,86,1,12460
BRDA:949,87,0,0
BRDA:949,87,1,0
BRDA:956,88,0,594
BRDA:956,88,1,11866
BRDA:956,89,0,12460
BRDA:956,89,1,1497
BRDA:958,90,0,10029
BRDA:958,90,1,2431
BRDA:958,91,0,12460
BRDA:958,91,1,10958
BRDA:966,92,0,160
BRDA:966,92,1,1551
BRDA:975,93,0,0
BRDA:975,93,1,0
BRDA:995,94,0,834
BRDA:995,94,1,0
BRDA:1011,95,0,0
BRDA:1011,95,1,0
BRDA:1017,96,0,0
BRDA:1017,96,1,0
BRDA:1038,97,0,0
BRDA:1038,97,1,0
BRDA:1047,98,0,0
BRDA:1047,98,1,0
BRDA:1048,99,0,0
BRDA:1048,99,1,0
BRDA:1053,100,0,0
BRDA:1053,100,1,0
BRDA:1068,101,0,0
BRDA:1068,101,1,0
BRDA:1089,102,0,0
BRDA:1089,102,1,4
BRDA:1095,103,0,4
BRDA:1095,103,1,0
BRDA:1098,104,0,0
BRDA:1098,104,1,4
BRDA:1114,105,0,0
BRDA:1114,105,1,10898
BRDA:1136,106,0,0
BRDA:1136,106,1,0
BRDA:1142,107,0,25
BRDA:1142,107,1,10873
BRDA:1149,108,0,25
BRDA:1149,108,1,10873
BRDA:1157,109,0,10898
BRDA:1157,109,1,0
BRDA:1165,110,0,0
BRDA:1165,110,1,10898
BRDA:1165,111,0,10898
BRDA:1165,111,1,830
BRDA:1168,112,0,8095
BRDA:1168,112,1,2803
BRDA:1170,113,0,0
BRDA:1170,113,1,2803
BRDA:1182,114,0,0
BRDA:1182,114,1,10898
BRDA:1185,115,0,830
BRDA:1185,115,1,10068
BRDA:1193,116,0,10898
BRDA:1193,116,1,0
BRDA:1200,117,0,11042
BRDA:1200,117,1,424878
BRDA:1200,118,0,435920
BRDA:1200,118,1,21327
BRDA:1200,118,2,10429
BRDA:1203,119,0,0
BRDA:1203,119,1,11042
BRDA:1205,120,0,0
BRDA:1205,120,1,0
BRDA:1207,121,0,0
BRDA:1207,121,1,0
BRDA:1214,122,0,0
BRDA:1214,122,1,11042
BRDA:1219,123,0,10898
BRDA:1219,123,1,0
BRDA:1221,124,0,8095
BRDA:1221,124,1,2803
BRDA:1227,125,0,0
BRDA:1227,125,1,0
BRDA:1241,126,0,8095
BRDA:1241,126,1,2803
BRDA:1256,127,0,0
BRDA:1256,127,1,0
BRDA:1265,128,0,10898
BRDA:1265,128,1,0
BRDA:1265,129,0,10898
BRDA:1265,129,1,10898
BRDA:1274,130,0,0
BRDA:1274,130,1,0
BRDA:1275,131,0,0
BRDA:1275,131,1,0
BRDA:1295,132,0,2799
BRDA:1295,132,1,1627
BRDA:1295,132,2,96
BRDA:1295,132,3,134
BRDA:1295,132,4,26
BRDA:1295,132,5,4
BRDA:1295,132,6,9
BRDA:1295,132,7,1176
BRDA:1295,132,8,1173
BRDA:1295,132,9,304
BRDA:1295,132,10,302
BRDA:1295,132,11,238
BRDA:1295,132,12,238
BRDA:1295,132,13,145
BRDA:1295,132,14,88
BRDA:1295,132,15,89
BRDA:1295,132,16,12
BRDA:1295,132,17,6
BRDA:1295,132,18,10
BRDA:1295,132,19,11
BRDA:1295,132,20,10
BRDA:1295,132,21,2
BRDA:1295,132,22,2
BRDA:1295,132,23,12
BRDA:1295,132,24,4
BRDA:1295,132,25,6
BRDA:1295,132,26,6
BRDA:1295,132,27,2
BRDA:1295,132,28,2
BRDA:1295,132,29,1
BRDA:1295,132,30,1
BRDA:1295,132,31,10
BRDA:1295,132,32,3
BRDA:1295,132,33,2
BRDA:1295,132,34,43
BRDA:1295,132,35,11
BRDA:1295,132,36,78
BRDA:1295,132,37,1386
BRDA:1295,132,38,830
BRDA:1295,132,39,0
BRDA:1403,133,0,1
BRDA:1403,133,1,0
BRDA:1403,134,0,1
BRDA:1403,134,1,1
BRDA:1408,135,0,0
BRDA:1408,135,1,0
BRDA:1415,136,0,0
BRDA:1415,136,1,1
BRDA:1415,137,0,1
BRDA:1415,137,1,1
BRF:378
BRH:297
end_of_record
TN:
SF:/Users/labuser/Dropbox/Private/Documents/codecombat-clojure/closer.js/lib/src/nodes.js
FN:1,(anonymous_1)
FN:4,(anonymous_2)
FN:6,(anonymous_3)
FN:10,(anonymous_4)
FN:11,(anonymous_5)
FN:22,(anonymous_6)
FN:30,(anonymous_7)
FN:34,(anonymous_8)
FN:38,(anonymous_9)
FN:43,(anonymous_10)
FN:47,(anonymous_11)
FN:52,(anonymous_12)
FN:57,(anonymous_13)
FN:62,(anonymous_14)
FN:66,(anonymous_15)
FN:70,(anonymous_16)
FN:76,(anonymous_17)
FN:88,(anonymous_18)
FN:92,(anonymous_19)
FN:98,(anonymous_20)
FN:104,(anonymous_21)
FN:108,(anonymous_22)
FN:113,(anonymous_23)
FN:117,(anonymous_24)
FN:121,(anonymous_25)
FN:128,(anonymous_26)
FN:133,(anonymous_27)
FN:138,(anonymous_28)
FN:144,(anonymous_29)
FN:148,(anonymous_30)
FN:154,(anonymous_31)
FN:161,(anonymous_32)
FN:167,(anonymous_33)
FN:173,(anonymous_34)
FN:179,(anonymous_35)
FN:184,(anonymous_36)
FN:189,(anonymous_37)
FN:197,(anonymous_38)
FN:202,(anonymous_39)
FN:207,(anonymous_40)
FN:217,(anonymous_41)
FN:225,(anonymous_42)
FN:231,(anonymous_43)
FN:235,(anonymous_44)
FNF:44
FNH:30
FNDA:1,(anonymous_1)
FNDA:1,(anonymous_2)
FNDA:32,(anonymous_3)
FNDA:43,(anonymous_4)
FNDA:17278,(anonymous_5)
FNDA:39,(anonymous_6)
FNDA:830,(anonymous_7)
FNDA:991,(anonymous_8)
FNDA:121,(anonymous_9)
FNDA:6768,(anonymous_10)
FNDA:3303,(anonymous_11)
FNDA:97,(anonymous_12)
FNDA:98,(anonymous_13)
FNDA:0,(anonymous_14)
FNDA:0,(anonymous_15)
FNDA:0,(anonymous_16)
FNDA:69,(anonymous_17)
FNDA:0,(anonymous_18)
FNDA:18,(anonymous_19)
FNDA:18,(anonymous_20)
FNDA:18,(anonymous_21)
FNDA:0,(anonymous_22)
FNDA:4,(anonymous_23)
FNDA:6,(anonymous_24)
FNDA:0,(anonymous_25)
FNDA:0,(anonymous_26)
FNDA:0,(anonymous_27)
FNDA:27,(anonymous_28)
FNDA:0,(anonymous_29)
FNDA:55,(anonymous_30)
FNDA:38,(anonymous_31)
FNDA:15,(anonymous_32)
FNDA:61,(anonymous_33)
FNDA:1,(anonymous_34)
FNDA:1800,(anonymous_35)
FNDA:0,(anonymous_36)
FNDA:2870,(anonymous_37)
FNDA:7,(anonymous_38)
FNDA:0,(anonymous_39)
FNDA:1,(anonymous_40)
FNDA:0,(anonymous_41)
FNDA:30,(anonymous_42)
FNDA:0,(anonymous_43)
FNDA:0,(anonymous_44)
DA:1,1
DA:2,1
DA:4,1
DA:5,1
DA:6,1
DA:7,32
DA:8,32
DA:10,1
DA:11,43
DA:12,17278
DA:13,17278
DA:14,17278
DA:15,17278
DA:16,17278
DA:17,922
DA:19,17278
DA:22,1
DA:23,39
DA:24,0
DA:26,39
DA:27,0
DA:30,1
DA:31,830
DA:32,830
DA:34,1
DA:35,991
DA:36,991
DA:38,1
DA:39,121
DA:40,121
DA:42,1
DA:43,1
DA:44,6768
DA:45,6768
DA:47,1
DA:48,3303
DA:49,3303
DA:51,1
DA:52,1
DA:53,97
DA:54,97
DA:55,97
DA:57,1
DA:58,98
DA:59,98
DA:60,98
DA:62,1
DA:63,0
DA:64,0
DA:66,1
DA:67,0
DA:68,0
DA:70,1
DA:71,0
DA:72,0
DA:73,0
DA:74,0
DA:76,1
DA:77,69
DA:78,69
DA:79,69
DA:80,69
DA:81,69
DA:82,69
DA:83,69
DA:84,69
DA:86,1
DA:87,1
DA:88,1
DA:89,0
DA:90,0
DA:92,1
DA:93,18
DA:94,18
DA:95,18
DA:96,18
DA:98,1
DA:99,18
DA:100,18
DA:101,18
DA:102,18
DA:104,1
DA:105,18
DA:106,18
DA:108,1
DA:109,0
DA:110,0
DA:111,0
DA:113,1
DA:114,4
DA:115,4
DA:117,1
DA:118,6
DA:119,6
DA:121,1
DA:122,0
DA:123,0
DA:124,0
DA:126,0
DA:128,1
DA:129,0
DA:130,0
DA:131,0
DA:133,1
DA:134,0
DA:135,0
DA:136,0
DA:138,1
DA:139,27
DA:140,27
DA:141,27
DA:142,27
DA:144,1
DA:145,0
DA:146,0
DA:148,1
DA:149,55
DA:150,55
DA:151,55
DA:152,55
DA:154,1
DA:155,38
DA:156,38
DA:157,38
DA:158,38
DA:159,38
DA:161,1
DA:162,15
DA:163,15
DA:164,15
DA:165,15
DA:167,1
DA:168,61
DA:169,61
DA:170,61
DA:171,61
DA:173,1
DA:174,1
DA:175,1
DA:176,1
DA:177,1
DA:179,1
DA:180,1800
DA:181,1800
DA:182,1800
DA:184,1
DA:185,0
DA:186,0
DA:187,0
DA:189,1
DA:190,2870
DA:191,2870
DA:192,2870
DA:193,2870
DA:195,1
DA:196,1
DA:197,1
DA:198,7
DA:199,7
DA:200,7
DA:202,1
DA:203,0
DA:204,0
DA:205,0
DA:207,1
DA:208,1
DA:209,1
DA:210,1
DA:211,1
DA:212,1
DA:213,1
DA:214,1
DA:217,1
DA:218,0
DA:219,0
DA:220,0
DA:221,0
DA:222,0
DA:223,0
DA:225,1
DA:226,30
DA:227,30
DA:228,30
DA:229,30
DA:231,1
DA:232,0
DA:233,0
DA:235,1
DA:236,0
DA:237,0
DA:239,1
LF:191
LH:148
BRDA:16,1,0,922
BRDA:16,1,1,16356
BRDA:23,2,0,0
BRDA:23,2,1,39
BRDA:26,3,0,0
BRDA:26,3,1,39
BRDA:94,4,0,18
BRDA:94,4,1,0
BRDA:123,5,0,0
BRDA:123,5,1,0
BRDA:213,6,0,1
BRDA:213,6,1,0
BRF:12
BRH:6
end_of_record
TN:
SF:/Users/labuser/Dropbox/Private/Documents/codecombat-clojure/closer.js/lib/src/closer-core.js
FN:1,(anonymous_1)
FN:6,(anonymous_2)
FN:11,(anonymous_3)
FN:15,(anonymous_4)
FN:23,(anonymous_5)
FN:27,(anonymous_6)
FN:32,(anonymous_7)
FN:36,(anonymous_8)
FN:44,(anonymous_9)
FN:48,(anonymous_10)
FN:53,(anonymous_11)
FN:58,(anonymous_12)
FN:65,(anonymous_13)
FN:72,(anonymous_14)
FN:79,(anonymous_15)
FN:84,(anonymous_16)
FN:95,(anonymous_17)
FN:105,(anonymous_18)
FN:115,(anonymous_19)
FN:125,(anonymous_20)
FN:131,(anonymous_21)
FN:141,(anonymous_22)
FN:149,(anonymous_23)
FN:153,(anonymous_24)
FN:161,(anonymous_25)
FN:165,(anonymous_26)
FN:173,(anonymous_27)
FN:177,(anonymous_28)
FN:185,(anonymous_29)
FN:189,(anonymous_30)
FN:193,(anonymous_31)
FN:197,(anonymous_32)
FN:201,(anonymous_33)
FN:205,(anonymous_34)
FN:209,(anonymous_35)
FN:213,(anonymous_36)
FN:217,(anonymous_37)
FN:221,(anonymous_38)
FN:225,(anonymous_39)
FN:229,(anonymous_40)
FN:233,(anonymous_41)
FN:238,(anonymous_42)
FN:241,(anonymous_43)
FN:246,(anonymous_44)
FN:250,(anonymous_45)
FN:254,(anonymous_46)
FN:258,(anonymous_47)
FN:262,(anonymous_48)
FN:266,(anonymous_49)
FN:270,(anonymous_50)
FN:274,(anonymous_51)
FN:278,(anonymous_52)
FN:282,(anonymous_53)
FN:286,(anonymous_54)
FN:290,(anonymous_55)
FN:294,(anonymous_56)
FN:298,(anonymous_57)
FN:302,(anonymous_58)
FN:306,(anonymous_59)
FN:310,(anonymous_60)
FN:314,(anonymous_61)
FN:320,(anonymous_62)
FN:324,(anonymous_63)
FN:330,(anonymous_64)
FN:336,(anonymous_65)
FN:339,(anonymous_66)
FN:346,(anonymous_67)
FN:352,(anonymous_68)
FN:357,(anonymous_69)
FN:367,(anonymous_70)
FN:375,(anonymous_71)
FN:382,(anonymous_72)
FN:387,(anonymous_73)
FN:391,(anonymous_74)
FN:395,(anonymous_75)
FN:405,(anonymous_76)
FN:409,(anonymous_77)
FN:439,(anonymous_78)
FN:444,(anonymous_79)
FN:449,(anonymous_80)
FN:453,(anonymous_81)
FN:457,(anonymous_82)
FN:464,(anonymous_83)
FN:468,(anonymous_84)
FN:478,(anonymous_85)
FN:485,(anonymous_86)
FN:492,(anonymous_87)
FN:496,(anonymous_88)
FN:501,(anonymous_89)
FN:504,(anonymous_90)
FN:511,(anonymous_91)
FN:520,(anonymous_92)
FN:525,(anonymous_93)
FN:530,(anonymous_94)
FN:532,(anonymous_95)
FN:539,(anonymous_96)
FN:541,(anonymous_97)
FN:548,(anonymous_98)
FN:553,(anonymous_99)
FN:560,(anonymous_100)
FN:564,(anonymous_101)
FN:578,(anonymous_102)
FN:585,(anonymous_103)
FN:592,(anonymous_104)
FN:597,(anonymous_105)
FN:602,(anonymous_106)
FN:609,(anonymous_107)
FN:614,(anonymous_108)
FN:620,(anonymous_109)
FN:626,(anonymous_110)
FN:632,(anonymous_111)
FN:638,(anonymous_112)
FN:648,(anonymous_113)
FN:659,(anonymous_114)
FN:679,(anonymous_115)
FN:685,(anonymous_116)
FN:691,(anonymous_117)
FN:696,(anonymous_118)
FN:701,(anonymous_119)
FN:705,(anonymous_120)
FN:712,(anonymous_121)
FN:726,(anonymous_122)
FN:733,(anonymous_123)
FNF:123
FNH:122
FNDA:1,(anonymous_1)
FNDA:72,(anonymous_2)
FNDA:159,(anonymous_3)
FNDA:51,(anonymous_4)
FNDA:50,(anonymous_5)
FNDA:33,(anonymous_6)
FNDA:62,(anonymous_7)
FNDA:22,(anonymous_8)
FNDA:21,(anonymous_9)
FNDA:10,(anonymous_10)
FNDA:23,(anonymous_11)
FNDA:3,(anonymous_12)
FNDA:3,(anonymous_13)
FNDA:6,(anonymous_14)
FNDA:6,(anonymous_15)
FNDA:82,(anonymous_16)
FNDA:351,(anonymous_17)
FNDA:251,(anonymous_18)
FNDA:430,(anonymous_19)
FNDA:22,(anonymous_20)
FNDA:107,(anonymous_21)
FNDA:139,(anonymous_22)
FNDA:270,(anonymous_23)
FNDA:49,(anonymous_24)
FNDA:86,(anonymous_25)
FNDA:7,(anonymous_26)
FNDA:12,(anonymous_27)
FNDA:107,(anonymous_28)
FNDA:212,(anonymous_29)
FNDA:9,(anonymous_30)
FNDA:4,(anonymous_31)
FNDA:4,(anonymous_32)
FNDA:21,(anonymous_33)
FNDA:4,(anonymous_34)
FNDA:5,(anonymous_35)
FNDA:6,(anonymous_36)
FNDA:6,(anonymous_37)
FNDA:103,(anonymous_38)
FNDA:7,(anonymous_39)
FNDA:7,(anonymous_40)
FNDA:74,(anonymous_41)
FNDA:12,(anonymous_42)
FNDA:14,(anonymous_43)
FNDA:16,(anonymous_44)
FNDA:3,(anonymous_45)
FNDA:7,(anonymous_46)
FNDA:5,(anonymous_47)
FNDA:34,(anonymous_48)
FNDA:47,(anonymous_49)
FNDA:10,(anonymous_50)
FNDA:8,(anonymous_51)
FNDA:7,(anonymous_52)
FNDA:7,(anonymous_53)
FNDA:7,(anonymous_54)
FNDA:9,(anonymous_55)
FNDA:6,(anonymous_56)
FNDA:49,(anonymous_57)
FNDA:41,(anonymous_58)
FNDA:15,(anonymous_59)
FNDA:17,(anonymous_60)
FNDA:0,(anonymous_61)
FNDA:117,(anonymous_62)
FNDA:99,(anonymous_63)
FNDA:317,(anonymous_64)
FNDA:149,(anonymous_65)
FNDA:149,(anonymous_66)
FNDA:126,(anonymous_67)
FNDA:48,(anonymous_68)
FNDA:24,(anonymous_69)
FNDA:7,(anonymous_70)
FNDA:26,(anonymous_71)
FNDA:192,(anonymous_72)
FNDA:32,(anonymous_73)
FNDA:21,(anonymous_74)
FNDA:9,(anonymous_75)
FNDA:15,(anonymous_76)
FNDA:97,(anonymous_77)
FNDA:10,(anonymous_78)
FNDA:10,(anonymous_79)
FNDA:6,(anonymous_80)
FNDA:44,(anonymous_81)
FNDA:15,(anonymous_82)
FNDA:6,(anonymous_83)
FNDA:5,(anonymous_84)
FNDA:18,(anonymous_85)
FNDA:13,(anonymous_86)
FNDA:8,(anonymous_87)
FNDA:11,(anonymous_88)
FNDA:10,(anonymous_89)
FNDA:10,(anonymous_90)
FNDA:9,(anonymous_91)
FNDA:6,(anonymous_92)
FNDA:6,(anonymous_93)
FNDA:7,(anonymous_94)
FNDA:6,(anonymous_95)
FNDA:7,(anonymous_96)
FNDA:6,(anonymous_97)
FNDA:8,(anonymous_98)
FNDA:32,(anonymous_99)
FNDA:14,(anonymous_100)
FNDA:14,(anonymous_101)
FNDA:11,(anonymous_102)
FNDA:2,(anonymous_103)
FNDA:27,(anonymous_104)
FNDA:9,(anonymous_105)
FNDA:9,(anonymous_106)
FNDA:7,(anonymous_107)
FNDA:14,(anonymous_108)
FNDA:11,(anonymous_109)
FNDA:8,(anonymous_110)
FNDA:16,(anonymous_111)
FNDA:12,(anonymous_112)
FNDA:13,(anonymous_113)
FNDA:15,(anonymous_114)
FNDA:8,(anonymous_115)
FNDA:8,(anonymous_116)
FNDA:10,(anonymous_117)
FNDA:5,(anonymous_118)
FNDA:2,(anonymous_119)
FNDA:5,(anonymous_120)
FNDA:10,(anonymous_121)
FNDA:5,(anonymous_122)
FNDA:6,(anonymous_123)
DA:1,1
DA:2,1
DA:5,1
DA:7,72
DA:8,72
DA:9,72
DA:10,72
DA:11,71
DA:12,159
DA:16,51
DA:17,51
DA:18,51
DA:19,50
DA:20,49
DA:21,48
DA:23,49
DA:24,50
DA:28,33
DA:29,33
DA:30,33
DA:31,33
DA:32,32
DA:33,62
DA:37,22
DA:38,22
DA:39,22
DA:40,21
DA:41,20
DA:42,1
DA:44,20
DA:45,21
DA:49,10
DA:50,9
DA:51,8
DA:54,23
DA:55,22
DA:56,21
DA:59,3
DA:60,3
DA:61,3
DA:62,2
DA:63,1
DA:66,3
DA:67,3
DA:68,3
DA:69,2
DA:70,1
DA:73,6
DA:74,6
DA:75,5
DA:76,4
DA:77,4
DA:80,6
DA:81,5
DA:82,4
DA:85,82
DA:86,82
DA:87,81
DA:88,80
DA:89,80
DA:90,78
DA:92,2
DA:96,351
DA:97,351
DA:98,350
DA:99,350
DA:100,300
DA:101,300
DA:103,350
DA:106,251
DA:107,251
DA:108,250
DA:109,250
DA:110,200
DA:112,50
DA:116,430
DA:117,430
DA:118,430
DA:119,429
DA:120,429
DA:121,164
DA:123,265
DA:126,22
DA:127,22
DA:128,22
DA:129,21
DA:132,107
DA:133,107
DA:134,107
DA:135,106
DA:136,1
DA:138,105
DA:139,101
DA:142,139
DA:143,139
DA:144,139
DA:145,138
DA:146,1
DA:148,137
DA:149,132
DA:150,270
DA:154,49
DA:155,49
DA:156,49
DA:157,48
DA:158,1
DA:160,47
DA:161,40
DA:162,86
DA:166,7
DA:167,7
DA:168,7
DA:169,6
DA:170,1
DA:172,5
DA:173,3
DA:174,12
DA:178,107
DA:179,107
DA:180,107
DA:181,106
DA:182,1
DA:184,105
DA:185,103
DA:186,212
DA:190,9
DA:191,8
DA:194,4
DA:195,3
DA:198,4
DA:199,3
DA:202,21
DA:203,20
DA:206,4
DA:207,3
DA:210,5
DA:211,5
DA:214,6
DA:215,6
DA:218,6
DA:219,6
DA:222,103
DA:223,103
DA:226,7
DA:227,7
DA:230,7
DA:231,7
DA:234,74
DA:235,74
DA:236,72
DA:239,12
DA:242,14
DA:243,13
DA:244,11
DA:247,16
DA:248,15
DA:251,3
DA:252,2
DA:255,7
DA:256,6
DA:259,5
DA:260,4
DA:263,34
DA:264,33
DA:267,47
DA:268,46
DA:271,10
DA:272,9
DA:275,8
DA:276,7
DA:279,7
DA:280,6
DA:283,7
DA:284,6
DA:287,7
DA:288,6
DA:291,9
DA:292,8
DA:295,6
DA:296,6
DA:299,49
DA:300,48
DA:303,41
DA:304,40
DA:307,15
DA:308,15
DA:309,15
DA:310,15
DA:311,17
DA:315,0
DA:316,0
DA:317,0
DA:318,0
DA:321,117
DA:322,116
DA:325,99
DA:326,99
DA:327,99
DA:328,99
DA:331,317
DA:332,317
DA:333,317
DA:334,317
DA:337,149
DA:338,149
DA:339,149
DA:340,149
DA:341,1
DA:344,148
DA:347,126
DA:348,126
DA:349,126
DA:350,126
DA:353,48
DA:354,47
DA:355,44
DA:358,24
DA:359,24
DA:360,23
DA:361,23
DA:363,2
DA:364,2
DA:368,7
DA:369,6
DA:370,3
DA:372,2
DA:376,26
DA:377,24
DA:379,26
DA:380,25
DA:383,192
DA:384,191
DA:385,190
DA:388,32
DA:389,31
DA:392,21
DA:393,20
DA:396,9
DA:397,9
DA:398,8
DA:399,7
DA:400,3
DA:402,4
DA:406,15
DA:407,14
DA:410,97
DA:411,97
DA:412,96
DA:413,94
DA:414,92
DA:415,1
DA:417,91
DA:418,1
DA:419,1
DA:420,1
DA:422,90
DA:423,90
DA:424,2
DA:426,88
DA:429,9
DA:430,9
DA:431,9
DA:432,9
DA:433,9
DA:435,0
DA:440,10
DA:441,9
DA:442,5
DA:445,10
DA:446,9
DA:447,5
DA:450,6
DA:451,5
DA:454,44
DA:455,44
DA:456,44
DA:457,43
DA:458,15
DA:460,3
DA:462,40
DA:465,6
DA:466,6
DA:467,6
DA:468,5
DA:469,5
DA:470,3
DA:473,2
DA:474,0
DA:476,2
DA:479,18
DA:480,17
DA:481,1
DA:483,16
DA:486,13
DA:487,13
DA:488,13
DA:489,13
DA:490,11
DA:493,8
DA:494,7
DA:497,11
DA:498,10
DA:499,9
DA:502,10
DA:503,10
DA:504,10
DA:505,10
DA:506,2
DA:509,8
DA:512,9
DA:513,9
DA:514,9
DA:515,9
DA:516,2
DA:518,7
DA:521,6
DA:522,5
DA:523,1
DA:526,6
DA:527,5
DA:528,1
DA:531,7
DA:532,6
DA:533,6
DA:534,4
DA:537,2
DA:540,7
DA:541,6
DA:542,6
DA:543,4
DA:546,2
DA:549,8
DA:550,7
DA:551,4
DA:554,32
DA:555,32
DA:556,32
DA:557,31
DA:558,30
DA:561,14
DA:562,12
DA:565,14
DA:566,14
DA:567,14
DA:568,13
DA:569,13
DA:570,13
DA:571,12
DA:572,11
DA:573,11
DA:574,28
DA:576,11
DA:579,11
DA:580,11
DA:581,11
DA:582,10
DA:583,10
DA:586,2
DA:587,2
DA:588,2
DA:589,1
DA:590,1
DA:593,27
DA:594,26
DA:595,25
DA:598,9
DA:599,8
DA:600,7
DA:603,9
DA:604,9
DA:605,9
DA:606,8
DA:607,8
DA:610,7
DA:611,5
DA:612,5
DA:615,14
DA:616,13
DA:617,12
DA:618,11
DA:621,11
DA:622,10
DA:623,9
DA:624,8
DA:627,8
DA:628,7
DA:629,6
DA:630,5
DA:633,16
DA:634,15
DA:635,14
DA:636,13
DA:639,12
DA:640,11
DA:641,6
DA:643,5
DA:644,4
DA:646,8
DA:649,13
DA:650,12
DA:651,8
DA:652,7
DA:654,4
DA:655,2
DA:657,7
DA:660,15
DA:661,15
DA:662,14
DA:664,7
DA:665,7
DA:667,3
DA:668,3
DA:669,2
DA:671,4
DA:672,4
DA:673,4
DA:675,12
DA:676,11
DA:677,10
DA:680,8
DA:681,7
DA:682,6
DA:683,5
DA:686,8
DA:687,7
DA:688,6
DA:689,5
DA:692,10
DA:693,9
DA:694,7
DA:697,5
DA:698,4
DA:699,3
DA:702,2
DA:703,1
DA:706,5
DA:707,4
DA:708,3
DA:710,2
DA:713,10
DA:714,10
DA:715,9
DA:716,2
DA:718,7
DA:720,9
DA:721,7
DA:723,9
DA:724,7
DA:727,5
DA:728,5
DA:729,5
DA:730,5
DA:731,4
DA:734,6
DA:735,6
DA:736,6
DA:737,5
DA:738,4
DA:742,1
DA:744,1
DA:746,1
DA:748,1
DA:750,1
DA:751,0
DA:754,1
DA:755,0
LF:466
LH:458
BRDA:8,1,0,70
BRDA:8,1,1,2
BRDA:17,2,0,50
BRDA:17,2,1,1
BRDA:20,3,0,48
BRDA:20,3,1,1
BRDA:29,4,0,32
BRDA:29,4,1,1
BRDA:38,5,0,21
BRDA:38,5,1,1
BRDA:41,6,0,1
BRDA:41,6,1,19
BRDA:60,7,0,2
BRDA:60,7,1,1
BRDA:67,8,0,2
BRDA:67,8,1,1
BRDA:76,9,0,2
BRDA:76,9,1,2
BRDA:76,10,0,4
BRDA:76,10,1,2
BRDA:76,10,2,3
BRDA:76,10,3,2
BRDA:89,11,0,78
BRDA:89,11,1,2
BRDA:89,12,0,80
BRDA:89,12,1,46
BRDA:89,12,2,44
BRDA:89,12,3,3
BRDA:89,12,4,2
BRDA:99,13,0,300
BRDA:99,13,1,50
BRDA:109,14,0,200
BRDA:109,14,1,50
BRDA:117,15,0,429
BRDA:117,15,1,1
BRDA:120,16,0,164
BRDA:120,16,1,265
BRDA:127,17,0,21
BRDA:127,17,1,1
BRDA:133,18,0,106
BRDA:133,18,1,1
BRDA:135,19,0,1
BRDA:135,19,1,105
BRDA:143,20,0,138
BRDA:143,20,1,1
BRDA:145,21,0,1
BRDA:145,21,1,137
BRDA:150,22,0,270
BRDA:150,22,1,253
BRDA:150,22,2,138
BRDA:155,23,0,48
BRDA:155,23,1,1
BRDA:157,24,0,1
BRDA:157,24,1,47
BRDA:162,25,0,86
BRDA:162,25,1,57
BRDA:162,25,2,42
BRDA:167,26,0,6
BRDA:167,26,1,1
BRDA:169,27,0,1
BRDA:169,27,1,5
BRDA:174,28,0,12
BRDA:174,28,1,11
BRDA:174,28,2,9
BRDA:179,29,0,106
BRDA:179,29,1,1
BRDA:181,30,0,1
BRDA:181,30,1,105
BRDA:186,31,0,212
BRDA:186,31,1,209
BRDA:186,31,2,107
BRDA:215,32,0,6
BRDA:215,32,1,3
BRDA:219,33,0,6
BRDA:219,33,1,3
BRDA:300,34,0,48
BRDA:300,34,1,31
BRDA:308,35,0,14
BRDA:308,35,1,1
BRDA:311,36,0,1
BRDA:311,36,1,16
BRDA:316,37,0,0
BRDA:316,37,1,0
BRDA:326,38,0,71
BRDA:326,38,1,28
BRDA:332,39,0,268
BRDA:332,39,1,49
BRDA:338,40,0,131
BRDA:338,40,1,18
BRDA:340,41,0,1
BRDA:340,41,1,148
BRDA:348,42,0,110
BRDA:348,42,1,16
BRDA:369,43,0,3
BRDA:369,43,1,2
BRDA:376,44,0,24
BRDA:376,44,1,2
BRDA:399,45,0,3
BRDA:399,45,1,4
BRDA:414,46,0,1
BRDA:414,46,1,91
BRDA:415,47,0,0
BRDA:415,47,1,1
BRDA:417,48,0,1
BRDA:417,48,1,90
BRDA:417,49,0,91
BRDA:417,49,1,3
BRDA:417,49,2,2
BRDA:423,50,0,2
BRDA:423,50,1,88
BRDA:430,51,0,9
BRDA:430,51,1,0
BRDA:430,52,0,9
BRDA:430,52,1,8
BRDA:455,53,0,43
BRDA:455,53,1,1
BRDA:457,54,0,3
BRDA:457,54,1,40
BRDA:457,55,0,43
BRDA:457,55,1,14
BRDA:458,56,0,15
BRDA:458,56,1,10
BRDA:466,57,0,3
BRDA:466,57,1,3
BRDA:469,58,0,3
BRDA:469,58,1,2
BRDA:473,59,0,0
BRDA:473,59,1,2
BRDA:480,60,0,1
BRDA:480,60,1,16
BRDA:480,61,0,17
BRDA:480,61,1,2
BRDA:487,62,0,12
BRDA:487,62,1,1
BRDA:503,63,0,10
BRDA:503,63,1,0
BRDA:505,64,0,2
BRDA:505,64,1,8
BRDA:505,65,0,10
BRDA:505,65,1,9
BRDA:513,66,0,7
BRDA:513,66,1,2
BRDA:515,67,0,2
BRDA:515,67,1,7
BRDA:533,68,0,4
BRDA:533,68,1,2
BRDA:533,69,0,6
BRDA:533,69,1,3
BRDA:542,70,0,4
BRDA:542,70,1,2
BRDA:542,71,0,6
BRDA:542,71,1,3
BRDA:555,72,0,18
BRDA:555,72,1,14
BRDA:566,73,0,13
BRDA:566,73,1,1
BRDA:573,74,0,39
BRDA:573,74,1,0
BRDA:573,75,0,28
BRDA:573,75,1,0
BRDA:580,76,0,10
BRDA:580,76,1,1
BRDA:587,77,0,1
BRDA:587,77,1,1
BRDA:604,78,0,9
BRDA:604,78,1,0
BRDA:640,79,0,6
BRDA:640,79,1,5
BRDA:650,80,0,8
BRDA:650,80,1,4
BRDA:662,81,0,7
BRDA:662,81,1,3
BRDA:662,81,2,4
BRDA:707,82,0,3
BRDA:707,82,1,1
BRDA:715,83,0,2
BRDA:715,83,1,7
BRDA:720,84,0,7
BRDA:720,84,1,2
BRDA:728,85,0,4
BRDA:728,85,1,1
BRDA:735,86,0,2
BRDA:735,86,1,4
BRDA:744,87,0,0
BRDA:744,87,1,1
BRDA:744,88,0,0
BRDA:744,88,1,1
BRDA:744,89,0,0
BRDA:744,89,1,1
BRDA:744,90,0,0
BRDA:744,90,1,1
BRDA:744,91,0,1
BRDA:744,91,1,0
BRDA:744,92,0,0
BRDA:744,92,1,1
BRDA:744,93,0,1
BRDA:744,93,1,0
BRDA:744,94,0,1
BRDA:744,94,1,0
BRDA:744,95,0,1
BRDA:744,95,1,1
BRDA:746,96,0,0
BRDA:746,96,1,1
BRDA:746,97,0,0
BRDA:746,97,1,1
BRDA:746,98,0,0
BRDA:746,98,1,1
BRDA:746,99,0,0
BRDA:746,99,1,1
BRDA:746,100,0,1
BRDA:746,100,1,0
BRDA:746,101,0,0
BRDA:746,101,1,1
BRDA:746,102,0,1
BRDA:746,102,1,0
BRDA:746,103,0,1
BRDA:746,103,1,0
BRDA:746,104,0,1
BRDA:746,104,1,1
BRDA:748,105,0,0
BRDA:748,105,1,1
BRDA:748,106,0,0
BRDA:748,106,1,1
BRDA:748,107,0,0
BRDA:748,107,1,1
BRDA:748,108,0,0
BRDA:748,108,1,1
BRDA:748,109,0,1
BRDA:748,109,1,0
BRDA:748,110,0,0
BRDA:748,110,1,1
BRDA:748,111,0,1
BRDA:748,111,1,0
BRDA:748,112,0,1
BRDA:748,112,1,0
BRDA:748,113,0,1
BRDA:748,113,1,1
BRDA:750,114,0,0
BRDA:750,114,1,1
BRDA:750,115,0,1
BRDA:750,115,1,0
BRDA:754,116,0,0
BRDA:754,116,1,1
BRDA:754,117,0,1
BRDA:754,117,1,0
BRF:245
BRH:208
end_of_record
TN:
SF:/Users/labuser/Dropbox/Private/Documents/codecombat-clojure/closer.js/lib/src/assertions.js
FN:1,(anonymous_1)
FN:4,(anonymous_2)
FN:4,ctor
FN:7,(anonymous_4)
FN:10,ArityError
FN:22,(anonymous_6)
FN:25,ArgTypeError
FN:35,(anonymous_8)
FN:36,(anonymous_9)
FN:42,(anonymous_10)
FN:45,(anonymous_11)
FN:52,(anonymous_12)
FN:55,(anonymous_13)
FN:62,(anonymous_14)
FN:65,(anonymous_15)
FN:71,(anonymous_16)
FN:74,(anonymous_17)
FN:80,(anonymous_18)
FN:83,(anonymous_19)
FN:89,(anonymous_20)
FN:92,(anonymous_21)
FN:99,(anonymous_22)
FN:102,(anonymous_23)
FN:109,(anonymous_24)
FN:112,(anonymous_25)
FN:119,(anonymous_26)
FN:125,(anonymous_27)
FN:128,(anonymous_28)
FN:135,(anonymous_29)
FN:144,(anonymous_30)
FNF:30
FNH:30
FNDA:1,(anonymous_1)
FNDA:2,(anonymous_2)
FNDA:2,ctor
FNDA:1,(anonymous_4)
FNDA:91,ArityError
FNDA:1,(anonymous_6)
FNDA:114,ArgTypeError
FNDA:1912,(anonymous_8)
FNDA:2589,(anonymous_9)
FNDA:1178,(anonymous_10)
FNDA:1821,(anonymous_11)
FNDA:74,(anonymous_12)
FNDA:74,(anonymous_13)
FNDA:13,(anonymous_14)
FNDA:13,(anonymous_15)
FNDA:7,(anonymous_16)
FNDA:7,(anonymous_17)
FNDA:10,(anonymous_18)
FNDA:10,(anonymous_19)
FNDA:369,(anonymous_20)
FNDA:397,(anonymous_21)
FNDA:96,(anonymous_22)
FNDA:96,(anonymous_23)
FNDA:18,(anonymous_24)
FNDA:18,(anonymous_25)
FNDA:17,(anonymous_26)
FNDA:147,(anonymous_27)
FNDA:153,(anonymous_28)
FNDA:4389,(anonymous_29)
FNDA:159,(anonymous_30)
DA:1,1
DA:2,1
DA:4,4
DA:7,1
DA:8,1
DA:10,1
DA:11,91
DA:12,91
DA:13,91
DA:14,91
DA:15,91
DA:18,1
DA:22,1
DA:23,1
DA:25,1
DA:26,114
DA:27,114
DA:28,114
DA:31,1
DA:35,1
DA:36,1912
DA:37,2589
DA:41,1
DA:43,1178
DA:44,1178
DA:45,1178
DA:46,1821
DA:48,1178
DA:49,40
DA:53,74
DA:54,74
DA:55,74
DA:56,74
DA:58,74
DA:59,2
DA:63,13
DA:64,13
DA:65,13
DA:66,13
DA:68,2
DA:72,7
DA:73,7
DA:74,7
DA:75,7
DA:77,3
DA:81,10
DA:82,10
DA:83,10
DA:84,10
DA:86,8
DA:90,369
DA:91,369
DA:92,369
DA:93,397
DA:95,369
DA:96,22
DA:100,96
DA:101,96
DA:102,96
DA:103,96
DA:105,96
DA:106,2
DA:110,18
DA:111,18
DA:112,18
DA:113,18
DA:115,18
DA:116,8
DA:120,17
DA:121,17
DA:122,11
DA:126,147
DA:127,147
DA:128,147
DA:129,153
DA:131,147
DA:132,16
DA:136,4389
DA:137,2104
DA:138,2104
DA:140,4389
DA:141,88
DA:145,159
DA:146,159
DA:147,3
DA:152,1
DA:154,1
DA:156,1
DA:158,1
DA:159,0
DA:162,1
DA:163,0
LF:92
LH:90
BRDA:4,1,0,4
BRDA:4,1,1,0
BRDA:12,2,0,91
BRDA:12,2,1,0
BRDA:14,3,0,88
BRDA:14,3,1,3
BRDA:44,4,0,1178
BRDA:44,4,1,0
BRDA:48,5,0,40
BRDA:48,5,1,1138
BRDA:54,6,0,74
BRDA:54,6,1,0
BRDA:56,7,0,74
BRDA:56,7,1,72
BRDA:58,8,0,2
BRDA:58,8,1,72
BRDA:64,9,0,13
BRDA:64,9,1,0
BRDA:65,10,0,2
BRDA:65,10,1,11
BRDA:66,11,0,13
BRDA:66,11,1,8
BRDA:73,12,0,7
BRDA:73,12,1,0
BRDA:74,13,0,3
BRDA:74,13,1,4
BRDA:82,14,0,10
BRDA:82,14,1,0
BRDA:83,15,0,8
BRDA:83,15,1,2
BRDA:91,16,0,368
BRDA:91,16,1,1
BRDA:93,17,0,397
BRDA:93,17,1,217
BRDA:93,17,2,194
BRDA:95,18,0,22
BRDA:95,18,1,347
BRDA:101,19,0,96
BRDA:101,19,1,0
BRDA:103,20,0,96
BRDA:103,20,1,6
BRDA:103,20,2,3
BRDA:105,21,0,2
BRDA:105,21,1,94
BRDA:111,22,0,18
BRDA:111,22,1,0
BRDA:113,23,0,18
BRDA:113,23,1,14
BRDA:115,24,0,8
BRDA:115,24,1,10
BRDA:121,25,0,11
BRDA:121,25,1,6
BRDA:127,26,0,146
BRDA:127,26,1,1
BRDA:129,27,0,153
BRDA:129,27,1,41
BRDA:129,27,2,41
BRDA:129,27,3,39
BRDA:129,27,4,19
BRDA:131,28,0,16
BRDA:131,28,1,131
BRDA:136,29,0,2104
BRDA:136,29,1,2285
BRDA:140,30,0,88
BRDA:140,30,1,4301
BRDA:140,31,0,4389
BRDA:140,31,1,4347
BRDA:146,32,0,3
BRDA:146,32,1,156
BRDA:154,33,0,0
BRDA:154,33,1,1
BRDA:154,34,0,0
BRDA:154,34,1,1
BRDA:154,35,0,0
BRDA:154,35,1,1
BRDA:154,36,0,0
BRDA:154,36,1,1
BRDA:154,37,0,1
BRDA:154,37,1,0
BRDA:154,38,0,0
BRDA:154,38,1,1
BRDA:154,39,0,1
BRDA:154,39,1,0
BRDA:154,40,0,1
BRDA:154,40,1,0
BRDA:154,41,0,1
BRDA:154,41,1,1
BRDA:156,42,0,0
BRDA:156,42,1,1
BRDA:156,43,0,0
BRDA:156,43,1,1
BRDA:156,44,0,0
BRDA:156,44,1,1
BRDA:156,45,0,0
BRDA:156,45,1,1
BRDA:156,46,0,1
BRDA:156,46,1,0
BRDA:156,47,0,0
BRDA:156,47,1,1
BRDA:156,48,0,1
BRDA:156,48,1,0
BRDA:156,49,0,1
BRDA:156,49,1,0
BRDA:156,50,0,1
BRDA:156,50,1,1
BRDA:158,51,0,0
BRDA:158,51,1,1
BRDA:158,52,0,1
BRDA:158,52,1,0
BRDA:162,53,0,0
BRDA:162,53,1,1
BRDA:162,54,0,1
BRDA:162,54,1,0
BRF:113
BRH:84
end_of_record
TN:
SF:/Users/labuser/Dropbox/Private/Documents/codecombat-clojure/closer.js/lib/spec/closer-spec.js
FN:1,(anonymous_1)
FN:88,(anonymous_2)
FN:99,(anonymous_3)
FN:103,(anonymous_4)
FN:104,(anonymous_5)
FN:107,(anonymous_6)
FN:110,(anonymous_7)
FN:113,(anonymous_8)
FN:116,(anonymous_9)
FN:119,(anonymous_10)
FN:122,(anonymous_11)
FN:125,(anonymous_12)
FN:128,(anonymous_13)
FN:132,(anonymous_14)
FN:135,(anonymous_15)
FN:138,(anonymous_16)
FN:141,(anonymous_17)
FN:144,(anonymous_18)
FN:147,(anonymous_19)
FN:151,(anonymous_20)
FN:154,(anonymous_21)
FN:157,(anonymous_22)
FN:161,(anonymous_23)
FN:167,(anonymous_24)
FN:170,(anonymous_25)
FN:173,(anonymous_26)
FN:176,(anonymous_27)
FN:179,(anonymous_28)
FN:182,(anonymous_29)
FN:185,(anonymous_30)
FN:188,(anonymous_31)
FN:191,(anonymous_32)
FN:194,(anonymous_33)
FN:197,(anonymous_34)
FN:201,(anonymous_35)
FN:204,(anonymous_36)
FN:207,(anonymous_37)
FN:210,(anonymous_38)
FN:213,(anonymous_39)
FN:216,(anonymous_40)
FN:220,(anonymous_41)
FNF:41
FNH:41
FNDA:1,(anonymous_1)
FNDA:149,(anonymous_2)
FNDA:46,(anonymous_3)
FNDA:1,(anonymous_4)
FNDA:1,(anonymous_5)
FNDA:1,(anonymous_6)
FNDA:1,(anonymous_7)
FNDA:1,(anonymous_8)
FNDA:1,(anonymous_9)
FNDA:1,(anonymous_10)
FNDA:1,(anonymous_11)
FNDA:1,(anonymous_12)
FNDA:1,(anonymous_13)
FNDA:1,(anonymous_14)
FNDA:1,(anonymous_15)
FNDA:1,(anonymous_16)
FNDA:1,(anonymous_17)
FNDA:1,(anonymous_18)
FNDA:1,(anonymous_19)
FNDA:1,(anonymous_20)
FNDA:1,(anonymous_21)
FNDA:1,(anonymous_22)
FNDA:1,(anonymous_23)
FNDA:1,(anonymous_24)
FNDA:1,(anonymous_25)
FNDA:1,(anonymous_26)
FNDA:1,(anonymous_27)
FNDA:1,(anonymous_28)
FNDA:1,(anonymous_29)
FNDA:1,(anonymous_30)
FNDA:1,(anonymous_31)
FNDA:1,(anonymous_32)
FNDA:1,(anonymous_33)
FNDA:1,(anonymous_34)
FNDA:1,(anonymous_35)
FNDA:1,(anonymous_36)
FNDA:1,(anonymous_37)
FNDA:1,(anonymous_38)
FNDA:1,(anonymous_39)
FNDA:1,(anonymous_40)
FNDA:1,(anonymous_41)
DA:1,1
DA:2,1
DA:4,1
DA:6,1
DA:8,1
DA:10,1
DA:12,1
DA:14,1
DA:16,1
DA:18,1
DA:20,1
DA:22,1
DA:24,1
DA:26,1
DA:28,1
DA:30,1
DA:32,1
DA:34,1
DA:36,1
DA:38,1
DA:40,1
DA:42,1
DA:44,1
DA:46,1
DA:48,1
DA:50,1
DA:52,1
DA:54,1
DA:56,1
DA:58,1
DA:60,1
DA:62,1
DA:64,1
DA:66,1
DA:68,1
DA:70,1
DA:72,1
DA:74,1
DA:76,1
DA:78,1
DA:80,1
DA:82,1
DA:84,1
DA:86,1
DA:88,1
DA:89,149
DA:94,1
DA:99,1
DA:100,46
DA:103,1
DA:104,1
DA:105,1
DA:107,1
DA:108,1
DA:110,1
DA:111,1
DA:113,1
DA:114,1
DA:116,1
DA:117,1
DA:119,1
DA:120,1
DA:122,1
DA:123,1
DA:125,1
DA:126,1
DA:127,1
DA:128,1
DA:129,1
DA:132,1
DA:133,1
DA:135,1
DA:136,1
DA:138,1
DA:139,1
DA:141,1
DA:142,1
DA:144,1
DA:145,1
DA:147,1
DA:148,1
DA:149,1
DA:151,1
DA:152,1
DA:154,1
DA:155,1
DA:157,1
DA:158,1
DA:159,1
DA:161,1
DA:162,1
DA:163,1
DA:164,1
DA:165,1
DA:167,1
DA:168,1
DA:170,1
DA:171,1
DA:173,1
DA:174,1
DA:176,1
DA:177,1
DA:179,1
DA:180,1
DA:182,1
DA:183,1
DA:185,1
DA:186,1
DA:188,1
DA:189,1
DA:191,1
DA:192,1
DA:194,1
DA:195,1
DA:197,1
DA:198,1
DA:199,1
DA:201,1
DA:202,1
DA:204,1
DA:205,1
DA:207,1
DA:208,1
DA:210,1
DA:211,1
DA:213,1
DA:214,1
DA:216,1
DA:217,1
DA:218,1
DA:220,1
DA:221,1
DA:222,1
DA:223,1
DA:225,1
LF:135
LH:135
BRDA:4,1,0,0
BRDA:4,1,1,1
BRDA:4,2,0,0
BRDA:4,2,1,1
BRDA:4,3,0,0
BRDA:4,3,1,1
BRDA:4,4,0,0
BRDA:4,4,1,1
BRDA:4,5,0,1
BRDA:4,5,1,0
BRDA:4,6,0,0
BRDA:4,6,1,1
BRDA:4,7,0,1
BRDA:4,7,1,0
BRDA:4,8,0,1
BRDA:4,8,1,0
BRDA:4,9,0,1
BRDA:4,9,1,1
BRF:18
BRH:10
end_of_record
TN:
SF:/Users/labuser/Dropbox/Private/Documents/codecombat-clojure/closer.js/lib/spec/closer-helpers.js
FN:1,(anonymous_1)
FN:9,(anonymous_2)
FN:10,(anonymous_3)
FN:19,(anonymous_4)
FN:20,(anonymous_5)
FN:29,(anonymous_6)
FN:42,(anonymous_7)
FN:49,(anonymous_8)
FN:59,(anonymous_9)
FN:65,(anonymous_10)
FN:74,(anonymous_11)
FN:83,(anonymous_12)
FN:92,(anonymous_13)
FN:101,(anonymous_14)
FN:108,(anonymous_15)
FN:117,(anonymous_16)
FN:125,(anonymous_17)
FN:137,(anonymous_18)
FN:146,(anonymous_19)
FN:159,(anonymous_20)
FN:165,(anonymous_21)
FN:172,(anonymous_22)
FN:182,(anonymous_23)
FN:190,(anonymous_24)
FN:199,(anonymous_25)
FN:209,(anonymous_26)
FN:219,(anonymous_27)
FN:226,(anonymous_28)
FN:235,(anonymous_29)
FN:244,(anonymous_30)
FN:251,(anonymous_31)
FN:261,(anonymous_32)
FN:269,(anonymous_33)
FN:276,(anonymous_34)
FN:285,(anonymous_35)
FNF:35
FNH:32
FNDA:1,(anonymous_1)
FNDA:46,(anonymous_2)
FNDA:0,(anonymous_3)
FNDA:5,(anonymous_4)
FNDA:19,(anonymous_5)
FNDA:10,(anonymous_6)
FNDA:255,(anonymous_7)
FNDA:146,(anonymous_8)
FNDA:17,(anonymous_9)
FNDA:10,(anonymous_10)
FNDA:1,(anonymous_11)
FNDA:11,(anonymous_12)
FNDA:5,(anonymous_13)
FNDA:0,(anonymous_14)
FNDA:10,(anonymous_15)
FNDA:68,(anonymous_16)
FNDA:81,(anonymous_17)
FNDA:7,(anonymous_18)
FNDA:16,(anonymous_19)
FNDA:2,(anonymous_20)
FNDA:69,(anonymous_21)
FNDA:1,(anonymous_22)
FNDA:4,(anonymous_23)
FNDA:8,(anonymous_24)
FNDA:2,(anonymous_25)
FNDA:3,(anonymous_26)
FNDA:16,(anonymous_27)
FNDA:2,(anonymous_28)
FNDA:2,(anonymous_29)
FNDA:2,(anonymous_30)
FNDA:23,(anonymous_31)
FNDA:24,(anonymous_32)
FNDA:0,(anonymous_33)
FNDA:30,(anonymous_34)
FNDA:46,(anonymous_35)
DA:1,1
DA:2,1
DA:5,1
DA:7,1
DA:9,1
DA:10,46
DA:11,0
DA:13,46
DA:16,1
DA:17,1
DA:18,5
DA:19,5
DA:20,5
DA:21,19
DA:22,19
DA:23,19
DA:24,19
DA:29,1
DA:30,10
DA:31,10
DA:32,6
DA:34,10
DA:35,10
DA:36,4
DA:38,10
DA:39,10
DA:42,1
DA:43,255
DA:49,1
DA:50,146
DA:51,49
DA:53,146
DA:59,1
DA:60,17
DA:65,1
DA:66,10
DA:74,1
DA:75,1
DA:83,1
DA:84,11
DA:92,1
DA:93,5
DA:101,1
DA:102,0
DA:108,1
DA:109,10
DA:117,1
DA:118,68
DA:125,1
DA:126,81
DA:127,75
DA:129,81
DA:137,1
DA:138,7
DA:146,1
DA:147,16
DA:159,1
DA:160,2
DA:165,1
DA:166,69
DA:172,1
DA:173,1
DA:182,1
DA:183,4
DA:190,1
DA:191,8
DA:199,1
DA:200,2
DA:201,2
DA:203,2
DA:209,1
DA:210,3
DA:211,3
DA:213,3
DA:219,1
DA:220,16
DA:226,1
DA:227,2
DA:235,1
DA:236,2
DA:244,1
DA:245,2
DA:251,1
DA:252,23
DA:253,23
DA:254,23
DA:261,1
DA:262,24
DA:269,1
DA:270,0
DA:271,0
DA:272,0
DA:273,0
DA:276,1
DA:277,30
DA:278,30
DA:279,30
DA:285,1
DA:286,46
DA:287,46
DA:288,46
LF:101
LH:95
BRDA:7,1,0,0
BRDA:7,1,1,1
BRDA:7,2,0,0
BRDA:7,2,1,1
BRDA:7,3,0,0
BRDA:7,3,1,1
BRDA:7,4,0,0
BRDA:7,4,1,1
BRDA:7,5,0,1
BRDA:7,5,1,0
BRDA:7,6,0,0
BRDA:7,6,1,1
BRDA:7,7,0,1
BRDA:7,7,1,0
BRDA:7,8,0,1
BRDA:7,8,1,0
BRDA:7,9,0,1
BRDA:7,9,1,1
BRDA:22,10,0,15
BRDA:22,10,1,4
BRDA:23,11,0,6
BRDA:23,11,1,13
BRDA:31,12,0,6
BRDA:31,12,1,4
BRDA:35,13,0,4
BRDA:35,13,1,6
BRDA:50,14,0,49
BRDA:50,14,1,97
BRDA:121,15,0,68
BRDA:121,15,1,0
BRDA:126,16,0,75
BRDA:126,16,1,6
BRDA:195,17,0,5
BRDA:195,17,1,3
BRDA:200,18,0,2
BRDA:200,18,1,0
BRDA:210,19,0,3
BRDA:210,19,1,0
BRDA:253,20,0,23
BRDA:253,20,1,0
BRDA:278,21,0,30
BRDA:278,21,1,0
BRDA:287,22,0,44
BRDA:287,22,1,2
BRF:44
BRH:31
end_of_record
TN:
SF:/Users/labuser/Dropbox/Private/Documents/codecombat-clojure/closer.js/lib/spec/functional-spec.js
FN:1,(anonymous_1)
FN:13,(anonymous_2)
FN:15,(anonymous_3)
FN:16,(anonymous_4)
FN:24,(anonymous_5)
FN:28,(anonymous_6)
FN:32,(anonymous_7)
FN:33,(anonymous_8)
FN:38,(anonymous_9)
FN:42,(anonymous_10)
FN:46,(anonymous_11)
FN:50,(anonymous_12)
FN:54,(anonymous_13)
FN:58,(anonymous_14)
FN:62,(anonymous_15)
FN:68,(anonymous_16)
FN:74,(anonymous_17)
FN:80,(anonymous_18)
FN:86,(anonymous_19)
FN:88,(anonymous_20)
FN:89,Soldier
FN:100,(anonymous_22)
FN:111,(anonymous_23)
FN:112,(anonymous_24)
FN:117,(anonymous_25)
FN:120,(anonymous_26)
FN:123,(anonymous_27)
FN:132,(anonymous_28)
FN:136,(anonymous_29)
FN:139,(anonymous_30)
FNF:30
FNH:24
FNDA:1,(anonymous_1)
FNDA:149,(anonymous_2)
FNDA:280,(anonymous_3)
FNDA:0,(anonymous_4)
FNDA:14,(anonymous_5)
FNDA:12,(anonymous_6)
FNDA:2,(anonymous_7)
FNDA:2,(anonymous_8)
FNDA:0,(anonymous_9)
FNDA:0,(anonymous_10)
FNDA:0,(anonymous_11)
FNDA:5,(anonymous_12)
FNDA:6,(anonymous_13)
FNDA:0,(anonymous_14)
FNDA:7,(anonymous_15)
FNDA:1,(anonymous_16)
FNDA:0,(anonymous_17)
FNDA:1,(anonymous_18)
FNDA:1,(anonymous_19)
FNDA:1,(anonymous_20)
FNDA:2,Soldier
FNDA:3,(anonymous_22)
FNDA:1,(anonymous_23)
FNDA:1,(anonymous_24)
FNDA:1,(anonymous_25)
FNDA:1,(anonymous_26)
FNDA:1,(anonymous_27)
FNDA:1,(anonymous_28)
FNDA:1,(anonymous_29)
FNDA:1,(anonymous_30)
DA:1,1
DA:2,1
DA:5,1
DA:7,1
DA:9,1
DA:11,1
DA:13,1
DA:14,149
DA:16,280
DA:17,0
DA:19,280
DA:24,1
DA:25,14
DA:28,1
DA:29,12
DA:32,1
DA:33,2
DA:34,2
DA:38,1
DA:39,0
DA:42,1
DA:43,0
DA:46,1
DA:47,0
DA:50,1
DA:51,5
DA:54,1
DA:55,6
DA:58,1
DA:59,0
DA:62,1
DA:63,7
DA:64,7
DA:65,7
DA:68,1
DA:69,1
DA:70,1
DA:71,1
DA:74,1
DA:75,0
DA:76,0
DA:77,0
DA:80,1
DA:81,1
DA:82,1
DA:83,1
DA:86,1
DA:87,1
DA:88,1
DA:89,1
DA:90,2
DA:91,1
DA:93,2
DA:97,2
DA:100,1
DA:101,3
DA:102,3
DA:105,1
DA:108,1
DA:111,1
DA:112,1
DA:113,1
DA:114,1
DA:115,1
DA:117,1
DA:118,1
DA:120,1
DA:121,1
DA:123,1
DA:124,1
DA:125,1
DA:126,1
DA:127,1
DA:128,1
DA:129,1
DA:130,1
DA:132,1
DA:133,1
DA:134,1
DA:136,1
DA:137,1
DA:139,1
DA:140,1
LF:83
LH:75
BRDA:5,1,0,0
BRDA:5,1,1,1
BRDA:5,2,0,0
BRDA:5,2,1,1
BRDA:5,3,0,0
BRDA:5,3,1,1
BRDA:5,4,0,0
BRDA:5,4,1,1
BRDA:5,5,0,1
BRDA:5,5,1,0
BRDA:5,6,0,0
BRDA:5,6,1,1
BRDA:5,7,0,1
BRDA:5,7,1,0
BRDA:5,8,0,1
BRDA:5,8,1,0
BRDA:5,9,0,1
BRDA:5,9,1,1
BRDA:9,10,0,0
BRDA:9,10,1,1
BRDA:9,11,0,0
BRDA:9,11,1,1
BRDA:9,12,0,0
BRDA:9,12,1,1
BRDA:9,13,0,0
BRDA:9,13,1,1
BRDA:9,14,0,1
BRDA:9,14,1,0
BRDA:9,15,0,0
BRDA:9,15,1,1
BRDA:9,16,0,1
BRDA:9,16,1,0
BRDA:9,17,0,1
BRDA:9,17,1,0
BRDA:9,18,0,1
BRDA:9,18,1,1
BRDA:11,19,0,0
BRDA:11,19,1,1
BRDA:11,20,0,0
BRDA:11,20,1,1
BRDA:11,21,0,0
BRDA:11,21,1,1
BRDA:11,22,0,0
BRDA:11,22,1,1
BRDA:11,23,0,1
BRDA:11,23,1,0
BRDA:11,24,0,0
BRDA:11,24,1,1
BRDA:11,25,0,1
BRDA:11,25,1,0
BRDA:11,26,0,1
BRDA:11,26,1,0
BRDA:11,27,0,1
BRDA:11,27,1,1
BRDA:64,28,0,7
BRDA:64,28,1,0
BRDA:70,29,0,1
BRDA:70,29,1,0
BRDA:76,30,0,0
BRDA:76,30,1,0
BRDA:82,31,0,1
BRDA:82,31,1,0
BRDA:90,32,0,1
BRDA:90,32,1,1
BRF:64
BRH:35
end_of_record
