{"/home/vicky/closer.js/lib/src/repl.js":{"path":"/home/vicky/closer.js/lib/src/repl.js","s":{"1":1,"2":1,"3":1,"4":1,"5":1,"6":1,"7":1,"8":908,"9":17096,"10":1091,"11":1091,"12":17096,"13":908,"14":1,"15":911,"16":911,"17":1,"18":1,"19":0,"20":1,"21":0},"b":{"1":[0,1],"2":[0,1],"3":[0,1],"4":[0,1],"5":[1,0],"6":[0,1],"7":[1,0],"8":[1,0],"9":[1,1],"10":[0,1],"11":[0,1],"12":[0,1],"13":[0,1],"14":[1,0],"15":[0,1],"16":[1,0],"17":[1,0],"18":[1,1],"19":[1091,16005],"20":[0,1],"21":[1,0],"22":[0,1],"23":[1,0]},"f":{"1":1,"2":908,"3":17096,"4":911,"5":911},"fnMap":{"1":{"name":"(anonymous_1)","line":1,"loc":{"start":{"line":1,"column":1},"end":{"line":1,"column":12}}},"2":{"name":"(anonymous_2)","line":12,"loc":{"start":{"line":12,"column":19},"end":{"line":12,"column":33}}},"3":{"name":"(anonymous_3)","line":14,"loc":{"start":{"line":14,"column":13},"end":{"line":14,"column":28}}},"4":{"name":"(anonymous_4)","line":26,"loc":{"start":{"line":26,"column":11},"end":{"line":26,"column":34}}},"5":{"name":"(anonymous_5)","line":29,"loc":{"start":{"line":29,"column":16},"end":{"line":29,"column":39}}}},"statementMap":{"1":{"start":{"line":1,"column":0},"end":{"line":44,"column":14}},"2":{"start":{"line":2,"column":2},"end":{"line":2,"column":111}},"3":{"start":{"line":4,"column":2},"end":{"line":4,"column":329}},"4":{"start":{"line":6,"column":2},"end":{"line":6,"column":352}},"5":{"start":{"line":8,"column":2},"end":{"line":8,"column":35}},"6":{"start":{"line":10,"column":2},"end":{"line":10,"column":37}},"7":{"start":{"line":12,"column":2},"end":{"line":23,"column":4}},"8":{"start":{"line":13,"column":4},"end":{"line":21,"column":7}},"9":{"start":{"line":15,"column":8},"end":{"line":18,"column":9}},"10":{"start":{"line":16,"column":10},"end":{"line":16,"column":35}},"11":{"start":{"line":17,"column":10},"end":{"line":17,"column":32}},"12":{"start":{"line":19,"column":8},"end":{"line":19,"column":20}},"13":{"start":{"line":22,"column":4},"end":{"line":22,"column":15}},"14":{"start":{"line":25,"column":2},"end":{"line":32,"column":4}},"15":{"start":{"line":27,"column":6},"end":{"line":27,"column":128}},"16":{"start":{"line":30,"column":6},"end":{"line":30,"column":58}},"17":{"start":{"line":34,"column":2},"end":{"line":34,"column":24}},"18":{"start":{"line":36,"column":2},"end":{"line":38,"column":3}},"19":{"start":{"line":37,"column":4},"end":{"line":37,"column":21}},"20":{"start":{"line":40,"column":2},"end":{"line":42,"column":3}},"21":{"start":{"line":41,"column":4},"end":{"line":41,"column":23}}},"branchMap":{"1":{"line":4,"type":"cond-expr","locations":[{"start":{"line":4,"column":302},"end":{"line":4,"column":306}},{"start":{"line":4,"column":309},"end":{"line":4,"column":328}}]},"2":{"line":4,"type":"cond-expr","locations":[{"start":{"line":4,"column":209},"end":{"line":4,"column":214}},{"start":{"line":4,"column":217},"end":{"line":4,"column":290}}]},"3":{"line":4,"type":"cond-expr","locations":[{"start":{"line":4,"column":122},"end":{"line":4,"column":127}},{"start":{"line":4,"column":130},"end":{"line":4,"column":197}}]},"4":{"line":4,"type":"cond-expr","locations":[{"start":{"line":4,"column":88},"end":{"line":4,"column":101}},{"start":{"line":4,"column":104},"end":{"line":4,"column":110}}]},"5":{"line":4,"type":"binary-expr","locations":[{"start":{"line":4,"column":37},"end":{"line":4,"column":66}},{"start":{"line":4,"column":70},"end":{"line":4,"column":85}}]},"6":{"line":4,"type":"cond-expr","locations":[{"start":{"line":4,"column":177},"end":{"line":4,"column":188}},{"start":{"line":4,"column":191},"end":{"line":4,"column":197}}]},"7":{"line":4,"type":"binary-expr","locations":[{"start":{"line":4,"column":130},"end":{"line":4,"column":157}},{"start":{"line":4,"column":161},"end":{"line":4,"column":174}}]},"8":{"line":4,"type":"cond-expr","locations":[{"start":{"line":4,"column":268},"end":{"line":4,"column":281}},{"start":{"line":4,"column":284},"end":{"line":4,"column":290}}]},"9":{"line":4,"type":"binary-expr","locations":[{"start":{"line":4,"column":217},"end":{"line":4,"column":246}},{"start":{"line":4,"column":250},"end":{"line":4,"column":265}}]},"10":{"line":6,"type":"cond-expr","locations":[{"start":{"line":6,"column":319},"end":{"line":6,"column":324}},{"start":{"line":6,"column":327},"end":{"line":6,"column":351}}]},"11":{"line":6,"type":"cond-expr","locations":[{"start":{"line":6,"column":222},"end":{"line":6,"column":227}},{"start":{"line":6,"column":230},"end":{"line":6,"column":307}}]},"12":{"line":6,"type":"cond-expr","locations":[{"start":{"line":6,"column":131},"end":{"line":6,"column":136}},{"start":{"line":6,"column":139},"end":{"line":6,"column":210}}]},"13":{"line":6,"type":"cond-expr","locations":[{"start":{"line":6,"column":93},"end":{"line":6,"column":110}},{"start":{"line":6,"column":113},"end":{"line":6,"column":119}}]},"14":{"line":6,"type":"binary-expr","locations":[{"start":{"line":6,"column":42},"end":{"line":6,"column":71}},{"start":{"line":6,"column":75},"end":{"line":6,"column":90}}]},"15":{"line":6,"type":"cond-expr","locations":[{"start":{"line":6,"column":186},"end":{"line":6,"column":201}},{"start":{"line":6,"column":204},"end":{"line":6,"column":210}}]},"16":{"line":6,"type":"binary-expr","locations":[{"start":{"line":6,"column":139},"end":{"line":6,"column":166}},{"start":{"line":6,"column":170},"end":{"line":6,"column":183}}]},"17":{"line":6,"type":"cond-expr","locations":[{"start":{"line":6,"column":281},"end":{"line":6,"column":298}},{"start":{"line":6,"column":301},"end":{"line":6,"column":307}}]},"18":{"line":6,"type":"binary-expr","locations":[{"start":{"line":6,"column":230},"end":{"line":6,"column":259}},{"start":{"line":6,"column":263},"end":{"line":6,"column":278}}]},"19":{"line":15,"type":"if","locations":[{"start":{"line":15,"column":8},"end":{"line":15,"column":8}},{"start":{"line":15,"column":8},"end":{"line":15,"column":8}}]},"20":{"line":36,"type":"if","locations":[{"start":{"line":36,"column":2},"end":{"line":36,"column":2}},{"start":{"line":36,"column":2},"end":{"line":36,"column":2}}]},"21":{"line":36,"type":"binary-expr","locations":[{"start":{"line":36,"column":6},"end":{"line":36,"column":33}},{"start":{"line":36,"column":37},"end":{"line":36,"column":50}}]},"22":{"line":40,"type":"if","locations":[{"start":{"line":40,"column":2},"end":{"line":40,"column":2}},{"start":{"line":40,"column":2},"end":{"line":40,"column":2}}]},"23":{"line":40,"type":"binary-expr","locations":[{"start":{"line":40,"column":6},"end":{"line":40,"column":35}},{"start":{"line":40,"column":39},"end":{"line":40,"column":54}}]}}},"/home/vicky/closer.js/lib/src/closer.js":{"path":"/home/vicky/closer.js/lib/src/closer.js","s":{"1":1,"2":1,"3":1,"4":1,"5":1,"6":1,"7":1,"8":34,"9":0,"10":1,"11":14116,"12":14116,"13":14116,"14":14116,"15":0,"16":1,"17":2697,"18":2697,"19":2697,"20":2697,"21":1,"22":10840,"23":9864,"24":976,"25":1,"26":1,"27":1,"28":991,"29":991,"30":991,"31":1,"32":1,"33":990,"34":990,"35":990,"36":990,"37":990,"38":990,"39":1,"40":1,"41":1,"42":6,"43":6,"44":6,"45":6,"46":6,"47":6,"48":5,"49":5,"50":5,"51":1,"52":6,"53":6,"54":64,"55":64,"56":11,"57":53,"58":2,"59":2,"60":2,"61":0,"62":2,"63":0,"64":4,"65":4,"66":7,"67":7,"68":4,"69":1,"70":1,"71":990,"72":1,"73":990,"74":990,"75":6,"76":6,"77":4,"78":3,"79":3,"80":3,"81":3,"82":6,"83":1,"84":1,"85":1,"86":984,"87":970,"88":1,"89":1,"90":990,"91":31,"92":990,"93":1,"94":1,"95":0,"96":1,"97":0},"b":{"1":[14116,0],"2":[14116,14116],"3":[9864,976],"4":[990,959],"5":[990,990],"6":[990,990],"7":[5,1],"8":[11,53],"9":[2,51],"10":[2,0],"11":[0,2],"12":[6,984],"13":[1,5],"14":[6,3],"15":[31,959],"16":[0,1],"17":[1,0],"18":[0,1],"19":[1,0]},"f":{"1":1,"2":0,"3":14116,"4":2697,"5":10840,"6":991,"7":1,"8":990,"9":6,"10":1,"11":990,"12":990,"13":990},"fnMap":{"1":{"name":"(anonymous_1)","line":1,"loc":{"start":{"line":1,"column":1},"end":{"line":1,"column":12}}},"2":{"name":"(anonymous_2)","line":13,"loc":{"start":{"line":13,"column":21},"end":{"line":13,"column":54}}},"3":{"name":"(anonymous_3)","line":18,"loc":{"start":{"line":18,"column":19},"end":{"line":18,"column":58}}},"4":{"name":"(anonymous_4)","line":28,"loc":{"start":{"line":28,"column":22},"end":{"line":28,"column":43}}},"5":{"name":"(anonymous_5)","line":35,"loc":{"start":{"line":35,"column":18},"end":{"line":35,"column":32}}},"6":{"name":"(anonymous_6)","line":56,"loc":{"start":{"line":56,"column":17},"end":{"line":56,"column":43}}},"7":{"name":"(anonymous_7)","line":62,"loc":{"start":{"line":62,"column":12},"end":{"line":62,"column":23}}},"8":{"name":"Parser","line":63,"loc":{"start":{"line":63,"column":4},"end":{"line":63,"column":29}}},"9":{"name":"(anonymous_9)","line":78,"loc":{"start":{"line":78,"column":22},"end":{"line":78,"column":39}}},"10":{"name":"(anonymous_10)","line":121,"loc":{"start":{"line":121,"column":12},"end":{"line":121,"column":23}}},"11":{"name":"Closer","line":122,"loc":{"start":{"line":122,"column":4},"end":{"line":122,"column":29}}},"12":{"name":"(anonymous_12)","line":126,"loc":{"start":{"line":126,"column":29},"end":{"line":126,"column":55}}},"13":{"name":"(anonymous_13)","line":154,"loc":{"start":{"line":154,"column":11},"end":{"line":154,"column":34}}}},"statementMap":{"1":{"start":{"line":1,"column":0},"end":{"line":173,"column":14}},"2":{"start":{"line":2,"column":2},"end":{"line":2,"column":87}},"3":{"start":{"line":4,"column":2},"end":{"line":4,"column":38}},"4":{"start":{"line":6,"column":2},"end":{"line":6,"column":29}},"5":{"start":{"line":8,"column":2},"end":{"line":8,"column":15}},"6":{"start":{"line":10,"column":2},"end":{"line":10,"column":29}},"7":{"start":{"line":12,"column":2},"end":{"line":16,"column":3}},"8":{"start":{"line":13,"column":4},"end":{"line":15,"column":6}},"9":{"start":{"line":14,"column":6},"end":{"line":14,"column":50}},"10":{"start":{"line":18,"column":2},"end":{"line":26,"column":4}},"11":{"start":{"line":19,"column":4},"end":{"line":19,"column":18}},"12":{"start":{"line":20,"column":4},"end":{"line":20,"column":54}},"13":{"start":{"line":21,"column":4},"end":{"line":25,"column":5}},"14":{"start":{"line":22,"column":6},"end":{"line":22,"column":56}},"15":{"start":{"line":24,"column":6},"end":{"line":24,"column":61}},"16":{"start":{"line":28,"column":2},"end":{"line":33,"column":4}},"17":{"start":{"line":29,"column":4},"end":{"line":29,"column":36}},"18":{"start":{"line":30,"column":4},"end":{"line":30,"column":40}},"19":{"start":{"line":31,"column":4},"end":{"line":31,"column":49}},"20":{"start":{"line":32,"column":4},"end":{"line":32,"column":17}},"21":{"start":{"line":35,"column":2},"end":{"line":50,"column":4}},"22":{"start":{"line":36,"column":4},"end":{"line":38,"column":5}},"23":{"start":{"line":37,"column":6},"end":{"line":37,"column":18}},"24":{"start":{"line":39,"column":4},"end":{"line":49,"column":6}},"25":{"start":{"line":52,"column":2},"end":{"line":52,"column":37}},"26":{"start":{"line":54,"column":2},"end":{"line":54,"column":26}},"27":{"start":{"line":56,"column":2},"end":{"line":60,"column":4}},"28":{"start":{"line":57,"column":4},"end":{"line":57,"column":21}},"29":{"start":{"line":58,"column":4},"end":{"line":58,"column":30}},"30":{"start":{"line":59,"column":4},"end":{"line":59,"column":39}},"31":{"start":{"line":62,"column":2},"end":{"line":74,"column":7}},"32":{"start":{"line":63,"column":4},"end":{"line":70,"column":5}},"33":{"start":{"line":64,"column":6},"end":{"line":64,"column":43}},"34":{"start":{"line":65,"column":6},"end":{"line":65,"column":46}},"35":{"start":{"line":66,"column":6},"end":{"line":66,"column":57}},"36":{"start":{"line":67,"column":6},"end":{"line":67,"column":46}},"37":{"start":{"line":68,"column":6},"end":{"line":68,"column":44}},"38":{"start":{"line":69,"column":6},"end":{"line":69,"column":44}},"39":{"start":{"line":72,"column":4},"end":{"line":72,"column":18}},"40":{"start":{"line":76,"column":2},"end":{"line":76,"column":28}},"41":{"start":{"line":78,"column":2},"end":{"line":119,"column":4}},"42":{"start":{"line":79,"column":4},"end":{"line":79,"column":80}},"43":{"start":{"line":80,"column":4},"end":{"line":84,"column":6}},"44":{"start":{"line":85,"column":4},"end":{"line":85,"column":21}},"45":{"start":{"line":86,"column":4},"end":{"line":86,"column":22}},"46":{"start":{"line":87,"column":4},"end":{"line":87,"column":50}},"47":{"start":{"line":88,"column":4},"end":{"line":94,"column":5}},"48":{"start":{"line":89,"column":6},"end":{"line":89,"column":39}},"49":{"start":{"line":90,"column":6},"end":{"line":90,"column":49}},"50":{"start":{"line":91,"column":6},"end":{"line":91,"column":61}},"51":{"start":{"line":93,"column":6},"end":{"line":93,"column":25}},"52":{"start":{"line":95,"column":4},"end":{"line":95,"column":16}},"53":{"start":{"line":96,"column":4},"end":{"line":112,"column":5}},"54":{"start":{"line":97,"column":6},"end":{"line":97,"column":21}},"55":{"start":{"line":98,"column":6},"end":{"line":111,"column":7}},"56":{"start":{"line":99,"column":8},"end":{"line":99,"column":23}},"57":{"start":{"line":100,"column":13},"end":{"line":111,"column":7}},"58":{"start":{"line":101,"column":8},"end":{"line":101,"column":41}},"59":{"start":{"line":102,"column":8},"end":{"line":110,"column":9}},"60":{"start":{"line":103,"column":10},"end":{"line":107,"column":11}},"61":{"start":{"line":104,"column":12},"end":{"line":104,"column":25}},"62":{"start":{"line":106,"column":12},"end":{"line":106,"column":76}},"63":{"start":{"line":109,"column":10},"end":{"line":109,"column":72}},"64":{"start":{"line":113,"column":4},"end":{"line":113,"column":21}},"65":{"start":{"line":114,"column":4},"end":{"line":117,"column":5}},"66":{"start":{"line":115,"column":6},"end":{"line":115,"column":21}},"67":{"start":{"line":116,"column":6},"end":{"line":116,"column":25}},"68":{"start":{"line":118,"column":4},"end":{"line":118,"column":58}},"69":{"start":{"line":121,"column":2},"end":{"line":151,"column":7}},"70":{"start":{"line":122,"column":4},"end":{"line":124,"column":5}},"71":{"start":{"line":123,"column":6},"end":{"line":123,"column":40}},"72":{"start":{"line":126,"column":4},"end":{"line":147,"column":6}},"73":{"start":{"line":127,"column":6},"end":{"line":127,"column":40}},"74":{"start":{"line":128,"column":6},"end":{"line":145,"column":7}},"75":{"start":{"line":129,"column":8},"end":{"line":137,"column":9}},"76":{"start":{"line":130,"column":10},"end":{"line":130,"column":88}},"77":{"start":{"line":131,"column":10},"end":{"line":131,"column":51}},"78":{"start":{"line":133,"column":10},"end":{"line":133,"column":21}},"79":{"start":{"line":134,"column":10},"end":{"line":134,"column":22}},"80":{"start":{"line":135,"column":10},"end":{"line":135,"column":30}},"81":{"start":{"line":136,"column":10},"end":{"line":136,"column":51}},"82":{"start":{"line":138,"column":8},"end":{"line":142,"column":9}},"83":{"start":{"line":139,"column":10},"end":{"line":139,"column":78}},"84":{"start":{"line":140,"column":10},"end":{"line":140,"column":58}},"85":{"start":{"line":141,"column":10},"end":{"line":141,"column":27}},"86":{"start":{"line":144,"column":8},"end":{"line":144,"column":49}},"87":{"start":{"line":146,"column":6},"end":{"line":146,"column":17}},"88":{"start":{"line":149,"column":4},"end":{"line":149,"column":18}},"89":{"start":{"line":153,"column":2},"end":{"line":161,"column":4}},"90":{"start":{"line":155,"column":6},"end":{"line":157,"column":7}},"91":{"start":{"line":156,"column":8},"end":{"line":156,"column":21}},"92":{"start":{"line":158,"column":6},"end":{"line":158,"column":53}},"93":{"start":{"line":163,"column":2},"end":{"line":163,"column":26}},"94":{"start":{"line":165,"column":2},"end":{"line":167,"column":3}},"95":{"start":{"line":166,"column":4},"end":{"line":166,"column":25}},"96":{"start":{"line":169,"column":2},"end":{"line":171,"column":3}},"97":{"start":{"line":170,"column":4},"end":{"line":170,"column":27}}},"branchMap":{"1":{"line":21,"type":"if","locations":[{"start":{"line":21,"column":4},"end":{"line":21,"column":4}},{"start":{"line":21,"column":4},"end":{"line":21,"column":4}}]},"2":{"line":21,"type":"binary-expr","locations":[{"start":{"line":21,"column":8},"end":{"line":21,"column":15}},{"start":{"line":21,"column":19},"end":{"line":21,"column":39}}]},"3":{"line":36,"type":"if","locations":[{"start":{"line":36,"column":4},"end":{"line":36,"column":4}},{"start":{"line":36,"column":4},"end":{"line":36,"column":4}}]},"4":{"line":66,"type":"binary-expr","locations":[{"start":{"line":66,"column":26},"end":{"line":66,"column":38}},{"start":{"line":66,"column":42},"end":{"line":66,"column":56}}]},"5":{"line":67,"type":"binary-expr","locations":[{"start":{"line":67,"column":23},"end":{"line":67,"column":37}},{"start":{"line":67,"column":41},"end":{"line":67,"column":45}}]},"6":{"line":68,"type":"binary-expr","locations":[{"start":{"line":68,"column":26},"end":{"line":68,"column":38}},{"start":{"line":68,"column":42},"end":{"line":68,"column":43}}]},"7":{"line":88,"type":"if","locations":[{"start":{"line":88,"column":4},"end":{"line":88,"column":4}},{"start":{"line":88,"column":4},"end":{"line":88,"column":4}}]},"8":{"line":98,"type":"if","locations":[{"start":{"line":98,"column":6},"end":{"line":98,"column":6}},{"start":{"line":98,"column":6},"end":{"line":98,"column":6}}]},"9":{"line":100,"type":"if","locations":[{"start":{"line":100,"column":13},"end":{"line":100,"column":13}},{"start":{"line":100,"column":13},"end":{"line":100,"column":13}}]},"10":{"line":102,"type":"if","locations":[{"start":{"line":102,"column":8},"end":{"line":102,"column":8}},{"start":{"line":102,"column":8},"end":{"line":102,"column":8}}]},"11":{"line":103,"type":"if","locations":[{"start":{"line":103,"column":10},"end":{"line":103,"column":10}},{"start":{"line":103,"column":10},"end":{"line":103,"column":10}}]},"12":{"line":128,"type":"if","locations":[{"start":{"line":128,"column":6},"end":{"line":128,"column":6}},{"start":{"line":128,"column":6},"end":{"line":128,"column":6}}]},"13":{"line":138,"type":"if","locations":[{"start":{"line":138,"column":8},"end":{"line":138,"column":8}},{"start":{"line":138,"column":8},"end":{"line":138,"column":8}}]},"14":{"line":138,"type":"binary-expr","locations":[{"start":{"line":138,"column":12},"end":{"line":138,"column":14}},{"start":{"line":138,"column":18},"end":{"line":138,"column":37}}]},"15":{"line":155,"type":"if","locations":[{"start":{"line":155,"column":6},"end":{"line":155,"column":6}},{"start":{"line":155,"column":6},"end":{"line":155,"column":6}}]},"16":{"line":165,"type":"if","locations":[{"start":{"line":165,"column":2},"end":{"line":165,"column":2}},{"start":{"line":165,"column":2},"end":{"line":165,"column":2}}]},"17":{"line":165,"type":"binary-expr","locations":[{"start":{"line":165,"column":6},"end":{"line":165,"column":33}},{"start":{"line":165,"column":37},"end":{"line":165,"column":50}}]},"18":{"line":169,"type":"if","locations":[{"start":{"line":169,"column":2},"end":{"line":169,"column":2}},{"start":{"line":169,"column":2},"end":{"line":169,"column":2}}]},"19":{"line":169,"type":"binary-expr","locations":[{"start":{"line":169,"column":6},"end":{"line":169,"column":35}},{"start":{"line":169,"column":39},"end":{"line":169,"column":54}}]}}},"/home/vicky/closer.js/lib/src/parser.js":{"path":"/home/vicky/closer.js/lib/src/parser.js","s":{"1":1,"2":1,"3":56,"4":56,"5":1,"6":20948,"7":20948,"8":1508,"9":1508,"10":222,"11":222,"12":1583,"13":1583,"14":1583,"15":1583,"16":100,"17":100,"18":29,"19":29,"20":23,"21":29,"22":3,"23":29,"24":29,"25":29,"26":29,"27":29,"28":29,"29":1879,"30":1879,"31":92,"32":92,"33":184,"34":184,"35":50,"36":50,"37":14,"38":14,"39":83,"40":83,"41":331,"42":331,"43":98,"44":98,"45":141,"46":141,"47":120,"48":120,"49":1217,"50":1217,"51":35,"52":35,"53":10,"54":1,"55":9,"56":9,"57":3410,"58":3410,"59":8,"60":8,"61":2,"62":2,"63":2,"64":3,"65":3,"66":3,"67":3,"68":3,"69":3,"70":3,"71":2,"72":2,"73":2,"74":2,"75":2,"76":2,"77":2,"78":10,"79":10,"80":10,"81":10,"82":13,"83":13,"84":13,"85":8,"86":8,"87":8,"88":29,"89":29,"90":29,"91":29,"92":29,"93":2,"94":2,"95":29,"96":29,"97":29,"98":29,"99":17,"100":17,"101":33,"102":33,"103":33,"104":33,"105":242,"106":29,"107":3,"108":26,"109":17,"110":29,"111":29,"112":33,"113":33,"114":17,"115":33,"116":33,"117":33,"118":33,"119":2,"120":2,"121":2,"122":33,"123":33,"124":33,"125":33,"126":14,"127":14,"128":8,"129":8,"130":8,"131":3,"132":5,"133":14,"134":4,"135":4,"136":4,"137":4,"138":4,"139":4,"140":4,"141":1,"142":3,"143":4,"144":2,"145":2,"146":1,"147":1,"148":1,"149":1,"150":5,"151":5,"152":5,"153":2,"154":2,"155":2,"156":14,"157":14,"158":29,"159":29,"160":29,"161":29,"162":29,"163":29,"164":29,"165":21,"166":21,"167":21,"168":21,"169":21,"170":21,"171":21,"172":2,"173":2,"174":1,"175":1,"176":1,"177":6,"178":6,"179":146,"180":146,"181":2,"182":144,"183":6,"184":7,"185":7,"186":7,"187":6,"188":6,"189":6,"190":6,"191":13,"192":13,"193":6,"194":6,"195":6,"196":6,"197":7,"198":6,"199":6,"200":6,"201":6,"202":6,"203":6,"204":8,"205":8,"206":8,"207":11,"208":11,"209":11,"210":11,"211":11,"212":11,"213":8,"214":8,"215":8,"216":2,"217":2,"218":2,"219":2,"220":2,"221":2,"222":2,"223":2,"224":2,"225":2,"226":2,"227":2,"228":2,"229":2,"230":2,"231":2,"232":2,"233":2,"234":2,"235":1,"236":1,"237":1,"238":12,"239":12,"240":12,"241":12,"242":3,"243":9,"244":12,"245":3,"246":3,"247":1,"248":1,"249":8,"250":8,"251":1114,"252":1114,"253":1114,"254":1114,"255":1114,"256":1114,"257":2,"258":2,"259":32,"260":32,"261":209,"262":209,"263":209,"264":2552,"265":2552,"266":1024,"267":1074,"268":1024,"269":7,"270":7,"271":7,"272":43,"273":43,"274":29,"275":29,"276":965,"277":965,"278":965,"279":965,"280":965,"281":0,"282":5,"283":5,"284":5,"285":5,"286":0,"287":20,"288":0,"289":20,"290":991,"291":991,"292":991,"293":991,"294":991,"295":43604,"296":43604,"297":991,"298":991,"299":991,"300":991,"301":0,"302":991,"303":991,"304":991,"305":991,"306":0,"307":991,"308":1,"309":0,"310":0,"311":0,"312":991,"313":1,"314":9551,"315":9551,"316":9551,"317":3,"318":9551,"319":991,"320":991,"321":30498,"322":30498,"323":2540,"324":27958,"325":9551,"326":27958,"327":30498,"328":20,"329":20,"330":20,"331":210,"332":148,"333":20,"334":20,"335":0,"336":20,"337":30478,"338":0,"339":30478,"340":9530,"341":9530,"342":9530,"343":9530,"344":9530,"345":9530,"346":9530,"347":9530,"348":9530,"349":9530,"350":9530,"351":0,"352":0,"353":0,"354":9530,"355":20948,"356":20948,"357":20948,"358":20948,"359":20948,"360":20948,"361":20947,"362":970,"363":19977,"364":19553,"365":19553,"366":19553,"367":19977,"368":19977,"369":19977,"370":19977,"371":19977,"372":19977,"373":0,"374":0,"375":1,"376":1,"377":1,"378":1,"379":1,"380":971,"381":1,"382":70,"383":70,"384":70,"385":70,"386":78,"387":78,"388":64,"389":14,"390":14,"391":14,"392":14,"393":70,"394":9,"395":7,"396":7,"397":2,"398":2,"399":2,"400":2,"401":2,"402":70,"403":1,"404":7,"405":7,"406":7,"407":7,"408":14,"409":14,"410":11,"411":11,"412":11,"413":11,"414":3,"415":3,"416":3,"417":3,"418":7,"419":1,"420":48,"421":41,"422":7,"423":7,"424":1,"425":19,"426":19,"427":19,"428":19,"429":19,"430":19,"431":19,"432":19,"433":19,"434":19,"435":19,"436":19,"437":19,"438":3,"439":3,"440":3,"441":3,"442":3,"443":19,"444":1,"445":35,"446":35,"447":1128,"448":5,"449":1123,"450":8,"451":8,"452":8,"453":8,"454":7,"455":7,"456":7,"457":8,"458":112,"459":11,"460":11,"461":11,"462":11,"463":8,"464":8,"465":8,"466":35,"467":1,"468":33,"469":33,"470":33,"471":1,"472":2,"473":1,"474":965,"475":14318,"476":31,"477":1,"478":1243,"479":1188,"480":55,"481":1,"482":62,"483":62,"484":7,"485":62,"486":62,"487":62,"488":1,"489":139,"490":0,"491":139,"492":139,"493":114,"494":25,"495":9,"496":9,"497":1,"498":9,"499":16,"500":123,"501":132,"502":132,"503":1,"504":131,"505":87,"506":87,"507":87,"508":44,"509":123,"510":1,"511":11,"512":11,"513":7,"514":4,"515":11,"516":1,"517":7,"518":7,"519":6,"520":7,"521":1,"522":98,"523":98,"524":1,"525":102,"526":102,"527":102,"528":1,"529":1973,"530":1973,"531":35,"532":35,"533":1938,"534":1973,"535":1,"536":2311,"537":1,"538":690,"539":1,"540":1,"541":1,"542":2192,"543":2192,"544":9,"545":2183,"546":842,"547":1,"548":184,"549":0,"550":0,"551":1,"552":970,"553":14323,"554":0,"555":14323,"556":970,"557":14323,"558":967,"559":14323,"560":11104,"561":14323,"562":1,"563":2005,"564":1,"565":1,"566":0,"567":0,"568":0,"569":991,"570":991,"571":991,"572":991,"573":991,"574":991,"575":991,"576":991,"577":991,"578":991,"579":991,"580":0,"581":0,"582":0,"583":0,"584":0,"585":0,"586":0,"587":0,"588":0,"589":0,"590":0,"591":0,"592":0,"593":0,"594":0,"595":0,"596":0,"597":0,"598":0,"599":0,"600":0,"601":0,"602":0,"603":0,"604":0,"605":0,"606":0,"607":0,"608":0,"609":0,"610":0,"611":0,"612":0,"613":0,"614":0,"615":0,"616":0,"617":0,"618":20,"619":20,"620":20,"621":20,"622":20,"623":20,"624":20,"625":20,"626":20,"627":12854,"628":12854,"629":0,"630":0,"631":0,"632":12854,"633":12854,"634":37,"635":12854,"636":12854,"637":12854,"638":12854,"639":12854,"640":12854,"641":12854,"642":12854,"643":12854,"644":12854,"645":12854,"646":12854,"647":12854,"648":0,"649":12854,"650":9551,"651":3303,"652":0,"653":0,"654":0,"655":3303,"656":12854,"657":0,"658":12854,"659":970,"660":12854,"661":12854,"662":12854,"663":12854,"664":12854,"665":12854,"666":371700,"667":371700,"668":13015,"669":13015,"670":13015,"671":0,"672":0,"673":0,"674":0,"675":0,"676":0,"677":0,"678":13015,"679":0,"680":12854,"681":12854,"682":12854,"683":9551,"684":3303,"685":0,"686":0,"687":0,"688":12854,"689":12854,"690":9551,"691":3303,"692":8578,"693":0,"694":0,"695":0,"696":0,"697":12854,"698":12854,"699":0,"700":0,"701":0,"702":0,"703":0,"704":0,"705":0,"706":12854,"707":12854,"708":3299,"709":4,"710":1882,"711":1882,"712":0,"713":92,"714":92,"715":0,"716":184,"717":184,"718":184,"719":0,"720":29,"721":29,"722":0,"723":10,"724":10,"725":0,"726":1369,"727":1369,"728":0,"729":1352,"730":1352,"731":0,"732":419,"733":419,"734":0,"735":415,"736":415,"737":0,"738":270,"739":270,"740":0,"741":270,"742":270,"743":0,"744":153,"745":153,"746":0,"747":98,"748":98,"749":0,"750":100,"751":100,"752":0,"753":15,"754":15,"755":0,"756":15,"757":15,"758":0,"759":15,"760":15,"761":0,"762":17,"763":17,"764":0,"765":15,"766":15,"767":0,"768":5,"769":5,"770":0,"771":2,"772":2,"773":0,"774":1,"775":1,"776":0,"777":2,"778":2,"779":0,"780":22,"781":22,"782":0,"783":7,"784":7,"785":0,"786":8,"787":8,"788":0,"789":5,"790":5,"791":0,"792":2,"793":2,"794":0,"795":3,"796":3,"797":0,"798":4,"799":4,"800":0,"801":4,"802":4,"803":0,"804":1,"805":1,"806":0,"807":3,"808":3,"809":0,"810":10,"811":10,"812":0,"813":3,"814":3,"815":0,"816":2,"817":2,"818":0,"819":50,"820":50,"821":0,"822":14,"823":14,"824":0,"825":83,"826":83,"827":0,"828":1627,"829":1627,"830":0,"831":3,"832":0,"833":970,"834":0,"835":0,"836":0,"837":1,"838":1,"839":1,"840":1,"841":1,"842":1,"843":1,"844":1,"845":1,"846":1,"847":1,"848":0,"849":1,"850":0,"851":0,"852":0,"853":0,"854":0,"855":1,"856":0},"b":{"1":[1508,5,51,80,222,5,56,1583,100,29,1879,92,184,50,14,83,331,98,141,120,11,1217,35,10,9,21,2725,3410,8,2,3,2,10,13,8,29,17,33,14,4,2,1,5,2,14,29,29,21,2,1,6,8,2,2,1,12,3,1,8,1114,2,32,209,2552,1024,7,43,29,965,5],"2":[6,1502],"3":[23,6],"4":[3,26],"5":[3,26],"6":[1,9],"7":[10,1],"8":[2,27],"9":[29,213],"10":[242,109],"11":[3,26],"12":[17,9],"13":[2,31],"14":[8,6],"15":[14,13,10],"16":[3,5],"17":[4,0],"18":[4,4,3],"19":[1,3],"20":[146,142],"21":[2,144],"22":[146,14],"23":[6,7],"24":[6,0],"25":[3,9],"26":[0,20],"27":[43604,0],"28":[0,991],"29":[991,991],"30":[0,991],"31":[9551,0],"32":[3,9548],"33":[3,3],"34":[2540,27958],"35":[9551,18407],"36":[27958,19398],"37":[27958,27958],"38":[20,30478],"39":[30498,30478,30478],"40":[148,62],"41":[210,148],"42":[20,0],"43":[20,3],"44":[0,0],"45":[0,0],"46":[20,3],"47":[0,30478],"48":[30478,0],"49":[9530,20948,0],"50":[9530,0],"51":[0,9530],"52":[20948,424],"53":[20948,424],"54":[20948,0],"55":[20948,424],"56":[970,19977],"57":[19553,424],"58":[64,14],"59":[78,64],"60":[14,0],"61":[14,9],"62":[9,61],"63":[7,2],"64":[9,7],"65":[2,0],"66":[2,0],"67":[11,3],"68":[14,11],"69":[3,0],"70":[3,3],"71":[41,7],"72":[48,41],"73":[7,0],"74":[7,7],"75":[5,1123],"76":[1128,1123],"77":[8,1115],"78":[1123,80],"79":[7,1],"80":[7,1],"81":[8,7],"82":[11,101],"83":[112,48],"84":[7,1],"85":[2,0],"86":[31,14287],"87":[1188,55],"88":[7,55],"89":[0,139],"90":[139,139,139],"91":[114,25],"92":[9,16],"93":[1,8],"94":[1,131],"95":[87,44],"96":[7,4],"97":[35,1938],"98":[9,2183],"99":[0,14323],"100":[0,0],"101":[967,13356],"102":[14323,2087],"103":[11104,3219],"104":[14323,12231],"105":[185,1820],"106":[0,0],"107":[991,0,0],"108":[991,0],"109":[0,0],"110":[0,0],"111":[0,0],"112":[0,0],"113":[0,0],"114":[0,0],"115":[0,0],"116":[0,20],"117":[20,0],"118":[0,20],"119":[0,12854],"120":[0,0],"121":[37,12817],"122":[37,12817],"123":[12854,0],"124":[0,12854],"125":[12854,970],"126":[9551,3303],"127":[0,3303],"128":[0,12854],"129":[970,11884],"130":[12854,0],"131":[13015,358685],"132":[371700,37021,24167],"133":[0,13015],"134":[0,0],"135":[0,0],"136":[0,13015],"137":[12854,0],"138":[9551,3303],"139":[0,0],"140":[9551,3303],"141":[0,0],"142":[12854,0],"143":[12854,12854],"144":[0,0],"145":[0,0],"146":[3299,4,1882,92,184,29,10,1369,1352,419,415,270,270,153,98,100,15,15,15,17,15,5,2,1,2,22,7,8,5,2,3,4,4,1,3,10,3,2,50,14,83,1627,3,970,0],"147":[1,0],"148":[1,1],"149":[0,0],"150":[0,1],"151":[1,1]},"f":{"1":1,"2":56,"3":0,"4":20948,"5":242,"6":146,"7":20,"8":991,"9":0,"10":9551,"11":971,"12":70,"13":7,"14":48,"15":19,"16":35,"17":1128,"18":112,"19":33,"20":2,"21":965,"22":14318,"23":1243,"24":62,"25":139,"26":11,"27":7,"28":98,"29":102,"30":1973,"31":2311,"32":690,"33":2192,"34":842,"35":184,"36":0,"37":0,"38":970,"39":14323,"40":14323,"41":2005,"42":1,"43":0,"44":991,"45":0,"46":0,"47":0,"48":0,"49":0,"50":20,"51":20,"52":20,"53":12854,"54":12854,"55":12854,"56":8578,"57":0,"58":12854,"59":0,"60":0,"61":0,"62":12854,"63":1,"64":0,"65":0},"fnMap":{"1":{"name":"(anonymous_1)","line":74,"loc":{"start":{"line":74,"column":14},"end":{"line":74,"column":24}}},"2":{"name":"(anonymous_2)","line":75,"loc":{"start":{"line":75,"column":6},"end":{"line":75,"column":23}}},"3":{"name":"trace","line":76,"loc":{"start":{"line":76,"column":21},"end":{"line":76,"column":38}}},"4":{"name":"anonymous","line":81,"loc":{"start":{"line":81,"column":15},"end":{"line":81,"column":123}}},"5":{"name":"(anonymous_5)","line":247,"loc":{"start":{"line":247,"column":19},"end":{"line":247,"column":35}}},"6":{"name":"(anonymous_6)","line":385,"loc":{"start":{"line":385,"column":19},"end":{"line":385,"column":35}}},"7":{"name":"parseError","line":596,"loc":{"start":{"line":596,"column":12},"end":{"line":596,"column":43}}},"8":{"name":"parse","line":603,"loc":{"start":{"line":603,"column":7},"end":{"line":603,"column":29}}},"9":{"name":"popStack","line":627,"loc":{"start":{"line":627,"column":4},"end":{"line":627,"column":25}}},"10":{"name":"lex","line":633,"loc":{"start":{"line":633,"column":8},"end":{"line":633,"column":23}}},"11":{"name":"resetGeneratedIds","line":753,"loc":{"start":{"line":753,"column":0},"end":{"line":753,"column":29}}},"12":{"name":"processSeqDestrucForm","line":757,"loc":{"start":{"line":757,"column":0},"end":{"line":757,"column":41}}},"13":{"name":"processMapDestrucForm","line":787,"loc":{"start":{"line":787,"column":0},"end":{"line":787,"column":41}}},"14":{"name":"processDestrucForm","line":809,"loc":{"start":{"line":809,"column":0},"end":{"line":809,"column":38}}},"15":{"name":"processChildDestrucForm","line":817,"loc":{"start":{"line":817,"column":0},"end":{"line":817,"column":49}}},"16":{"name":"processRecurFormIfAny","line":867,"loc":{"start":{"line":867,"column":0},"end":{"line":867,"column":57}}},"17":{"name":"(anonymous_17)","line":870,"loc":{"start":{"line":870,"column":15},"end":{"line":870,"column":31}}},"18":{"name":"(anonymous_18)","line":886,"loc":{"start":{"line":886,"column":27},"end":{"line":886,"column":48}}},"19":{"name":"wrapInIIFE","line":906,"loc":{"start":{"line":906,"column":0},"end":{"line":906,"column":37}}},"20":{"name":"unwrapIIFE","line":921,"loc":{"start":{"line":921,"column":0},"end":{"line":921,"column":26}}},"21":{"name":"deleteExtraProperties","line":925,"loc":{"start":{"line":925,"column":0},"end":{"line":925,"column":37}}},"22":{"name":"(anonymous_22)","line":927,"loc":{"start":{"line":927,"column":15},"end":{"line":927,"column":31}}},"23":{"name":"wrapInExpressionStatement","line":935,"loc":{"start":{"line":935,"column":0},"end":{"line":935,"column":45}}},"24":{"name":"createArityCheckStmt","line":942,"loc":{"start":{"line":942,"column":0},"end":{"line":942,"column":64}}},"25":{"name":"createReturnStatementIfPossible","line":959,"loc":{"start":{"line":959,"column":0},"end":{"line":959,"column":51}}},"26":{"name":"createRestArgsDecl","line":988,"loc":{"start":{"line":988,"column":0},"end":{"line":988,"column":59}}},"27":{"name":"parseLogicalExpr","line":1010,"loc":{"start":{"line":1010,"column":0},"end":{"line":1010,"column":48}}},"28":{"name":"parseVarDecl","line":1018,"loc":{"start":{"line":1018,"column":0},"end":{"line":1018,"column":43}}},"29":{"name":"addVarDecl","line":1023,"loc":{"start":{"line":1023,"column":0},"end":{"line":1023,"column":47}}},"30":{"name":"parseNumLiteral","line":1029,"loc":{"start":{"line":1029,"column":0},"end":{"line":1029,"column":57}}},"31":{"name":"parseLiteral","line":1040,"loc":{"start":{"line":1040,"column":0},"end":{"line":1040,"column":51}}},"32":{"name":"parseCollectionLiteral","line":1044,"loc":{"start":{"line":1044,"column":0},"end":{"line":1044,"column":56}}},"33":{"name":"parseIdentifierName","line":1068,"loc":{"start":{"line":1068,"column":0},"end":{"line":1068,"column":35}}},"34":{"name":"(anonymous_34)","line":1074,"loc":{"start":{"line":1074,"column":40},"end":{"line":1074,"column":53}}},"35":{"name":"parseString","line":1077,"loc":{"start":{"line":1077,"column":0},"end":{"line":1077,"column":26}}},"36":{"name":"(anonymous_36)","line":1079,"loc":{"start":{"line":1079,"column":57},"end":{"line":1079,"column":79}}},"37":{"name":"(anonymous_37)","line":1082,"loc":{"start":{"line":1082,"column":42},"end":{"line":1082,"column":64}}},"38":{"name":"processLocsAndRanges","line":1096,"loc":{"start":{"line":1096,"column":0},"end":{"line":1096,"column":50}}},"39":{"name":"(anonymous_39)","line":1101,"loc":{"start":{"line":1101,"column":15},"end":{"line":1101,"column":31}}},"40":{"name":"(anonymous_40)","line":1108,"loc":{"start":{"line":1108,"column":15},"end":{"line":1108,"column":31}}},"41":{"name":"getValueIfUndefined","line":1118,"loc":{"start":{"line":1118,"column":0},"end":{"line":1118,"column":57}}},"42":{"name":"(anonymous_42)","line":1122,"loc":{"start":{"line":1122,"column":13},"end":{"line":1122,"column":23}}},"43":{"name":"parseError","line":1127,"loc":{"start":{"line":1127,"column":11},"end":{"line":1127,"column":42}}},"44":{"name":"(anonymous_44)","line":1136,"loc":{"start":{"line":1136,"column":9},"end":{"line":1136,"column":30}}},"45":{"name":"(anonymous_45)","line":1157,"loc":{"start":{"line":1157,"column":6},"end":{"line":1157,"column":18}}},"46":{"name":"(anonymous_46)","line":1180,"loc":{"start":{"line":1180,"column":6},"end":{"line":1180,"column":20}}},"47":{"name":"(anonymous_47)","line":1215,"loc":{"start":{"line":1215,"column":5},"end":{"line":1215,"column":17}}},"48":{"name":"(anonymous_48)","line":1221,"loc":{"start":{"line":1221,"column":7},"end":{"line":1221,"column":19}}},"49":{"name":"(anonymous_49)","line":1236,"loc":{"start":{"line":1236,"column":5},"end":{"line":1236,"column":18}}},"50":{"name":"(anonymous_50)","line":1241,"loc":{"start":{"line":1241,"column":10},"end":{"line":1241,"column":22}}},"51":{"name":"(anonymous_51)","line":1247,"loc":{"start":{"line":1247,"column":14},"end":{"line":1247,"column":26}}},"52":{"name":"(anonymous_52)","line":1256,"loc":{"start":{"line":1256,"column":13},"end":{"line":1256,"column":25}}},"53":{"name":"(anonymous_53)","line":1263,"loc":{"start":{"line":1263,"column":11},"end":{"line":1263,"column":42}}},"54":{"name":"(anonymous_54)","line":1335,"loc":{"start":{"line":1335,"column":5},"end":{"line":1335,"column":17}}},"55":{"name":"lex","line":1393,"loc":{"start":{"line":1393,"column":4},"end":{"line":1393,"column":19}}},"56":{"name":"begin","line":1403,"loc":{"start":{"line":1403,"column":6},"end":{"line":1403,"column":32}}},"57":{"name":"popState","line":1408,"loc":{"start":{"line":1408,"column":9},"end":{"line":1408,"column":29}}},"58":{"name":"_currentRules","line":1418,"loc":{"start":{"line":1418,"column":14},"end":{"line":1418,"column":39}}},"59":{"name":"topState","line":1427,"loc":{"start":{"line":1427,"column":9},"end":{"line":1427,"column":30}}},"60":{"name":"pushState","line":1437,"loc":{"start":{"line":1437,"column":10},"end":{"line":1437,"column":40}}},"61":{"name":"stateStackSize","line":1442,"loc":{"start":{"line":1442,"column":15},"end":{"line":1442,"column":41}}},"62":{"name":"anonymous","line":1446,"loc":{"start":{"line":1446,"column":15},"end":{"line":1446,"column":77}}},"63":{"name":"Parser","line":1563,"loc":{"start":{"line":1563,"column":0},"end":{"line":1563,"column":19}}},"64":{"name":"(anonymous_64)","line":1574,"loc":{"start":{"line":1574,"column":16},"end":{"line":1574,"column":28}}},"65":{"name":"commonjsMain","line":1575,"loc":{"start":{"line":1575,"column":15},"end":{"line":1575,"column":43}}}},"statementMap":{"1":{"start":{"line":74,"column":0},"end":{"line":1568,"column":5}},"2":{"start":{"line":75,"column":0},"end":{"line":75,"column":955}},"3":{"start":{"line":75,"column":24},"end":{"line":75,"column":62}},"4":{"start":{"line":75,"column":62},"end":{"line":75,"column":70}},"5":{"start":{"line":76,"column":0},"end":{"line":739,"column":3}},"6":{"start":{"line":84,"column":0},"end":{"line":84,"column":23}},"7":{"start":{"line":85,"column":0},"end":{"line":592,"column":1}},"8":{"start":{"line":88,"column":8},"end":{"line":90,"column":81}},"9":{"start":{"line":92,"column":0},"end":{"line":92,"column":6}},"10":{"start":{"line":94,"column":1},"end":{"line":94,"column":13}},"11":{"start":{"line":95,"column":0},"end":{"line":95,"column":6}},"12":{"start":{"line":98,"column":8},"end":{"line":98,"column":36}},"13":{"start":{"line":99,"column":8},"end":{"line":99,"column":26}},"14":{"start":{"line":100,"column":8},"end":{"line":100,"column":30}},"15":{"start":{"line":102,"column":0},"end":{"line":102,"column":6}},"16":{"start":{"line":104,"column":1},"end":{"line":104,"column":151}},"17":{"start":{"line":105,"column":0},"end":{"line":105,"column":6}},"18":{"start":{"line":108,"column":8},"end":{"line":108,"column":35}},"19":{"start":{"line":109,"column":8},"end":{"line":109,"column":36}},"20":{"start":{"line":109,"column":25},"end":{"line":109,"column":36}},"21":{"start":{"line":110,"column":8},"end":{"line":110,"column":40}},"22":{"start":{"line":110,"column":26},"end":{"line":110,"column":40}},"23":{"start":{"line":111,"column":8},"end":{"line":111,"column":62}},"24":{"start":{"line":112,"column":8},"end":{"line":112,"column":28}},"25":{"start":{"line":113,"column":8},"end":{"line":113,"column":61}},"26":{"start":{"line":114,"column":8},"end":{"line":114,"column":30}},"27":{"start":{"line":115,"column":8},"end":{"line":115,"column":39}},"28":{"start":{"line":117,"column":0},"end":{"line":117,"column":6}},"29":{"start":{"line":119,"column":1},"end":{"line":119,"column":73}},"30":{"start":{"line":120,"column":0},"end":{"line":120,"column":6}},"31":{"start":{"line":122,"column":1},"end":{"line":122,"column":71}},"32":{"start":{"line":123,"column":0},"end":{"line":123,"column":6}},"33":{"start":{"line":125,"column":1},"end":{"line":125,"column":99}},"34":{"start":{"line":126,"column":0},"end":{"line":126,"column":6}},"35":{"start":{"line":128,"column":1},"end":{"line":128,"column":68}},"36":{"start":{"line":129,"column":0},"end":{"line":129,"column":6}},"37":{"start":{"line":131,"column":1},"end":{"line":131,"column":69}},"38":{"start":{"line":132,"column":0},"end":{"line":132,"column":6}},"39":{"start":{"line":134,"column":1},"end":{"line":134,"column":64}},"40":{"start":{"line":135,"column":0},"end":{"line":135,"column":6}},"41":{"start":{"line":137,"column":1},"end":{"line":137,"column":99}},"42":{"start":{"line":138,"column":0},"end":{"line":138,"column":6}},"43":{"start":{"line":140,"column":1},"end":{"line":140,"column":97}},"44":{"start":{"line":141,"column":0},"end":{"line":141,"column":6}},"45":{"start":{"line":143,"column":1},"end":{"line":143,"column":101}},"46":{"start":{"line":144,"column":0},"end":{"line":144,"column":6}},"47":{"start":{"line":146,"column":1},"end":{"line":146,"column":101}},"48":{"start":{"line":147,"column":0},"end":{"line":147,"column":6}},"49":{"start":{"line":149,"column":1},"end":{"line":149,"column":19}},"50":{"start":{"line":150,"column":0},"end":{"line":150,"column":6}},"51":{"start":{"line":152,"column":1},"end":{"line":152,"column":40}},"52":{"start":{"line":153,"column":0},"end":{"line":153,"column":6}},"53":{"start":{"line":156,"column":8},"end":{"line":158,"column":9}},"54":{"start":{"line":157,"column":12},"end":{"line":157,"column":78}},"55":{"start":{"line":159,"column":8},"end":{"line":159,"column":51}},"56":{"start":{"line":161,"column":0},"end":{"line":161,"column":6}},"57":{"start":{"line":163,"column":1},"end":{"line":163,"column":17}},"58":{"start":{"line":164,"column":0},"end":{"line":164,"column":6}},"59":{"start":{"line":166,"column":1},"end":{"line":166,"column":32}},"60":{"start":{"line":167,"column":0},"end":{"line":167,"column":6}},"61":{"start":{"line":170,"column":8},"end":{"line":170,"column":36}},"62":{"start":{"line":171,"column":8},"end":{"line":171,"column":26}},"63":{"start":{"line":173,"column":0},"end":{"line":173,"column":6}},"64":{"start":{"line":176,"column":8},"end":{"line":176,"column":15}},"65":{"start":{"line":177,"column":8},"end":{"line":183,"column":9}},"66":{"start":{"line":178,"column":12},"end":{"line":178,"column":29}},"67":{"start":{"line":179,"column":12},"end":{"line":179,"column":34}},"68":{"start":{"line":180,"column":12},"end":{"line":182,"column":64}},"69":{"start":{"line":184,"column":8},"end":{"line":184,"column":26}},"70":{"start":{"line":186,"column":0},"end":{"line":186,"column":6}},"71":{"start":{"line":189,"column":8},"end":{"line":189,"column":15}},"72":{"start":{"line":190,"column":8},"end":{"line":194,"column":9}},"73":{"start":{"line":191,"column":12},"end":{"line":191,"column":29}},"74":{"start":{"line":192,"column":12},"end":{"line":192,"column":34}},"75":{"start":{"line":193,"column":12},"end":{"line":193,"column":68}},"76":{"start":{"line":195,"column":8},"end":{"line":195,"column":26}},"77":{"start":{"line":197,"column":0},"end":{"line":197,"column":6}},"78":{"start":{"line":200,"column":8},"end":{"line":200,"column":36}},"79":{"start":{"line":201,"column":8},"end":{"line":201,"column":35}},"80":{"start":{"line":202,"column":8},"end":{"line":202,"column":26}},"81":{"start":{"line":204,"column":0},"end":{"line":204,"column":6}},"82":{"start":{"line":207,"column":8},"end":{"line":207,"column":26}},"83":{"start":{"line":208,"column":8},"end":{"line":208,"column":104}},"84":{"start":{"line":210,"column":0},"end":{"line":210,"column":6}},"85":{"start":{"line":213,"column":8},"end":{"line":213,"column":26}},"86":{"start":{"line":214,"column":8},"end":{"line":214,"column":112}},"87":{"start":{"line":216,"column":0},"end":{"line":216,"column":6}},"88":{"start":{"line":219,"column":8},"end":{"line":219,"column":60}},"89":{"start":{"line":220,"column":8},"end":{"line":220,"column":32}},"90":{"start":{"line":221,"column":8},"end":{"line":221,"column":58}},"91":{"start":{"line":223,"column":8},"end":{"line":223,"column":66}},"92":{"start":{"line":224,"column":8},"end":{"line":229,"column":9}},"93":{"start":{"line":225,"column":12},"end":{"line":225,"column":38}},"94":{"start":{"line":226,"column":12},"end":{"line":228,"column":50}},"95":{"start":{"line":231,"column":8},"end":{"line":231,"column":95}},"96":{"start":{"line":232,"column":8},"end":{"line":232,"column":40}},"97":{"start":{"line":234,"column":8},"end":{"line":235,"column":50}},"98":{"start":{"line":237,"column":0},"end":{"line":237,"column":6}},"99":{"start":{"line":239,"column":1},"end":{"line":239,"column":63}},"100":{"start":{"line":240,"column":0},"end":{"line":240,"column":6}},"101":{"start":{"line":243,"column":8},"end":{"line":243,"column":48}},"102":{"start":{"line":244,"column":8},"end":{"line":244,"column":26}},"103":{"start":{"line":245,"column":8},"end":{"line":245,"column":31}},"104":{"start":{"line":246,"column":8},"end":{"line":257,"column":11}},"105":{"start":{"line":248,"column":16},"end":{"line":255,"column":17}},"106":{"start":{"line":249,"column":20},"end":{"line":252,"column":52}},"107":{"start":{"line":250,"column":24},"end":{"line":250,"column":42}},"108":{"start":{"line":251,"column":25},"end":{"line":252,"column":52}},"109":{"start":{"line":252,"column":24},"end":{"line":252,"column":52}},"110":{"start":{"line":253,"column":20},"end":{"line":253,"column":40}},"111":{"start":{"line":254,"column":20},"end":{"line":254,"column":43}},"112":{"start":{"line":258,"column":8},"end":{"line":258,"column":22}},"113":{"start":{"line":259,"column":8},"end":{"line":261,"column":9}},"114":{"start":{"line":260,"column":12},"end":{"line":260,"column":74}},"115":{"start":{"line":262,"column":8},"end":{"line":262,"column":51}},"116":{"start":{"line":263,"column":8},"end":{"line":263,"column":66}},"117":{"start":{"line":264,"column":8},"end":{"line":264,"column":50}},"118":{"start":{"line":265,"column":8},"end":{"line":269,"column":9}},"119":{"start":{"line":266,"column":12},"end":{"line":266,"column":75}},"120":{"start":{"line":267,"column":12},"end":{"line":267,"column":92}},"121":{"start":{"line":268,"column":12},"end":{"line":268,"column":40}},"122":{"start":{"line":271,"column":8},"end":{"line":271,"column":91}},"123":{"start":{"line":272,"column":8},"end":{"line":272,"column":38}},"124":{"start":{"line":274,"column":8},"end":{"line":275,"column":44}},"125":{"start":{"line":277,"column":0},"end":{"line":277,"column":6}},"126":{"start":{"line":280,"column":8},"end":{"line":280,"column":113}},"127":{"start":{"line":282,"column":8},"end":{"line":290,"column":9}},"128":{"start":{"line":284,"column":12},"end":{"line":284,"column":50}},"129":{"start":{"line":285,"column":12},"end":{"line":285,"column":61}},"130":{"start":{"line":286,"column":12},"end":{"line":289,"column":63}},"131":{"start":{"line":287,"column":16},"end":{"line":287,"column":78}},"132":{"start":{"line":289,"column":16},"end":{"line":289,"column":63}},"133":{"start":{"line":292,"column":0},"end":{"line":292,"column":6}},"134":{"start":{"line":295,"column":8},"end":{"line":295,"column":113}},"135":{"start":{"line":297,"column":8},"end":{"line":308,"column":9}},"136":{"start":{"line":299,"column":12},"end":{"line":299,"column":50}},"137":{"start":{"line":300,"column":12},"end":{"line":300,"column":43}},"138":{"start":{"line":301,"column":12},"end":{"line":302,"column":40}},"139":{"start":{"line":303,"column":12},"end":{"line":303,"column":61}},"140":{"start":{"line":304,"column":12},"end":{"line":307,"column":63}},"141":{"start":{"line":305,"column":16},"end":{"line":305,"column":78}},"142":{"start":{"line":307,"column":16},"end":{"line":307,"column":63}},"143":{"start":{"line":310,"column":0},"end":{"line":310,"column":6}},"144":{"start":{"line":313,"column":8},"end":{"line":313,"column":82}},"145":{"start":{"line":315,"column":0},"end":{"line":315,"column":6}},"146":{"start":{"line":318,"column":8},"end":{"line":318,"column":82}},"147":{"start":{"line":319,"column":8},"end":{"line":319,"column":39}},"148":{"start":{"line":320,"column":8},"end":{"line":321,"column":36}},"149":{"start":{"line":323,"column":0},"end":{"line":323,"column":6}},"150":{"start":{"line":326,"column":8},"end":{"line":326,"column":91}},"151":{"start":{"line":327,"column":8},"end":{"line":327,"column":70}},"152":{"start":{"line":329,"column":0},"end":{"line":329,"column":6}},"153":{"start":{"line":332,"column":8},"end":{"line":332,"column":91}},"154":{"start":{"line":333,"column":8},"end":{"line":333,"column":70}},"155":{"start":{"line":335,"column":0},"end":{"line":335,"column":6}},"156":{"start":{"line":337,"column":1},"end":{"line":337,"column":62}},"157":{"start":{"line":338,"column":0},"end":{"line":338,"column":6}},"158":{"start":{"line":341,"column":8},"end":{"line":341,"column":82}},"159":{"start":{"line":342,"column":8},"end":{"line":345,"column":10}},"160":{"start":{"line":347,"column":0},"end":{"line":347,"column":6}},"161":{"start":{"line":350,"column":8},"end":{"line":350,"column":88}},"162":{"start":{"line":351,"column":8},"end":{"line":351,"column":59}},"163":{"start":{"line":352,"column":8},"end":{"line":352,"column":26}},"164":{"start":{"line":354,"column":0},"end":{"line":354,"column":6}},"165":{"start":{"line":357,"column":8},"end":{"line":357,"column":42}},"166":{"start":{"line":358,"column":8},"end":{"line":361,"column":9}},"167":{"start":{"line":359,"column":12},"end":{"line":359,"column":37}},"168":{"start":{"line":360,"column":12},"end":{"line":360,"column":75}},"169":{"start":{"line":362,"column":8},"end":{"line":362,"column":35}},"170":{"start":{"line":363,"column":8},"end":{"line":363,"column":56}},"171":{"start":{"line":365,"column":0},"end":{"line":365,"column":6}},"172":{"start":{"line":367,"column":1},"end":{"line":367,"column":83}},"173":{"start":{"line":368,"column":0},"end":{"line":368,"column":6}},"174":{"start":{"line":371,"column":8},"end":{"line":373,"column":37}},"175":{"start":{"line":374,"column":8},"end":{"line":374,"column":85}},"176":{"start":{"line":376,"column":0},"end":{"line":376,"column":6}},"177":{"start":{"line":379,"column":8},"end":{"line":379,"column":42}},"178":{"start":{"line":384,"column":8},"end":{"line":392,"column":11}},"179":{"start":{"line":386,"column":16},"end":{"line":386,"column":59}},"180":{"start":{"line":387,"column":16},"end":{"line":389,"column":17}},"181":{"start":{"line":388,"column":20},"end":{"line":388,"column":43}},"182":{"start":{"line":390,"column":16},"end":{"line":390,"column":28}},"183":{"start":{"line":394,"column":8},"end":{"line":398,"column":9}},"184":{"start":{"line":395,"column":12},"end":{"line":395,"column":37}},"185":{"start":{"line":396,"column":12},"end":{"line":396,"column":39}},"186":{"start":{"line":397,"column":12},"end":{"line":397,"column":63}},"187":{"start":{"line":400,"column":8},"end":{"line":400,"column":26}},"188":{"start":{"line":401,"column":8},"end":{"line":401,"column":56}},"189":{"start":{"line":403,"column":8},"end":{"line":403,"column":88}},"190":{"start":{"line":404,"column":8},"end":{"line":410,"column":9}},"191":{"start":{"line":405,"column":12},"end":{"line":405,"column":32}},"192":{"start":{"line":406,"column":12},"end":{"line":409,"column":13}},"193":{"start":{"line":407,"column":16},"end":{"line":407,"column":34}},"194":{"start":{"line":408,"column":16},"end":{"line":408,"column":34}},"195":{"start":{"line":412,"column":8},"end":{"line":412,"column":28}},"196":{"start":{"line":413,"column":8},"end":{"line":415,"column":9}},"197":{"start":{"line":414,"column":12},"end":{"line":414,"column":65}},"198":{"start":{"line":417,"column":8},"end":{"line":417,"column":58}},"199":{"start":{"line":419,"column":8},"end":{"line":419,"column":40}},"200":{"start":{"line":420,"column":8},"end":{"line":420,"column":100}},"201":{"start":{"line":421,"column":8},"end":{"line":421,"column":65}},"202":{"start":{"line":422,"column":8},"end":{"line":423,"column":40}},"203":{"start":{"line":425,"column":0},"end":{"line":425,"column":6}},"204":{"start":{"line":428,"column":8},"end":{"line":428,"column":49}},"205":{"start":{"line":429,"column":8},"end":{"line":429,"column":43}},"206":{"start":{"line":430,"column":8},"end":{"line":437,"column":9}},"207":{"start":{"line":431,"column":12},"end":{"line":431,"column":28}},"208":{"start":{"line":432,"column":12},"end":{"line":432,"column":64}},"209":{"start":{"line":433,"column":12},"end":{"line":433,"column":31}},"210":{"start":{"line":434,"column":12},"end":{"line":434,"column":31}},"211":{"start":{"line":435,"column":12},"end":{"line":435,"column":80}},"212":{"start":{"line":436,"column":12},"end":{"line":436,"column":65}},"213":{"start":{"line":438,"column":8},"end":{"line":438,"column":67}},"214":{"start":{"line":439,"column":8},"end":{"line":439,"column":33}},"215":{"start":{"line":441,"column":0},"end":{"line":441,"column":6}},"216":{"start":{"line":444,"column":8},"end":{"line":446,"column":34}},"217":{"start":{"line":447,"column":8},"end":{"line":447,"column":85}},"218":{"start":{"line":448,"column":8},"end":{"line":448,"column":64}},"219":{"start":{"line":449,"column":8},"end":{"line":449,"column":87}},"220":{"start":{"line":450,"column":8},"end":{"line":450,"column":89}},"221":{"start":{"line":451,"column":8},"end":{"line":451,"column":92}},"222":{"start":{"line":452,"column":8},"end":{"line":452,"column":61}},"223":{"start":{"line":454,"column":0},"end":{"line":454,"column":6}},"224":{"start":{"line":457,"column":8},"end":{"line":457,"column":66}},"225":{"start":{"line":458,"column":8},"end":{"line":458,"column":80}},"226":{"start":{"line":459,"column":8},"end":{"line":459,"column":63}},"227":{"start":{"line":460,"column":8},"end":{"line":462,"column":44}},"228":{"start":{"line":463,"column":8},"end":{"line":464,"column":52}},"229":{"start":{"line":465,"column":8},"end":{"line":467,"column":46}},"230":{"start":{"line":468,"column":8},"end":{"line":470,"column":40}},"231":{"start":{"line":471,"column":8},"end":{"line":471,"column":81}},"232":{"start":{"line":472,"column":8},"end":{"line":472,"column":92}},"233":{"start":{"line":473,"column":8},"end":{"line":473,"column":61}},"234":{"start":{"line":475,"column":0},"end":{"line":475,"column":6}},"235":{"start":{"line":478,"column":8},"end":{"line":478,"column":86}},"236":{"start":{"line":479,"column":8},"end":{"line":479,"column":27}},"237":{"start":{"line":481,"column":0},"end":{"line":481,"column":6}},"238":{"start":{"line":484,"column":8},"end":{"line":484,"column":49}},"239":{"start":{"line":485,"column":8},"end":{"line":487,"column":35}},"240":{"start":{"line":488,"column":8},"end":{"line":488,"column":80}},"241":{"start":{"line":489,"column":8},"end":{"line":508,"column":9}},"242":{"start":{"line":490,"column":12},"end":{"line":490,"column":28}},"243":{"start":{"line":496,"column":12},"end":{"line":507,"column":49}},"244":{"start":{"line":510,"column":0},"end":{"line":510,"column":6}},"245":{"start":{"line":513,"column":8},"end":{"line":513,"column":103}},"246":{"start":{"line":515,"column":0},"end":{"line":515,"column":6}},"247":{"start":{"line":518,"column":8},"end":{"line":518,"column":103}},"248":{"start":{"line":520,"column":0},"end":{"line":520,"column":6}},"249":{"start":{"line":522,"column":1},"end":{"line":522,"column":52}},"250":{"start":{"line":523,"column":0},"end":{"line":523,"column":6}},"251":{"start":{"line":526,"column":8},"end":{"line":526,"column":36}},"252":{"start":{"line":527,"column":8},"end":{"line":529,"column":37}},"253":{"start":{"line":530,"column":8},"end":{"line":530,"column":49}},"254":{"start":{"line":531,"column":8},"end":{"line":531,"column":68}},"255":{"start":{"line":532,"column":8},"end":{"line":532,"column":76}},"256":{"start":{"line":534,"column":0},"end":{"line":534,"column":6}},"257":{"start":{"line":536,"column":1},"end":{"line":536,"column":51}},"258":{"start":{"line":537,"column":0},"end":{"line":537,"column":6}},"259":{"start":{"line":539,"column":1},"end":{"line":539,"column":48}},"260":{"start":{"line":540,"column":0},"end":{"line":540,"column":6}},"261":{"start":{"line":542,"column":1},"end":{"line":542,"column":19}},"262":{"start":{"line":542,"column":20},"end":{"line":542,"column":52}},"263":{"start":{"line":543,"column":0},"end":{"line":543,"column":6}},"264":{"start":{"line":545,"column":1},"end":{"line":545,"column":19}},"265":{"start":{"line":546,"column":0},"end":{"line":546,"column":6}},"266":{"start":{"line":549,"column":8},"end":{"line":551,"column":9}},"267":{"start":{"line":550,"column":12},"end":{"line":550,"column":65}},"268":{"start":{"line":553,"column":0},"end":{"line":553,"column":6}},"269":{"start":{"line":557,"column":8},"end":{"line":557,"column":72}},"270":{"start":{"line":558,"column":8},"end":{"line":558,"column":72}},"271":{"start":{"line":560,"column":0},"end":{"line":560,"column":6}},"272":{"start":{"line":563,"column":8},"end":{"line":563,"column":67}},"273":{"start":{"line":565,"column":0},"end":{"line":565,"column":6}},"274":{"start":{"line":568,"column":8},"end":{"line":568,"column":61}},"275":{"start":{"line":570,"column":0},"end":{"line":570,"column":6}},"276":{"start":{"line":573,"column":8},"end":{"line":573,"column":66}},"277":{"start":{"line":574,"column":8},"end":{"line":574,"column":28}},"278":{"start":{"line":575,"column":8},"end":{"line":575,"column":55}},"279":{"start":{"line":576,"column":8},"end":{"line":576,"column":36}},"280":{"start":{"line":577,"column":8},"end":{"line":577,"column":20}},"281":{"start":{"line":579,"column":0},"end":{"line":579,"column":6}},"282":{"start":{"line":582,"column":8},"end":{"line":586,"column":11}},"283":{"start":{"line":587,"column":8},"end":{"line":587,"column":28}},"284":{"start":{"line":588,"column":8},"end":{"line":588,"column":55}},"285":{"start":{"line":589,"column":8},"end":{"line":589,"column":20}},"286":{"start":{"line":591,"column":0},"end":{"line":591,"column":6}},"287":{"start":{"line":597,"column":4},"end":{"line":601,"column":5}},"288":{"start":{"line":598,"column":8},"end":{"line":598,"column":24}},"289":{"start":{"line":600,"column":8},"end":{"line":600,"column":29}},"290":{"start":{"line":604,"column":4},"end":{"line":604,"column":172}},"291":{"start":{"line":605,"column":4},"end":{"line":605,"column":47}},"292":{"start":{"line":606,"column":4},"end":{"line":606,"column":42}},"293":{"start":{"line":607,"column":4},"end":{"line":607,"column":33}},"294":{"start":{"line":608,"column":4},"end":{"line":612,"column":5}},"295":{"start":{"line":609,"column":8},"end":{"line":611,"column":9}},"296":{"start":{"line":610,"column":12},"end":{"line":610,"column":43}},"297":{"start":{"line":613,"column":4},"end":{"line":613,"column":42}},"298":{"start":{"line":614,"column":4},"end":{"line":614,"column":33}},"299":{"start":{"line":615,"column":4},"end":{"line":615,"column":33}},"300":{"start":{"line":616,"column":4},"end":{"line":618,"column":5}},"301":{"start":{"line":617,"column":8},"end":{"line":617,"column":26}},"302":{"start":{"line":619,"column":4},"end":{"line":619,"column":29}},"303":{"start":{"line":620,"column":4},"end":{"line":620,"column":23}},"304":{"start":{"line":621,"column":4},"end":{"line":621,"column":55}},"305":{"start":{"line":622,"column":4},"end":{"line":626,"column":5}},"306":{"start":{"line":623,"column":8},"end":{"line":623,"column":52}},"307":{"start":{"line":625,"column":8},"end":{"line":625,"column":65}},"308":{"start":{"line":627,"column":4},"end":{"line":631,"column":5}},"309":{"start":{"line":628,"column":8},"end":{"line":628,"column":44}},"310":{"start":{"line":629,"column":8},"end":{"line":629,"column":42}},"311":{"start":{"line":630,"column":8},"end":{"line":630,"column":42}},"312":{"start":{"line":632,"column":4},"end":{"line":640,"column":9}},"313":{"start":{"line":633,"column":8},"end":{"line":640,"column":9}},"314":{"start":{"line":634,"column":12},"end":{"line":634,"column":22}},"315":{"start":{"line":635,"column":12},"end":{"line":635,"column":39}},"316":{"start":{"line":636,"column":12},"end":{"line":638,"column":13}},"317":{"start":{"line":637,"column":16},"end":{"line":637,"column":54}},"318":{"start":{"line":639,"column":12},"end":{"line":639,"column":25}},"319":{"start":{"line":641,"column":4},"end":{"line":641,"column":92}},"320":{"start":{"line":642,"column":4},"end":{"line":737,"column":5}},"321":{"start":{"line":643,"column":8},"end":{"line":643,"column":40}},"322":{"start":{"line":644,"column":8},"end":{"line":651,"column":9}},"323":{"start":{"line":645,"column":12},"end":{"line":645,"column":48}},"324":{"start":{"line":647,"column":12},"end":{"line":649,"column":13}},"325":{"start":{"line":648,"column":16},"end":{"line":648,"column":31}},"326":{"start":{"line":650,"column":12},"end":{"line":650,"column":58}},"327":{"start":{"line":652,"column":20},"end":{"line":672,"column":13}},"328":{"start":{"line":653,"column":16},"end":{"line":653,"column":32}},"329":{"start":{"line":654,"column":16},"end":{"line":654,"column":30}},"330":{"start":{"line":655,"column":16},"end":{"line":659,"column":17}},"331":{"start":{"line":656,"column":20},"end":{"line":658,"column":21}},"332":{"start":{"line":657,"column":24},"end":{"line":657,"column":72}},"333":{"start":{"line":660,"column":16},"end":{"line":664,"column":17}},"334":{"start":{"line":661,"column":20},"end":{"line":661,"column":197}},"335":{"start":{"line":663,"column":20},"end":{"line":663,"column":174}},"336":{"start":{"line":665,"column":16},"end":{"line":671,"column":19}},"337":{"start":{"line":673,"column":8},"end":{"line":675,"column":9}},"338":{"start":{"line":674,"column":12},"end":{"line":674,"column":112}},"339":{"start":{"line":676,"column":8},"end":{"line":736,"column":9}},"340":{"start":{"line":678,"column":12},"end":{"line":678,"column":31}},"341":{"start":{"line":679,"column":12},"end":{"line":679,"column":38}},"342":{"start":{"line":680,"column":12},"end":{"line":680,"column":38}},"343":{"start":{"line":681,"column":12},"end":{"line":681,"column":34}},"344":{"start":{"line":682,"column":12},"end":{"line":682,"column":26}},"345":{"start":{"line":683,"column":12},"end":{"line":694,"column":13}},"346":{"start":{"line":684,"column":16},"end":{"line":684,"column":38}},"347":{"start":{"line":685,"column":16},"end":{"line":685,"column":38}},"348":{"start":{"line":686,"column":16},"end":{"line":686,"column":42}},"349":{"start":{"line":687,"column":16},"end":{"line":687,"column":37}},"350":{"start":{"line":688,"column":16},"end":{"line":690,"column":17}},"351":{"start":{"line":689,"column":20},"end":{"line":689,"column":33}},"352":{"start":{"line":692,"column":16},"end":{"line":692,"column":40}},"353":{"start":{"line":693,"column":16},"end":{"line":693,"column":38}},"354":{"start":{"line":695,"column":12},"end":{"line":695,"column":18}},"355":{"start":{"line":697,"column":12},"end":{"line":697,"column":50}},"356":{"start":{"line":698,"column":12},"end":{"line":698,"column":50}},"357":{"start":{"line":699,"column":12},"end":{"line":704,"column":14}},"358":{"start":{"line":705,"column":12},"end":{"line":710,"column":13}},"359":{"start":{"line":706,"column":16},"end":{"line":709,"column":18}},"360":{"start":{"line":711,"column":12},"end":{"line":719,"column":28}},"361":{"start":{"line":720,"column":12},"end":{"line":722,"column":13}},"362":{"start":{"line":721,"column":16},"end":{"line":721,"column":25}},"363":{"start":{"line":723,"column":12},"end":{"line":727,"column":13}},"364":{"start":{"line":724,"column":16},"end":{"line":724,"column":53}},"365":{"start":{"line":725,"column":16},"end":{"line":725,"column":51}},"366":{"start":{"line":726,"column":16},"end":{"line":726,"column":51}},"367":{"start":{"line":728,"column":12},"end":{"line":728,"column":56}},"368":{"start":{"line":729,"column":12},"end":{"line":729,"column":33}},"369":{"start":{"line":730,"column":12},"end":{"line":730,"column":34}},"370":{"start":{"line":731,"column":12},"end":{"line":731,"column":79}},"371":{"start":{"line":732,"column":12},"end":{"line":732,"column":33}},"372":{"start":{"line":733,"column":12},"end":{"line":733,"column":18}},"373":{"start":{"line":735,"column":12},"end":{"line":735,"column":24}},"374":{"start":{"line":738,"column":4},"end":{"line":738,"column":16}},"375":{"start":{"line":742,"column":0},"end":{"line":742,"column":39}},"376":{"start":{"line":744,"column":0},"end":{"line":748,"column":59}},"377":{"start":{"line":751,"column":0},"end":{"line":751,"column":40}},"378":{"start":{"line":752,"column":0},"end":{"line":752,"column":20}},"379":{"start":{"line":753,"column":0},"end":{"line":755,"column":1}},"380":{"start":{"line":754,"column":4},"end":{"line":754,"column":46}},"381":{"start":{"line":757,"column":0},"end":{"line":785,"column":1}},"382":{"start":{"line":758,"column":4},"end":{"line":758,"column":20}},"383":{"start":{"line":759,"column":4},"end":{"line":759,"column":45}},"384":{"start":{"line":760,"column":4},"end":{"line":760,"column":29}},"385":{"start":{"line":761,"column":4},"end":{"line":770,"column":5}},"386":{"start":{"line":762,"column":8},"end":{"line":762,"column":23}},"387":{"start":{"line":763,"column":8},"end":{"line":769,"column":9}},"388":{"start":{"line":764,"column":12},"end":{"line":764,"column":26}},"389":{"start":{"line":765,"column":15},"end":{"line":769,"column":9}},"390":{"start":{"line":766,"column":12},"end":{"line":766,"column":86}},"391":{"start":{"line":767,"column":12},"end":{"line":767,"column":36}},"392":{"start":{"line":768,"column":12},"end":{"line":768,"column":60}},"393":{"start":{"line":772,"column":4},"end":{"line":782,"column":5}},"394":{"start":{"line":773,"column":8},"end":{"line":781,"column":9}},"395":{"start":{"line":774,"column":12},"end":{"line":774,"column":88}},"396":{"start":{"line":775,"column":12},"end":{"line":775,"column":29}},"397":{"start":{"line":776,"column":15},"end":{"line":781,"column":9}},"398":{"start":{"line":777,"column":12},"end":{"line":777,"column":88}},"399":{"start":{"line":778,"column":12},"end":{"line":778,"column":108}},"400":{"start":{"line":779,"column":12},"end":{"line":779,"column":29}},"401":{"start":{"line":780,"column":12},"end":{"line":780,"column":61}},"402":{"start":{"line":784,"column":4},"end":{"line":784,"column":49}},"403":{"start":{"line":787,"column":0},"end":{"line":807,"column":1}},"404":{"start":{"line":788,"column":4},"end":{"line":788,"column":53}},"405":{"start":{"line":789,"column":4},"end":{"line":789,"column":31}},"406":{"start":{"line":790,"column":4},"end":{"line":790,"column":26}},"407":{"start":{"line":791,"column":4},"end":{"line":805,"column":5}},"408":{"start":{"line":792,"column":8},"end":{"line":792,"column":38}},"409":{"start":{"line":793,"column":8},"end":{"line":804,"column":9}},"410":{"start":{"line":794,"column":12},"end":{"line":794,"column":27}},"411":{"start":{"line":795,"column":12},"end":{"line":797,"column":46}},"412":{"start":{"line":798,"column":12},"end":{"line":798,"column":53}},"413":{"start":{"line":799,"column":12},"end":{"line":799,"column":29}},"414":{"start":{"line":800,"column":15},"end":{"line":804,"column":9}},"415":{"start":{"line":801,"column":12},"end":{"line":801,"column":84}},"416":{"start":{"line":802,"column":12},"end":{"line":802,"column":55}},"417":{"start":{"line":803,"column":12},"end":{"line":803,"column":59}},"418":{"start":{"line":806,"column":4},"end":{"line":806,"column":51}},"419":{"start":{"line":809,"column":0},"end":{"line":815,"column":1}},"420":{"start":{"line":810,"column":4},"end":{"line":814,"column":5}},"421":{"start":{"line":811,"column":8},"end":{"line":811,"column":47}},"422":{"start":{"line":812,"column":11},"end":{"line":814,"column":5}},"423":{"start":{"line":813,"column":8},"end":{"line":813,"column":47}},"424":{"start":{"line":817,"column":0},"end":{"line":865,"column":1}},"425":{"start":{"line":818,"column":4},"end":{"line":818,"column":56}},"426":{"start":{"line":819,"column":4},"end":{"line":819,"column":93}},"427":{"start":{"line":820,"column":4},"end":{"line":854,"column":5}},"428":{"start":{"line":821,"column":8},"end":{"line":821,"column":39}},"429":{"start":{"line":822,"column":8},"end":{"line":822,"column":32}},"430":{"start":{"line":823,"column":8},"end":{"line":826,"column":19}},"431":{"start":{"line":828,"column":8},"end":{"line":828,"column":68}},"432":{"start":{"line":829,"column":8},"end":{"line":829,"column":98}},"433":{"start":{"line":831,"column":8},"end":{"line":831,"column":59}},"434":{"start":{"line":832,"column":8},"end":{"line":847,"column":19}},"435":{"start":{"line":849,"column":8},"end":{"line":851,"column":40}},"436":{"start":{"line":853,"column":8},"end":{"line":853,"column":28}},"437":{"start":{"line":855,"column":4},"end":{"line":863,"column":5}},"438":{"start":{"line":856,"column":8},"end":{"line":856,"column":83}},"439":{"start":{"line":857,"column":8},"end":{"line":857,"column":32}},"440":{"start":{"line":858,"column":8},"end":{"line":860,"column":50}},"441":{"start":{"line":861,"column":8},"end":{"line":861,"column":58}},"442":{"start":{"line":862,"column":8},"end":{"line":862,"column":25}},"443":{"start":{"line":864,"column":4},"end":{"line":864,"column":41}},"444":{"start":{"line":867,"column":0},"end":{"line":903,"column":1}},"445":{"start":{"line":868,"column":4},"end":{"line":868,"column":29}},"446":{"start":{"line":869,"column":4},"end":{"line":901,"column":7}},"447":{"start":{"line":871,"column":12},"end":{"line":899,"column":13}},"448":{"start":{"line":872,"column":16},"end":{"line":872,"column":53}},"449":{"start":{"line":873,"column":19},"end":{"line":899,"column":13}},"450":{"start":{"line":874,"column":16},"end":{"line":874,"column":36}},"451":{"start":{"line":875,"column":16},"end":{"line":875,"column":37}},"452":{"start":{"line":878,"column":16},"end":{"line":878,"column":76}},"453":{"start":{"line":879,"column":16},"end":{"line":883,"column":17}},"454":{"start":{"line":880,"column":20},"end":{"line":880,"column":58}},"455":{"start":{"line":881,"column":20},"end":{"line":881,"column":60}},"456":{"start":{"line":882,"column":20},"end":{"line":882,"column":45}},"457":{"start":{"line":885,"column":16},"end":{"line":894,"column":19}},"458":{"start":{"line":887,"column":24},"end":{"line":892,"column":25}},"459":{"start":{"line":888,"column":28},"end":{"line":888,"column":78}},"460":{"start":{"line":889,"column":28},"end":{"line":889,"column":144}},"461":{"start":{"line":890,"column":28},"end":{"line":890,"column":54}},"462":{"start":{"line":891,"column":28},"end":{"line":891,"column":57}},"463":{"start":{"line":896,"column":16},"end":{"line":896,"column":87}},"464":{"start":{"line":897,"column":16},"end":{"line":897,"column":71}},"465":{"start":{"line":898,"column":16},"end":{"line":898,"column":39}},"466":{"start":{"line":902,"column":4},"end":{"line":902,"column":24}},"467":{"start":{"line":906,"column":0},"end":{"line":918,"column":1}},"468":{"start":{"line":907,"column":4},"end":{"line":915,"column":15}},"469":{"start":{"line":916,"column":4},"end":{"line":916,"column":21}},"470":{"start":{"line":917,"column":4},"end":{"line":917,"column":16}},"471":{"start":{"line":921,"column":0},"end":{"line":923,"column":1}},"472":{"start":{"line":922,"column":4},"end":{"line":922,"column":65}},"473":{"start":{"line":925,"column":0},"end":{"line":933,"column":1}},"474":{"start":{"line":926,"column":4},"end":{"line":932,"column":7}},"475":{"start":{"line":928,"column":12},"end":{"line":930,"column":13}},"476":{"start":{"line":929,"column":16},"end":{"line":929,"column":33}},"477":{"start":{"line":935,"column":0},"end":{"line":940,"column":1}},"478":{"start":{"line":936,"column":4},"end":{"line":938,"column":5}},"479":{"start":{"line":937,"column":8},"end":{"line":937,"column":62}},"480":{"start":{"line":939,"column":4},"end":{"line":939,"column":16}},"481":{"start":{"line":942,"column":0},"end":{"line":957,"column":1}},"482":{"start":{"line":943,"column":4},"end":{"line":943,"column":63}},"483":{"start":{"line":944,"column":4},"end":{"line":946,"column":5}},"484":{"start":{"line":945,"column":8},"end":{"line":945,"column":70}},"485":{"start":{"line":947,"column":4},"end":{"line":949,"column":63}},"486":{"start":{"line":950,"column":4},"end":{"line":955,"column":31}},"487":{"start":{"line":956,"column":4},"end":{"line":956,"column":53}},"488":{"start":{"line":959,"column":0},"end":{"line":986,"column":1}},"489":{"start":{"line":960,"column":4},"end":{"line":961,"column":20}},"490":{"start":{"line":961,"column":8},"end":{"line":961,"column":20}},"491":{"start":{"line":962,"column":4},"end":{"line":962,"column":33}},"492":{"start":{"line":963,"column":4},"end":{"line":973,"column":5}},"493":{"start":{"line":964,"column":8},"end":{"line":964,"column":56}},"494":{"start":{"line":965,"column":11},"end":{"line":973,"column":5}},"495":{"start":{"line":966,"column":8},"end":{"line":966,"column":40}},"496":{"start":{"line":967,"column":8},"end":{"line":969,"column":9}},"497":{"start":{"line":968,"column":12},"end":{"line":968,"column":106}},"498":{"start":{"line":970,"column":8},"end":{"line":970,"column":39}},"499":{"start":{"line":972,"column":8},"end":{"line":972,"column":20}},"500":{"start":{"line":974,"column":4},"end":{"line":984,"column":5}},"501":{"start":{"line":975,"column":8},"end":{"line":975,"column":32}},"502":{"start":{"line":976,"column":8},"end":{"line":976,"column":33}},"503":{"start":{"line":976,"column":24},"end":{"line":976,"column":33}},"504":{"start":{"line":977,"column":8},"end":{"line":983,"column":9}},"505":{"start":{"line":978,"column":12},"end":{"line":978,"column":46}},"506":{"start":{"line":979,"column":12},"end":{"line":979,"column":52}},"507":{"start":{"line":980,"column":12},"end":{"line":980,"column":39}},"508":{"start":{"line":982,"column":12},"end":{"line":982,"column":58}},"509":{"start":{"line":985,"column":4},"end":{"line":985,"column":16}},"510":{"start":{"line":988,"column":0},"end":{"line":1008,"column":1}},"511":{"start":{"line":989,"column":4},"end":{"line":989,"column":17}},"512":{"start":{"line":990,"column":4},"end":{"line":1006,"column":5}},"513":{"start":{"line":991,"column":8},"end":{"line":1002,"column":19}},"514":{"start":{"line":1004,"column":8},"end":{"line":1005,"column":57}},"515":{"start":{"line":1007,"column":4},"end":{"line":1007,"column":49}},"516":{"start":{"line":1010,"column":0},"end":{"line":1016,"column":1}},"517":{"start":{"line":1011,"column":4},"end":{"line":1011,"column":31}},"518":{"start":{"line":1012,"column":4},"end":{"line":1014,"column":5}},"519":{"start":{"line":1013,"column":8},"end":{"line":1013,"column":85}},"520":{"start":{"line":1015,"column":4},"end":{"line":1015,"column":23}},"521":{"start":{"line":1018,"column":0},"end":{"line":1021,"column":1}},"522":{"start":{"line":1019,"column":4},"end":{"line":1019,"column":64}},"523":{"start":{"line":1020,"column":4},"end":{"line":1020,"column":49}},"524":{"start":{"line":1023,"column":0},"end":{"line":1027,"column":1}},"525":{"start":{"line":1024,"column":4},"end":{"line":1024,"column":89}},"526":{"start":{"line":1025,"column":4},"end":{"line":1025,"column":33}},"527":{"start":{"line":1026,"column":4},"end":{"line":1026,"column":16}},"528":{"start":{"line":1029,"column":0},"end":{"line":1038,"column":1}},"529":{"start":{"line":1030,"column":4},"end":{"line":1030,"column":13}},"530":{"start":{"line":1031,"column":4},"end":{"line":1036,"column":5}},"531":{"start":{"line":1032,"column":8},"end":{"line":1032,"column":69}},"532":{"start":{"line":1033,"column":8},"end":{"line":1033,"column":66}},"533":{"start":{"line":1035,"column":8},"end":{"line":1035,"column":68}},"534":{"start":{"line":1037,"column":4},"end":{"line":1037,"column":16}},"535":{"start":{"line":1040,"column":0},"end":{"line":1042,"column":1}},"536":{"start":{"line":1041,"column":4},"end":{"line":1041,"column":49}},"537":{"start":{"line":1044,"column":0},"end":{"line":1046,"column":1}},"538":{"start":{"line":1045,"column":4},"end":{"line":1045,"column":108}},"539":{"start":{"line":1048,"column":0},"end":{"line":1058,"column":2}},"540":{"start":{"line":1061,"column":0},"end":{"line":1066,"column":38}},"541":{"start":{"line":1068,"column":0},"end":{"line":1075,"column":1}},"542":{"start":{"line":1069,"column":4},"end":{"line":1069,"column":84}},"543":{"start":{"line":1070,"column":4},"end":{"line":1073,"column":5}},"544":{"start":{"line":1072,"column":8},"end":{"line":1072,"column":28}},"545":{"start":{"line":1074,"column":4},"end":{"line":1074,"column":77}},"546":{"start":{"line":1074,"column":55},"end":{"line":1074,"column":73}},"547":{"start":{"line":1077,"column":0},"end":{"line":1094,"column":1}},"548":{"start":{"line":1078,"column":4},"end":{"line":1093,"column":33}},"549":{"start":{"line":1080,"column":12},"end":{"line":1080,"column":67}},"550":{"start":{"line":1083,"column":12},"end":{"line":1083,"column":57}},"551":{"start":{"line":1096,"column":0},"end":{"line":1116,"column":1}},"552":{"start":{"line":1100,"column":4},"end":{"line":1105,"column":7}},"553":{"start":{"line":1102,"column":12},"end":{"line":1102,"column":62}},"554":{"start":{"line":1102,"column":24},"end":{"line":1102,"column":62}},"555":{"start":{"line":1103,"column":12},"end":{"line":1103,"column":24}},"556":{"start":{"line":1107,"column":4},"end":{"line":1115,"column":7}},"557":{"start":{"line":1109,"column":12},"end":{"line":1110,"column":38}},"558":{"start":{"line":1110,"column":16},"end":{"line":1110,"column":38}},"559":{"start":{"line":1111,"column":12},"end":{"line":1112,"column":32}},"560":{"start":{"line":1112,"column":16},"end":{"line":1112,"column":32}},"561":{"start":{"line":1113,"column":12},"end":{"line":1113,"column":24}},"562":{"start":{"line":1118,"column":0},"end":{"line":1120,"column":1}},"563":{"start":{"line":1119,"column":4},"end":{"line":1119,"column":75}},"564":{"start":{"line":1122,"column":0},"end":{"line":1561,"column":5}},"565":{"start":{"line":1123,"column":0},"end":{"line":1559,"column":3}},"566":{"start":{"line":1128,"column":8},"end":{"line":1132,"column":9}},"567":{"start":{"line":1129,"column":12},"end":{"line":1129,"column":49}},"568":{"start":{"line":1131,"column":12},"end":{"line":1131,"column":33}},"569":{"start":{"line":1137,"column":8},"end":{"line":1137,"column":38}},"570":{"start":{"line":1138,"column":8},"end":{"line":1138,"column":28}},"571":{"start":{"line":1139,"column":8},"end":{"line":1139,"column":57}},"572":{"start":{"line":1140,"column":8},"end":{"line":1140,"column":40}},"573":{"start":{"line":1141,"column":8},"end":{"line":1141,"column":53}},"574":{"start":{"line":1142,"column":8},"end":{"line":1142,"column":42}},"575":{"start":{"line":1143,"column":8},"end":{"line":1148,"column":10}},"576":{"start":{"line":1149,"column":8},"end":{"line":1151,"column":9}},"577":{"start":{"line":1150,"column":12},"end":{"line":1150,"column":38}},"578":{"start":{"line":1152,"column":8},"end":{"line":1152,"column":24}},"579":{"start":{"line":1153,"column":8},"end":{"line":1153,"column":20}},"580":{"start":{"line":1158,"column":8},"end":{"line":1158,"column":32}},"581":{"start":{"line":1159,"column":8},"end":{"line":1159,"column":26}},"582":{"start":{"line":1160,"column":8},"end":{"line":1160,"column":22}},"583":{"start":{"line":1161,"column":8},"end":{"line":1161,"column":22}},"584":{"start":{"line":1162,"column":8},"end":{"line":1162,"column":25}},"585":{"start":{"line":1163,"column":8},"end":{"line":1163,"column":27}},"586":{"start":{"line":1164,"column":8},"end":{"line":1164,"column":48}},"587":{"start":{"line":1165,"column":8},"end":{"line":1170,"column":9}},"588":{"start":{"line":1166,"column":12},"end":{"line":1166,"column":28}},"589":{"start":{"line":1167,"column":12},"end":{"line":1167,"column":36}},"590":{"start":{"line":1169,"column":12},"end":{"line":1169,"column":38}},"591":{"start":{"line":1171,"column":8},"end":{"line":1173,"column":9}},"592":{"start":{"line":1172,"column":12},"end":{"line":1172,"column":35}},"593":{"start":{"line":1175,"column":8},"end":{"line":1175,"column":43}},"594":{"start":{"line":1176,"column":8},"end":{"line":1176,"column":18}},"595":{"start":{"line":1181,"column":8},"end":{"line":1181,"column":28}},"596":{"start":{"line":1182,"column":8},"end":{"line":1182,"column":46}},"597":{"start":{"line":1184,"column":8},"end":{"line":1184,"column":39}},"598":{"start":{"line":1185,"column":8},"end":{"line":1185,"column":70}},"599":{"start
[...]
loc":{"start":{"line":1,"column":1},"end":{"line":1,"column":12}}},"2":{"name":"(anonymous_2)","line":4,"loc":{"start":{"line":4,"column":16},"end":{"line":4,"column":40}}},"3":{"name":"ctor","line":4,"loc":{"start":{"line":4,"column":129},"end":{"line":4,"column":145}}},"4":{"name":"(anonymous_4)","line":11,"loc":{"start":{"line":11,"column":16},"end":{"line":11,"column":33}}},"5":{"name":"ArityError","line":14,"loc":{"start":{"line":14,"column":4},"end":{"line":14,"column":26}}},"6":{"name":"(anonymous_6)","line":26,"loc":{"start":{"line":26,"column":18},"end":{"line":26,"column":35}}},"7":{"name":"ArgTypeError","line":29,"loc":{"start":{"line":29,"column":4},"end":{"line":29,"column":35}}},"8":{"name":"(anonymous_8)","line":39,"loc":{"start":{"line":39,"column":17},"end":{"line":39,"column":40}}},"9":{"name":"(anonymous_9)","line":40,"loc":{"start":{"line":40,"column":24},"end":{"line":40,"column":38}}},"10":{"name":"(anonymous_10)","line":46,"loc":{"start":{"line":46,"column":13},"end":{"line":46,"column":24}}},"11":{"name":"(anonymous_11)","line":49,"loc":{"start":{"line":49,"column":52},"end":{"line":49,"column":66}}},"12":{"name":"(anonymous_12)","line":56,"loc":{"start":{"line":56,"column":14},"end":{"line":56,"column":25}}},"13":{"name":"(anonymous_13)","line":59,"loc":{"start":{"line":59,"column":52},"end":{"line":59,"column":66}}},"14":{"name":"(anonymous_14)","line":66,"loc":{"start":{"line":66,"column":22},"end":{"line":66,"column":33}}},"15":{"name":"(anonymous_15)","line":69,"loc":{"start":{"line":69,"column":45},"end":{"line":69,"column":59}}},"16":{"name":"(anonymous_16)","line":75,"loc":{"start":{"line":75,"column":17},"end":{"line":75,"column":28}}},"17":{"name":"(anonymous_17)","line":78,"loc":{"start":{"line":78,"column":45},"end":{"line":78,"column":59}}},"18":{"name":"(anonymous_18)","line":84,"loc":{"start":{"line":84,"column":9},"end":{"line":84,"column":20}}},"19":{"name":"(anonymous_19)","line":87,"loc":{"start":{"line":87,"column":45},"end":{"line":87,"column":59}}},"20":{"name":"(anonymous_20)","line":93,"loc":{"start":{"line":93,"column":16},"end":{"line":93,"column":27}}},"21":{"name":"(anonymous_21)","line":96,"loc":{"start":{"line":96,"column":41},"end":{"line":96,"column":55}}},"22":{"name":"(anonymous_22)","line":103,"loc":{"start":{"line":103,"column":16},"end":{"line":103,"column":27}}},"23":{"name":"(anonymous_23)","line":106,"loc":{"start":{"line":106,"column":41},"end":{"line":106,"column":55}}},"24":{"name":"(anonymous_24)","line":113,"loc":{"start":{"line":113,"column":11},"end":{"line":113,"column":22}}},"25":{"name":"(anonymous_25)","line":116,"loc":{"start":{"line":116,"column":41},"end":{"line":116,"column":55}}},"26":{"name":"(anonymous_26)","line":123,"loc":{"start":{"line":123,"column":17},"end":{"line":123,"column":35}}},"27":{"name":"(anonymous_27)","line":129,"loc":{"start":{"line":129,"column":16},"end":{"line":129,"column":27}}},"28":{"name":"(anonymous_28)","line":132,"loc":{"start":{"line":132,"column":41},"end":{"line":132,"column":55}}},"29":{"name":"(anonymous_29)","line":139,"loc":{"start":{"line":139,"column":11},"end":{"line":139,"column":56}}},"30":{"name":"(anonymous_30)","line":148,"loc":{"start":{"line":148,"column":18},"end":{"line":148,"column":42}}}},"statementMap":{"1":{"start":{"line":1,"column":0},"end":{"line":166,"column":14}},"2":{"start":{"line":2,"column":2},"end":{"line":5,"column":23}},"3":{"start":{"line":4,"column":42},"end":{"line":4,"column":128}},"4":{"start":{"line":4,"column":68},"end":{"line":4,"column":126}},"5":{"start":{"line":4,"column":101},"end":{"line":4,"column":126}},"6":{"start":{"line":4,"column":129},"end":{"line":4,"column":174}},"7":{"start":{"line":4,"column":147},"end":{"line":4,"column":172}},"8":{"start":{"line":4,"column":175},"end":{"line":4,"column":209}},"9":{"start":{"line":4,"column":210},"end":{"line":4,"column":239}},"10":{"start":{"line":4,"column":240},"end":{"line":4,"column":275}},"11":{"start":{"line":4,"column":276},"end":{"line":4,"column":289}},"12":{"start":{"line":7,"column":2},"end":{"line":7,"column":312}},"13":{"start":{"line":9,"column":2},"end":{"line":9,"column":319}},"14":{"start":{"line":11,"column":2},"end":{"line":24,"column":12}},"15":{"start":{"line":12,"column":4},"end":{"line":12,"column":34}},"16":{"start":{"line":14,"column":4},"end":{"line":20,"column":5}},"17":{"start":{"line":15,"column":6},"end":{"line":15,"column":15}},"18":{"start":{"line":16,"column":6},"end":{"line":16,"column":69}},"19":{"start":{"line":17,"column":6},"end":{"line":17,"column":31}},"20":{"start":{"line":18,"column":6},"end":{"line":18,"column":116}},"21":{"start":{"line":19,"column":6},"end":{"line":19,"column":39}},"22":{"start":{"line":22,"column":4},"end":{"line":22,"column":22}},"23":{"start":{"line":26,"column":2},"end":{"line":37,"column":12}},"24":{"start":{"line":27,"column":4},"end":{"line":27,"column":36}},"25":{"start":{"line":29,"column":4},"end":{"line":33,"column":5}},"26":{"start":{"line":30,"column":6},"end":{"line":30,"column":33}},"27":{"start":{"line":31,"column":6},"end":{"line":31,"column":29}},"28":{"start":{"line":32,"column":6},"end":{"line":32,"column":39}},"29":{"start":{"line":35,"column":4},"end":{"line":35,"column":24}},"30":{"start":{"line":39,"column":2},"end":{"line":43,"column":4}},"31":{"start":{"line":40,"column":4},"end":{"line":42,"column":7}},"32":{"start":{"line":41,"column":6},"end":{"line":41,"column":26}},"33":{"start":{"line":45,"column":2},"end":{"line":154,"column":4}},"34":{"start":{"line":47,"column":6},"end":{"line":47,"column":30}},"35":{"start":{"line":48,"column":6},"end":{"line":48,"column":69}},"36":{"start":{"line":49,"column":6},"end":{"line":51,"column":9}},"37":{"start":{"line":50,"column":8},"end":{"line":50,"column":39}},"38":{"start":{"line":52,"column":6},"end":{"line":54,"column":7}},"39":{"start":{"line":53,"column":8},"end":{"line":53,"column":72}},"40":{"start":{"line":57,"column":6},"end":{"line":57,"column":30}},"41":{"start":{"line":58,"column":6},"end":{"line":58,"column":69}},"42":{"start":{"line":59,"column":6},"end":{"line":61,"column":9}},"43":{"start":{"line":60,"column":8},"end":{"line":60,"column":56}},"44":{"start":{"line":62,"column":6},"end":{"line":64,"column":7}},"45":{"start":{"line":63,"column":8},"end":{"line":63,"column":73}},"46":{"start":{"line":67,"column":6},"end":{"line":67,"column":30}},"47":{"start":{"line":68,"column":6},"end":{"line":68,"column":69}},"48":{"start":{"line":69,"column":6},"end":{"line":73,"column":7}},"49":{"start":{"line":70,"column":8},"end":{"line":70,"column":60}},"50":{"start":{"line":72,"column":8},"end":{"line":72,"column":98}},"51":{"start":{"line":76,"column":6},"end":{"line":76,"column":30}},"52":{"start":{"line":77,"column":6},"end":{"line":77,"column":69}},"53":{"start":{"line":78,"column":6},"end":{"line":82,"column":7}},"54":{"start":{"line":79,"column":8},"end":{"line":79,"column":40}},"55":{"start":{"line":81,"column":8},"end":{"line":81,"column":89}},"56":{"start":{"line":85,"column":6},"end":{"line":85,"column":30}},"57":{"start":{"line":86,"column":6},"end":{"line":86,"column":69}},"58":{"start":{"line":87,"column":6},"end":{"line":91,"column":7}},"59":{"start":{"line":88,"column":8},"end":{"line":88,"column":32}},"60":{"start":{"line":90,"column":8},"end":{"line":90,"column":69}},"61":{"start":{"line":94,"column":6},"end":{"line":94,"column":30}},"62":{"start":{"line":95,"column":6},"end":{"line":95,"column":69}},"63":{"start":{"line":96,"column":6},"end":{"line":98,"column":9}},"64":{"start":{"line":97,"column":8},"end":{"line":97,"column":73}},"65":{"start":{"line":99,"column":6},"end":{"line":101,"column":7}},"66":{"start":{"line":100,"column":8},"end":{"line":100,"column":76}},"67":{"start":{"line":104,"column":6},"end":{"line":104,"column":30}},"68":{"start":{"line":105,"column":6},"end":{"line":105,"column":69}},"69":{"start":{"line":106,"column":6},"end":{"line":108,"column":9}},"70":{"start":{"line":107,"column":8},"end":{"line":107,"column":76}},"71":{"start":{"line":109,"column":6},"end":{"line":111,"column":7}},"72":{"start":{"line":110,"column":8},"end":{"line":110,"column":87}},"73":{"start":{"line":114,"column":6},"end":{"line":114,"column":30}},"74":{"start":{"line":115,"column":6},"end":{"line":115,"column":69}},"75":{"start":{"line":116,"column":6},"end":{"line":118,"column":9}},"76":{"start":{"line":117,"column":8},"end":{"line":117,"column":56}},"77":{"start":{"line":119,"column":6},"end":{"line":121,"column":7}},"78":{"start":{"line":120,"column":8},"end":{"line":120,"column":90}},"79":{"start":{"line":124,"column":6},"end":{"line":124,"column":14}},"80":{"start":{"line":125,"column":6},"end":{"line":127,"column":7}},"81":{"start":{"line":126,"column":8},"end":{"line":126,"column":36}},"82":{"start":{"line":130,"column":6},"end":{"line":130,"column":30}},"83":{"start":{"line":131,"column":6},"end":{"line":131,"column":69}},"84":{"start":{"line":132,"column":6},"end":{"line":134,"column":9}},"85":{"start":{"line":133,"column":8},"end":{"line":133,"column":128}},"86":{"start":{"line":135,"column":6},"end":{"line":137,"column":7}},"87":{"start":{"line":136,"column":8},"end":{"line":136,"column":74}},"88":{"start":{"line":140,"column":6},"end":{"line":143,"column":7}},"89":{"start":{"line":141,"column":8},"end":{"line":141,"column":30}},"90":{"start":{"line":142,"column":8},"end":{"line":142,"column":36}},"91":{"start":{"line":144,"column":6},"end":{"line":146,"column":7}},"92":{"start":{"line":145,"column":8},"end":{"line":145,"column":65}},"93":{"start":{"line":149,"column":6},"end":{"line":149,"column":14}},"94":{"start":{"line":150,"column":6},"end":{"line":152,"column":7}},"95":{"start":{"line":151,"column":8},"end":{"line":151,"column":34}},"96":{"start":{"line":156,"column":2},"end":{"line":156,"column":30}},"97":{"start":{"line":158,"column":2},"end":{"line":160,"column":3}},"98":{"start":{"line":159,"column":4},"end":{"line":159,"column":39}},"99":{"start":{"line":162,"column":2},"end":{"line":164,"column":3}},"100":{"start":{"line":163,"column":4},"end":{"line":163,"column":41}}},"branchMap":{"1":{"line":4,"type":"if","locations":[{"start":{"line":4,"column":68},"end":{"line":4,"column":68}},{"start":{"line":4,"column":68},"end":{"line":4,"column":68}}]},"2":{"line":7,"type":"cond-expr","locations":[{"start":{"line":7,"column":282},"end":{"line":7,"column":286}},{"start":{"line":7,"column":289},"end":{"line":7,"column":311}}]},"3":{"line":7,"type":"cond-expr","locations":[{"start":{"line":7,"column":194},"end":{"line":7,"column":199}},{"start":{"line":7,"column":202},"end":{"line":7,"column":270}}]},"4":{"line":7,"type":"cond-expr","locations":[{"start":{"line":7,"column":112},"end":{"line":7,"column":117}},{"start":{"line":7,"column":120},"end":{"line":7,"column":182}}]},"5":{"line":7,"type":"cond-expr","locations":[{"start":{"line":7,"column":83},"end":{"line":7,"column":91}},{"start":{"line":7,"column":94},"end":{"line":7,"column":100}}]},"6":{"line":7,"type":"binary-expr","locations":[{"start":{"line":7,"column":32},"end":{"line":7,"column":61}},{"start":{"line":7,"column":65},"end":{"line":7,"column":80}}]},"7":{"line":7,"type":"cond-expr","locations":[{"start":{"line":7,"column":167},"end":{"line":7,"column":173}},{"start":{"line":7,"column":176},"end":{"line":7,"column":182}}]},"8":{"line":7,"type":"binary-expr","locations":[{"start":{"line":7,"column":120},"end":{"line":7,"column":147}},{"start":{"line":7,"column":151},"end":{"line":7,"column":164}}]},"9":{"line":7,"type":"cond-expr","locations":[{"start":{"line":7,"column":253},"end":{"line":7,"column":261}},{"start":{"line":7,"column":264},"end":{"line":7,"column":270}}]},"10":{"line":7,"type":"binary-expr","locations":[{"start":{"line":7,"column":202},"end":{"line":7,"column":231}},{"start":{"line":7,"column":235},"end":{"line":7,"column":250}}]},"11":{"line":9,"type":"cond-expr","locations":[{"start":{"line":9,"column":295},"end":{"line":9,"column":300}},{"start":{"line":9,"column":303},"end":{"line":9,"column":318}}]},"12":{"line":9,"type":"cond-expr","locations":[{"start":{"line":9,"column":204},"end":{"line":9,"column":209}},{"start":{"line":9,"column":212},"end":{"line":9,"column":283}}]},"13":{"line":9,"type":"cond-expr","locations":[{"start":{"line":9,"column":119},"end":{"line":9,"column":124}},{"start":{"line":9,"column":127},"end":{"line":9,"column":192}}]},"14":{"line":9,"type":"cond-expr","locations":[{"start":{"line":9,"column":87},"end":{"line":9,"column":98}},{"start":{"line":9,"column":101},"end":{"line":9,"column":107}}]},"15":{"line":9,"type":"binary-expr","locations":[{"start":{"line":9,"column":36},"end":{"line":9,"column":65}},{"start":{"line":9,"column":69},"end":{"line":9,"column":84}}]},"16":{"line":9,"type":"cond-expr","locations":[{"start":{"line":9,"column":174},"end":{"line":9,"column":183}},{"start":{"line":9,"column":186},"end":{"line":9,"column":192}}]},"17":{"line":9,"type":"binary-expr","locations":[{"start":{"line":9,"column":127},"end":{"line":9,"column":154}},{"start":{"line":9,"column":158},"end":{"line":9,"column":171}}]},"18":{"line":9,"type":"cond-expr","locations":[{"start":{"line":9,"column":263},"end":{"line":9,"column":274}},{"start":{"line":9,"column":277},"end":{"line":9,"column":283}}]},"19":{"line":9,"type":"binary-expr","locations":[{"start":{"line":9,"column":212},"end":{"line":9,"column":241}},{"start":{"line":9,"column":245},"end":{"line":9,"column":260}}]},"20":{"line":16,"type":"cond-expr","locations":[{"start":{"line":16,"column":37},"end":{"line":16,"column":63}},{"start":{"line":16,"column":66},"end":{"line":16,"column":68}}]},"21":{"line":18,"type":"cond-expr","locations":[{"start":{"line":18,"column":41},"end":{"line":18,"column":105}},{"start":{"line":18,"column":108},"end":{"line":18,"column":115}}]},"22":{"line":48,"type":"cond-expr","locations":[{"start":{"line":48,"column":37},"end":{"line":48,"column":63}},{"start":{"line":48,"column":66},"end":{"line":48,"column":68}}]},"23":{"line":52,"type":"if","locations":[{"start":{"line":52,"column":6},"end":{"line":52,"column":6}},{"start":{"line":52,"column":6},"end":{"line":52,"column":6}}]},"24":{"line":58,"type":"cond-expr","locations":[{"start":{"line":58,"column":37},"end":{"line":58,"column":63}},{"start":{"line":58,"column":66},"end":{"line":58,"column":68}}]},"25":{"line":60,"type":"binary-expr","locations":[{"start":{"line":60,"column":15},"end":{"line":60,"column":38}},{"start":{"line":60,"column":42},"end":{"line":60,"column":55}}]},"26":{"line":62,"type":"if","locations":[{"start":{"line":62,"column":6},"end":{"line":62,"column":6}},{"start":{"line":62,"column":6},"end":{"line":62,"column":6}}]},"27":{"line":68,"type":"cond-expr","locations":[{"start":{"line":68,"column":37},"end":{"line":68,"column":63}},{"start":{"line":68,"column":66},"end":{"line":68,"column":68}}]},"28":{"line":69,"type":"if","locations":[{"start":{"line":69,"column":6},"end":{"line":69,"column":6}},{"start":{"line":69,"column":6},"end":{"line":69,"column":6}}]},"29":{"line":70,"type":"binary-expr","locations":[{"start":{"line":70,"column":15},"end":{"line":70,"column":39}},{"start":{"line":70,"column":43},"end":{"line":70,"column":59}}]},"30":{"line":77,"type":"cond-expr","locations":[{"start":{"line":77,"column":37},"end":{"line":77,"column":63}},{"start":{"line":77,"column":66},"end":{"line":77,"column":68}}]},"31":{"line":78,"type":"if","locations":[{"start":{"line":78,"column":6},"end":{"line":78,"column":6}},{"start":{"line":78,"column":6},"end":{"line":78,"column":6}}]},"32":{"line":86,"type":"cond-expr","locations":[{"start":{"line":86,"column":37},"end":{"line":86,"column":63}},{"start":{"line":86,"column":66},"end":{"line":86,"column":68}}]},"33":{"line":87,"type":"if","locations":[{"start":{"line":87,"column":6},"end":{"line":87,"column":6}},{"start":{"line":87,"column":6},"end":{"line":87,"column":6}}]},"34":{"line":95,"type":"cond-expr","locations":[{"start":{"line":95,"column":37},"end":{"line":95,"column":63}},{"start":{"line":95,"column":66},"end":{"line":95,"column":68}}]},"35":{"line":97,"type":"binary-expr","locations":[{"start":{"line":97,"column":15},"end":{"line":97,"column":35}},{"start":{"line":97,"column":39},"end":{"line":97,"column":54}},{"start":{"line":97,"column":58},"end":{"line":97,"column":72}}]},"36":{"line":99,"type":"if","locations":[{"start":{"line":99,"column":6},"end":{"line":99,"column":6}},{"start":{"line":99,"column":6},"end":{"line":99,"column":6}}]},"37":{"line":105,"type":"cond-expr","locations":[{"start":{"line":105,"column":37},"end":{"line":105,"column":63}},{"start":{"line":105,"column":66},"end":{"line":105,"column":68}}]},"38":{"line":107,"type":"binary-expr","locations":[{"start":{"line":107,"column":15},"end":{"line":107,"column":38}},{"start":{"line":107,"column":42},"end":{"line":107,"column":57}},{"start":{"line":107,"column":61},"end":{"line":107,"column":75}}]},"39":{"line":109,"type":"if","locations":[{"start":{"line":109,"column":6},"end":{"line":109,"column":6}},{"start":{"line":109,"column":6},"end":{"line":109,"column":6}}]},"40":{"line":115,"type":"cond-expr","locations":[{"start":{"line":115,"column":37},"end":{"line":115,"column":63}},{"start":{"line":115,"column":66},"end":{"line":115,"column":68}}]},"41":{"line":117,"type":"binary-expr","locations":[{"start":{"line":117,"column":15},"end":{"line":117,"column":34}},{"start":{"line":117,"column":38},"end":{"line":117,"column":55}}]},"42":{"line":119,"type":"if","locations":[{"start":{"line":119,"column":6},"end":{"line":119,"column":6}},{"start":{"line":119,"column":6},"end":{"line":119,"column":6}}]},"43":{"line":125,"type":"if","locations":[{"start":{"line":125,"column":6},"end":{"line":125,"column":6}},{"start":{"line":125,"column":6},"end":{"line":125,"column":6}}]},"44":{"line":131,"type":"cond-expr","locations":[{"start":{"line":131,"column":37},"end":{"line":131,"column":63}},{"start":{"line":131,"column":66},"end":{"line":131,"column":68}}]},"45":{"line":133,"type":"binary-expr","locations":[{"start":{"line":133,"column":15},"end":{"line":133,"column":40}},{"start":{"line":133,"column":44},"end":{"line":133,"column":63}},{"start":{"line":133,"column":67},"end":{"line":133,"column":83}},{"start":{"line":133,"column":87},"end":{"line":133,"column":103}},{"start":{"line":133,"column":107},"end":{"line":133,"column":127}}]},"46":{"line":135,"type":"if","locations":[{"start":{"line":135,"column":6},"end":{"line":135,"column":6}},{"start":{"line":135,"column":6},"end":{"line":135,"column":6}}]},"47":{"line":140,"type":"if","locations":[{"start":{"line":140,"column":6},"end":{"line":140,"column":6}},{"start":{"line":140,"column":6},"end":{"line":140,"column":6}}]},"48":{"line":144,"type":"if","locations":[{"start":{"line":144,"column":6},"end":{"line":144,"column":6}},{"start":{"line":144,"column":6},"end":{"line":144,"column":6}}]},"49":{"line":144,"type":"binary-expr","locations":[{"start":{"line":144,"column":13},"end":{"line":144,"column":35}},{"start":{"line":144,"column":39},"end":{"line":144,"column":61}}]},"50":{"line":150,"type":"if","locations":[{"start":{"line":150,"column":6},"end":{"line":150,"column":6}},{"start":{"line":150,"column":6},"end":{"line":150,"column":6}}]},"51":{"line":158,"type":"if","locations":[{"start":{"line":158,"column":2},"end":{"line":158,"column":2}},{"start":{"line":158,"column":2},"end":{"line":158,"column":2}}]},"52":{"line":158,"type":"binary-expr","locations":[{"start":{"line":158,"column":6},"end":{"line":158,"column":33}},{"start":{"line":158,"column":37},"end":{"line":158,"column":50}}]},"53":{"line":162,"type":"if","locations":[{"start":{"line":162,"column":2},"end":{"line":162,"column":2}},{"start":{"line":162,"column":2},"end":{"line":162,"column":2}}]},"54":{"line":162,"type":"binary-expr","locations":[{"start":{"line":162,"column":6},"end":{"line":162,"column":35}},{"start":{"line":162,"column":39},"end":{"line":162,"column":54}}]}}}}