{"/mnt/Windows/Users/chijwani/Downloads/Linux/codecombat-clojure/closer.js/lib/src/repl.js":{"path":"/mnt/Windows/Users/chijwani/Downloads/Linux/codecombat-clojure/closer.js/lib/src/repl.js","s":{"1":1,"2":1,"3":1,"4":1,"5":1,"6":1,"7":1,"8":827,"9":15403,"10":989,"11":989,"12":15403,"13":827,"14":1,"15":830,"16":830,"17":1,"18":1,"19":0,"20":1,"21":0},"b":{"1":[0,1],"2":[0,1],"3":[0,1],"4":[0,1],"5":[1,0],"6":[0,1],"7":[1,0],"8":[1,0],"9":[1,1],"10":[0,1],"11":[0,1],"12":[0,1],"13":[0,1],"14":[1,0],"15":[0,1],"16":[1,0],"17":[1,0],"18":[1,1],"19":[989,14414],"20":[0,1],"21":[1,0],"22":[0,1],"23":[1,0]},"f":{"1":1,"2":827,"3":15403,"4":830,"5":830},"fnMap":{"1":{"name":"(anonymous_1)","line":1,"loc":{"start":{"line":1,"column":1},"end":{"line":1,"column":12}}},"2":{"name":"(anonymous_2)","line":12,"loc":{"start":{"line":12,"column":19},"end":{"line":12,"column":33}}},"3":{"name":"(anonymous_3)","line":14,"loc":{"start":{"line":14,"column":13},"end":{"line":14,"column":28}}},"4":{"name":"(anonymous_4)","line":26,"loc":{"start":{"line":26,"column":11},"end":{"line":26,"column":34}}},"5":{"name":"(anonymous_5)","line":29,"loc":{"start":{"line":29,"column":16},"end":{"line":29,"column":39}}}},"statementMap":{"1":{"start":{"line":1,"column":0},"end":{"line":44,"column":14}},"2":{"start":{"line":2,"column":2},"end":{"line":2,"column":111}},"3":{"start":{"line":4,"column":2},"end":{"line":4,"column":329}},"4":{"start":{"line":6,"column":2},"end":{"line":6,"column":352}},"5":{"start":{"line":8,"column":2},"end":{"line":8,"column":35}},"6":{"start":{"line":10,"column":2},"end":{"line":10,"column":37}},"7":{"start":{"line":12,"column":2},"end":{"line":23,"column":4}},"8":{"start":{"line":13,"column":4},"end":{"line":21,"column":7}},"9":{"start":{"line":15,"column":8},"end":{"line":18,"column":9}},"10":{"start":{"line":16,"column":10},"end":{"line":16,"column":35}},"11":{"start":{"line":17,"column":10},"end":{"line":17,"column":32}},"12":{"start":{"line":19,"column":8},"end":{"line":19,"column":20}},"13":{"start":{"line":22,"column":4},"end":{"line":22,"column":15}},"14":{"start":{"line":25,"column":2},"end":{"line":32,"column":4}},"15":{"start":{"line":27,"column":6},"end":{"line":27,"column":94}},"16":{"start":{"line":30,"column":6},"end":{"line":30,"column":58}},"17":{"start":{"line":34,"column":2},"end":{"line":34,"column":24}},"18":{"start":{"line":36,"column":2},"end":{"line":38,"column":3}},"19":{"start":{"line":37,"column":4},"end":{"line":37,"column":21}},"20":{"start":{"line":40,"column":2},"end":{"line":42,"column":3}},"21":{"start":{"line":41,"column":4},"end":{"line":41,"column":23}}},"branchMap":{"1":{"line":4,"type":"cond-expr","locations":[{"start":{"line":4,"column":302},"end":{"line":4,"column":306}},{"start":{"line":4,"column":309},"end":{"line":4,"column":328}}]},"2":{"line":4,"type":"cond-expr","locations":[{"start":{"line":4,"column":209},"end":{"line":4,"column":214}},{"start":{"line":4,"column":217},"end":{"line":4,"column":290}}]},"3":{"line":4,"type":"cond-expr","locations":[{"start":{"line":4,"column":122},"end":{"line":4,"column":127}},{"start":{"line":4,"column":130},"end":{"line":4,"column":197}}]},"4":{"line":4,"type":"cond-expr","locations":[{"start":{"line":4,"column":88},"end":{"line":4,"column":101}},{"start":{"line":4,"column":104},"end":{"line":4,"column":110}}]},"5":{"line":4,"type":"binary-expr","locations":[{"start":{"line":4,"column":37},"end":{"line":4,"column":66}},{"start":{"line":4,"column":70},"end":{"line":4,"column":85}}]},"6":{"line":4,"type":"cond-expr","locations":[{"start":{"line":4,"column":177},"end":{"line":4,"column":188}},{"start":{"line":4,"column":191},"end":{"line":4,"column":197}}]},"7":{"line":4,"type":"binary-expr","locations":[{"start":{"line":4,"column":130},"end":{"line":4,"column":157}},{"start":{"line":4,"column":161},"end":{"line":4,"column":174}}]},"8":{"line":4,"type":"cond-expr","locations":[{"start":{"line":4,"column":268},"end":{"line":4,"column":281}},{"start":{"line":4,"column":284},"end":{"line":4,"column":290}}]},"9":{"line":4,"type":"binary-expr","locations":[{"start":{"line":4,"column":217},"end":{"line":4,"column":246}},{"start":{"line":4,"column":250},"end":{"line":4,"column":265}}]},"10":{"line":6,"type":"cond-expr","locations":[{"start":{"line":6,"column":319},"end":{"line":6,"column":324}},{"start":{"line":6,"column":327},"end":{"line":6,"column":351}}]},"11":{"line":6,"type":"cond-expr","locations":[{"start":{"line":6,"column":222},"end":{"line":6,"column":227}},{"start":{"line":6,"column":230},"end":{"line":6,"column":307}}]},"12":{"line":6,"type":"cond-expr","locations":[{"start":{"line":6,"column":131},"end":{"line":6,"column":136}},{"start":{"line":6,"column":139},"end":{"line":6,"column":210}}]},"13":{"line":6,"type":"cond-expr","locations":[{"start":{"line":6,"column":93},"end":{"line":6,"column":110}},{"start":{"line":6,"column":113},"end":{"line":6,"column":119}}]},"14":{"line":6,"type":"binary-expr","locations":[{"start":{"line":6,"column":42},"end":{"line":6,"column":71}},{"start":{"line":6,"column":75},"end":{"line":6,"column":90}}]},"15":{"line":6,"type":"cond-expr","locations":[{"start":{"line":6,"column":186},"end":{"line":6,"column":201}},{"start":{"line":6,"column":204},"end":{"line":6,"column":210}}]},"16":{"line":6,"type":"binary-expr","locations":[{"start":{"line":6,"column":139},"end":{"line":6,"column":166}},{"start":{"line":6,"column":170},"end":{"line":6,"column":183}}]},"17":{"line":6,"type":"cond-expr","locations":[{"start":{"line":6,"column":281},"end":{"line":6,"column":298}},{"start":{"line":6,"column":301},"end":{"line":6,"column":307}}]},"18":{"line":6,"type":"binary-expr","locations":[{"start":{"line":6,"column":230},"end":{"line":6,"column":259}},{"start":{"line":6,"column":263},"end":{"line":6,"column":278}}]},"19":{"line":15,"type":"if","locations":[{"start":{"line":15,"column":8},"end":{"line":15,"column":8}},{"start":{"line":15,"column":8},"end":{"line":15,"column":8}}]},"20":{"line":36,"type":"if","locations":[{"start":{"line":36,"column":2},"end":{"line":36,"column":2}},{"start":{"line":36,"column":2},"end":{"line":36,"column":2}}]},"21":{"line":36,"type":"binary-expr","locations":[{"start":{"line":36,"column":6},"end":{"line":36,"column":33}},{"start":{"line":36,"column":37},"end":{"line":36,"column":50}}]},"22":{"line":40,"type":"if","locations":[{"start":{"line":40,"column":2},"end":{"line":40,"column":2}},{"start":{"line":40,"column":2},"end":{"line":40,"column":2}}]},"23":{"line":40,"type":"binary-expr","locations":[{"start":{"line":40,"column":6},"end":{"line":40,"column":35}},{"start":{"line":40,"column":39},"end":{"line":40,"column":54}}]}}},"/mnt/Windows/Users/chijwani/Downloads/Linux/codecombat-clojure/closer.js/lib/src/closer.js":{"path":"/mnt/Windows/Users/chijwani/Downloads/Linux/codecombat-clojure/closer.js/lib/src/closer.js","s":{"1":1,"2":1,"3":1,"4":1,"5":1,"6":1,"7":1,"8":43,"9":0,"10":1,"11":12556,"12":12556,"13":12556,"14":12556,"15":0,"16":1,"17":2398,"18":2398,"19":2398,"20":2398,"21":1,"22":9649,"23":9016,"24":633,"25":0,"26":633,"27":1,"28":1,"29":1,"30":878,"31":878,"32":878,"33":1,"34":1,"35":878,"36":878,"37":878,"38":878,"39":878,"40":878,"41":1,"42":1,"43":1,"44":1,"45":878,"46":1,"47":878,"48":1,"49":1,"50":878,"51":1,"52":1,"53":0,"54":1,"55":0},"b":{"1":[12556,0],"2":[12556,12556],"3":[9016,633],"4":[0,633],"5":[878,18],"6":[878,860],"7":[878,878],"8":[878,878],"9":[878,18],"10":[0,1],"11":[1,0],"12":[0,1],"13":[1,0]},"f":{"1":1,"2":0,"3":12556,"4":2398,"5":9649,"6":878,"7":1,"8":878,"9":1,"10":878,"11":878,"12":878},"fnMap":{"1":{"name":"(anonymous_1)","line":1,"loc":{"start":{"line":1,"column":1},"end":{"line":1,"column":12}}},"2":{"name":"(anonymous_2)","line":13,"loc":{"start":{"line":13,"column":21},"end":{"line":13,"column":54}}},"3":{"name":"(anonymous_3)","line":18,"loc":{"start":{"line":18,"column":19},"end":{"line":18,"column":58}}},"4":{"name":"(anonymous_4)","line":28,"loc":{"start":{"line":28,"column":22},"end":{"line":28,"column":43}}},"5":{"name":"(anonymous_5)","line":35,"loc":{"start":{"line":35,"column":18},"end":{"line":35,"column":32}}},"6":{"name":"(anonymous_6)","line":59,"loc":{"start":{"line":59,"column":17},"end":{"line":59,"column":43}}},"7":{"name":"(anonymous_7)","line":65,"loc":{"start":{"line":65,"column":12},"end":{"line":65,"column":23}}},"8":{"name":"Parser","line":66,"loc":{"start":{"line":66,"column":4},"end":{"line":66,"column":29}}},"9":{"name":"(anonymous_9)","line":81,"loc":{"start":{"line":81,"column":12},"end":{"line":81,"column":23}}},"10":{"name":"Closer","line":82,"loc":{"start":{"line":82,"column":4},"end":{"line":82,"column":29}}},"11":{"name":"(anonymous_11)","line":86,"loc":{"start":{"line":86,"column":29},"end":{"line":86,"column":55}}},"12":{"name":"(anonymous_12)","line":95,"loc":{"start":{"line":95,"column":11},"end":{"line":95,"column":34}}}},"statementMap":{"1":{"start":{"line":1,"column":0},"end":{"line":111,"column":14}},"2":{"start":{"line":2,"column":2},"end":{"line":2,"column":68}},"3":{"start":{"line":4,"column":2},"end":{"line":4,"column":38}},"4":{"start":{"line":6,"column":2},"end":{"line":6,"column":29}},"5":{"start":{"line":8,"column":2},"end":{"line":8,"column":15}},"6":{"start":{"line":10,"column":2},"end":{"line":10,"column":29}},"7":{"start":{"line":12,"column":2},"end":{"line":16,"column":3}},"8":{"start":{"line":13,"column":4},"end":{"line":15,"column":6}},"9":{"start":{"line":14,"column":6},"end":{"line":14,"column":50}},"10":{"start":{"line":18,"column":2},"end":{"line":26,"column":4}},"11":{"start":{"line":19,"column":4},"end":{"line":19,"column":18}},"12":{"start":{"line":20,"column":4},"end":{"line":20,"column":54}},"13":{"start":{"line":21,"column":4},"end":{"line":25,"column":5}},"14":{"start":{"line":22,"column":6},"end":{"line":22,"column":56}},"15":{"start":{"line":24,"column":6},"end":{"line":24,"column":61}},"16":{"start":{"line":28,"column":2},"end":{"line":33,"column":4}},"17":{"start":{"line":29,"column":4},"end":{"line":29,"column":36}},"18":{"start":{"line":30,"column":4},"end":{"line":30,"column":40}},"19":{"start":{"line":31,"column":4},"end":{"line":31,"column":49}},"20":{"start":{"line":32,"column":4},"end":{"line":32,"column":17}},"21":{"start":{"line":35,"column":2},"end":{"line":53,"column":4}},"22":{"start":{"line":36,"column":4},"end":{"line":38,"column":5}},"23":{"start":{"line":37,"column":6},"end":{"line":37,"column":18}},"24":{"start":{"line":39,"column":4},"end":{"line":41,"column":5}},"25":{"start":{"line":40,"column":6},"end":{"line":40,"column":41}},"26":{"start":{"line":42,"column":4},"end":{"line":52,"column":6}},"27":{"start":{"line":55,"column":2},"end":{"line":55,"column":37}},"28":{"start":{"line":57,"column":2},"end":{"line":57,"column":26}},"29":{"start":{"line":59,"column":2},"end":{"line":63,"column":4}},"30":{"start":{"line":60,"column":4},"end":{"line":60,"column":21}},"31":{"start":{"line":61,"column":4},"end":{"line":61,"column":36}},"32":{"start":{"line":62,"column":4},"end":{"line":62,"column":39}},"33":{"start":{"line":65,"column":2},"end":{"line":77,"column":7}},"34":{"start":{"line":66,"column":4},"end":{"line":73,"column":5}},"35":{"start":{"line":67,"column":6},"end":{"line":67,"column":43}},"36":{"start":{"line":68,"column":6},"end":{"line":68,"column":46}},"37":{"start":{"line":69,"column":6},"end":{"line":69,"column":57}},"38":{"start":{"line":70,"column":6},"end":{"line":70,"column":46}},"39":{"start":{"line":71,"column":6},"end":{"line":71,"column":44}},"40":{"start":{"line":72,"column":6},"end":{"line":72,"column":44}},"41":{"start":{"line":75,"column":4},"end":{"line":75,"column":18}},"42":{"start":{"line":79,"column":2},"end":{"line":79,"column":28}},"43":{"start":{"line":81,"column":2},"end":{"line":92,"column":7}},"44":{"start":{"line":82,"column":4},"end":{"line":84,"column":5}},"45":{"start":{"line":83,"column":6},"end":{"line":83,"column":46}},"46":{"start":{"line":86,"column":4},"end":{"line":88,"column":6}},"47":{"start":{"line":87,"column":6},"end":{"line":87,"column":48}},"48":{"start":{"line":90,"column":4},"end":{"line":90,"column":18}},"49":{"start":{"line":94,"column":2},"end":{"line":99,"column":4}},"50":{"start":{"line":96,"column":6},"end":{"line":96,"column":53}},"51":{"start":{"line":101,"column":2},"end":{"line":101,"column":26}},"52":{"start":{"line":103,"column":2},"end":{"line":105,"column":3}},"53":{"start":{"line":104,"column":4},"end":{"line":104,"column":25}},"54":{"start":{"line":107,"column":2},"end":{"line":109,"column":3}},"55":{"start":{"line":108,"column":4},"end":{"line":108,"column":27}}},"branchMap":{"1":{"line":21,"type":"if","locations":[{"start":{"line":21,"column":4},"end":{"line":21,"column":4}},{"start":{"line":21,"column":4},"end":{"line":21,"column":4}}]},"2":{"line":21,"type":"binary-expr","locations":[{"start":{"line":21,"column":8},"end":{"line":21,"column":15}},{"start":{"line":21,"column":19},"end":{"line":21,"column":39}}]},"3":{"line":36,"type":"if","locations":[{"start":{"line":36,"column":4},"end":{"line":36,"column":4}},{"start":{"line":36,"column":4},"end":{"line":36,"column":4}}]},"4":{"line":39,"type":"if","locations":[{"start":{"line":39,"column":4},"end":{"line":39,"column":4}},{"start":{"line":39,"column":4},"end":{"line":39,"column":4}}]},"5":{"line":61,"type":"binary-expr","locations":[{"start":{"line":61,"column":22},"end":{"line":61,"column":29}},{"start":{"line":61,"column":33},"end":{"line":61,"column":35}}]},"6":{"line":69,"type":"binary-expr","locations":[{"start":{"line":69,"column":26},"end":{"line":69,"column":38}},{"start":{"line":69,"column":42},"end":{"line":69,"column":56}}]},"7":{"line":70,"type":"binary-expr","locations":[{"start":{"line":70,"column":23},"end":{"line":70,"column":37}},{"start":{"line":70,"column":41},"end":{"line":70,"column":45}}]},"8":{"line":71,"type":"binary-expr","locations":[{"start":{"line":71,"column":26},"end":{"line":71,"column":38}},{"start":{"line":71,"column":42},"end":{"line":71,"column":43}}]},"9":{"line":83,"type":"binary-expr","locations":[{"start":{"line":83,"column":31},"end":{"line":83,"column":38}},{"start":{"line":83,"column":42},"end":{"line":83,"column":44}}]},"10":{"line":103,"type":"if","locations":[{"start":{"line":103,"column":2},"end":{"line":103,"column":2}},{"start":{"line":103,"column":2},"end":{"line":103,"column":2}}]},"11":{"line":103,"type":"binary-expr","locations":[{"start":{"line":103,"column":6},"end":{"line":103,"column":33}},{"start":{"line":103,"column":37},"end":{"line":103,"column":50}}]},"12":{"line":107,"type":"if","locations":[{"start":{"line":107,"column":2},"end":{"line":107,"column":2}},{"start":{"line":107,"column":2},"end":{"line":107,"column":2}}]},"13":{"line":107,"type":"binary-expr","locations":[{"start":{"line":107,"column":6},"end":{"line":107,"column":35}},{"start":{"line":107,"column":39},"end":{"line":107,"column":54}}]}}},"/mnt/Windows/Users/chijwani/Downloads/Linux/codecombat-clojure/closer.js/lib/src/parser.js":{"path":"/mnt/Windows/Users/chijwani/Downloads/Linux/codecombat-clojure/closer.js/lib/src/parser.js","s":{"1":1,"2":1,"3":18458,"4":18458,"5":1310,"6":1310,"7":5,"8":5,"9":5,"10":5,"11":5,"12":5,"13":93,"14":93,"15":26,"16":26,"17":21,"18":26,"19":3,"20":26,"21":26,"22":26,"23":26,"24":26,"25":26,"26":1687,"27":1687,"28":92,"29":92,"30":141,"31":141,"32":45,"33":45,"34":13,"35":13,"36":79,"37":79,"38":272,"39":272,"40":91,"41":91,"42":129,"43":129,"44":116,"45":116,"46":8,"47":8,"48":34,"49":34,"50":40,"51":40,"52":40,"53":40,"54":24,"55":24,"56":9,"57":0,"58":9,"59":9,"60":9,"61":9,"62":7,"63":7,"64":2,"65":2,"66":2,"67":3,"68":3,"69":3,"70":3,"71":3,"72":3,"73":3,"74":2,"75":2,"76":2,"77":2,"78":2,"79":2,"80":2,"81":9,"82":9,"83":9,"84":9,"85":12,"86":12,"87":12,"88":7,"89":7,"90":7,"91":19,"92":19,"93":19,"94":19,"95":19,"96":2,"97":2,"98":19,"99":19,"100":19,"101":19,"102":8,"103":8,"104":11,"105":11,"106":32,"107":32,"108":32,"109":32,"110":226,"111":26,"112":3,"113":23,"114":16,"115":26,"116":26,"117":32,"118":32,"119":16,"120":32,"121":32,"122":32,"123":32,"124":2,"125":2,"126":2,"127":32,"128":32,"129":32,"130":32,"131":10,"132":10,"133":6,"134":6,"135":6,"136":3,"137":3,"138":10,"139":2,"140":2,"141":6,"142":6,"143":6,"144":2,"145":2,"146":2,"147":8,"148":8,"149":18,"150":18,"151":18,"152":18,"153":18,"154":18,"155":18,"156":16,"157":16,"158":12,"159":12,"160":13,"161":13,"162":12,"163":12,"164":12,"165":4,"166":4,"167":5,"168":5,"169":5,"170":4,"171":4,"172":4,"173":4,"174":9,"175":9,"176":4,"177":4,"178":4,"179":4,"180":5,"181":4,"182":4,"183":4,"184":4,"185":4,"186":4,"187":6,"188":6,"189":6,"190":9,"191":9,"192":9,"193":9,"194":9,"195":9,"196":6,"197":6,"198":6,"199":1,"200":1,"201":1,"202":1,"203":1,"204":1,"205":1,"206":1,"207":1,"208":1,"209":1,"210":1,"211":1,"212":1,"213":1,"214":1,"215":1,"216":1,"217":1,"218":1,"219":1,"220":1,"221":12,"222":12,"223":12,"224":12,"225":3,"226":9,"227":12,"228":8,"229":8,"230":2,"231":2,"232":1009,"233":1009,"234":1009,"235":1009,"236":1009,"237":1009,"238":2,"239":2,"240":2397,"241":2397,"242":603,"243":603,"244":1065,"245":1065,"246":17,"247":17,"248":130,"249":130,"250":196,"251":196,"252":196,"253":2278,"254":2278,"255":1344,"256":1344,"257":1344,"258":1344,"259":910,"260":940,"261":910,"262":4,"263":4,"264":4,"265":28,"266":28,"267":19,"268":19,"269":872,"270":872,"271":872,"272":872,"273":0,"274":2,"275":2,"276":2,"277":2,"278":0,"279":4,"280":0,"281":4,"282":878,"283":878,"284":878,"285":878,"286":878,"287":878,"288":878,"289":0,"290":878,"291":878,"292":878,"293":878,"294":0,"295":878,"296":1,"297":0,"298":0,"299":0,"300":1,"301":8376,"302":8376,"303":8376,"304":0,"305":8376,"306":878,"307":878,"308":26834,"309":26834,"310":2180,"311":24654,"312":8376,"313":24654,"314":26834,"315":4,"316":4,"317":4,"318":45,"319":31,"320":4,"321":4,"322":0,"323":4,"324":26830,"325":0,"326":26830,"327":8372,"328":8372,"329":8372,"330":8372,"331":8372,"332":8372,"333":8372,"334":8372,"335":8372,"336":8372,"337":8372,"338":0,"339":0,"340":0,"341":8372,"342":18458,"343":18458,"344":18458,"345":18458,"346":18458,"347":18458,"348":18458,"349":874,"350":17584,"351":17223,"352":17223,"353":17223,"354":17584,"355":17584,"356":17584,"357":17584,"358":17584,"359":17584,"360":0,"361":0,"362":1,"363":1,"364":1,"365":1,"366":874,"367":1,"368":48,"369":48,"370":48,"371":48,"372":56,"373":56,"374":43,"375":13,"376":13,"377":13,"378":13,"379":48,"380":9,"381":7,"382":7,"383":2,"384":2,"385":2,"386":2,"387":2,"388":48,"389":1,"390":7,"391":7,"392":7,"393":7,"394":14,"395":14,"396":11,"397":11,"398":11,"399":11,"400":3,"401":3,"402":3,"403":3,"404":7,"405":1,"406":36,"407":29,"408":7,"409":7,"410":1,"411":18,"412":18,"413":18,"414":18,"415":18,"416":18,"417":18,"418":18,"419":18,"420":18,"421":18,"422":18,"423":18,"424":3,"425":3,"426":3,"427":3,"428":3,"429":18,"430":1,"431":23,"432":23,"433":976,"434":4,"435":972,"436":6,"437":6,"438":6,"439":6,"440":5,"441":5,"442":5,"443":6,"444":92,"445":9,"446":9,"447":9,"448":9,"449":6,"450":6,"451":6,"452":23,"453":1,"454":18,"455":18,"456":1,"457":1077,"458":1035,"459":42,"460":1,"461":51,"462":51,"463":7,"464":51,"465":51,"466":51,"467":1,"468":91,"469":0,"470":91,"471":91,"472":80,"473":11,"474":5,"475":5,"476":1,"477":5,"478":6,"479":85,"480":90,"481":90,"482":1,"483":89,"484":67,"485":67,"486":67,"487":22,"488":85,"489":1,"490":11,"491":11,"492":7,"493":4,"494":11,"495":1,"496":8,"497":8,"498":6,"499":8,"500":1,"501":82,"502":82,"503":1,"504":84,"505":84,"506":84,"507":1,"508":1780,"509":1780,"510":34,"511":34,"512":1746,"513":1780,"514":1,"515":2062,"516":1,"517":608,"518":1,"519":1,"520":1912,"521":1912,"522":759,"523":1,"524":141,"525":0,"526":0,"527":1,"528":874,"529":12829,"530":0,"531":12829,"532":874,"533":12829,"534":621,"535":12829,"536":10331,"537":12829,"538":1,"539":1774,"540":1,"541":1,"542":0,"543":0,"544":0,"545":878,"546":878,"547":878,"548":878,"549":878,"550":878,"551":878,"552":878,"553":878,"554":878,"555":0,"556":0,"557":0,"558":0,"559":0,"560":0,"561":0,"562":0,"563":0,"564":0,"565":0,"566":0,"567":0,"568":0,"569":0,"570":0,"571":0,"572":0,"573":0,"574":0,"575":0,"576":0,"577":0,"578":0,"579":0,"580":0,"581":0,"582":0,"583":0,"584":0,"585":0,"586":0,"587":0,"588":0,"589":0,"590":0,"591":0,"592":0,"593":4,"594":4,"595":4,"596":4,"597":4,"598":4,"599":4,"600":4,"601":4,"602":11238,"603":11238,"604":0,"605":0,"606":0,"607":11238,"608":11238,"609":25,"610":11238,"611":11238,"612":11238,"613":11238,"614":11238,"615":11238,"616":11238,"617":11238,"618":11238,"619":11238,"620":11238,"621":11238,"622":11238,"623":0,"624":11238,"625":8376,"626":2862,"627":0,"628":0,"629":0,"630":2862,"631":11238,"632":0,"633":11238,"634":874,"635":11238,"636":11238,"637":11238,"638":11238,"639":11238,"640":11238,"641":471996,"642":471996,"643":11384,"644":11384,"645":11384,"646":0,"647":0,"648":0,"649":0,"650":0,"651":0,"652":0,"653":11384,"654":0,"655":11238,"656":11238,"657":11238,"658":8376,"659":2862,"660":0,"661":0,"662":0,"663":11238,"664":11238,"665":8376,"666":2862,"667":0,"668":0,"669":0,"670":0,"671":0,"672":11238,"673":11238,"674":0,"675":0,"676":0,"677":0,"678":0,"679":0,"680":0,"681":11238,"682":11238,"683":2858,"684":1687,"685":0,"686":92,"687":0,"688":141,"689":141,"690":0,"691":26,"692":0,"693":4,"694":9,"695":0,"696":1199,"697":0,"698":1196,"699":0,"700":329,"701":0,"702":327,"703":0,"704":253,"705":0,"706":253,"707":0,"708":148,"709":0,"710":91,"711":0,"712":93,"713":0,"714":12,"715":0,"716":8,"717":0,"718":10,"719":0,"720":11,"721":0,"722":10,"723":0,"724":2,"725":0,"726":2,"727":0,"728":12,"729":0,"730":4,"731":0,"732":6,"733":0,"734":6,"735":0,"736":2,"737":0,"738":2,"739":0,"740":1,"741":0,"742":1,"743":0,"744":1,"745":0,"746":10,"747":0,"748":3,"749":0,"750":2,"751":0,"752":45,"753":0,"754":13,"755":0,"756":79,"757":0,"758":1416,"759":0,"760":0,"761":0,"762":874,"763":0,"764":0,"765":0,"766":1,"767":1,"768":1,"769":1,"770":1,"771":1,"772":1,"773":1,"774":1,"775":1,"776":1,"777":0,"778":1,"779":0,"780":0,"781":0,"782":0,"783":0,"784":1,"785":0},"b":{"1":[1310,5,5,93,26,1687,92,141,45,13,79,272,91,129,116,8,34,40,24,9,9,7,2,3,2,9,12,7,19,8,11,32,10,2,6,2,8,18,18,16,12,4,6,1,1,1,12,8,2,1009,2,2397,603,1065,17,130,196,2278,1344,910,4,28,19,872,2],"2":[6,1304],"3":[21,5],"4":[3,23],"5":[3,23],"6":[0,9],"7":[9,0],"8":[2,17],"9":[26,200],"10":[226,101],"11":[3,23],"12":[16,7],"13":[2,30],"14":[6,4],"15":[10,9,6],"16":[3,3],"17":[4,5],"18":[4,0],"19":[3,9],"20":[0,4],"21":[0,878],"22":[878,878],"23":[0,878],"24":[8376,0],"25":[0,8376],"26":[0,0],"27":[2180,24654],"28":[8376,16278],"29":[24654,17156],"30":[24654,24654],"31":[4,26830],"32":[26834,26830,26830],"33":[31,14],"34":[45,31],"35":[4,0],"36":[4,0],"37":[0,0],"38":[0,0],"39":[4,0],"40":[0,26830],"41":[26830,0],"42":[8372,18458,0],"43":[8372,0],"44":[0,8372],"45":[18458,361],"46":[18458,361],"47":[18458,0],"48":[18458,361],"49":[874,17584],"50":[17223,361],"51":[43,13],"52":[56,43],"53":[13,0],"54":[13,8],"55":[9,39],"56":[7,2],"57":[9,7],"58":[2,0],"59":[2,0],"60":[11,3],"61":[14,11],"62":[3,0],"63":[3,3],"64":[29,7],"65":[36,29],"66":[7,0],"67":[7,7],"68":[4,972],"69":[976,972],"70":[6,966],"71":[972,62],"72":[5,1],"73":[5,1],"74":[6,5],"75":[9,83],"76":[92,40],"77":[5,1],"78":[1035,42],"79":[7,44],"80":[0,91],"81":[91,91,91],"82":[80,11],"83":[5,6],"84":[1,4],"85":[1,89],"86":[67,22],"87":[7,4],"88":[34,1746],"89":[0,12829],"90":[0,0],"91":[621,12208],"92":[12829,1527],"93":[10331,2498],"94":[12829,11297],"95":[162,1612],"96":[0,0],"97":[878,0],"98":[0,0],"99":[0,0],"100":[0,0],"101":[0,0],"102":[0,0],"103":[0,0],"104":[0,0],"105":[0,4],"106":[4,0],"107":[0,4],"108":[0,11238],"109":[0,0],"110":[25,11213],"111":[25,11213],"112":[11238,0],"113":[0,11238],"114":[11238,874],"115":[8376,2862],"116":[0,2862],"117":[0,11238],"118":[874,10364],"119":[11238,0],"120":[11384,460612],"121":[471996,32313,21075],"122":[0,11384],"123":[0,0],"124":[0,0],"125":[0,11384],"126":[11238,0],"127":[8376,2862],"128":[0,0],"129":[8376,2862],"130":[0,0],"131":[11238,0],"132":[11238,11238],"133":[0,0],"134":[0,0],"135":[2858,1687,92,141,26,4,9,1199,1196,329,327,253,253,148,91,93,12,8,10,11,10,2,2,12,4,6,6,2,2,1,1,1,10,3,2,45,13,79,1416,0,874,0],"136":[1,0],"137":[1,1],"138":[0,0],"139":[0,1],"140":[1,1]},"f":{"1":1,"2":0,"3":18458,"4":226,"5":4,"6":878,"7":0,"8":8376,"9":874,"10":48,"11":7,"12":36,"13":18,"14":23,"15":976,"16":92,"17":18,"18":1077,"19":51,"20":91,"21":11,"22":8,"23":82,"24":84,"25":1780,"26":2062,"27":608,"28":1912,"29":759,"30":141,"31":0,"32":0,"33":874,"34":12829,"35":12829,"36":1774,"37":1,"38":0,"39":878,"40":0,"41":0,"42":0,"43":0,"44":0,"45":4,"46":4,"47":4,"48":11238,"49":11238,"50":11238,"51":0,"52":0,"53":11238,"54":0,"55":0,"56":0,"57":11238,"58":1,"59":0,"60":0},"fnMap":{"1":{"name":"(anonymous_1)","line":74,"loc":{"start":{"line":74,"column":14},"end":{"line":74,"column":24}}},"2":{"name":"trace","line":75,"loc":{"start":{"line":75,"column":21},"end":{"line":75,"column":38}}},"3":{"name":"anonymous","line":80,"loc":{"start":{"line":80,"column":15},"end":{"line":80,"column":123}}},"4":{"name":"(anonymous_4)","line":227,"loc":{"start":{"line":227,"column":19},"end":{"line":227,"column":35}}},"5":{"name":"parseError","line":515,"loc":{"start":{"line":515,"column":12},"end":{"line":515,"column":43}}},"6":{"name":"parse","line":522,"loc":{"start":{"line":522,"column":7},"end":{"line":522,"column":29}}},"7":{"name":"popStack","line":540,"loc":{"start":{"line":540,"column":4},"end":{"line":540,"column":25}}},"8":{"name":"lex","line":545,"loc":{"start":{"line":545,"column":4},"end":{"line":545,"column":19}}},"9":{"name":"resetGeneratedIds","line":664,"loc":{"start":{"line":664,"column":0},"end":{"line":664,"column":29}}},"10":{"name":"processSeqDestrucForm","line":668,"loc":{"start":{"line":668,"column":0},"end":{"line":668,"column":41}}},"11":{"name":"processMapDestrucForm","line":698,"loc":{"start":{"line":698,"column":0},"end":{"line":698,"column":41}}},"12":{"name":"processDestrucForm","line":720,"loc":{"start":{"line":720,"column":0},"end":{"line":720,"column":38}}},"13":{"name":"processChildDestrucForm","line":728,"loc":{"start":{"line":728,"column":0},"end":{"line":728,"column":49}}},"14":{"name":"processRecurFormIfAny","line":778,"loc":{"start":{"line":778,"column":0},"end":{"line":778,"column":57}}},"15":{"name":"(anonymous_15)","line":781,"loc":{"start":{"line":781,"column":15},"end":{"line":781,"column":31}}},"16":{"name":"(anonymous_16)","line":797,"loc":{"start":{"line":797,"column":27},"end":{"line":797,"column":48}}},"17":{"name":"wrapInIIFE","line":817,"loc":{"start":{"line":817,"column":0},"end":{"line":817,"column":37}}},"18":{"name":"wrapInExpressionStatement","line":835,"loc":{"start":{"line":835,"column":0},"end":{"line":835,"column":45}}},"19":{"name":"createArityCheckStmt","line":842,"loc":{"start":{"line":842,"column":0},"end":{"line":842,"column":64}}},"20":{"name":"createReturnStatementIfPossible","line":859,"loc":{"start":{"line":859,"column":0},"end":{"line":859,"column":51}}},"21":{"name":"createRestArgsDecl","line":888,"loc":{"start":{"line":888,"column":0},"end":{"line":888,"column":59}}},"22":{"name":"parseLogicalExpr","line":910,"loc":{"start":{"line":910,"column":0},"end":{"line":910,"column":48}}},"23":{"name":"parseVarDecl","line":918,"loc":{"start":{"line":918,"column":0},"end":{"line":918,"column":43}}},"24":{"name":"addVarDecl","line":923,"loc":{"start":{"line":923,"column":0},"end":{"line":923,"column":47}}},"25":{"name":"parseNumLiteral","line":929,"loc":{"start":{"line":929,"column":0},"end":{"line":929,"column":57}}},"26":{"name":"parseLiteral","line":940,"loc":{"start":{"line":940,"column":0},"end":{"line":940,"column":51}}},"27":{"name":"parseCollectionLiteral","line":944,"loc":{"start":{"line":944,"column":0},"end":{"line":944,"column":56}}},"28":{"name":"parseIdentifierName","line":959,"loc":{"start":{"line":959,"column":0},"end":{"line":959,"column":35}}},"29":{"name":"(anonymous_29)","line":961,"loc":{"start":{"line":961,"column":40},"end":{"line":961,"column":53}}},"30":{"name":"parseString","line":964,"loc":{"start":{"line":964,"column":0},"end":{"line":964,"column":26}}},"31":{"name":"(anonymous_31)","line":966,"loc":{"start":{"line":966,"column":57},"end":{"line":966,"column":79}}},"32":{"name":"(anonymous_32)","line":969,"loc":{"start":{"line":969,"column":42},"end":{"line":969,"column":64}}},"33":{"name":"processLocsAndRanges","line":983,"loc":{"start":{"line":983,"column":0},"end":{"line":983,"column":50}}},"34":{"name":"(anonymous_34)","line":988,"loc":{"start":{"line":988,"column":15},"end":{"line":988,"column":31}}},"35":{"name":"(anonymous_35)","line":995,"loc":{"start":{"line":995,"column":15},"end":{"line":995,"column":31}}},"36":{"name":"getValueIfUndefined","line":1005,"loc":{"start":{"line":1005,"column":0},"end":{"line":1005,"column":57}}},"37":{"name":"(anonymous_37)","line":1009,"loc":{"start":{"line":1009,"column":13},"end":{"line":1009,"column":23}}},"38":{"name":"parseError","line":1014,"loc":{"start":{"line":1014,"column":11},"end":{"line":1014,"column":42}}},"39":{"name":"(anonymous_39)","line":1023,"loc":{"start":{"line":1023,"column":9},"end":{"line":1023,"column":26}}},"40":{"name":"(anonymous_40)","line":1043,"loc":{"start":{"line":1043,"column":6},"end":{"line":1043,"column":18}}},"41":{"name":"(anonymous_41)","line":1066,"loc":{"start":{"line":1066,"column":6},"end":{"line":1066,"column":20}}},"42":{"name":"(anonymous_42)","line":1101,"loc":{"start":{"line":1101,"column":5},"end":{"line":1101,"column":17}}},"43":{"name":"(anonymous_43)","line":1107,"loc":{"start":{"line":1107,"column":7},"end":{"line":1107,"column":19}}},"44":{"name":"(anonymous_44)","line":1122,"loc":{"start":{"line":1122,"column":5},"end":{"line":1122,"column":18}}},"45":{"name":"(anonymous_45)","line":1127,"loc":{"start":{"line":1127,"column":10},"end":{"line":1127,"column":22}}},"46":{"name":"(anonymous_46)","line":1133,"loc":{"start":{"line":1133,"column":14},"end":{"line":1133,"column":26}}},"47":{"name":"(anonymous_47)","line":1142,"loc":{"start":{"line":1142,"column":13},"end":{"line":1142,"column":25}}},"48":{"name":"(anonymous_48)","line":1149,"loc":{"start":{"line":1149,"column":11},"end":{"line":1149,"column":42}}},"49":{"name":"(anonymous_49)","line":1221,"loc":{"start":{"line":1221,"column":5},"end":{"line":1221,"column":17}}},"50":{"name":"lex","line":1279,"loc":{"start":{"line":1279,"column":4},"end":{"line":1279,"column":19}}},"51":{"name":"begin","line":1289,"loc":{"start":{"line":1289,"column":6},"end":{"line":1289,"column":32}}},"52":{"name":"popState","line":1294,"loc":{"start":{"line":1294,"column":9},"end":{"line":1294,"column":29}}},"53":{"name":"_currentRules","line":1304,"loc":{"start":{"line":1304,"column":14},"end":{"line":1304,"column":39}}},"54":{"name":"topState","line":1313,"loc":{"start":{"line":1313,"column":9},"end":{"line":1313,"column":30}}},"55":{"name":"pushState","line":1323,"loc":{"start":{"line":1323,"column":10},"end":{"line":1323,"column":40}}},"56":{"name":"stateStackSize","line":1328,"loc":{"start":{"line":1328,"column":15},"end":{"line":1328,"column":41}}},"57":{"name":"anonymous","line":1332,"loc":{"start":{"line":1332,"column":15},"end":{"line":1332,"column":77}}},"58":{"name":"Parser","line":1439,"loc":{"start":{"line":1439,"column":0},"end":{"line":1439,"column":19}}},"59":{"name":"(anonymous_59)","line":1450,"loc":{"start":{"line":1450,"column":16},"end":{"line":1450,"column":28}}},"60":{"name":"commonjsMain","line":1451,"loc":{"start":{"line":1451,"column":15},"end":{"line":1451,"column":43}}}},"statementMap":{"1":{"start":{"line":74,"column":0},"end":{"line":1444,"column":5}},"2":{"start":{"line":75,"column":0},"end":{"line":651,"column":3}},"3":{"start":{"line":83,"column":0},"end":{"line":83,"column":23}},"4":{"start":{"line":84,"column":0},"end":{"line":511,"column":1}},"5":{"start":{"line":86,"column":8},"end":{"line":88,"column":81}},"6":{"start":{"line":90,"column":0},"end":{"line":90,"column":6}},"7":{"start":{"line":91,"column":8},"end":{"line":91,"column":20}},"8":{"start":{"line":92,"column":0},"end":{"line":92,"column":6}},"9":{"start":{"line":94,"column":8},"end":{"line":94,"column":36}},"10":{"start":{"line":95,"column":8},"end":{"line":95,"column":26}},"11":{"start":{"line":96,"column":8},"end":{"line":96,"column":30}},"12":{"start":{"line":98,"column":0},"end":{"line":98,"column":6}},"13":{"start":{"line":99,"column":8},"end":{"line":99,"column":158}},"14":{"start":{"line":100,"column":0},"end":{"line":100,"column":6}},"15":{"start":{"line":102,"column":8},"end":{"line":102,"column":35}},"16":{"start":{"line":103,"column":8},"end":{"line":103,"column":36}},"17":{"start":{"line":103,"column":25},"end":{"line":103,"column":36}},"18":{"start":{"line":104,"column":8},"end":{"line":104,"column":40}},"19":{"start":{"line":104,"column":26},"end":{"line":104,"column":40}},"20":{"start":{"line":105,"column":8},"end":{"line":105,"column":62}},"21":{"start":{"line":106,"column":8},"end":{"line":106,"column":28}},"22":{"start":{"line":107,"column":8},"end":{"line":107,"column":61}},"23":{"start":{"line":108,"column":8},"end":{"line":108,"column":30}},"24":{"start":{"line":109,"column":8},"end":{"line":109,"column":39}},"25":{"start":{"line":111,"column":0},"end":{"line":111,"column":6}},"26":{"start":{"line":112,"column":8},"end":{"line":112,"column":80}},"27":{"start":{"line":113,"column":0},"end":{"line":113,"column":6}},"28":{"start":{"line":114,"column":8},"end":{"line":114,"column":78}},"29":{"start":{"line":115,"column":0},"end":{"line":115,"column":6}},"30":{"start":{"line":116,"column":8},"end":{"line":116,"column":106}},"31":{"start":{"line":117,"column":0},"end":{"line":117,"column":6}},"32":{"start":{"line":118,"column":8},"end":{"line":118,"column":75}},"33":{"start":{"line":119,"column":0},"end":{"line":119,"column":6}},"34":{"start":{"line":120,"column":9},"end":{"line":120,"column":77}},"35":{"start":{"line":121,"column":0},"end":{"line":121,"column":6}},"36":{"start":{"line":122,"column":9},"end":{"line":122,"column":72}},"37":{"start":{"line":123,"column":0},"end":{"line":123,"column":6}},"38":{"start":{"line":124,"column":9},"end":{"line":124,"column":107}},"39":{"start":{"line":125,"column":0},"end":{"line":125,"column":6}},"40":{"start":{"line":126,"column":9},"end":{"line":126,"column":105}},"41":{"start":{"line":127,"column":0},"end":{"line":127,"column":6}},"42":{"start":{"line":128,"column":9},"end":{"line":128,"column":109}},"43":{"start":{"line":129,"column":0},"end":{"line":129,"column":6}},"44":{"start":{"line":130,"column":9},"end":{"line":130,"column":109}},"45":{"start":{"line":131,"column":0},"end":{"line":131,"column":6}},"46":{"start":{"line":132,"column":9},"end":{"line":132,"column":27}},"47":{"start":{"line":133,"column":0},"end":{"line":133,"column":6}},"48":{"start":{"line":134,"column":9},"end":{"line":134,"column":21}},"49":{"start":{"line":135,"column":0},"end":{"line":135,"column":6}},"50":{"start":{"line":137,"column":8},"end":{"line":137,"column":36}},"51":{"start":{"line":138,"column":8},"end":{"line":138,"column":26}},"52":{"start":{"line":139,"column":8},"end":{"line":139,"column":30}},"53":{"start":{"line":141,"column":0},"end":{"line":141,"column":6}},"54":{"start":{"line":142,"column":9},"end":{"line":142,"column":48}},"55":{"start":{"line":143,"column":0},"end":{"line":143,"column":6}},"56":{"start":{"line":145,"column":8},"end":{"line":147,"column":9}},"57":{"start":{"line":146,"column":12},"end":{"line":146,"column":78}},"58":{"start":{"line":148,"column":8},"end":{"line":148,"column":51}},"59":{"start":{"line":150,"column":0},"end":{"line":150,"column":6}},"60":{"start":{"line":151,"column":9},"end":{"line":151,"column":25}},"61":{"start":{"line":152,"column":0},"end":{"line":152,"column":6}},"62":{"start":{"line":153,"column":9},"end":{"line":153,"column":40}},"63":{"start":{"line":154,"column":0},"end":{"line":154,"column":6}},"64":{"start":{"line":156,"column":8},"end":{"line":156,"column":36}},"65":{"start":{"line":157,"column":8},"end":{"line":157,"column":26}},"66":{"start":{"line":159,"column":0},"end":{"line":159,"column":6}},"67":{"start":{"line":161,"column":8},"end":{"line":161,"column":15}},"68":{"start":{"line":162,"column":8},"end":{"line":168,"column":9}},"69":{"start":{"line":163,"column":12},"end":{"line":163,"column":29}},"70":{"start":{"line":164,"column":12},"end":{"line":164,"column":34}},"71":{"start":{"line":165,"column":12},"end":{"line":167,"column":64}},"72":{"start":{"line":169,"column":8},"end":{"line":169,"column":26}},"73":{"start":{"line":171,"column":0},"end":{"line":171,"column":6}},"74":{"start":{"line":173,"column":8},"end":{"line":173,"column":15}},"75":{"start":{"line":174,"column":8},"end":{"line":178,"column":9}},"76":{"start":{"line":175,"column":12},"end":{"line":175,"column":29}},"77":{"start":{"line":176,"column":12},"end":{"line":176,"column":34}},"78":{"start":{"line":177,"column":12},"end":{"line":177,"column":68}},"79":{"start":{"line":179,"column":8},"end":{"line":179,"column":26}},"80":{"start":{"line":181,"column":0},"end":{"line":181,"column":6}},"81":{"start":{"line":183,"column":8},"end":{"line":183,"column":36}},"82":{"start":{"line":184,"column":8},"end":{"line":184,"column":35}},"83":{"start":{"line":185,"column":8},"end":{"line":185,"column":26}},"84":{"start":{"line":187,"column":0},"end":{"line":187,"column":6}},"85":{"start":{"line":189,"column":8},"end":{"line":189,"column":26}},"86":{"start":{"line":190,"column":8},"end":{"line":190,"column":104}},"87":{"start":{"line":192,"column":0},"end":{"line":192,"column":6}},"88":{"start":{"line":194,"column":8},"end":{"line":194,"column":26}},"89":{"start":{"line":195,"column":8},"end":{"line":195,"column":112}},"90":{"start":{"line":197,"column":0},"end":{"line":197,"column":6}},"91":{"start":{"line":199,"column":8},"end":{"line":199,"column":60}},"92":{"start":{"line":200,"column":8},"end":{"line":200,"column":32}},"93":{"start":{"line":201,"column":8},"end":{"line":201,"column":58}},"94":{"start":{"line":203,"column":8},"end":{"line":203,"column":66}},"95":{"start":{"line":204,"column":8},"end":{"line":209,"column":9}},"96":{"start":{"line":205,"column":12},"end":{"line":205,"column":38}},"97":{"start":{"line":206,"column":12},"end":{"line":208,"column":50}},"98":{"start":{"line":211,"column":8},"end":{"line":211,"column":95}},"99":{"start":{"line":212,"column":8},"end":{"line":212,"column":40}},"100":{"start":{"line":214,"column":8},"end":{"line":215,"column":50}},"101":{"start":{"line":217,"column":0},"end":{"line":217,"column":6}},"102":{"start":{"line":218,"column":9},"end":{"line":218,"column":25}},"103":{"start":{"line":219,"column":0},"end":{"line":219,"column":6}},"104":{"start":{"line":220,"column":9},"end":{"line":220,"column":71}},"105":{"start":{"line":221,"column":0},"end":{"line":221,"column":6}},"106":{"start":{"line":223,"column":8},"end":{"line":223,"column":48}},"107":{"start":{"line":224,"column":8},"end":{"line":224,"column":26}},"108":{"start":{"line":225,"column":8},"end":{"line":225,"column":31}},"109":{"start":{"line":226,"column":8},"end":{"line":237,"column":11}},"110":{"start":{"line":228,"column":16},"end":{"line":235,"column":17}},"111":{"start":{"line":229,"column":20},"end":{"line":232,"column":52}},"112":{"start":{"line":230,"column":24},"end":{"line":230,"column":42}},"113":{"start":{"line":231,"column":25},"end":{"line":232,"column":52}},"114":{"start":{"line":232,"column":24},"end":{"line":232,"column":52}},"115":{"start":{"line":233,"column":20},"end":{"line":233,"column":40}},"116":{"start":{"line":234,"column":20},"end":{"line":234,"column":43}},"117":{"start":{"line":238,"column":8},"end":{"line":238,"column":22}},"118":{"start":{"line":239,"column":8},"end":{"line":241,"column":9}},"119":{"start":{"line":240,"column":12},"end":{"line":240,"column":74}},"120":{"start":{"line":242,"column":8},"end":{"line":242,"column":51}},"121":{"start":{"line":243,"column":8},"end":{"line":243,"column":66}},"122":{"start":{"line":244,"column":8},"end":{"line":244,"column":50}},"123":{"start":{"line":245,"column":8},"end":{"line":249,"column":9}},"124":{"start":{"line":246,"column":12},"end":{"line":246,"column":75}},"125":{"start":{"line":247,"column":12},"end":{"line":247,"column":92}},"126":{"start":{"line":248,"column":12},"end":{"line":248,"column":40}},"127":{"start":{"line":251,"column":8},"end":{"line":251,"column":91}},"128":{"start":{"line":252,"column":8},"end":{"line":252,"column":38}},"129":{"start":{"line":254,"column":8},"end":{"line":255,"column":44}},"130":{"start":{"line":257,"column":0},"end":{"line":257,"column":6}},"131":{"start":{"line":259,"column":8},"end":{"line":259,"column":113}},"132":{"start":{"line":261,"column":8},"end":{"line":269,"column":9}},"133":{"start":{"line":263,"column":12},"end":{"line":263,"column":50}},"134":{"start":{"line":264,"column":12},"end":{"line":264,"column":61}},"135":{"start":{"line":265,"column":12},"end":{"line":268,"column":63}},"136":{"start":{"line":266,"column":16},"end":{"line":266,"column":78}},"137":{"start":{"line":268,"column":16},"end":{"line":268,"column":63}},"138":{"start":{"line":271,"column":0},"end":{"line":271,"column":6}},"139":{"start":{"line":273,"column":8},"end":{"line":273,"column":82}},"140":{"start":{"line":275,"column":0},"end":{"line":275,"column":6}},"141":{"start":{"line":277,"column":8},"end":{"line":277,"column":91}},"142":{"start":{"line":278,"column":8},"end":{"line":278,"column":70}},"143":{"start":{"line":280,"column":0},"end":{"line":280,"column":6}},"144":{"start":{"line":282,"column":8},"end":{"line":282,"column":91}},"145":{"start":{"line":283,"column":8},"end":{"line":283,"column":70}},"146":{"start":{"line":285,"column":0},"end":{"line":285,"column":6}},"147":{"start":{"line":286,"column":9},"end":{"line":286,"column":70}},"148":{"start":{"line":287,"column":0},"end":{"line":287,"column":6}},"149":{"start":{"line":289,"column":8},"end":{"line":289,"column":82}},"150":{"start":{"line":290,"column":8},"end":{"line":293,"column":10}},"151":{"start":{"line":295,"column":0},"end":{"line":295,"column":6}},"152":{"start":{"line":297,"column":8},"end":{"line":297,"column":88}},"153":{"start":{"line":298,"column":8},"end":{"line":298,"column":59}},"154":{"start":{"line":299,"column":8},"end":{"line":299,"column":26}},"155":{"start":{"line":301,"column":0},"end":{"line":301,"column":6}},"156":{"start":{"line":302,"column":9},"end":{"line":302,"column":21}},"157":{"start":{"line":303,"column":0},"end":{"line":303,"column":6}},"158":{"start":{"line":305,"column":8},"end":{"line":305,"column":42}},"159":{"start":{"line":306,"column":8},"end":{"line":309,"column":9}},"160":{"start":{"line":307,"column":12},"end":{"line":307,"column":37}},"161":{"start":{"line":308,"column":12},"end":{"line":308,"column":75}},"162":{"start":{"line":310,"column":8},"end":{"line":310,"column":35}},"163":{"start":{"line":311,"column":8},"end":{"line":311,"column":56}},"164":{"start":{"line":313,"column":0},"end":{"line":313,"column":6}},"165":{"start":{"line":315,"column":8},"end":{"line":315,"column":42}},"166":{"start":{"line":316,"column":8},"end":{"line":320,"column":9}},"167":{"start":{"line":317,"column":12},"end":{"line":317,"column":37}},"168":{"start":{"line":318,"column":12},"end":{"line":318,"column":39}},"169":{"start":{"line":319,"column":12},"end":{"line":319,"column":63}},"170":{"start":{"line":322,"column":8},"end":{"line":322,"column":26}},"171":{"start":{"line":323,"column":8},"end":{"line":323,"column":56}},"172":{"start":{"line":325,"column":8},"end":{"line":325,"column":88}},"173":{"start":{"line":326,"column":8},"end":{"line":332,"column":9}},"174":{"start":{"line":327,"column":12},"end":{"line":327,"column":32}},"175":{"start":{"line":328,"column":12},"end":{"line":331,"column":13}},"176":{"start":{"line":329,"column":16},"end":{"line":329,"column":34}},"177":{"start":{"line":330,"column":16},"end":{"line":330,"column":34}},"178":{"start":{"line":334,"column":8},"end":{"line":334,"column":28}},"179":{"start":{"line":335,"column":8},"end":{"line":337,"column":9}},"180":{"start":{"line":336,"column":12},"end":{"line":336,"column":65}},"181":{"start":{"line":339,"column":8},"end":{"line":339,"column":58}},"182":{"start":{"line":341,"column":8},"end":{"line":341,"column":40}},"183":{"start":{"line":342,"column":8},"end":{"line":342,"column":100}},"184":{"start":{"line":343,"column":8},"end":{"line":343,"column":65}},"185":{"start":{"line":344,"column":8},"end":{"line":345,"column":40}},"186":{"start":{"line":347,"column":0},"end":{"line":347,"column":6}},"187":{"start":{"line":349,"column":8},"end":{"line":349,"column":49}},"188":{"start":{"line":350,"column":8},"end":{"line":350,"column":43}},"189":{"start":{"line":351,"column":8},"end":{"line":358,"column":9}},"190":{"start":{"line":352,"column":12},"end":{"line":352,"column":28}},"191":{"start":{"line":353,"column":12},"end":{"line":353,"column":64}},"192":{"start":{"line":354,"column":12},"end":{"line":354,"column":31}},"193":{"start":{"line":355,"column":12},"end":{"line":355,"column":31}},"194":{"start":{"line":356,"column":12},"end":{"line":356,"column":80}},"195":{"start":{"line":357,"column":12},"end":{"line":357,"column":65}},"196":{"start":{"line":359,"column":8},"end":{"line":359,"column":67}},"197":{"start":{"line":360,"column":8},"end":{"line":360,"column":33}},"198":{"start":{"line":362,"column":0},"end":{"line":362,"column":6}},"199":{"start":{"line":364,"column":8},"end":{"line":366,"column":34}},"200":{"start":{"line":367,"column":8},"end":{"line":367,"column":85}},"201":{"start":{"line":368,"column":8},"end":{"line":368,"column":64}},"202":{"start":{"line":369,"column":8},"end":{"line":369,"column":87}},"203":{"start":{"line":370,"column":8},"end":{"line":370,"column":89}},"204":{"start":{"line":371,"column":8},"end":{"line":371,"column":92}},"205":{"start":{"line":375,"column":8},"end":{"line":375,"column":25}},"206":{"start":{"line":377,"column":0},"end":{"line":377,"column":6}},"207":{"start":{"line":379,"column":8},"end":{"line":379,"column":66}},"208":{"start":{"line":380,"column":8},"end":{"line":380,"column":80}},"209":{"start":{"line":381,"column":8},"end":{"line":381,"column":63}},"210":{"start":{"line":382,"column":8},"end":{"line":384,"column":44}},"211":{"start":{"line":385,"column":8},"end":{"line":386,"column":52}},"212":{"start":{"line":387,"column":8},"end":{"line":389,"column":46}},"213":{"start":{"line":390,"column":8},"end":{"line":392,"column":40}},"214":{"start":{"line":393,"column":8},"end":{"line":393,"column":81}},"215":{"start":{"line":394,"column":8},"end":{"line":394,"column":92}},"216":{"start":{"line":398,"column":8},"end":{"line":398,"column":25}},"217":{"start":{"line":400,"column":0},"end":{"line":400,"column":6}},"218":{"start":{"line":402,"column":8},"end":{"line":402,"column":86}},"219":{"start":{"line":406,"column":8},"end":{"line":406,"column":27}},"220":{"start":{"line":408,"column":0},"end":{"line":408,"column":6}},"221":{"start":{"line":410,"column":8},"end":{"line":410,"column":49}},"222":{"start":{"line":411,"column":8},"end":{"line":413,"column":36}},"223":{"start":{"line":414,"column":8},"end":{"line":414,"column":81}},"224":{"start":{"line":415,"column":8},"end":{"line":434,"column":9}},"225":{"start":{"line":416,"column":12},"end":{"line":416,"column":28}},"226":{"start":{"line":422,"column":12},"end":{"line":433,"column":50}},"227":{"start":{"line":436,"column":0},"end":{"line":436,"column":6}},"228":{"start":{"line":437,"column":9},"end":{"line":437,"column":60}},"229":{"start":{"line":438,"column":0},"end":{"line":438,"column":6}},"230":{"start":{"line":439,"column":9},"end":{"line":439,"column":91}},"231":{"start":{"line":440,"column":0},"end":{"line":440,"column":6}},"232":{"start":{"line":442,"column":8},"end":{"line":442,"column":36}},"233":{"start":{"line":443,"column":8},"end":{"line":445,"column":37}},"234":{"start":{"line":446,"column":8},"end":{"line":446,"column":49}},"235":{"start":{"line":447,"column":8},"end":{"line":447,"column":68}},"236":{"start":{"line":448,"column":8},"end":{"line":448,"column":76}},"237":{"start":{"line":450,"column":0},"end":{"line":450,"column":6}},"238":{"start":{"line":451,"column":9},"end":{"line":451,"column":59}},"239":{"start":{"line":452,"column":0},"end":{"line":452,"column":6}},"240":{"start":{"line":453,"column":9},"end":{"line":453,"column":25}},"241":{"start":{"line":454,"column":0},"end":{"line":454,"column":6}},"242":{"start":{"line":455,"column":9},"end":{"line":455,"column":25}},"243":{"start":{"line":456,"column":0},"end":{"line":456,"column":6}},"244":{"start":{"line":457,"column":9},"end":{"line":457,"column":27}},"245":{"start":{"line":458,"column":0},"end":{"line":458,"column":6}},"246":{"start":{"line":459,"column":9},"end":{"line":459,"column":56}},"247":{"start":{"line":460,"column":0},"end":{"line":460,"column":6}},"248":{"start":{"line":461,"column":9},"end":{"line":461,"column":21}},"249":{"start":{"line":462,"column":0},"end":{"line":462,"column":6}},"250":{"start":{"line":463,"column":9},"end":{"line":463,"column":27}},"251":{"start":{"line":463,"column":28},"end":{"line":463,"column":60}},"252":{"start":{"line":464,"column":0},"end":{"line":464,"column":6}},"253":{"start":{"line":465,"column":9},"end":{"line":465,"column":27}},"254":{"start":{"line":466,"column":0},"end":{"line":466,"column":6}},"255":{"start":{"line":468,"column":8},"end":{"line":468,"column":36}},"256":{"start":{"line":469,"column":8},"end":{"line":469,"column":26}},"257":{"start":{"line":470,"column":8},"end":{"line":470,"column":30}},"258":{"start":{"line":472,"column":0},"end":{"line":472,"column":6}},"259":{"start":{"line":474,"column":8},"end":{"line":476,"column":9}},"260":{"start":{"line":475,"column":12},"end":{"line":475,"column":65}},"261":{"start":{"line":478,"column":0},"end":{"line":478,"column":6}},"262":{"start":{"line":481,"column":8},"end":{"line":481,"column":72}},"263":{"start":{"line":482,"column":8},"end":{"line":482,"column":72}},"264":{"start":{"line":484,"column":0},"end":{"line":484,"column":6}},"265":{"start":{"line":486,"column":8},"end":{"line":486,"column":67}},"266":{"start":{"line":488,"column":0},"end":{"line":488,"column":6}},"267":{"start":{"line":490,"column":8},"end":{"line":490,"column":61}},"268":{"start":{"line":492,"column":0},"end":{"line":492,"column":6}},"269":{"start":{"line":494,"column":8},"end":{"line":494,"column":66}},"270":{"start":{"line":495,"column":8},"end":{"line":495,"column":28}},"271":{"start":{"line":496,"column":8},"end":{"line":496,"column":55}},"272":{"start":{"line":497,"column":8},"end":{"line":497,"column":20}},"273":{"start":{"line":499,"column":0},"end":{"line":499,"column":6}},"274":{"start":{"line":501,"column":8},"end":{"line":505,"column":11}},"275":{"start":{"line":506,"column":8},"end":{"line":506,"column":28}},"276":{"start":{"line":507,"column":8},"end":{"line":507,"column":55}},"277":{"start":{"line":508,"column":8},"end":{"line":508,"column":20}},"278":{"start":{"line":510,"column":0},"end":{"line":510,"column":6}},"279":{"start":{"line":516,"column":4},"end":{"line":520,"column":5}},"280":{"start":{"line":517,"column":8},"end":{"line":517,"column":24}},"281":{"start":{"line":519,"column":8},"end":{"line":519,"column":29}},"282":{"start":{"line":523,"column":4},"end":{"line":523,"column":159}},"283":{"start":{"line":524,"column":4},"end":{"line":524,"column":47}},"284":{"start":{"line":525,"column":4},"end":{"line":525,"column":31}},"285":{"start":{"line":526,"column":4},"end":{"line":526,"column":28}},"286":{"start":{"line":527,"column":4},"end":{"line":527,"column":31}},"287":{"start":{"line":528,"column":4},"end":{"line":528,"column":26}},"288":{"start":{"line":529,"column":4},"end":{"line":531,"column":5}},"289":{"start":{"line":530,"column":8},"end":{"line":530,"column":31}},"290":{"start":{"line":532,"column":4},"end":{"line":532,"column":34}},"291":{"start":{"line":533,"column":4},"end":{"line":533,"column":23}},"292":{"start":{"line":534,"column":4},"end":{"line":534,"column":65}},"293":{"start":{"line":535,"column":4},"end":{"line":539,"column":5}},"294":{"start":{"line":536,"column":8},"end":{"line":536,"column":45}},"295":{"start":{"line":538,"column":8},"end":{"line":538,"column":65}},"296":{"start":{"line":540,"column":4},"end":{"line":544,"column":5}},"297":{"start":{"line":541,"column":8},"end":{"line":541,"column":44}},"298":{"start":{"line":542,"column":8},"end":{"line":542,"column":42}},"299":{"start":{"line":543,"column":8},"end":{"line":543,"column":42}},"300":{"start":{"line":545,"column":4},"end":{"line":552,"column":5}},"301":{"start":{"line":546,"column":8},"end":{"line":546,"column":18}},"302":{"start":{"line":547,"column":8},"end":{"line":547,"column":40}},"303":{"start":{"line":548,"column":8},"end":{"line":550,"column":9}},"304":{"start":{"line":549,"column":12},"end":{"line":549,"column":50}},"305":{"start":{"line":551,"column":8},"end":{"line":551,"column":21}},"306":{"start":{"line":553,"column":4},"end":{"line":553,"column":92}},"307":{"start":{"line":554,"column":4},"end":{"line":649,"column":5}},"308":{"start":{"line":555,"column":8},"end":{"line":555,"column":40}},"309":{"start":{"line":556,"column":8},"end":{"line":563,"column":9}},"310":{"start":{"line":557,"column":12},"end":{"line":557,"column":48}},"311":{"start":{"line":559,"column":12},"end":{"line":561,"column":13}},"312":{"start":{"line":560,"column":16},"end":{"line":560,"column":31}},"313":{"start":{"line":562,"column":12},"end":{"line":562,"column":58}},"314":{"start":{"line":564,"column":20},"end":{"line":584,"column":13}},"315":{"start":{"line":565,"column":16},"end":{"line":565,"column":32}},"316":{"start":{"line":566,"column":16},"end":{"line":566,"column":30}},"317":{"start":{"line":567,"column":16},"end":{"line":571,"column":17}},"318":{"start":{"line":568,"column":20},"end":{"line":570,"column":21}},"319":{"start":{"line":569,"column":24},"end":{"line":569,"column":72}},"320":{"start":{"line":572,"column":16},"end":{"line":576,"column":17}},"321":{"start":{"line":573,"column":20},"end":{"line":573,"column":202}},"322":{"start":{"line":575,"column":20},"end":{"line":575,"column":174}},"323":{"start":{"line":577,"column":16},"end":{"line":583,"column":19}},"324":{"start":{"line":585,"column":8},"end":{"line":587,"column":9}},"325":{"start":{"line":586,"column":12},"end":{"line":586,"column":112}},"326":{"start":{"line":588,"column":8},"end":{"line":648,"column":9}},"327":{"start":{"line":590,"column":12},"end":{"line":590,"column":31}},"328":{"start":{"line":591,"column":12},"end":{"line":591,"column":43}},"329":{"start":{"line":592,"column":12},"end":{"line":592,"column":43}},"330":{"start":{"line":593,"column":12},"end":{"line":593,"column":34}},"331":{"start":{"line":594,"column":12},"end":{"line":594,"column":26}},"332":{"start":{"line":595,"column":12},"end":{"line":606,"column":13}},"333":{"start":{"line":596,"column":16},"end":{"line":596,"column":43}},"334":{"start":{"line":597,"column":16},"end":{"line":597,"column":43}},"335":{"start":{"line":598,"column":16},"end":{"line":598,"column":47}},"336":{"start":{"line":599,"column":16},"end":{"line":599,"column":42}},"337":{"start":{"line":600,"column":16},"end":{"line":602,"column":17}},"338":{"start":{"line":601,"column":20},"end":{"line":601,"column":33}},"339":{"start":{"line":604,"column":16},"end":{"line":604,"column":40}},"340":{"start":{"line":605,"column":16},"end":{"line":605,"column":38}},"341":{"start":{"line":607,"column":12},"end":{"line":607,"column":18}},"342":{"start":{"line":609,"column":12},"end":{"line":609,"column":50}},"343":{"start":{"line":610,"column":12},"end":{"line":610,"column":50}},"344":{"start":{"line":611,"column":12},"end":{"line":616,"column":14}},"345":{"start":{"line":617,"column":12},"end":{"line":622,"column":13}},"346":{"start":{"line":618,"column":16},"end":{"line":621,"column":18}},"347":{"start":{"line":623,"column":12},"end":{"line":631,"column":28}},"348":{"start":{"line":632,"column":12},"end":{"line":634,"column":13}},"349":{"start":{"line":633,"column":16},"end":{"line":633,"column":25}},"350":{"start":{"line":635,"column":12},"end":{"line":639,"column":13}},"351":{"start":{"line":636,"column":16},"end":{"line":636,"column":53}},"352":{"start":{"line":637,"column":16},"end":{"line":637,"column":51}},"353":{"start":{"line":638,"column":16},"end":{"line":638,"column":51}},"354":{"start":{"line":640,"column":12},"end":{"line":640,"column":56}},"355":{"start":{"line":641,"column":12},"end":{"line":641,"column":33}},"356":{"start":{"line":642,"column":12},"end":{"line":642,"column":34}},"357":{"start":{"line":643,"column":12},"end":{"line":643,"column":79}},"358":{"start":{"line":644,"column":12},"end":{"line":644,"column":33}},"359":{"start":{"line":645,"column":12},"end":{"line":645,"column":18}},"360":{"start":{"line":647,"column":12},"end":{"line":647,"column":24}},"361":{"start":{"line":650,"column":4},"end":{"line":650,"column":16}},"362":{"start":{"line":654,"column":0},"end":{"line":654,"column":39}},"363":{"start":{"line":656,"column":0},"end":{"line":660,"column":59}},"364":{"start":{"line":663,"column":0},"end":{"line":663,"column":40}},"365":{"start":{"line":664,"column":0},"end":{"line":666,"column":1}},"366":{"start":{"line":665,"column":4},"end":{"line":665,"column":46}},"367":{"start":{"line":668,"column":0},"end":{"line":696,"column":1}},"368":{"start":{"line":669,"column":4},"end":{"line":669,"column":20}},"369":{"start":{"line":670,"column":4},"end":{"line":670,"column":45}},"370":{"start":{"line":671,"column":4},"end":{"line":671,"column":29}},"371":{"start":{"line":672,"column":4},"end":{"line":681,"column":5}},"372":{"start":{"line":673,"column":8},"end":{"line":673,"column":23}},"373":{"start":{"line":674,"column":8},"end":{"line":680,"column":9}},"374":{"start":{"line":675,"column":12},"end":{"line":675,"column":26}},"375":{"start":{"line":676,"column":15},"end":{"line":680,"column":9}},"376":{"start":{"line":677,"column":12},"end":{"line":677,"column":86}},"377":{"start":{"line":678,"column":12},"end":{"line":678,"column":36}},"378":{"start":{"line":679,"column":12},"end":{"line":679,"column":60}},"379":{"start":{"line":683,"column":4},"end":{"line":693,"column":5}},"380":{"start":{"line":684,"column":8},"end":{"line":692,"column":9}},"381":{"start":{"line":685,"column":12},"end":{"line":685,"column":88}},"382":{"start":{"line":686,"column":12},"end":{"line":686,"column":29}},"383":{"start":{"line":687,"column":15},"end":{"line":692,"column":9}},"384":{"start":{"line":688,"column":12},"end":{"line":688,"column":88}},"385":{"start":{"line":689,"column":12},"end":{"line":689,"column":108}},"386":{"start":{"line":690,"column":12},"end":{"line":690,"column":29}},"387":{"start":{"line":691,"column":12},"end":{"line":691,"column":61}},"388":{"start":{"line":695,"column":4},"end":{"line":695,"column":49}},"389":{"start":{"line":698,"column":0},"end":{"line":718,"column":1}},"390":{"start":{"line":699,"column":4},"end":{"line":699,"column":53}},"391":{"start":{"line":700,"column":4},"end":{"line":700,"column":31}},"392":{"start":{"line":701,"column":4},"end":{"line":701,"column":26}},"393":{"start":{"line":702,"column":4},"end":{"line":716,"column":5}},"394":{"start":{"line":703,"column":8},"end":{"line":703,"column":38}},"395":{"start":{"line":704,"column":8},"end":{"line":715,"column":9}},"396":{"start":{"line":705,"column":12},"end":{"line":705,"column":27}},"397":{"start":{"line":706,"column":12},"end":{"line":708,"column":46}},"398":{"start":{"line":709,"column":12},"end":{"line":709,"column":53}},"399":{"start":{"line":710,"column":12},"end":{"line":710,"column":29}},"400":{"start":{"line":711,"column":15},"end":{"line":715,"column":9}},"401":{"start":{"line":712,"column":12},"end":{"line":712,"column":84}},"402":{"start":{"line":713,"column":12},"end":{"line":713,"column":55}},"403":{"start":{"line":714,"column":12},"end":{"line":714,"column":59}},"404":{"start":{"line":717,"column":4},"end":{"line":717,"column":51}},"405":{"start":{"line":720,"column":0},"end":{"line":726,"column":1}},"406":{"start":{"line":721,"column":4},"end":{"line":725,"column":5}},"407":{"start":{"line":722,"column":8},"end":{"line":722,"column":47}},"408":{"start":{"line":723,"column":11},"end":{"line":725,"column":5}},"409":{"start":{"line":724,"column":8},"end":{"line":724,"column":47}},"410":{"start":{"line":728,"column":0},"end":{"line":776,"column":1}},"411":{"start":{"line":729,"column":4},"end":{"line":729,"column":56}},"412":{"start":{"line":730,"column":4},"end":{"line":730,"column":93}},"413":{"start":{"line":731,"column":4},"end":{"line":765,"column":5}},"414":{"start":{"line":732,"column":8},"end":{"line":732,"column":39}},"415":{"start":{"line":733,"column":8},"end":{"line":733,"column":32}},"416":{"start":{"line":734,"column":8},"end":{"line":737,"column":19}},"417":{"start":{"line":739,"column":8},"end":{"line":739,"column":68}},"418":{"start":{"line":740,"column":8},"end":{"line":740,"column":98}},"419":{"start":{"line":742,"column":8},"end":{"line":742,"column":59}},"420":{"start":{"line":743,"column":8},"end":{"line":758,"column":19}},"421":{"start":{"line":760,"column":8},"end":{"line":762,"column":40}},"422":{"start":{"line":764,"column":8},"end":{"line":764,"column":28}},"423":{"start":{"line":766,"column":4},"end":{"line":774,"column":5}},"424":{"start":{"line":767,"column":8},"end":{"line":767,"column":83}},"425":{"start":{"line":768,"column":8},"end":{"line":768,"column":32}},"426":{"start":{"line":769,"column":8},"end":{"line":771,"column":50}},"427":{"start":{"line":772,"column":8},"end":{"line":772,"column":58}},"428":{"start":{"line":773,"column":8},"end":{"line":773,"column":25}},"429":{"start":{"line":775,"column":4},"end":{"line":775,"column":41}},"430":{"start":{"line":778,"column":0},"end":{"line":814,"column":1}},"431":{"start":{"line":779,"column":4},"end":{"line":779,"column":29}},"432":{"start":{"line":780,"column":4},"end":{"line":812,"column":7}},"433":{"start":{"line":782,"column":12},"end":{"line":810,"column":13}},"434":{"start":{"line":783,"column":16},"end":{"line":783,"column":53}},"435":{"start":{"line":784,"column":19},"end":{"line":810,"column":13}},"436":{"start":{"line":785,"column":16},"end":{"line":785,"column":36}},"437":{"start":{"line":786,"column":16},"end":{"line":786,"column":37}},"438":{"start":{"line":789,"column":16},"end":{"line":789,"column":76}},"439":{"start":{"line":790,"column":16},"end":{"line":794,"column":17}},"440":{"start":{"line":791,"column":20},"end":{"line":791,"column":58}},"441":{"start":{"line":792,"column":20},"end":{"line":792,"column":60}},"442":{"start":{"line":793,"column":20},"end":{"line":793,"column":45}},"443":{"start":{"line":796,"column":16},"end":{"line":805,"column":19}},"444":{"start":{"line":798,"column":24},"end":{"line":803,"column":25}},"445":{"start":{"line":799,"column":28},"end":{"line":799,"column":78}},"446":{"start":{"line":800,"column":28},"end":{"line":800,"column":144}},"447":{"start":{"line":801,"column":28},"end":{"line":801,"column":54}},"448":{"start":{"line":802,"column":28},"end":{"line":802,"column":57}},"449":{"start":{"line":807,"column":16},"end":{"line":807,"column":87}},"450":{"start":{"line":808,"column":16},"end":{"line":808,"column":71}},"451":{"start":{"line":809,"column":16},"end":{"line":809,"column":39}},"452":{"start":{"line":813,"column":4},"end":{"line":813,"column":24}},"453":{"start":{"line":817,"column":0},"end":{"line":833,"column":1}},"454":{"start":{"line":818,"column":4},"end":{"line":818,"column":51}},"455":{"start":{"line":819,"column":4},"end":{"line":832,"column":15}},"456":{"start":{"line":835,"column":0},"end":{"line":840,"column":1}},"457":{"start":{"line":836,"column":4},"end":{"line":838,"column":5}},"458":{"start":{"line":837,"column":8},"end":{"line":837,"column":62}},"459":{"start":{"line":839,"column":4},"end":{"line":839,"column":16}},"460":{"start":{"line":842,"column":0},"end":{"line":857,"column":1}},"461":{"start":{"line":843,"column":4},"end":{"line":843,"column":63}},"462":{"start":{"line":844,"column":4},"end":{"line":846,"column":5}},"463":{"start":{"line":845,"column":8},"end":{"line":845,"column":70}},"464":{"start":{"line":847,"column":4},"end":{"line":849,"column":63}},"465":{"start":{"line":850,"column":4},"end":{"line":855,"column":31}},"466":{"start":{"line":856,"column":4},"end":{"line":856,"column":53}},"467":{"start":{"line":859,"column":0},"end":{"line":886,"column":1}},"468":{"start":{"line":860,"column":4},"end":{"line":861,"column":20}},"469":{"start":{"line":861,"column":8},"end":{"line":861,"column":20}},"470":{"start":{"line":862,"column":4},"end":{"line":862,"column":33}},"471":{"start":{"line":863,"column":4},"end":{"line":873,"column":5}},"472":{"start":{"line":864,"column":8},"end":{"line":864,"column":56}},"473":{"start":{"line":865,"column":11},"end":{"line":873,"column":5}},"474":{"start":{"line":866,"column":8},"end":{"line":866,"column":40}},"475":{"start":{"line":867,"column":8},"end":{"line":869,"column":9}},"476":{"start":{"line":868,"column":12},"end":{"line":868,"column":106}},"477":{"start":{"line":870,"column":8},"end":{"line":870,"column":39}},"478":{"start":{"line":872,"column":8},"end":{"line":872,"column":20}},"479":{"start":{"line":874,"column":4},"end":{"line":884,"column":5}},"480":{"start":{"line":875,"column":8},"end":{"line":875,"column":32}},"481":{"start":{"line":876,"column":8},"end":{"line":876,"column":33}},"482":{"start":{"line":876,"column":24},"end":{"line":876,"column":33}},"483":{"start":{"line":877,"column":8},"end":{"line":883,"column":9}},"484":{"start":{"line":878,"column":12},"end":{"line":878,"column":46}},"485":{"start":{"line":879,"column":12},"end":{"line":879,"column":52}},"486":{"start":{"line":880,"column":12},"end":{"line":880,"column":39}},"487":{"start":{"line":882,"column":12},"end":{"line":882,"column":58}},"488":{"start":{"line":885,"column":4},"end":{"line":885,"column":16}},"489":{"start":{"line":888,"column":0},"end":{"line":908,"column":1}},"490":{"start":{"line":889,"column":4},"end":{"line":889,"column":17}},"491":{"start":{"line":890,"column":4},"end":{"line":906,"column":5}},"492":{"start":{"line":891,"column":8},"end":{"line":902,"column":19}},"493":{"start":{"line":904,"column":8},"end":{"line":905,"column":57}},"494":{"start":{"line":907,"column":4},"end":{"line":907,"column":49}},"495":{"start":{"line":910,"column":0},"end":{"line":916,"column":1}},"496":{"start":{"line":911,"column":4},"end":{"line":911,"column":31}},"497":{"start":{"line":912,"column":4},"end":{"line":914,"column":5}},"498":{"start":{"line":913,"column":8},"end":{"line":913,"column":85}},"499":{"start":{"line":915,"column":4},"end":{"line":915,"column":23}},"500":{"start":{"line":918,"column":0},"end":{"line":921,"column":1}},"501":{"start":{"line":919,"column":4},"end":{"line":919,"column":64}},"502":{"start":{"line":920,"column":4},"end":{"line":920,"column":49}},"503":{"start":{"line":923,"column":0},"end":{"line":927,"column":1}},"504":{"start":{"line":924,"column":4},"end":{"line":924,"column":89}},"505":{"start":{"line":925,"column":4},"end":{"line":925,"column":33}},"506":{"start":{"line":926,"column":4},"end":{"line":926,"column":16}},"507":{"start":{"line":929,"column":0},"end":{"line":938,"column":1}},"508":{"start":{"line":930,"column":4},"end":{"line":930,"column":13}},"509":{"start":{"line":931,"column":4},"end":{"line":936,"column":5}},"510":{"start":{"line":932,"column":8},"end":{"line":932,"column":69}},"511":{"start":{"line":933,"column":8},"end":{"line":933,"column":66}},"512":{"start":{"line":935,"column":8},"end":{"line":935,"column":68}},"513":{"start":{"line":937,"column":4},"end":{"line":937,"column":16}},"514":{"start":{"line":940,"column":0},"end":{"line":942,"column":1}},"515":{"start":{"line":941,"column":4},"end":{"line":941,"column":49}},"516":{"start":{"line":944,"column":0},"end":{"line":946,"column":1}},"517":{"start":{"line":945,"column":4},"end":{"line":945,"column":108}},"518":{"start":{"line":948,"column":0},"end":{"line":958,"column":2}},"519":{"start":{"line":959,"column":0},"end":{"line":962,"column":1}},"520":{"start":{"line":960,"column":4},"end":{"line":960,"column":84}},"521":{"start":{"line":961,"column":4},"end":{"line":961,"column":77}},"522":{"start":{"line":961,"column":55},"end":{"line":961,"column":73}},"523":{"start":{"line":964,"column":0},"end":{"line":981,"column":1}},"524":{"start":{"line":965,"column":4},"end":{"line":980,"column":33}},"525":{"start":{"line":967,"column":12},"end":{"line":967,"column":67}},"526":{"start":{"line":970,"column":12},"end":{"line":970,"column":57}},"527":{"start":{"line":983,"column":0},"end":{"line":1003,"column":1}},"528":{"start":{"line":987,"column":4},"end":{"line":992,"column":7}},"529":{"start":{"line":989,"column":12},"end":{"line":989,"column":62}},"530":{"start":{"line":989,"column":24},"end":{"line":989,"column":62}},"531":{"start":{"line":990,"column":12},"end":{"line":990,"column":24}},"532":{"start":{"line":994,"column":4},"end":{"line":1002,"column":7}},"533":{"start":{"line":996,"column":12},"end":{"line":997,"column":38}},"534":{"start":{"line":997,"column":16},"end":{"line":997,"column":38}},"535":{"start":{"line":998,"column":12},"end":{"line":999,"column":32}},"536":{"start":{"line":999,"column":16},"end":{"line":999,"column":32}},"537":{"start":{"line":1000,"column":12},"end":{"line":1000,"column":24}},"538":{"start":{"line":1005,"column":0},"end":{"line":1007,"column":1}},"539":{"start":{"line":1006,"column":4},"end":{"line":1006,"column":75}},"540":{"start":{"line":1009,"column":0},"end":{"line":1437,"column":5}},"541":{"start":{"line":1010,"column":0},"end":{"line":1435,"column":2}},"542":{"start":{"line":1015,"column":8},"end":{"line":1019,"column":9}},"543":{"start":{"line":1016,"column":12},"end":{"line":1016,"column":49}},"544":{"start":{"line":1018,"column":12},"end":{"line":1018,"column":33}},"545":{"start":{"line":1024,"column":8},"end":{"line":1024,"column":28}},"546":{"start":{"line":1025,"column":8},"end":{"line":1025,"column":57}},"547":{"start":{"line":1026,"column":8},"end":{"line":1026,"column":40}},"548":{"start":{"line":1027,"column":8},"end":{"line":1027,"column":53}},"549":{"start":{"line":1028,"column":8},"end":{"line":1028,"column":42}},"550":{"start":{"line":1029,"column":8},"end":{"line":1034,"column":10}},"551":{"start":{"line":1035,"column":8},"end":{"line":1037,"column":9}},"552":{"start":{"line":1036,"column":12},"end":{"line":1036,"column":38}},"553":{"start":{"line":1038,"column":8},"end":{"line":1038,"column":24}},"554":{"start":{"line":1039,"column":8},"end":{"line":1039,"column":20}},"555":{"start":{"line":1044,"column":8},"end":{"line":1044,"column":32}},"556":{"start":{"line":1045,"column":8},"end":{"line":1045,"column":26}},"557":{"start":{"line":1046,"column":8},"end":{"line":1046,"column":22}},"558":{"start":{"line":1047,"column":8},"end":{"line":1047,"column":22}},"559":{"start":{"line":1048,"column":8},"end":{"line":1048,"column":25}},"560":{"start":{"line":1049,"column":8},"end":{"line":1049,"column":27}},"561":{"start":{"line":1050,"column":8},"end":{"line":1050,"column":48}},"562":{"start":{"line":1051,"column":8},"end":{"line":1056,"column":9}},"563":{"start":{"line":1052,"column":12},"end":{"line":1052,"column":28}},"564":{"start":{"line":1053,"column":12},"end":{"line":1053,"column":36}},"565":{"start":{"line":1055,"column":12},"end":{"line":1055,"column":38}},"566":{"start":{"line":1057,"column":8},"end":{"line":1059,"column":9}},"567":{"start":{"line":1058,"column":12},"end":{"line":1058,"column":35}},"568":{"start":{"line":1061,"column":8},"end":{"line":1061,"column":43}},"569":{"start":{"line":1062,"column":8},"end":{"line":1062,"column":18}},"570":{"start":{"line":1067,"column":8},"end":{"line":1067,"column":28}},"571":{"start":{"line":1068,"column":8},"end":{"line":1068,"column":46}},"572":{"start":{"line":1070,"column":8},"end":{"line":1070,"column":39}},"573":{"start":{"line":1071,"column":8},"end":{"line":1071,"column":74}},"574":{"start":{"line":1073,"column":8},"end":{"line":1073,"column":27}},"575":{"start":{"line":1074,"column":8},"end":{"line":1074,"column":57}},"576":{"start":{"line":1075,"column":8},"end":{"line":1075,"column":65}},"577":{"start":{"line":1076,"column":8},"end":{"line":1076,"column":71}},"578":{"start":{"line":1078,"column":8},"end":{"line":1080,"column":9}},"579":{"start":{"line":1079,"column":12},"end":{"line":1079,"column":46}},"580":{"start":{"line":1081,"column":8},"end":{"line":1081,"column":34}},"581":{"start":{"line":1083,"column":8},"end":{"line":1091,"column":10}},"582":{"start":{"line":1093,"column":8},"end":{"line":1095,"column":9}},"583":{"start":{"line":1094,"column":12},"end":{"line":1094,"column":65}},"584":{"start":{"line":1096,"column":8},"end":{"line":1096,"column":41}},"585":{"start":{"line":1097,"column":8},"end":{"line":1097,"column":20}},"586":{"start":{"line":1102,"column":8},"end":{"line":1102,"column":26}},"587":{"start":{"line":1103,"column":8},"end":{"line":1103,"column":20}},"588":{"start":{"line":1108,"column":8},"end":{"line":1117,"column":9}},"589":{"start":{"line":1109,"column":12},"end":{"line":1109,"column":35}},"590":{"start":{"line":1111,"column":12},"end":{"line":1115,"column":15}},"591":{"start":{"line":1118,"column":8},"end":{"line":1118,"column":20}},"592":{"start":{"line":1123,"column":8},"end":{"line":1123,"column":40}},"593":{"start":{"line":1128,"column":8},"end":{"line":1128,"column":83}},"594":{"start":{"line":1129,"column":8},"end":{"line":1129,"column":83}},"595":{"start":{"line":1134,"column":8},"end":{"line":1134,"column":30}},"596":{"start":{"line":1135,"column":8},"end":{"line":1137,"column":9}},"597":{"start":{"line":1136,"column":12},"end":{"line":1136,"column":58}},"598":{"start":{"line":1138,"column":8},"end":{"line":1138,"column":88}},"599":{"start":{"line":1143,"column":8},"end":{"line":1143,"column":35}},"600":{"start":{"line":1144,"column":8},"end":{"line":1144,"column":52}},"601":{"start":{"line":1145,"column":8},"end":{"line":1145,"column":59}},"602":{"start":{"line":1150,"column":8},"end":{"line":1152,"column":19}},"603":{"start":{"line":1154,"column":8},"end":{"line":1179,"column":9}},"604":{"start":{"line":1156,"column":12},"end":{"line":1175,"column":14}},"605":{"start":{"line":1176,"column":12},"end":{"line":1178,"column":13}},"606":{"start":{"line":1177,"column":16},"end":{"line":1177,"column":65}},"607":{"start":{"line":1181,"column":8},"end":{"line":1181,"column":50}},"608":{"start":{"line":1182,"column":8},"end":{"line":1184,"column":9}},"609":{"start":{"line":1183,"column":12},"end":{"line":1183,"column":42}},"610":{"start":{"line":1185,"column":8},"end":{"line":1192,"column":10}},"611":{"start":{"line":1193,"column":8},"end":{"line":1193,"column":32}},"612":{"start":{"line":1194,"column":8},"end":{"line":1194,"column":31}},"613":{"start":{"line":1195,"column":8},"end":{"line":1195,"column":29}},"614":{"start":{"line":1196,"column":8},"end":{"line":1196,"column":41}},"615":{"start":{"line":1197,"column":8},"end":{"line":1199,"column":9}},"616":{"start":{"line":1198,"column":12},"end":{"line":1198,"column":74}},"617":{"start":{"line":1200,"column":8},"end":{"line":1200,"column":27}},"618":{"start":{"line":1201,"column":8},"end":{"line":1201,"column":32}},"619":{"start":{"line":1202,"column":8},"end":{"line":1202,"column":57}},"620":{"start":{"line":1203,"column":8},"end":{"line":1203,"column":33}},"621":{"start":{"line":1204,"column":8},"end":{"line":1204,"column":128}},"622":{"start":{"line":1205,"column":8},"end":{"line":1207,"column":9}},"623":{"start":{"line":1206,"column":12},"end":{"line":1206,"column":30}},"624":{"start":{"line":1208,"column":8},"end":{"line":1216,"column":9}},"625":{"start":{"line":1209,"column":12},"end":{"line":1209,"column":25}},"626":{"start":{"line":1210,"column":15},"end":{"line":1216,"column":9}},"627":{"start":{"line":1212,"column":12},"end":{"line":1214,"column":13}},"628":{"start":{"line":1213,"column":16},"end":{"line":1213,"column":36}},"629":{"start":{"line":1215,"column":12},"end":{"line":1215,"column":25}},"630":{"start":{"line":1217,"column":8},"end":{"line":1217,"column":21}},"631":{"start":{"line":1222,"column":8},"end":{"line":1224,"column":9}},"632":{"start":{"line":1223,"column":12},"end":{"line":1223,"column":28}},"633":{"start":{"line":1225,"column":8},"end":{"line":1227,"column":9}},"634":{"start":{"line":1226,"column":12},"end":{"line":1226,"column":29}},"635":{"start":{"line":1229,"column":8},"end":{"line":1232,"column":18}},"636":{"start":{"line":1233,"column":8},"end":{"line":1236,"column":9}},"637":{"start":{"line":1234,"column":12},"end":{"line":1234,"column":29}},"638":{"start":{"line":1235,"column":12},"end":{"line":1235,"column":28}},"639":{"start":{"line":1237,"column":8},"end":{"line":1237,"column":41}},"640":{"start":{"line":1238,"column":8},"end":{"line":1258,"column":9}},"641":{"start":{"line":1239,"column":12},"end":{"line":1239,"column":64}},"642":{"start":{"line":1240,"column":12},"end":{"line":1257,"column":13}},"643":{"start":{"line":1241,"column":16},"end":{"line":1241,"column":34}},"644":{"start":{"line":1242,"column":16},"end":{"line":1242,"column":26}},"645":{"start":{"line":1243,"column":16},"end":{"line":1256,"column":17}},"646":{"start":{"line":1244,"column":20},"end":{"line":1244,"column":65}},"647":{"start":{"line":1245,"column":20},"end":{"line":1253,"column":21}},"648":{"start":{"line":1246,"column":24},"end":{"line":1246,"column":37}},"649":{"start":{"line":1247,"column":27},"end":{"line":1253,"column":21}},"650":{"start":{"line":1248,"column":24},"end":{"line":1248,"column":38}},"651":{"start":{"line":1249,"column":24},"end":{"line":1249,"column":33}},"652":{"start":{"line":1252,"column":24},"end":{"line":1252,"column":37}},"653":{"start":{"line":1254,"column":23},"end":{"line":1256,"column":17}},"654":{"start":{"line":1255,"column":20},"end":{"line":1255,"column":26}},"655":{"start":{"line":1259,"column":8},"end":{"line":1266,"column":9}},"656":{"start":{"line":1260,"column":12},"end":{"line":1260,"column":57}},"657":{"start":{"line":1261,"column":12},"end":{"line":1263,"column":13}},"658":{"start":{"line":1262,"column":16},"end":{"line":1262,"column":29}},"659":{"start":{"line":1265,"column":12},"end":{"line":1265,"column":25}},"660":{"start":{"line":1267,"column":8},"end":{"line":1275,"column":9}},"661":{"start":{"line":1268,"column":12},"end":{"line":1268,"column":28}},"662":{"start":{"line":1270,"column":12},"end":{"line":1274,"column":15}},"663":{"start":{"line":1280,"column":8},"end":{"line":1280,"column":28}},"664":{"start":{"line":1281,"column":8},"end":{"line":1285,"column":9}},"665":{"start":{"line":1282,"column":12},"end":{"line":1282,"column":21}},"666":{"start":{"line":1284,"column":12},"end":{"line":1284,"column":30}},"667":{"start":{"line":1290,"column":8},"end":{"line":1290,"column":44}},"668":{"start":{"line":1295,"column":8},"end":{"line":1295,"column":47}},"669":{"start":{"line":1296,"column":8},"end":{"line":1300,"column":9}},"670":{"start":{"line":1297,"column":12},"end":{"line":1297,"column":45}},"671":{"start":{"line":1299,"column":12},"end":{"line":1299,"column":42}},"672":{"start":{"line":1305,"column":8},"end":{"line":1309,"column":9}},"673":{"start":{"line":1306,"column":12},"end":{"line":1306,"column":94}},"674":{"start":{"line":1308,"column":12},"end":{"line":1308,"column":52}},"675":{"start":{"line":1314,"column":8},"end":{"line":1314,"column":62}},"676":{"start":{"line":1315,"column":8},"end":{"line":1319,"column":9}},"677":{"start":{"line":1316,"column":12},"end":{"line":1316,"column":42}},"678":{"start":{"line":13
[...]
loc":{"start":{"line":1,"column":1},"end":{"line":1,"column":12}}},"2":{"name":"(anonymous_2)","line":4,"loc":{"start":{"line":4,"column":16},"end":{"line":4,"column":40}}},"3":{"name":"ctor","line":4,"loc":{"start":{"line":4,"column":129},"end":{"line":4,"column":145}}},"4":{"name":"(anonymous_4)","line":11,"loc":{"start":{"line":11,"column":16},"end":{"line":11,"column":33}}},"5":{"name":"ArityError","line":14,"loc":{"start":{"line":14,"column":4},"end":{"line":14,"column":26}}},"6":{"name":"(anonymous_6)","line":26,"loc":{"start":{"line":26,"column":18},"end":{"line":26,"column":35}}},"7":{"name":"ArgTypeError","line":29,"loc":{"start":{"line":29,"column":4},"end":{"line":29,"column":35}}},"8":{"name":"(anonymous_8)","line":39,"loc":{"start":{"line":39,"column":17},"end":{"line":39,"column":40}}},"9":{"name":"(anonymous_9)","line":40,"loc":{"start":{"line":40,"column":24},"end":{"line":40,"column":38}}},"10":{"name":"(anonymous_10)","line":46,"loc":{"start":{"line":46,"column":13},"end":{"line":46,"column":24}}},"11":{"name":"(anonymous_11)","line":49,"loc":{"start":{"line":49,"column":52},"end":{"line":49,"column":66}}},"12":{"name":"(anonymous_12)","line":56,"loc":{"start":{"line":56,"column":14},"end":{"line":56,"column":25}}},"13":{"name":"(anonymous_13)","line":59,"loc":{"start":{"line":59,"column":52},"end":{"line":59,"column":66}}},"14":{"name":"(anonymous_14)","line":66,"loc":{"start":{"line":66,"column":22},"end":{"line":66,"column":33}}},"15":{"name":"(anonymous_15)","line":69,"loc":{"start":{"line":69,"column":45},"end":{"line":69,"column":59}}},"16":{"name":"(anonymous_16)","line":75,"loc":{"start":{"line":75,"column":17},"end":{"line":75,"column":28}}},"17":{"name":"(anonymous_17)","line":78,"loc":{"start":{"line":78,"column":45},"end":{"line":78,"column":59}}},"18":{"name":"(anonymous_18)","line":84,"loc":{"start":{"line":84,"column":9},"end":{"line":84,"column":20}}},"19":{"name":"(anonymous_19)","line":87,"loc":{"start":{"line":87,"column":45},"end":{"line":87,"column":59}}},"20":{"name":"(anonymous_20)","line":93,"loc":{"start":{"line":93,"column":13},"end":{"line":93,"column":24}}},"21":{"name":"(anonymous_21)","line":96,"loc":{"start":{"line":96,"column":41},"end":{"line":96,"column":55}}},"22":{"name":"(anonymous_22)","line":103,"loc":{"start":{"line":103,"column":16},"end":{"line":103,"column":27}}},"23":{"name":"(anonymous_23)","line":106,"loc":{"start":{"line":106,"column":41},"end":{"line":106,"column":55}}},"24":{"name":"(anonymous_24)","line":113,"loc":{"start":{"line":113,"column":11},"end":{"line":113,"column":22}}},"25":{"name":"(anonymous_25)","line":116,"loc":{"start":{"line":116,"column":41},"end":{"line":116,"column":55}}},"26":{"name":"(anonymous_26)","line":123,"loc":{"start":{"line":123,"column":17},"end":{"line":123,"column":35}}},"27":{"name":"(anonymous_27)","line":129,"loc":{"start":{"line":129,"column":16},"end":{"line":129,"column":27}}},"28":{"name":"(anonymous_28)","line":132,"loc":{"start":{"line":132,"column":41},"end":{"line":132,"column":55}}},"29":{"name":"(anonymous_29)","line":139,"loc":{"start":{"line":139,"column":11},"end":{"line":139,"column":56}}},"30":{"name":"(anonymous_30)","line":148,"loc":{"start":{"line":148,"column":18},"end":{"line":148,"column":42}}}},"statementMap":{"1":{"start":{"line":1,"column":0},"end":{"line":166,"column":14}},"2":{"start":{"line":2,"column":2},"end":{"line":5,"column":23}},"3":{"start":{"line":4,"column":42},"end":{"line":4,"column":128}},"4":{"start":{"line":4,"column":68},"end":{"line":4,"column":126}},"5":{"start":{"line":4,"column":101},"end":{"line":4,"column":126}},"6":{"start":{"line":4,"column":129},"end":{"line":4,"column":174}},"7":{"start":{"line":4,"column":147},"end":{"line":4,"column":172}},"8":{"start":{"line":4,"column":175},"end":{"line":4,"column":209}},"9":{"start":{"line":4,"column":210},"end":{"line":4,"column":239}},"10":{"start":{"line":4,"column":240},"end":{"line":4,"column":275}},"11":{"start":{"line":4,"column":276},"end":{"line":4,"column":289}},"12":{"start":{"line":7,"column":2},"end":{"line":7,"column":312}},"13":{"start":{"line":9,"column":2},"end":{"line":9,"column":319}},"14":{"start":{"line":11,"column":2},"end":{"line":24,"column":12}},"15":{"start":{"line":12,"column":4},"end":{"line":12,"column":34}},"16":{"start":{"line":14,"column":4},"end":{"line":20,"column":5}},"17":{"start":{"line":15,"column":6},"end":{"line":15,"column":15}},"18":{"start":{"line":16,"column":6},"end":{"line":16,"column":69}},"19":{"start":{"line":17,"column":6},"end":{"line":17,"column":31}},"20":{"start":{"line":18,"column":6},"end":{"line":18,"column":116}},"21":{"start":{"line":19,"column":6},"end":{"line":19,"column":39}},"22":{"start":{"line":22,"column":4},"end":{"line":22,"column":22}},"23":{"start":{"line":26,"column":2},"end":{"line":37,"column":12}},"24":{"start":{"line":27,"column":4},"end":{"line":27,"column":36}},"25":{"start":{"line":29,"column":4},"end":{"line":33,"column":5}},"26":{"start":{"line":30,"column":6},"end":{"line":30,"column":33}},"27":{"start":{"line":31,"column":6},"end":{"line":31,"column":29}},"28":{"start":{"line":32,"column":6},"end":{"line":32,"column":39}},"29":{"start":{"line":35,"column":4},"end":{"line":35,"column":24}},"30":{"start":{"line":39,"column":2},"end":{"line":43,"column":4}},"31":{"start":{"line":40,"column":4},"end":{"line":42,"column":7}},"32":{"start":{"line":41,"column":6},"end":{"line":41,"column":26}},"33":{"start":{"line":45,"column":2},"end":{"line":154,"column":4}},"34":{"start":{"line":47,"column":6},"end":{"line":47,"column":30}},"35":{"start":{"line":48,"column":6},"end":{"line":48,"column":69}},"36":{"start":{"line":49,"column":6},"end":{"line":51,"column":9}},"37":{"start":{"line":50,"column":8},"end":{"line":50,"column":39}},"38":{"start":{"line":52,"column":6},"end":{"line":54,"column":7}},"39":{"start":{"line":53,"column":8},"end":{"line":53,"column":72}},"40":{"start":{"line":57,"column":6},"end":{"line":57,"column":30}},"41":{"start":{"line":58,"column":6},"end":{"line":58,"column":69}},"42":{"start":{"line":59,"column":6},"end":{"line":61,"column":9}},"43":{"start":{"line":60,"column":8},"end":{"line":60,"column":56}},"44":{"start":{"line":62,"column":6},"end":{"line":64,"column":7}},"45":{"start":{"line":63,"column":8},"end":{"line":63,"column":73}},"46":{"start":{"line":67,"column":6},"end":{"line":67,"column":30}},"47":{"start":{"line":68,"column":6},"end":{"line":68,"column":69}},"48":{"start":{"line":69,"column":6},"end":{"line":73,"column":7}},"49":{"start":{"line":70,"column":8},"end":{"line":70,"column":60}},"50":{"start":{"line":72,"column":8},"end":{"line":72,"column":98}},"51":{"start":{"line":76,"column":6},"end":{"line":76,"column":30}},"52":{"start":{"line":77,"column":6},"end":{"line":77,"column":69}},"53":{"start":{"line":78,"column":6},"end":{"line":82,"column":7}},"54":{"start":{"line":79,"column":8},"end":{"line":79,"column":40}},"55":{"start":{"line":81,"column":8},"end":{"line":81,"column":89}},"56":{"start":{"line":85,"column":6},"end":{"line":85,"column":30}},"57":{"start":{"line":86,"column":6},"end":{"line":86,"column":69}},"58":{"start":{"line":87,"column":6},"end":{"line":91,"column":7}},"59":{"start":{"line":88,"column":8},"end":{"line":88,"column":32}},"60":{"start":{"line":90,"column":8},"end":{"line":90,"column":69}},"61":{"start":{"line":94,"column":6},"end":{"line":94,"column":30}},"62":{"start":{"line":95,"column":6},"end":{"line":95,"column":69}},"63":{"start":{"line":96,"column":6},"end":{"line":98,"column":9}},"64":{"start":{"line":97,"column":8},"end":{"line":97,"column":73}},"65":{"start":{"line":99,"column":6},"end":{"line":101,"column":7}},"66":{"start":{"line":100,"column":8},"end":{"line":100,"column":71}},"67":{"start":{"line":104,"column":6},"end":{"line":104,"column":30}},"68":{"start":{"line":105,"column":6},"end":{"line":105,"column":69}},"69":{"start":{"line":106,"column":6},"end":{"line":108,"column":9}},"70":{"start":{"line":107,"column":8},"end":{"line":107,"column":76}},"71":{"start":{"line":109,"column":6},"end":{"line":111,"column":7}},"72":{"start":{"line":110,"column":8},"end":{"line":110,"column":74}},"73":{"start":{"line":114,"column":6},"end":{"line":114,"column":30}},"74":{"start":{"line":115,"column":6},"end":{"line":115,"column":69}},"75":{"start":{"line":116,"column":6},"end":{"line":118,"column":9}},"76":{"start":{"line":117,"column":8},"end":{"line":117,"column":56}},"77":{"start":{"line":119,"column":6},"end":{"line":121,"column":7}},"78":{"start":{"line":120,"column":8},"end":{"line":120,"column":90}},"79":{"start":{"line":124,"column":6},"end":{"line":124,"column":14}},"80":{"start":{"line":125,"column":6},"end":{"line":127,"column":7}},"81":{"start":{"line":126,"column":8},"end":{"line":126,"column":36}},"82":{"start":{"line":130,"column":6},"end":{"line":130,"column":30}},"83":{"start":{"line":131,"column":6},"end":{"line":131,"column":69}},"84":{"start":{"line":132,"column":6},"end":{"line":134,"column":9}},"85":{"start":{"line":133,"column":8},"end":{"line":133,"column":128}},"86":{"start":{"line":135,"column":6},"end":{"line":137,"column":7}},"87":{"start":{"line":136,"column":8},"end":{"line":136,"column":74}},"88":{"start":{"line":140,"column":6},"end":{"line":143,"column":7}},"89":{"start":{"line":141,"column":8},"end":{"line":141,"column":30}},"90":{"start":{"line":142,"column":8},"end":{"line":142,"column":36}},"91":{"start":{"line":144,"column":6},"end":{"line":146,"column":7}},"92":{"start":{"line":145,"column":8},"end":{"line":145,"column":65}},"93":{"start":{"line":149,"column":6},"end":{"line":149,"column":14}},"94":{"start":{"line":150,"column":6},"end":{"line":152,"column":7}},"95":{"start":{"line":151,"column":8},"end":{"line":151,"column":34}},"96":{"start":{"line":156,"column":2},"end":{"line":156,"column":30}},"97":{"start":{"line":158,"column":2},"end":{"line":160,"column":3}},"98":{"start":{"line":159,"column":4},"end":{"line":159,"column":33}},"99":{"start":{"line":162,"column":2},"end":{"line":164,"column":3}},"100":{"start":{"line":163,"column":4},"end":{"line":163,"column":35}}},"branchMap":{"1":{"line":4,"type":"if","locations":[{"start":{"line":4,"column":68},"end":{"line":4,"column":68}},{"start":{"line":4,"column":68},"end":{"line":4,"column":68}}]},"2":{"line":7,"type":"cond-expr","locations":[{"start":{"line":7,"column":282},"end":{"line":7,"column":286}},{"start":{"line":7,"column":289},"end":{"line":7,"column":311}}]},"3":{"line":7,"type":"cond-expr","locations":[{"start":{"line":7,"column":194},"end":{"line":7,"column":199}},{"start":{"line":7,"column":202},"end":{"line":7,"column":270}}]},"4":{"line":7,"type":"cond-expr","locations":[{"start":{"line":7,"column":112},"end":{"line":7,"column":117}},{"start":{"line":7,"column":120},"end":{"line":7,"column":182}}]},"5":{"line":7,"type":"cond-expr","locations":[{"start":{"line":7,"column":83},"end":{"line":7,"column":91}},{"start":{"line":7,"column":94},"end":{"line":7,"column":100}}]},"6":{"line":7,"type":"binary-expr","locations":[{"start":{"line":7,"column":32},"end":{"line":7,"column":61}},{"start":{"line":7,"column":65},"end":{"line":7,"column":80}}]},"7":{"line":7,"type":"cond-expr","locations":[{"start":{"line":7,"column":167},"end":{"line":7,"column":173}},{"start":{"line":7,"column":176},"end":{"line":7,"column":182}}]},"8":{"line":7,"type":"binary-expr","locations":[{"start":{"line":7,"column":120},"end":{"line":7,"column":147}},{"start":{"line":7,"column":151},"end":{"line":7,"column":164}}]},"9":{"line":7,"type":"cond-expr","locations":[{"start":{"line":7,"column":253},"end":{"line":7,"column":261}},{"start":{"line":7,"column":264},"end":{"line":7,"column":270}}]},"10":{"line":7,"type":"binary-expr","locations":[{"start":{"line":7,"column":202},"end":{"line":7,"column":231}},{"start":{"line":7,"column":235},"end":{"line":7,"column":250}}]},"11":{"line":9,"type":"cond-expr","locations":[{"start":{"line":9,"column":295},"end":{"line":9,"column":300}},{"start":{"line":9,"column":303},"end":{"line":9,"column":318}}]},"12":{"line":9,"type":"cond-expr","locations":[{"start":{"line":9,"column":204},"end":{"line":9,"column":209}},{"start":{"line":9,"column":212},"end":{"line":9,"column":283}}]},"13":{"line":9,"type":"cond-expr","locations":[{"start":{"line":9,"column":119},"end":{"line":9,"column":124}},{"start":{"line":9,"column":127},"end":{"line":9,"column":192}}]},"14":{"line":9,"type":"cond-expr","locations":[{"start":{"line":9,"column":87},"end":{"line":9,"column":98}},{"start":{"line":9,"column":101},"end":{"line":9,"column":107}}]},"15":{"line":9,"type":"binary-expr","locations":[{"start":{"line":9,"column":36},"end":{"line":9,"column":65}},{"start":{"line":9,"column":69},"end":{"line":9,"column":84}}]},"16":{"line":9,"type":"cond-expr","locations":[{"start":{"line":9,"column":174},"end":{"line":9,"column":183}},{"start":{"line":9,"column":186},"end":{"line":9,"column":192}}]},"17":{"line":9,"type":"binary-expr","locations":[{"start":{"line":9,"column":127},"end":{"line":9,"column":154}},{"start":{"line":9,"column":158},"end":{"line":9,"column":171}}]},"18":{"line":9,"type":"cond-expr","locations":[{"start":{"line":9,"column":263},"end":{"line":9,"column":274}},{"start":{"line":9,"column":277},"end":{"line":9,"column":283}}]},"19":{"line":9,"type":"binary-expr","locations":[{"start":{"line":9,"column":212},"end":{"line":9,"column":241}},{"start":{"line":9,"column":245},"end":{"line":9,"column":260}}]},"20":{"line":16,"type":"cond-expr","locations":[{"start":{"line":16,"column":37},"end":{"line":16,"column":63}},{"start":{"line":16,"column":66},"end":{"line":16,"column":68}}]},"21":{"line":18,"type":"cond-expr","locations":[{"start":{"line":18,"column":41},"end":{"line":18,"column":105}},{"start":{"line":18,"column":108},"end":{"line":18,"column":115}}]},"22":{"line":48,"type":"cond-expr","locations":[{"start":{"line":48,"column":37},"end":{"line":48,"column":63}},{"start":{"line":48,"column":66},"end":{"line":48,"column":68}}]},"23":{"line":52,"type":"if","locations":[{"start":{"line":52,"column":6},"end":{"line":52,"column":6}},{"start":{"line":52,"column":6},"end":{"line":52,"column":6}}]},"24":{"line":58,"type":"cond-expr","locations":[{"start":{"line":58,"column":37},"end":{"line":58,"column":63}},{"start":{"line":58,"column":66},"end":{"line":58,"column":68}}]},"25":{"line":60,"type":"binary-expr","locations":[{"start":{"line":60,"column":15},"end":{"line":60,"column":38}},{"start":{"line":60,"column":42},"end":{"line":60,"column":55}}]},"26":{"line":62,"type":"if","locations":[{"start":{"line":62,"column":6},"end":{"line":62,"column":6}},{"start":{"line":62,"column":6},"end":{"line":62,"column":6}}]},"27":{"line":68,"type":"cond-expr","locations":[{"start":{"line":68,"column":37},"end":{"line":68,"column":63}},{"start":{"line":68,"column":66},"end":{"line":68,"column":68}}]},"28":{"line":69,"type":"if","locations":[{"start":{"line":69,"column":6},"end":{"line":69,"column":6}},{"start":{"line":69,"column":6},"end":{"line":69,"column":6}}]},"29":{"line":70,"type":"binary-expr","locations":[{"start":{"line":70,"column":15},"end":{"line":70,"column":39}},{"start":{"line":70,"column":43},"end":{"line":70,"column":59}}]},"30":{"line":77,"type":"cond-expr","locations":[{"start":{"line":77,"column":37},"end":{"line":77,"column":63}},{"start":{"line":77,"column":66},"end":{"line":77,"column":68}}]},"31":{"line":78,"type":"if","locations":[{"start":{"line":78,"column":6},"end":{"line":78,"column":6}},{"start":{"line":78,"column":6},"end":{"line":78,"column":6}}]},"32":{"line":86,"type":"cond-expr","locations":[{"start":{"line":86,"column":37},"end":{"line":86,"column":63}},{"start":{"line":86,"column":66},"end":{"line":86,"column":68}}]},"33":{"line":87,"type":"if","locations":[{"start":{"line":87,"column":6},"end":{"line":87,"column":6}},{"start":{"line":87,"column":6},"end":{"line":87,"column":6}}]},"34":{"line":95,"type":"cond-expr","locations":[{"start":{"line":95,"column":37},"end":{"line":95,"column":63}},{"start":{"line":95,"column":66},"end":{"line":95,"column":68}}]},"35":{"line":97,"type":"binary-expr","locations":[{"start":{"line":97,"column":15},"end":{"line":97,"column":35}},{"start":{"line":97,"column":39},"end":{"line":97,"column":54}},{"start":{"line":97,"column":58},"end":{"line":97,"column":72}}]},"36":{"line":99,"type":"if","locations":[{"start":{"line":99,"column":6},"end":{"line":99,"column":6}},{"start":{"line":99,"column":6},"end":{"line":99,"column":6}}]},"37":{"line":105,"type":"cond-expr","locations":[{"start":{"line":105,"column":37},"end":{"line":105,"column":63}},{"start":{"line":105,"column":66},"end":{"line":105,"column":68}}]},"38":{"line":107,"type":"binary-expr","locations":[{"start":{"line":107,"column":15},"end":{"line":107,"column":38}},{"start":{"line":107,"column":42},"end":{"line":107,"column":57}},{"start":{"line":107,"column":61},"end":{"line":107,"column":75}}]},"39":{"line":109,"type":"if","locations":[{"start":{"line":109,"column":6},"end":{"line":109,"column":6}},{"start":{"line":109,"column":6},"end":{"line":109,"column":6}}]},"40":{"line":115,"type":"cond-expr","locations":[{"start":{"line":115,"column":37},"end":{"line":115,"column":63}},{"start":{"line":115,"column":66},"end":{"line":115,"column":68}}]},"41":{"line":117,"type":"binary-expr","locations":[{"start":{"line":117,"column":15},"end":{"line":117,"column":34}},{"start":{"line":117,"column":38},"end":{"line":117,"column":55}}]},"42":{"line":119,"type":"if","locations":[{"start":{"line":119,"column":6},"end":{"line":119,"column":6}},{"start":{"line":119,"column":6},"end":{"line":119,"column":6}}]},"43":{"line":125,"type":"if","locations":[{"start":{"line":125,"column":6},"end":{"line":125,"column":6}},{"start":{"line":125,"column":6},"end":{"line":125,"column":6}}]},"44":{"line":131,"type":"cond-expr","locations":[{"start":{"line":131,"column":37},"end":{"line":131,"column":63}},{"start":{"line":131,"column":66},"end":{"line":131,"column":68}}]},"45":{"line":133,"type":"binary-expr","locations":[{"start":{"line":133,"column":15},"end":{"line":133,"column":40}},{"start":{"line":133,"column":44},"end":{"line":133,"column":63}},{"start":{"line":133,"column":67},"end":{"line":133,"column":83}},{"start":{"line":133,"column":87},"end":{"line":133,"column":103}},{"start":{"line":133,"column":107},"end":{"line":133,"column":127}}]},"46":{"line":135,"type":"if","locations":[{"start":{"line":135,"column":6},"end":{"line":135,"column":6}},{"start":{"line":135,"column":6},"end":{"line":135,"column":6}}]},"47":{"line":140,"type":"if","locations":[{"start":{"line":140,"column":6},"end":{"line":140,"column":6}},{"start":{"line":140,"column":6},"end":{"line":140,"column":6}}]},"48":{"line":144,"type":"if","locations":[{"start":{"line":144,"column":6},"end":{"line":144,"column":6}},{"start":{"line":144,"column":6},"end":{"line":144,"column":6}}]},"49":{"line":144,"type":"binary-expr","locations":[{"start":{"line":144,"column":13},"end":{"line":144,"column":35}},{"start":{"line":144,"column":39},"end":{"line":144,"column":61}}]},"50":{"line":150,"type":"if","locations":[{"start":{"line":150,"column":6},"end":{"line":150,"column":6}},{"start":{"line":150,"column":6},"end":{"line":150,"column":6}}]},"51":{"line":158,"type":"if","locations":[{"start":{"line":158,"column":2},"end":{"line":158,"column":2}},{"start":{"line":158,"column":2},"end":{"line":158,"column":2}}]},"52":{"line":158,"type":"binary-expr","locations":[{"start":{"line":158,"column":6},"end":{"line":158,"column":33}},{"start":{"line":158,"column":37},"end":{"line":158,"column":50}}]},"53":{"line":162,"type":"if","locations":[{"start":{"line":162,"column":2},"end":{"line":162,"column":2}},{"start":{"line":162,"column":2},"end":{"line":162,"column":2}}]},"54":{"line":162,"type":"binary-expr","locations":[{"start":{"line":162,"column":6},"end":{"line":162,"column":35}},{"start":{"line":162,"column":39},"end":{"line":162,"column":54}}]}}}}